[3.600s] Invoking command in '/home/bestway/bestway_ws/src/sbus_control': PYTHONPATH=/home/bestway/bestway_ws/build/sbus_control/prefix_override:/usr/lib/python3/dist-packages/colcon_core/task/python/colcon_distutils_commands:/home/bestway/bestway_ws/install/sbus_control/lib/python3.10/site-packages:${PYTHONPATH} /usr/bin/python3 -W ignore:setup.py install is deprecated -W ignore:easy_install command is deprecated setup.py egg_info --egg-base ../../build/sbus_control build --build-base /home/bestway/bestway_ws/build/sbus_control/build install --record /home/bestway/bestway_ws/build/sbus_control/install.log --single-version-externally-managed install_data
[4.206s] running egg_info
[4.207s] writing ../../build/sbus_control/sbus_control.egg-info/PKG-INFO
[4.208s] writing dependency_links to ../../build/sbus_control/sbus_control.egg-info/dependency_links.txt
[4.209s] writing entry points to ../../build/sbus_control/sbus_control.egg-info/entry_points.txt
[4.210s] writing requirements to ../../build/sbus_control/sbus_control.egg-info/requires.txt
[4.211s] writing top-level names to ../../build/sbus_control/sbus_control.egg-info/top_level.txt
[4.216s] reading manifest file '../../build/sbus_control/sbus_control.egg-info/SOURCES.txt'
[4.219s] writing manifest file '../../build/sbus_control/sbus_control.egg-info/SOURCES.txt'
[4.220s] running build
[4.220s] running build_py
[4.221s] copying sbus_control/sbus_control_node.py -> /home/bestway/bestway_ws/build/sbus_control/build/lib/sbus_control
[4.222s] running install
[4.223s] running install_lib
[4.226s] copying /home/bestway/bestway_ws/build/sbus_control/build/lib/sbus_control/sbus_control_node.py -> /home/bestway/bestway_ws/install/sbus_control/lib/python3.10/site-packages/sbus_control
[4.228s] byte-compiling /home/bestway/bestway_ws/install/sbus_control/lib/python3.10/site-packages/sbus_control/sbus_control_node.py to sbus_control_node.cpython-310.pyc
[4.234s] running install_data
[4.235s] running install_egg_info
[4.240s] removing '/home/bestway/bestway_ws/install/sbus_control/lib/python3.10/site-packages/sbus_control-0.0.0-py3.10.egg-info' (and everything under it)
[4.241s] Copying ../../build/sbus_control/sbus_control.egg-info to /home/bestway/bestway_ws/install/sbus_control/lib/python3.10/site-packages/sbus_control-0.0.0-py3.10.egg-info
[4.246s] running install_scripts
[4.300s] Installing keyboard_control_node script to /home/bestway/bestway_ws/install/sbus_control/lib/sbus_control
[4.301s] Installing sbus_control_node script to /home/bestway/bestway_ws/install/sbus_control/lib/sbus_control
[4.302s] writing list of installed files to '/home/bestway/bestway_ws/build/sbus_control/install.log'
[4.396s] Invoked command in '/home/bestway/bestway_ws/src/sbus_control' returned '0': PYTHONPATH=/home/bestway/bestway_ws/build/sbus_control/prefix_override:/usr/lib/python3/dist-packages/colcon_core/task/python/colcon_distutils_commands:/home/bestway/bestway_ws/install/sbus_control/lib/python3.10/site-packages:${PYTHONPATH} /usr/bin/python3 -W ignore:setup.py install is deprecated -W ignore:easy_install command is deprecated setup.py egg_info --egg-base ../../build/sbus_control build --build-base /home/bestway/bestway_ws/build/sbus_control/build install --record /home/bestway/bestway_ws/build/sbus_control/install.log --single-version-externally-managed install_data
