[2.147s] Invoking command in '/home/bestway/bestway_ws/src/sbus_control': PYTHONPATH=/home/bestway/bestway_ws/build/sbus_control/prefix_override:/usr/lib/python3/dist-packages/colcon_core/task/python/colcon_distutils_commands:/home/bestway/bestway_ws/install/sbus_control/lib/python3.10/site-packages:${PYTHONPATH} /usr/bin/python3 -W ignore:setup.py install is deprecated -W ignore:easy_install command is deprecated setup.py egg_info --egg-base ../../build/sbus_control build --build-base /home/bestway/bestway_ws/build/sbus_control/build install --record /home/bestway/bestway_ws/build/sbus_control/install.log --single-version-externally-managed install_data
[2.814s] running egg_info
[2.817s] writing ../../build/sbus_control/sbus_control.egg-info/PKG-INFO
[2.818s] writing dependency_links to ../../build/sbus_control/sbus_control.egg-info/dependency_links.txt
[2.819s] writing entry points to ../../build/sbus_control/sbus_control.egg-info/entry_points.txt
[2.820s] writing requirements to ../../build/sbus_control/sbus_control.egg-info/requires.txt
[2.820s] writing top-level names to ../../build/sbus_control/sbus_control.egg-info/top_level.txt
[2.829s] reading manifest file '../../build/sbus_control/sbus_control.egg-info/SOURCES.txt'
[2.834s] writing manifest file '../../build/sbus_control/sbus_control.egg-info/SOURCES.txt'
[2.835s] running build
[2.836s] running build_py
[2.837s] running install
[2.840s] running install_lib
[2.848s] running install_data
[2.849s] running install_egg_info
[2.855s] removing '/home/bestway/bestway_ws/install/sbus_control/lib/python3.10/site-packages/sbus_control-0.0.0-py3.10.egg-info' (and everything under it)
[2.862s] Copying ../../build/sbus_control/sbus_control.egg-info to /home/bestway/bestway_ws/install/sbus_control/lib/python3.10/site-packages/sbus_control-0.0.0-py3.10.egg-info
[2.862s] running install_scripts
[2.914s] Installing keyboard_control_node script to /home/bestway/bestway_ws/install/sbus_control/lib/sbus_control
[2.916s] Installing sbus_control_node script to /home/bestway/bestway_ws/install/sbus_control/lib/sbus_control
[2.919s] writing list of installed files to '/home/bestway/bestway_ws/build/sbus_control/install.log'
[3.021s] Invoked command in '/home/bestway/bestway_ws/src/sbus_control' returned '0': PYTHONPATH=/home/bestway/bestway_ws/build/sbus_control/prefix_override:/usr/lib/python3/dist-packages/colcon_core/task/python/colcon_distutils_commands:/home/bestway/bestway_ws/install/sbus_control/lib/python3.10/site-packages:${PYTHONPATH} /usr/bin/python3 -W ignore:setup.py install is deprecated -W ignore:easy_install command is deprecated setup.py egg_info --egg-base ../../build/sbus_control build --build-base /home/bestway/bestway_ws/build/sbus_control/build install --record /home/bestway/bestway_ws/build/sbus_control/install.log --single-version-externally-managed install_data
