[4.451s] Invoking command in '/home/bestway/bestway_ws/src/lidar_distance': PYTHONPATH=/home/bestway/bestway_ws/build/lidar_distance/prefix_override:/usr/lib/python3/dist-packages/colcon_core/task/python/colcon_distutils_commands:/home/bestway/bestway_ws/install/lidar_distance/lib/python3.10/site-packages:${PYTHONPATH} /usr/bin/python3 -W ignore:setup.py install is deprecated -W ignore:easy_install command is deprecated setup.py egg_info --egg-base ../../build/lidar_distance build --build-base /home/bestway/bestway_ws/build/lidar_distance/build install --record /home/bestway/bestway_ws/build/lidar_distance/install.log --single-version-externally-managed install_data
[5.284s] running egg_info
[5.287s] writing ../../build/lidar_distance/lidar_distance.egg-info/PKG-INFO
[5.288s] writing dependency_links to ../../build/lidar_distance/lidar_distance.egg-info/dependency_links.txt
[5.288s] writing entry points to ../../build/lidar_distance/lidar_distance.egg-info/entry_points.txt
[5.288s] writing requirements to ../../build/lidar_distance/lidar_distance.egg-info/requires.txt
[5.288s] writing top-level names to ../../build/lidar_distance/lidar_distance.egg-info/top_level.txt
[5.292s] reading manifest file '../../build/lidar_distance/lidar_distance.egg-info/SOURCES.txt'
[5.295s] writing manifest file '../../build/lidar_distance/lidar_distance.egg-info/SOURCES.txt'
[5.296s] running build
[5.296s] running build_py
[5.296s] copying lidar_distance/lidar_distance.py -> /home/bestway/bestway_ws/build/lidar_distance/build/lib/lidar_distance
[5.297s] running install
[5.297s] running install_lib
[5.299s] copying /home/bestway/bestway_ws/build/lidar_distance/build/lib/lidar_distance/lidar_distance.py -> /home/bestway/bestway_ws/install/lidar_distance/lib/python3.10/site-packages/lidar_distance
[5.302s] byte-compiling /home/bestway/bestway_ws/install/lidar_distance/lib/python3.10/site-packages/lidar_distance/lidar_distance.py to lidar_distance.cpython-310.pyc
[5.303s] running install_data
[5.303s] running install_egg_info
[5.308s] removing '/home/bestway/bestway_ws/install/lidar_distance/lib/python3.10/site-packages/lidar_distance-0.0.0-py3.10.egg-info' (and everything under it)
[5.312s] Copying ../../build/lidar_distance/lidar_distance.egg-info to /home/bestway/bestway_ws/install/lidar_distance/lib/python3.10/site-packages/lidar_distance-0.0.0-py3.10.egg-info
[5.313s] running install_scripts
[5.365s] Installing lidar_distance script to /home/bestway/bestway_ws/install/lidar_distance/lib/lidar_distance
[5.367s] writing list of installed files to '/home/bestway/bestway_ws/build/lidar_distance/install.log'
[5.510s] Invoked command in '/home/bestway/bestway_ws/src/lidar_distance' returned '0': PYTHONPATH=/home/bestway/bestway_ws/build/lidar_distance/prefix_override:/usr/lib/python3/dist-packages/colcon_core/task/python/colcon_distutils_commands:/home/bestway/bestway_ws/install/lidar_distance/lib/python3.10/site-packages:${PYTHONPATH} /usr/bin/python3 -W ignore:setup.py install is deprecated -W ignore:easy_install command is deprecated setup.py egg_info --egg-base ../../build/lidar_distance build --build-base /home/bestway/bestway_ws/build/lidar_distance/build install --record /home/bestway/bestway_ws/build/lidar_distance/install.log --single-version-externally-managed install_data
