[5.135s] Invoking command in '/home/bestway/bestway_ws/src/sbus_control': PYTHONPATH=/home/bestway/bestway_ws/build/sbus_control/prefix_override:/usr/lib/python3/dist-packages/colcon_core/task/python/colcon_distutils_commands:/home/bestway/bestway_ws/install/sbus_control/lib/python3.10/site-packages:${PYTHONPATH} /usr/bin/python3 -W ignore:setup.py install is deprecated -W ignore:easy_install command is deprecated setup.py egg_info --egg-base ../../build/sbus_control build --build-base /home/bestway/bestway_ws/build/sbus_control/build install --record /home/bestway/bestway_ws/build/sbus_control/install.log --single-version-externally-managed install_data
[5.997s] running egg_info
[5.999s] writing ../../build/sbus_control/sbus_control.egg-info/PKG-INFO
[6.001s] writing dependency_links to ../../build/sbus_control/sbus_control.egg-info/dependency_links.txt
[6.001s] writing entry points to ../../build/sbus_control/sbus_control.egg-info/entry_points.txt
[6.001s] writing requirements to ../../build/sbus_control/sbus_control.egg-info/requires.txt
[6.003s] writing top-level names to ../../build/sbus_control/sbus_control.egg-info/top_level.txt
[6.006s] reading manifest file '../../build/sbus_control/sbus_control.egg-info/SOURCES.txt'
[6.008s] writing manifest file '../../build/sbus_control/sbus_control.egg-info/SOURCES.txt'
[6.009s] running build
[6.010s] running build_py
[6.011s] running install
[6.011s] running install_lib
[6.014s] running install_data
[6.015s] running install_egg_info
[6.020s] removing '/home/bestway/bestway_ws/install/sbus_control/lib/python3.10/site-packages/sbus_control-0.0.0-py3.10.egg-info' (and everything under it)
[6.023s] Copying ../../build/sbus_control/sbus_control.egg-info to /home/bestway/bestway_ws/install/sbus_control/lib/python3.10/site-packages/sbus_control-0.0.0-py3.10.egg-info
[6.023s] running install_scripts
[6.078s] Installing keyboard_control_node script to /home/bestway/bestway_ws/install/sbus_control/lib/sbus_control
[6.079s] Installing sbus_control_node script to /home/bestway/bestway_ws/install/sbus_control/lib/sbus_control
[6.080s] Installing serial_node script to /home/bestway/bestway_ws/install/sbus_control/lib/sbus_control
[6.080s] writing list of installed files to '/home/bestway/bestway_ws/build/sbus_control/install.log'
[6.304s] Invoked command in '/home/bestway/bestway_ws/src/sbus_control' returned '0': PYTHONPATH=/home/bestway/bestway_ws/build/sbus_control/prefix_override:/usr/lib/python3/dist-packages/colcon_core/task/python/colcon_distutils_commands:/home/bestway/bestway_ws/install/sbus_control/lib/python3.10/site-packages:${PYTHONPATH} /usr/bin/python3 -W ignore:setup.py install is deprecated -W ignore:easy_install command is deprecated setup.py egg_info --egg-base ../../build/sbus_control build --build-base /home/bestway/bestway_ws/build/sbus_control/build install --record /home/bestway/bestway_ws/build/sbus_control/install.log --single-version-externally-managed install_data
