[3.818s] Invoking command in '/home/bestway/bestway_ws/src/imu_odometry': PYTHONPATH=/home/bestway/bestway_ws/build/imu_odometry/prefix_override:/usr/lib/python3/dist-packages/colcon_core/task/python/colcon_distutils_commands:/home/bestway/bestway_ws/install/imu_odometry/lib/python3.10/site-packages:${PYTHONPATH} /usr/bin/python3 -W ignore:setup.py install is deprecated -W ignore:easy_install command is deprecated setup.py egg_info --egg-base ../../build/imu_odometry build --build-base /home/bestway/bestway_ws/build/imu_odometry/build install --record /home/bestway/bestway_ws/build/imu_odometry/install.log --single-version-externally-managed install_data
[4.739s] running egg_info
[4.739s] writing ../../build/imu_odometry/imu_odometry.egg-info/PKG-INFO
[4.741s] writing dependency_links to ../../build/imu_odometry/imu_odometry.egg-info/dependency_links.txt
[4.743s] writing entry points to ../../build/imu_odometry/imu_odometry.egg-info/entry_points.txt
[4.744s] writing requirements to ../../build/imu_odometry/imu_odometry.egg-info/requires.txt
[4.745s] writing top-level names to ../../build/imu_odometry/imu_odometry.egg-info/top_level.txt
[4.750s] reading manifest file '../../build/imu_odometry/imu_odometry.egg-info/SOURCES.txt'
[4.752s] writing manifest file '../../build/imu_odometry/imu_odometry.egg-info/SOURCES.txt'
[4.753s] running build
[4.754s] running build_py
[4.754s] copying imu_odometry/imu_odometry_node.py -> /home/bestway/bestway_ws/build/imu_odometry/build/lib/imu_odometry
[4.756s] running install
[4.757s] running install_lib
[4.759s] copying /home/bestway/bestway_ws/build/imu_odometry/build/lib/imu_odometry/imu_odometry_node.py -> /home/bestway/bestway_ws/install/imu_odometry/lib/python3.10/site-packages/imu_odometry
[4.763s] byte-compiling /home/bestway/bestway_ws/install/imu_odometry/lib/python3.10/site-packages/imu_odometry/imu_odometry_node.py to imu_odometry_node.cpython-310.pyc
[4.769s] running install_data
[4.770s] running install_egg_info
[4.781s] removing '/home/bestway/bestway_ws/install/imu_odometry/lib/python3.10/site-packages/imu_odometry-0.0.0-py3.10.egg-info' (and everything under it)
[4.782s] Copying ../../build/imu_odometry/imu_odometry.egg-info to /home/bestway/bestway_ws/install/imu_odometry/lib/python3.10/site-packages/imu_odometry-0.0.0-py3.10.egg-info
[4.787s] running install_scripts
[4.873s] Installing imu_odometry_node script to /home/bestway/bestway_ws/install/imu_odometry/lib/imu_odometry
[4.874s] writing list of installed files to '/home/bestway/bestway_ws/build/imu_odometry/install.log'
[5.011s] Invoked command in '/home/bestway/bestway_ws/src/imu_odometry' returned '0': PYTHONPATH=/home/bestway/bestway_ws/build/imu_odometry/prefix_override:/usr/lib/python3/dist-packages/colcon_core/task/python/colcon_distutils_commands:/home/bestway/bestway_ws/install/imu_odometry/lib/python3.10/site-packages:${PYTHONPATH} /usr/bin/python3 -W ignore:setup.py install is deprecated -W ignore:easy_install command is deprecated setup.py egg_info --egg-base ../../build/imu_odometry build --build-base /home/bestway/bestway_ws/build/imu_odometry/build install --record /home/bestway/bestway_ws/build/imu_odometry/install.log --single-version-externally-managed install_data
