[3.845s] Invoking command in '/home/bestway/bestway_ws/src/imu_odometry': PYTHONPATH=/home/bestway/bestway_ws/build/imu_odometry/prefix_override:/usr/lib/python3/dist-packages/colcon_core/task/python/colcon_distutils_commands:/home/bestway/bestway_ws/install/imu_odometry/lib/python3.10/site-packages:${PYTHONPATH} /usr/bin/python3 -W ignore:setup.py install is deprecated -W ignore:easy_install command is deprecated setup.py egg_info --egg-base ../../build/imu_odometry build --build-base /home/bestway/bestway_ws/build/imu_odometry/build install --record /home/bestway/bestway_ws/build/imu_odometry/install.log --single-version-externally-managed install_data
[4.624s] running egg_info
[4.629s] writing ../../build/imu_odometry/imu_odometry.egg-info/PKG-INFO
[4.630s] writing dependency_links to ../../build/imu_odometry/imu_odometry.egg-info/dependency_links.txt
[4.631s] writing entry points to ../../build/imu_odometry/imu_odometry.egg-info/entry_points.txt
[4.632s] writing requirements to ../../build/imu_odometry/imu_odometry.egg-info/requires.txt
[4.633s] writing top-level names to ../../build/imu_odometry/imu_odometry.egg-info/top_level.txt
[4.634s] reading manifest file '../../build/imu_odometry/imu_odometry.egg-info/SOURCES.txt'
[4.640s] writing manifest file '../../build/imu_odometry/imu_odometry.egg-info/SOURCES.txt'
[4.641s] running build
[4.642s] running build_py
[4.646s] running install
[4.646s] running install_lib
[4.647s] running install_data
[4.647s] running install_egg_info
[4.649s] removing '/home/bestway/bestway_ws/install/imu_odometry/lib/python3.10/site-packages/imu_odometry-0.0.0-py3.10.egg-info' (and everything under it)
[4.650s] Copying ../../build/imu_odometry/imu_odometry.egg-info to /home/bestway/bestway_ws/install/imu_odometry/lib/python3.10/site-packages/imu_odometry-0.0.0-py3.10.egg-info
[4.654s] running install_scripts
[4.713s] Installing imu_odometry_node script to /home/bestway/bestway_ws/install/imu_odometry/lib/imu_odometry
[4.714s] writing list of installed files to '/home/bestway/bestway_ws/build/imu_odometry/install.log'
[6.077s] Invoked command in '/home/bestway/bestway_ws/src/imu_odometry' returned '0': PYTHONPATH=/home/bestway/bestway_ws/build/imu_odometry/prefix_override:/usr/lib/python3/dist-packages/colcon_core/task/python/colcon_distutils_commands:/home/bestway/bestway_ws/install/imu_odometry/lib/python3.10/site-packages:${PYTHONPATH} /usr/bin/python3 -W ignore:setup.py install is deprecated -W ignore:easy_install command is deprecated setup.py egg_info --egg-base ../../build/imu_odometry build --build-base /home/bestway/bestway_ws/build/imu_odometry/build install --record /home/bestway/bestway_ws/build/imu_odometry/install.log --single-version-externally-managed install_data
