[5.969s] Invoking command in '/home/bestway/bestway_ws/src/nav2_launch': PYTHONPATH=/home/bestway/bestway_ws/build/nav2_launch/prefix_override:/usr/lib/python3/dist-packages/colcon_core/task/python/colcon_distutils_commands:/home/bestway/bestway_ws/install/nav2_launch/lib/python3.10/site-packages:${PYTHONPATH} /usr/bin/python3 -W ignore:setup.py install is deprecated -W ignore:easy_install command is deprecated setup.py egg_info --egg-base ../../build/nav2_launch build --build-base /home/bestway/bestway_ws/build/nav2_launch/build install --record /home/bestway/bestway_ws/build/nav2_launch/install.log --single-version-externally-managed install_data
[7.797s] running egg_info
[7.802s] writing ../../build/nav2_launch/nav2_launch.egg-info/PKG-INFO
[7.803s] writing dependency_links to ../../build/nav2_launch/nav2_launch.egg-info/dependency_links.txt
[7.808s] writing entry points to ../../build/nav2_launch/nav2_launch.egg-info/entry_points.txt
[7.811s] writing requirements to ../../build/nav2_launch/nav2_launch.egg-info/requires.txt
[7.812s] writing top-level names to ../../build/nav2_launch/nav2_launch.egg-info/top_level.txt
[7.828s] reading manifest file '../../build/nav2_launch/nav2_launch.egg-info/SOURCES.txt'
[7.833s] writing manifest file '../../build/nav2_launch/nav2_launch.egg-info/SOURCES.txt'
[7.834s] running build
[7.834s] running build_py
[7.836s] running install
[7.837s] running install_lib
[7.847s] running install_data
[7.848s] running install_egg_info
[7.860s] removing '/home/bestway/bestway_ws/install/nav2_launch/lib/python3.10/site-packages/nav2_launch-0.0.0-py3.10.egg-info' (and everything under it)
[7.863s] Copying ../../build/nav2_launch/nav2_launch.egg-info to /home/bestway/bestway_ws/install/nav2_launch/lib/python3.10/site-packages/nav2_launch-0.0.0-py3.10.egg-info
[7.875s] running install_scripts
[8.196s] writing list of installed files to '/home/bestway/bestway_ws/build/nav2_launch/install.log'
[8.666s] Invoked command in '/home/bestway/bestway_ws/src/nav2_launch' returned '0': PYTHONPATH=/home/bestway/bestway_ws/build/nav2_launch/prefix_override:/usr/lib/python3/dist-packages/colcon_core/task/python/colcon_distutils_commands:/home/bestway/bestway_ws/install/nav2_launch/lib/python3.10/site-packages:${PYTHONPATH} /usr/bin/python3 -W ignore:setup.py install is deprecated -W ignore:easy_install command is deprecated setup.py egg_info --egg-base ../../build/nav2_launch build --build-base /home/bestway/bestway_ws/build/nav2_launch/build install --record /home/bestway/bestway_ws/build/nav2_launch/install.log --single-version-externally-managed install_data
