[0.096s] Invoking command in '/home/bestway/bestway_ws/build/temperature_publisher': CMAKE_PREFIX_PATH=${CMAKE_PREFIX_PATH}:/home/bestway/bestway_ws/install/yuntai_control:/home/bestway/bestway_ws/install/sbus_control:/home/bestway/bestway_ws/install/move_pos:/home/bestway/bestway_ws/install/lidar_distance:/home/bestway/bestway_ws/install/auto_drive:/opt/ros/humble /usr/bin/cmake --build /home/bestway/bestway_ws/build/temperature_publisher -- -j4 -l4
[0.796s] [100%] Built target temperature_publisher
[0.971s] Invoked command in '/home/bestway/bestway_ws/build/temperature_publisher' returned '0': CMAKE_PREFIX_PATH=${CMAKE_PREFIX_PATH}:/home/bestway/bestway_ws/install/yuntai_control:/home/bestway/bestway_ws/install/sbus_control:/home/bestway/bestway_ws/install/move_pos:/home/bestway/bestway_ws/install/lidar_distance:/home/bestway/bestway_ws/install/auto_drive:/opt/ros/humble /usr/bin/cmake --build /home/bestway/bestway_ws/build/temperature_publisher -- -j4 -l4
[1.019s] Invoking command in '/home/bestway/bestway_ws/build/temperature_publisher': CMAKE_PREFIX_PATH=${CMAKE_PREFIX_PATH}:/home/bestway/bestway_ws/install/yuntai_control:/home/bestway/bestway_ws/install/sbus_control:/home/bestway/bestway_ws/install/move_pos:/home/bestway/bestway_ws/install/lidar_distance:/home/bestway/bestway_ws/install/auto_drive:/opt/ros/humble /usr/bin/cmake --install /home/bestway/bestway_ws/build/temperature_publisher
[2.398s] -- Install configuration: ""
[2.398s] -- Up-to-date: /home/bestway/bestway_ws/install/temperature_publisher/lib/temperature_publisher/temperature_publisher
[2.398s] -- Up-to-date: /home/bestway/bestway_ws/install/temperature_publisher/share/temperature_publisher/environment/temperature_publisher_library_path.dsv
[2.398s] -- Up-to-date: /home/bestway/bestway_ws/install/temperature_publisher/share/ament_index/resource_index/package_run_dependencies/temperature_publisher
[2.399s] -- Up-to-date: /home/bestway/bestway_ws/install/temperature_publisher/share/ament_index/resource_index/parent_prefix_path/temperature_publisher
[2.399s] -- Up-to-date: /home/bestway/bestway_ws/install/temperature_publisher/share/temperature_publisher/environment/ament_prefix_path.sh
[2.399s] -- Up-to-date: /home/bestway/bestway_ws/install/temperature_publisher/share/temperature_publisher/environment/ament_prefix_path.dsv
[2.399s] -- Up-to-date: /home/bestway/bestway_ws/install/temperature_publisher/share/temperature_publisher/environment/path.sh
[2.399s] -- Up-to-date: /home/bestway/bestway_ws/install/temperature_publisher/share/temperature_publisher/environment/path.dsv
[2.399s] -- Up-to-date: /home/bestway/bestway_ws/install/temperature_publisher/share/temperature_publisher/local_setup.bash
[2.399s] -- Up-to-date: /home/bestway/bestway_ws/install/temperature_publisher/share/temperature_publisher/local_setup.sh
[2.400s] -- Up-to-date: /home/bestway/bestway_ws/install/temperature_publisher/share/temperature_publisher/local_setup.zsh
[2.400s] -- Up-to-date: /home/bestway/bestway_ws/install/temperature_publisher/share/temperature_publisher/local_setup.dsv
[2.400s] -- Installing: /home/bestway/bestway_ws/install/temperature_publisher/share/temperature_publisher/package.dsv
[2.400s] -- Up-to-date: /home/bestway/bestway_ws/install/temperature_publisher/share/ament_index/resource_index/packages/temperature_publisher
[2.400s] -- Up-to-date: /home/bestway/bestway_ws/install/temperature_publisher/share/temperature_publisher/cmake/temperature_publisherConfig.cmake
[2.400s] -- Up-to-date: /home/bestway/bestway_ws/install/temperature_publisher/share/temperature_publisher/cmake/temperature_publisherConfig-version.cmake
[2.400s] -- Up-to-date: /home/bestway/bestway_ws/install/temperature_publisher/share/temperature_publisher/package.xml
[2.442s] Invoked command in '/home/bestway/bestway_ws/build/temperature_publisher' returned '0': CMAKE_PREFIX_PATH=${CMAKE_PREFIX_PATH}:/home/bestway/bestway_ws/install/yuntai_control:/home/bestway/bestway_ws/install/sbus_control:/home/bestway/bestway_ws/install/move_pos:/home/bestway/bestway_ws/install/lidar_distance:/home/bestway/bestway_ws/install/auto_drive:/opt/ros/humble /usr/bin/cmake --install /home/bestway/bestway_ws/build/temperature_publisher
