[9.037s] Invoking command in '/home/bestway/bestway_ws/src/sbus_control': PYTHONPATH=/home/bestway/bestway_ws/build/sbus_control/prefix_override:/usr/lib/python3/dist-packages/colcon_core/task/python/colcon_distutils_commands:/home/bestway/bestway_ws/install/sbus_control/lib/python3.10/site-packages:${PYTHONPATH} /usr/bin/python3 -W ignore:setup.py install is deprecated -W ignore:easy_install command is deprecated setup.py egg_info --egg-base ../../build/sbus_control build --build-base /home/bestway/bestway_ws/build/sbus_control/build install --record /home/bestway/bestway_ws/build/sbus_control/install.log --single-version-externally-managed install_data
[11.875s] running egg_info
[11.896s] writing ../../build/sbus_control/sbus_control.egg-info/PKG-INFO
[11.902s] writing dependency_links to ../../build/sbus_control/sbus_control.egg-info/dependency_links.txt
[11.910s] writing entry points to ../../build/sbus_control/sbus_control.egg-info/entry_points.txt
[11.915s] writing requirements to ../../build/sbus_control/sbus_control.egg-info/requires.txt
[11.917s] writing top-level names to ../../build/sbus_control/sbus_control.egg-info/top_level.txt
[11.996s] reading manifest file '../../build/sbus_control/sbus_control.egg-info/SOURCES.txt'
[12.003s] writing manifest file '../../build/sbus_control/sbus_control.egg-info/SOURCES.txt'
[12.004s] running build
[12.010s] running build_py
[12.011s] copying sbus_control/sbus_control_node.py -> /home/bestway/bestway_ws/build/sbus_control/build/lib/sbus_control
[12.014s] running install
[12.016s] running install_lib
[12.023s] copying /home/bestway/bestway_ws/build/sbus_control/build/lib/sbus_control/sbus_control_node.py -> /home/bestway/bestway_ws/install/sbus_control/lib/python3.10/site-packages/sbus_control
[12.034s] byte-compiling /home/bestway/bestway_ws/install/sbus_control/lib/python3.10/site-packages/sbus_control/sbus_control_node.py to sbus_control_node.cpython-310.pyc
[12.052s] running install_data
[12.053s] running install_egg_info
[12.076s] removing '/home/bestway/bestway_ws/install/sbus_control/lib/python3.10/site-packages/sbus_control-0.0.0-py3.10.egg-info' (and everything under it)
[12.080s] Copying ../../build/sbus_control/sbus_control.egg-info to /home/bestway/bestway_ws/install/sbus_control/lib/python3.10/site-packages/sbus_control-0.0.0-py3.10.egg-info
[12.093s] running install_scripts
[12.266s] Installing keyboard_control_node script to /home/bestway/bestway_ws/install/sbus_control/lib/sbus_control
[12.269s] Installing sbus_control_node script to /home/bestway/bestway_ws/install/sbus_control/lib/sbus_control
[12.272s] writing list of installed files to '/home/bestway/bestway_ws/build/sbus_control/install.log'
[13.293s] Invoked command in '/home/bestway/bestway_ws/src/sbus_control' returned '0': PYTHONPATH=/home/bestway/bestway_ws/build/sbus_control/prefix_override:/usr/lib/python3/dist-packages/colcon_core/task/python/colcon_distutils_commands:/home/bestway/bestway_ws/install/sbus_control/lib/python3.10/site-packages:${PYTHONPATH} /usr/bin/python3 -W ignore:setup.py install is deprecated -W ignore:easy_install command is deprecated setup.py egg_info --egg-base ../../build/sbus_control build --build-base /home/bestway/bestway_ws/build/sbus_control/build install --record /home/bestway/bestway_ws/build/sbus_control/install.log --single-version-externally-managed install_data
