[5.086s] Invoking command in '/home/bestway/bestway_ws/src/auto_drive': PYTHONPATH=/home/bestway/bestway_ws/build/auto_drive/prefix_override:/usr/lib/python3/dist-packages/colcon_core/task/python/colcon_distutils_commands:/home/bestway/bestway_ws/install/auto_drive/lib/python3.10/site-packages:${PYTHONPATH} /usr/bin/python3 -W ignore:setup.py install is deprecated -W ignore:easy_install command is deprecated setup.py egg_info --egg-base ../../build/auto_drive build --build-base /home/bestway/bestway_ws/build/auto_drive/build install --record /home/bestway/bestway_ws/build/auto_drive/install.log --single-version-externally-managed install_data
[7.154s] running egg_info
[7.160s] writing ../../build/auto_drive/auto_drive.egg-info/PKG-INFO
[7.163s] writing dependency_links to ../../build/auto_drive/auto_drive.egg-info/dependency_links.txt
[7.164s] writing entry points to ../../build/auto_drive/auto_drive.egg-info/entry_points.txt
[7.165s] writing requirements to ../../build/auto_drive/auto_drive.egg-info/requires.txt
[7.165s] writing top-level names to ../../build/auto_drive/auto_drive.egg-info/top_level.txt
[7.172s] reading manifest file '../../build/auto_drive/auto_drive.egg-info/SOURCES.txt'
[7.176s] writing manifest file '../../build/auto_drive/auto_drive.egg-info/SOURCES.txt'
[7.177s] running build
[7.179s] running build_py
[7.180s] copying auto_drive/navigation_controller.py -> /home/bestway/bestway_ws/build/auto_drive/build/lib/auto_drive
[7.183s] running install
[7.184s] running install_lib
[7.188s] copying /home/bestway/bestway_ws/build/auto_drive/build/lib/auto_drive/navigation_controller.py -> /home/bestway/bestway_ws/install/auto_drive/lib/python3.10/site-packages/auto_drive
[7.194s] byte-compiling /home/bestway/bestway_ws/install/auto_drive/lib/python3.10/site-packages/auto_drive/navigation_controller.py to navigation_controller.cpython-310.pyc
[7.256s] running install_data
[7.257s] running install_egg_info
[7.274s] removing '/home/bestway/bestway_ws/install/auto_drive/lib/python3.10/site-packages/auto_drive-0.0.0-py3.10.egg-info' (and everything under it)
[7.278s] Copying ../../build/auto_drive/auto_drive.egg-info to /home/bestway/bestway_ws/install/auto_drive/lib/python3.10/site-packages/auto_drive-0.0.0-py3.10.egg-info
[7.304s] running install_scripts
[7.649s] Installing auto_drive_node script to /home/bestway/bestway_ws/install/auto_drive/lib/auto_drive
[7.651s] Installing navigation_controller script to /home/bestway/bestway_ws/install/auto_drive/lib/auto_drive
[7.654s] Installing navigation_node script to /home/bestway/bestway_ws/install/auto_drive/lib/auto_drive
[7.669s] Installing pointcloud_to_2d_map script to /home/bestway/bestway_ws/install/auto_drive/lib/auto_drive
[7.670s] Installing pose_printer_node script to /home/bestway/bestway_ws/install/auto_drive/lib/auto_drive
[7.670s] Installing search_fire_node script to /home/bestway/bestway_ws/install/auto_drive/lib/auto_drive
[7.670s] writing list of installed files to '/home/bestway/bestway_ws/build/auto_drive/install.log'
[8.897s] Invoked command in '/home/bestway/bestway_ws/src/auto_drive' returned '0': PYTHONPATH=/home/bestway/bestway_ws/build/auto_drive/prefix_override:/usr/lib/python3/dist-packages/colcon_core/task/python/colcon_distutils_commands:/home/bestway/bestway_ws/install/auto_drive/lib/python3.10/site-packages:${PYTHONPATH} /usr/bin/python3 -W ignore:setup.py install is deprecated -W ignore:easy_install command is deprecated setup.py egg_info --egg-base ../../build/auto_drive build --build-base /home/bestway/bestway_ws/build/auto_drive/build install --record /home/bestway/bestway_ws/build/auto_drive/install.log --single-version-externally-managed install_data
