[4.510s] Invoking command in '/home/bestway/bestway_ws/src/auto_drive': PYTHONPATH=/home/bestway/bestway_ws/build/auto_drive/prefix_override:/usr/lib/python3/dist-packages/colcon_core/task/python/colcon_distutils_commands:/home/bestway/bestway_ws/install/auto_drive/lib/python3.10/site-packages:${PYTHONPATH} /usr/bin/python3 -W ignore:setup.py install is deprecated -W ignore:easy_install command is deprecated setup.py egg_info --egg-base ../../build/auto_drive build --build-base /home/bestway/bestway_ws/build/auto_drive/build install --record /home/bestway/bestway_ws/build/auto_drive/install.log --single-version-externally-managed install_data
[5.687s] running egg_info
[5.693s] writing ../../build/auto_drive/auto_drive.egg-info/PKG-INFO
[5.701s] writing dependency_links to ../../build/auto_drive/auto_drive.egg-info/dependency_links.txt
[5.705s] writing entry points to ../../build/auto_drive/auto_drive.egg-info/entry_points.txt
[5.708s] writing requirements to ../../build/auto_drive/auto_drive.egg-info/requires.txt
[5.710s] writing top-level names to ../../build/auto_drive/auto_drive.egg-info/top_level.txt
[5.721s] reading manifest file '../../build/auto_drive/auto_drive.egg-info/SOURCES.txt'
[5.727s] writing manifest file '../../build/auto_drive/auto_drive.egg-info/SOURCES.txt'
[5.729s] running build
[5.730s] running build_py
[5.732s] copying auto_drive/search_fire.py -> /home/bestway/bestway_ws/build/auto_drive/build/lib/auto_drive
[5.738s] running install
[5.740s] running install_lib
[5.750s] copying /home/bestway/bestway_ws/build/auto_drive/build/lib/auto_drive/search_fire.py -> /home/bestway/bestway_ws/install/auto_drive/lib/python3.10/site-packages/auto_drive
[5.756s] byte-compiling /home/bestway/bestway_ws/install/auto_drive/lib/python3.10/site-packages/auto_drive/search_fire.py to search_fire.cpython-310.pyc
[5.773s] running install_data
[5.774s] running install_egg_info
[5.784s] removing '/home/bestway/bestway_ws/install/auto_drive/lib/python3.10/site-packages/auto_drive-0.0.0-py3.10.egg-info' (and everything under it)
[5.834s] Copying ../../build/auto_drive/auto_drive.egg-info to /home/bestway/bestway_ws/install/auto_drive/lib/python3.10/site-packages/auto_drive-0.0.0-py3.10.egg-info
[5.848s] running install_scripts
[5.918s] Installing auto_drive_node script to /home/bestway/bestway_ws/install/auto_drive/lib/auto_drive
[5.922s] writing list of installed files to '/home/bestway/bestway_ws/build/auto_drive/install.log'
[6.065s] Invoked command in '/home/bestway/bestway_ws/src/auto_drive' returned '0': PYTHONPATH=/home/bestway/bestway_ws/build/auto_drive/prefix_override:/usr/lib/python3/dist-packages/colcon_core/task/python/colcon_distutils_commands:/home/bestway/bestway_ws/install/auto_drive/lib/python3.10/site-packages:${PYTHONPATH} /usr/bin/python3 -W ignore:setup.py install is deprecated -W ignore:easy_install command is deprecated setup.py egg_info --egg-base ../../build/auto_drive build --build-base /home/bestway/bestway_ws/build/auto_drive/build install --record /home/bestway/bestway_ws/build/auto_drive/install.log --single-version-externally-managed install_data
