[6.063s] Invoking command in '/home/bestway/bestway_ws/src/sbus_control': PYTHONPATH=/home/bestway/bestway_ws/build/sbus_control/prefix_override:/usr/lib/python3/dist-packages/colcon_core/task/python/colcon_distutils_commands:/home/bestway/bestway_ws/install/sbus_control/lib/python3.10/site-packages:${PYTHONPATH} /usr/bin/python3 -W ignore:setup.py install is deprecated -W ignore:easy_install command is deprecated setup.py egg_info --egg-base ../../build/sbus_control build --build-base /home/bestway/bestway_ws/build/sbus_control/build install --record /home/bestway/bestway_ws/build/sbus_control/install.log --single-version-externally-managed install_data
[6.854s] running egg_info
[6.860s] writing ../../build/sbus_control/sbus_control.egg-info/PKG-INFO
[6.862s] writing dependency_links to ../../build/sbus_control/sbus_control.egg-info/dependency_links.txt
[6.864s] writing entry points to ../../build/sbus_control/sbus_control.egg-info/entry_points.txt
[6.866s] writing requirements to ../../build/sbus_control/sbus_control.egg-info/requires.txt
[6.867s] writing top-level names to ../../build/sbus_control/sbus_control.egg-info/top_level.txt
[6.874s] reading manifest file '../../build/sbus_control/sbus_control.egg-info/SOURCES.txt'
[6.877s] writing manifest file '../../build/sbus_control/sbus_control.egg-info/SOURCES.txt'
[6.878s] running build
[6.878s] running build_py
[6.880s] running install
[6.882s] running install_lib
[6.886s] running install_data
[6.888s] running install_egg_info
[6.898s] removing '/home/bestway/bestway_ws/install/sbus_control/lib/python3.10/site-packages/sbus_control-0.0.0-py3.10.egg-info' (and everything under it)
[6.929s] Copying ../../build/sbus_control/sbus_control.egg-info to /home/bestway/bestway_ws/install/sbus_control/lib/python3.10/site-packages/sbus_control-0.0.0-py3.10.egg-info
[6.940s] running install_scripts
[7.005s] Installing keyboard_control_node script to /home/bestway/bestway_ws/install/sbus_control/lib/sbus_control
[7.007s] Installing sbus_control_node script to /home/bestway/bestway_ws/install/sbus_control/lib/sbus_control
[7.010s] writing list of installed files to '/home/bestway/bestway_ws/build/sbus_control/install.log'
[7.109s] Invoked command in '/home/bestway/bestway_ws/src/sbus_control' returned '0': PYTHONPATH=/home/bestway/bestway_ws/build/sbus_control/prefix_override:/usr/lib/python3/dist-packages/colcon_core/task/python/colcon_distutils_commands:/home/bestway/bestway_ws/install/sbus_control/lib/python3.10/site-packages:${PYTHONPATH} /usr/bin/python3 -W ignore:setup.py install is deprecated -W ignore:easy_install command is deprecated setup.py egg_info --egg-base ../../build/sbus_control build --build-base /home/bestway/bestway_ws/build/sbus_control/build install --record /home/bestway/bestway_ws/build/sbus_control/install.log --single-version-externally-managed install_data
