[4.951s] Invoking command in '/home/bestway/bestway_ws/src/lidar_distance': PYTHONPATH=/home/bestway/bestway_ws/build/lidar_distance/prefix_override:/usr/lib/python3/dist-packages/colcon_core/task/python/colcon_distutils_commands:/home/bestway/bestway_ws/install/lidar_distance/lib/python3.10/site-packages:${PYTHONPATH} /usr/bin/python3 -W ignore:setup.py install is deprecated -W ignore:easy_install command is deprecated setup.py egg_info --egg-base ../../build/lidar_distance build --build-base /home/bestway/bestway_ws/build/lidar_distance/build install --record /home/bestway/bestway_ws/build/lidar_distance/install.log --single-version-externally-managed install_data
[6.290s] running egg_info
[6.291s] writing ../../build/lidar_distance/lidar_distance.egg-info/PKG-INFO
[6.295s] writing dependency_links to ../../build/lidar_distance/lidar_distance.egg-info/dependency_links.txt
[6.295s] writing entry points to ../../build/lidar_distance/lidar_distance.egg-info/entry_points.txt
[6.295s] writing requirements to ../../build/lidar_distance/lidar_distance.egg-info/requires.txt
[6.295s] writing top-level names to ../../build/lidar_distance/lidar_distance.egg-info/top_level.txt
[6.300s] reading manifest file '../../build/lidar_distance/lidar_distance.egg-info/SOURCES.txt'
[6.302s] writing manifest file '../../build/lidar_distance/lidar_distance.egg-info/SOURCES.txt'
[6.303s] running build
[6.303s] running build_py
[6.303s] running install
[6.304s] running install_lib
[6.307s] running install_data
[6.308s] running install_egg_info
[6.313s] removing '/home/bestway/bestway_ws/install/lidar_distance/lib/python3.10/site-packages/lidar_distance-0.0.0-py3.10.egg-info' (and everything under it)
[6.313s] Copying ../../build/lidar_distance/lidar_distance.egg-info to /home/bestway/bestway_ws/install/lidar_distance/lib/python3.10/site-packages/lidar_distance-0.0.0-py3.10.egg-info
[6.327s] running install_scripts
[6.391s] Installing lidar_distance script to /home/bestway/bestway_ws/install/lidar_distance/lib/lidar_distance
[6.393s] writing list of installed files to '/home/bestway/bestway_ws/build/lidar_distance/install.log'
[7.140s] Invoked command in '/home/bestway/bestway_ws/src/lidar_distance' returned '0': PYTHONPATH=/home/bestway/bestway_ws/build/lidar_distance/prefix_override:/usr/lib/python3/dist-packages/colcon_core/task/python/colcon_distutils_commands:/home/bestway/bestway_ws/install/lidar_distance/lib/python3.10/site-packages:${PYTHONPATH} /usr/bin/python3 -W ignore:setup.py install is deprecated -W ignore:easy_install command is deprecated setup.py egg_info --egg-base ../../build/lidar_distance build --build-base /home/bestway/bestway_ws/build/lidar_distance/build install --record /home/bestway/bestway_ws/build/lidar_distance/install.log --single-version-externally-managed install_data
