[4.400s] Invoking command in '/home/bestway/bestway_ws/src/lidar_distance': PYTHONPATH=/home/bestway/bestway_ws/build/lidar_distance/prefix_override:/usr/lib/python3/dist-packages/colcon_core/task/python/colcon_distutils_commands:/home/bestway/bestway_ws/install/lidar_distance/lib/python3.10/site-packages:${PYTHONPATH} /usr/bin/python3 -W ignore:setup.py install is deprecated -W ignore:easy_install command is deprecated setup.py egg_info --egg-base ../../build/lidar_distance build --build-base /home/bestway/bestway_ws/build/lidar_distance/build install --record /home/bestway/bestway_ws/build/lidar_distance/install.log --single-version-externally-managed install_data
[5.343s] running egg_info
[5.345s] writing ../../build/lidar_distance/lidar_distance.egg-info/PKG-INFO
[5.346s] writing dependency_links to ../../build/lidar_distance/lidar_distance.egg-info/dependency_links.txt
[5.347s] writing entry points to ../../build/lidar_distance/lidar_distance.egg-info/entry_points.txt
[5.348s] writing requirements to ../../build/lidar_distance/lidar_distance.egg-info/requires.txt
[5.348s] writing top-level names to ../../build/lidar_distance/lidar_distance.egg-info/top_level.txt
[5.354s] reading manifest file '../../build/lidar_distance/lidar_distance.egg-info/SOURCES.txt'
[5.357s] writing manifest file '../../build/lidar_distance/lidar_distance.egg-info/SOURCES.txt'
[5.358s] running build
[5.358s] running build_py
[5.360s] running install
[5.363s] running install_lib
[5.371s] running install_data
[5.375s] running install_egg_info
[5.381s] removing '/home/bestway/bestway_ws/install/lidar_distance/lib/python3.10/site-packages/lidar_distance-0.0.0-py3.10.egg-info' (and everything under it)
[5.382s] Copying ../../build/lidar_distance/lidar_distance.egg-info to /home/bestway/bestway_ws/install/lidar_distance/lib/python3.10/site-packages/lidar_distance-0.0.0-py3.10.egg-info
[5.384s] running install_scripts
[5.432s] Installing lidar_distance script to /home/bestway/bestway_ws/install/lidar_distance/lib/lidar_distance
[5.433s] writing list of installed files to '/home/bestway/bestway_ws/build/lidar_distance/install.log'
[5.506s] Invoked command in '/home/bestway/bestway_ws/src/lidar_distance' returned '0': PYTHONPATH=/home/bestway/bestway_ws/build/lidar_distance/prefix_override:/usr/lib/python3/dist-packages/colcon_core/task/python/colcon_distutils_commands:/home/bestway/bestway_ws/install/lidar_distance/lib/python3.10/site-packages:${PYTHONPATH} /usr/bin/python3 -W ignore:setup.py install is deprecated -W ignore:easy_install command is deprecated setup.py egg_info --egg-base ../../build/lidar_distance build --build-base /home/bestway/bestway_ws/build/lidar_distance/build install --record /home/bestway/bestway_ws/build/lidar_distance/install.log --single-version-externally-managed install_data
