[1.977s] Invoking command in '/home/bestway/bestway_ws/src/yuntai_control': PYTHONPATH=/home/bestway/bestway_ws/build/yuntai_control/prefix_override:/usr/lib/python3/dist-packages/colcon_core/task/python/colcon_distutils_commands:/home/bestway/bestway_ws/install/yuntai_control/lib/python3.10/site-packages:${PYTHONPATH} /usr/bin/python3 -W ignore:setup.py install is deprecated -W ignore:easy_install command is deprecated setup.py egg_info --egg-base ../../build/yuntai_control build --build-base /home/bestway/bestway_ws/build/yuntai_control/build install --record /home/bestway/bestway_ws/build/yuntai_control/install.log --single-version-externally-managed install_data
[2.577s] running egg_info
[2.578s] writing ../../build/yuntai_control/yuntai_control.egg-info/PKG-INFO
[2.581s] writing dependency_links to ../../build/yuntai_control/yuntai_control.egg-info/dependency_links.txt
[2.581s] writing entry points to ../../build/yuntai_control/yuntai_control.egg-info/entry_points.txt
[2.582s] writing requirements to ../../build/yuntai_control/yuntai_control.egg-info/requires.txt
[2.582s] writing top-level names to ../../build/yuntai_control/yuntai_control.egg-info/top_level.txt
[2.586s] reading manifest file '../../build/yuntai_control/yuntai_control.egg-info/SOURCES.txt'
[2.586s] writing manifest file '../../build/yuntai_control/yuntai_control.egg-info/SOURCES.txt'
[2.587s] running build
[2.588s] running build_py
[2.589s] running install
[2.591s] running install_lib
[2.593s] running install_data
[2.593s] running install_egg_info
[2.597s] removing '/home/bestway/bestway_ws/install/yuntai_control/lib/python3.10/site-packages/yuntai_control-0.0.0-py3.10.egg-info' (and everything under it)
[2.598s] Copying ../../build/yuntai_control/yuntai_control.egg-info to /home/bestway/bestway_ws/install/yuntai_control/lib/python3.10/site-packages/yuntai_control-0.0.0-py3.10.egg-info
[2.600s] running install_scripts
[2.653s] Installing temperature_tracking_node script to /home/bestway/bestway_ws/install/yuntai_control/lib/yuntai_control
[2.653s] Installing temperature_tracking_node_v2 script to /home/bestway/bestway_ws/install/yuntai_control/lib/yuntai_control
[2.654s] Installing yuntai_controller_node script to /home/bestway/bestway_ws/install/yuntai_control/lib/yuntai_control
[2.654s] Installing yuntai_hardware_pwm_servo_node script to /home/bestway/bestway_ws/install/yuntai_control/lib/yuntai_control
[2.654s] Installing yuntai_search_node script to /home/bestway/bestway_ws/install/yuntai_control/lib/yuntai_control
[2.654s] writing list of installed files to '/home/bestway/bestway_ws/build/yuntai_control/install.log'
[2.740s] Invoked command in '/home/bestway/bestway_ws/src/yuntai_control' returned '0': PYTHONPATH=/home/bestway/bestway_ws/build/yuntai_control/prefix_override:/usr/lib/python3/dist-packages/colcon_core/task/python/colcon_distutils_commands:/home/bestway/bestway_ws/install/yuntai_control/lib/python3.10/site-packages:${PYTHONPATH} /usr/bin/python3 -W ignore:setup.py install is deprecated -W ignore:easy_install command is deprecated setup.py egg_info --egg-base ../../build/yuntai_control build --build-base /home/bestway/bestway_ws/build/yuntai_control/build install --record /home/bestway/bestway_ws/build/yuntai_control/install.log --single-version-externally-managed install_data
