[1.918s] Invoking command in '/home/bestway/bestway_ws/src/move_pos': PYTHONPATH=/home/bestway/bestway_ws/build/move_pos/prefix_override:/usr/lib/python3/dist-packages/colcon_core/task/python/colcon_distutils_commands:/home/bestway/bestway_ws/install/move_pos/lib/python3.10/site-packages:${PYTHONPATH} /usr/bin/python3 -W ignore:setup.py install is deprecated -W ignore:easy_install command is deprecated setup.py egg_info --egg-base ../../build/move_pos build --build-base /home/bestway/bestway_ws/build/move_pos/build install --record /home/bestway/bestway_ws/build/move_pos/install.log --single-version-externally-managed install_data
[2.530s] running egg_info
[2.532s] writing ../../build/move_pos/move_pos.egg-info/PKG-INFO
[2.533s] writing dependency_links to ../../build/move_pos/move_pos.egg-info/dependency_links.txt
[2.534s] writing entry points to ../../build/move_pos/move_pos.egg-info/entry_points.txt
[2.534s] writing requirements to ../../build/move_pos/move_pos.egg-info/requires.txt
[2.534s] writing top-level names to ../../build/move_pos/move_pos.egg-info/top_level.txt
[2.538s] reading manifest file '../../build/move_pos/move_pos.egg-info/SOURCES.txt'
[2.541s] writing manifest file '../../build/move_pos/move_pos.egg-info/SOURCES.txt'
[2.542s] running build
[2.543s] running build_py
[2.543s] copying move_pos/move_pos.py -> /home/bestway/bestway_ws/build/move_pos/build/lib/move_pos
[2.545s] running install
[2.546s] running install_lib
[2.555s] copying /home/bestway/bestway_ws/build/move_pos/build/lib/move_pos/move_pos.py -> /home/bestway/bestway_ws/install/move_pos/lib/python3.10/site-packages/move_pos
[2.557s] byte-compiling /home/bestway/bestway_ws/install/move_pos/lib/python3.10/site-packages/move_pos/move_pos.py to move_pos.cpython-310.pyc
[2.564s] running install_data
[2.565s] running install_egg_info
[2.572s] removing '/home/bestway/bestway_ws/install/move_pos/lib/python3.10/site-packages/move_pos-0.0.0-py3.10.egg-info' (and everything under it)
[2.573s] Copying ../../build/move_pos/move_pos.egg-info to /home/bestway/bestway_ws/install/move_pos/lib/python3.10/site-packages/move_pos-0.0.0-py3.10.egg-info
[2.577s] running install_scripts
[2.652s] Installing move_pos_action_server script to /home/bestway/bestway_ws/install/move_pos/lib/move_pos
[2.653s] writing list of installed files to '/home/bestway/bestway_ws/build/move_pos/install.log'
[2.744s] Invoked command in '/home/bestway/bestway_ws/src/move_pos' returned '0': PYTHONPATH=/home/bestway/bestway_ws/build/move_pos/prefix_override:/usr/lib/python3/dist-packages/colcon_core/task/python/colcon_distutils_commands:/home/bestway/bestway_ws/install/move_pos/lib/python3.10/site-packages:${PYTHONPATH} /usr/bin/python3 -W ignore:setup.py install is deprecated -W ignore:easy_install command is deprecated setup.py egg_info --egg-base ../../build/move_pos build --build-base /home/bestway/bestway_ws/build/move_pos/build install --record /home/bestway/bestway_ws/build/move_pos/install.log --single-version-externally-managed install_data
