[4.068s] Invoking command in '/home/bestway/bestway_ws/src/move_pos': PYTHONPATH=/home/bestway/bestway_ws/build/move_pos/prefix_override:/usr/lib/python3/dist-packages/colcon_core/task/python/colcon_distutils_commands:/home/bestway/bestway_ws/install/move_pos/lib/python3.10/site-packages:${PYTHONPATH} /usr/bin/python3 -W ignore:setup.py install is deprecated -W ignore:easy_install command is deprecated setup.py egg_info --egg-base ../../build/move_pos build --build-base /home/bestway/bestway_ws/build/move_pos/build install --record /home/bestway/bestway_ws/build/move_pos/install.log --single-version-externally-managed install_data
[4.794s] running egg_info
[4.796s] writing ../../build/move_pos/move_pos.egg-info/PKG-INFO
[4.796s] writing dependency_links to ../../build/move_pos/move_pos.egg-info/dependency_links.txt
[4.797s] writing entry points to ../../build/move_pos/move_pos.egg-info/entry_points.txt
[4.797s] writing requirements to ../../build/move_pos/move_pos.egg-info/requires.txt
[4.797s] writing top-level names to ../../build/move_pos/move_pos.egg-info/top_level.txt
[4.803s] reading manifest file '../../build/move_pos/move_pos.egg-info/SOURCES.txt'
[4.804s] writing manifest file '../../build/move_pos/move_pos.egg-info/SOURCES.txt'
[4.805s] running build
[4.805s] running build_py
[4.806s] running install
[4.806s] running install_lib
[4.810s] running install_data
[4.810s] running install_egg_info
[4.815s] removing '/home/bestway/bestway_ws/install/move_pos/lib/python3.10/site-packages/move_pos-0.0.0-py3.10.egg-info' (and everything under it)
[4.816s] Copying ../../build/move_pos/move_pos.egg-info to /home/bestway/bestway_ws/install/move_pos/lib/python3.10/site-packages/move_pos-0.0.0-py3.10.egg-info
[4.818s] running install_scripts
[4.875s] Installing move_pos_topic_node script to /home/bestway/bestway_ws/install/move_pos/lib/move_pos
[4.875s] Installing move_pos_topic_node_v2 script to /home/bestway/bestway_ws/install/move_pos/lib/move_pos
[4.875s] Installing move_pos_topic_node_v3 script to /home/bestway/bestway_ws/install/move_pos/lib/move_pos
[4.876s] writing list of installed files to '/home/bestway/bestway_ws/build/move_pos/install.log'
[5.133s] Invoked command in '/home/bestway/bestway_ws/src/move_pos' returned '0': PYTHONPATH=/home/bestway/bestway_ws/build/move_pos/prefix_override:/usr/lib/python3/dist-packages/colcon_core/task/python/colcon_distutils_commands:/home/bestway/bestway_ws/install/move_pos/lib/python3.10/site-packages:${PYTHONPATH} /usr/bin/python3 -W ignore:setup.py install is deprecated -W ignore:easy_install command is deprecated setup.py egg_info --egg-base ../../build/move_pos build --build-base /home/bestway/bestway_ws/build/move_pos/build install --record /home/bestway/bestway_ws/build/move_pos/install.log --single-version-externally-managed install_data
