[4.743s] Invoking command in '/home/bestway/bestway_ws/src/sbus_control': PYTHONPATH=/home/bestway/bestway_ws/build/sbus_control/prefix_override:/usr/lib/python3/dist-packages/colcon_core/task/python/colcon_distutils_commands:/home/bestway/bestway_ws/install/sbus_control/lib/python3.10/site-packages:${PYTHONPATH} /usr/bin/python3 -W ignore:setup.py install is deprecated -W ignore:easy_install command is deprecated setup.py egg_info --egg-base ../../build/sbus_control build --build-base /home/bestway/bestway_ws/build/sbus_control/build install --record /home/bestway/bestway_ws/build/sbus_control/install.log --single-version-externally-managed install_data
[6.041s] running egg_info
[6.048s] writing ../../build/sbus_control/sbus_control.egg-info/PKG-INFO
[6.056s] writing dependency_links to ../../build/sbus_control/sbus_control.egg-info/dependency_links.txt
[6.057s] writing entry points to ../../build/sbus_control/sbus_control.egg-info/entry_points.txt
[6.058s] writing requirements to ../../build/sbus_control/sbus_control.egg-info/requires.txt
[6.059s] writing top-level names to ../../build/sbus_control/sbus_control.egg-info/top_level.txt
[6.072s] reading manifest file '../../build/sbus_control/sbus_control.egg-info/SOURCES.txt'
[6.077s] writing manifest file '../../build/sbus_control/sbus_control.egg-info/SOURCES.txt'
[6.078s] running build
[6.079s] running build_py
[6.081s] running install
[6.084s] running install_lib
[6.095s] running install_data
[6.097s] running install_egg_info
[6.110s] removing '/home/bestway/bestway_ws/install/sbus_control/lib/python3.10/site-packages/sbus_control-0.0.0-py3.10.egg-info' (and everything under it)
[6.112s] Copying ../../build/sbus_control/sbus_control.egg-info to /home/bestway/bestway_ws/install/sbus_control/lib/python3.10/site-packages/sbus_control-0.0.0-py3.10.egg-info
[6.120s] running install_scripts
[6.267s] Installing keyboard_control_node script to /home/bestway/bestway_ws/install/sbus_control/lib/sbus_control
[6.269s] Installing sbus_control_node script to /home/bestway/bestway_ws/install/sbus_control/lib/sbus_control
[6.273s] writing list of installed files to '/home/bestway/bestway_ws/build/sbus_control/install.log'
[6.569s] Invoked command in '/home/bestway/bestway_ws/src/sbus_control' returned '0': PYTHONPATH=/home/bestway/bestway_ws/build/sbus_control/prefix_override:/usr/lib/python3/dist-packages/colcon_core/task/python/colcon_distutils_commands:/home/bestway/bestway_ws/install/sbus_control/lib/python3.10/site-packages:${PYTHONPATH} /usr/bin/python3 -W ignore:setup.py install is deprecated -W ignore:easy_install command is deprecated setup.py egg_info --egg-base ../../build/sbus_control build --build-base /home/bestway/bestway_ws/build/sbus_control/build install --record /home/bestway/bestway_ws/build/sbus_control/install.log --single-version-externally-managed install_data
