[4.009s] Invoking command in '/home/bestway/bestway_ws/src/lidar_distance': PYTHONPATH=/home/bestway/bestway_ws/build/lidar_distance/prefix_override:/usr/lib/python3/dist-packages/colcon_core/task/python/colcon_distutils_commands:/home/bestway/bestway_ws/install/lidar_distance/lib/python3.10/site-packages:${PYTHONPATH} /usr/bin/python3 -W ignore:setup.py install is deprecated -W ignore:easy_install command is deprecated setup.py egg_info --egg-base ../../build/lidar_distance build --build-base /home/bestway/bestway_ws/build/lidar_distance/build install --record /home/bestway/bestway_ws/build/lidar_distance/install.log --single-version-externally-managed install_data
[5.149s] running egg_info
[5.153s] writing ../../build/lidar_distance/lidar_distance.egg-info/PKG-INFO
[5.154s] writing dependency_links to ../../build/lidar_distance/lidar_distance.egg-info/dependency_links.txt
[5.155s] writing entry points to ../../build/lidar_distance/lidar_distance.egg-info/entry_points.txt
[5.156s] writing requirements to ../../build/lidar_distance/lidar_distance.egg-info/requires.txt
[5.156s] writing top-level names to ../../build/lidar_distance/lidar_distance.egg-info/top_level.txt
[5.163s] reading manifest file '../../build/lidar_distance/lidar_distance.egg-info/SOURCES.txt'
[5.166s] writing manifest file '../../build/lidar_distance/lidar_distance.egg-info/SOURCES.txt'
[5.166s] running build
[5.167s] running build_py
[5.167s] running install
[5.169s] running install_lib
[5.176s] running install_data
[5.176s] running install_egg_info
[5.185s] removing '/home/bestway/bestway_ws/install/lidar_distance/lib/python3.10/site-packages/lidar_distance-0.0.0-py3.10.egg-info' (and everything under it)
[5.191s] Copying ../../build/lidar_distance/lidar_distance.egg-info to /home/bestway/bestway_ws/install/lidar_distance/lib/python3.10/site-packages/lidar_distance-0.0.0-py3.10.egg-info
[5.191s] running install_scripts
[5.284s] Installing lidar_distance script to /home/bestway/bestway_ws/install/lidar_distance/lib/lidar_distance
[5.284s] writing list of installed files to '/home/bestway/bestway_ws/build/lidar_distance/install.log'
[6.154s] Invoked command in '/home/bestway/bestway_ws/src/lidar_distance' returned '0': PYTHONPATH=/home/bestway/bestway_ws/build/lidar_distance/prefix_override:/usr/lib/python3/dist-packages/colcon_core/task/python/colcon_distutils_commands:/home/bestway/bestway_ws/install/lidar_distance/lib/python3.10/site-packages:${PYTHONPATH} /usr/bin/python3 -W ignore:setup.py install is deprecated -W ignore:easy_install command is deprecated setup.py egg_info --egg-base ../../build/lidar_distance build --build-base /home/bestway/bestway_ws/build/lidar_distance/build install --record /home/bestway/bestway_ws/build/lidar_distance/install.log --single-version-externally-managed install_data
