[3.956s] Invoking command in '/home/bestway/bestway_ws/src/auto_drive': PYTHONPATH=/home/bestway/bestway_ws/build/auto_drive/prefix_override:/usr/lib/python3/dist-packages/colcon_core/task/python/colcon_distutils_commands:/home/bestway/bestway_ws/install/auto_drive/lib/python3.10/site-packages:${PYTHONPATH} /usr/bin/python3 -W ignore:setup.py install is deprecated -W ignore:easy_install command is deprecated setup.py egg_info --egg-base ../../build/auto_drive build --build-base /home/bestway/bestway_ws/build/auto_drive/build install --record /home/bestway/bestway_ws/build/auto_drive/install.log --single-version-externally-managed install_data
[4.698s] running egg_info
[4.701s] writing ../../build/auto_drive/auto_drive.egg-info/PKG-INFO
[4.702s] writing dependency_links to ../../build/auto_drive/auto_drive.egg-info/dependency_links.txt
[4.705s] writing entry points to ../../build/auto_drive/auto_drive.egg-info/entry_points.txt
[4.706s] writing requirements to ../../build/auto_drive/auto_drive.egg-info/requires.txt
[4.708s] writing top-level names to ../../build/auto_drive/auto_drive.egg-info/top_level.txt
[4.713s] reading manifest file '../../build/auto_drive/auto_drive.egg-info/SOURCES.txt'
[4.715s] writing manifest file '../../build/auto_drive/auto_drive.egg-info/SOURCES.txt'
[4.716s] running build
[4.716s] running build_py
[4.718s] running install
[4.719s] running install_lib
[4.724s] running install_data
[4.728s] creating /home/bestway/bestway_ws/install/auto_drive/share/auto_drive/launch
[4.729s] copying launch/nav2_navigation.launch.py -> /home/bestway/bestway_ws/install/auto_drive/share/auto_drive/launch
[4.729s] copying launch/full_navigation.launch.py -> /home/bestway/bestway_ws/install/auto_drive/share/auto_drive/launch
[4.730s] creating /home/bestway/bestway_ws/install/auto_drive/share/auto_drive/config
[4.730s] copying config/nav2_params.yaml -> /home/bestway/bestway_ws/install/auto_drive/share/auto_drive/config
[4.732s] creating /home/bestway/bestway_ws/install/auto_drive/share/auto_drive/rviz
[4.732s] running install_egg_info
[4.738s] removing '/home/bestway/bestway_ws/install/auto_drive/lib/python3.10/site-packages/auto_drive-0.0.0-py3.10.egg-info' (and everything under it)
[4.745s] Copying ../../build/auto_drive/auto_drive.egg-info to /home/bestway/bestway_ws/install/auto_drive/lib/python3.10/site-packages/auto_drive-0.0.0-py3.10.egg-info
[4.757s] running install_scripts
[4.815s] Installing auto_drive_node script to /home/bestway/bestway_ws/install/auto_drive/lib/auto_drive
[4.816s] Installing laser_map_builder_node script to /home/bestway/bestway_ws/install/auto_drive/lib/auto_drive
[4.816s] Installing navigation_controller script to /home/bestway/bestway_ws/install/auto_drive/lib/auto_drive
[4.816s] Installing navigation_node script to /home/bestway/bestway_ws/install/auto_drive/lib/auto_drive
[4.816s] Installing odom_to_baselink_publisher script to /home/bestway/bestway_ws/install/auto_drive/lib/auto_drive
[4.817s] Installing pointcloud_to_2d_map script to /home/bestway/bestway_ws/install/auto_drive/lib/auto_drive
[4.817s] Installing pose_printer_node script to /home/bestway/bestway_ws/install/auto_drive/lib/auto_drive
[4.817s] Installing search_fire script to /home/bestway/bestway_ws/install/auto_drive/lib/auto_drive
[4.818s] Installing simple_map_converter script to /home/bestway/bestway_ws/install/auto_drive/lib/auto_drive
[4.819s] writing list of installed files to '/home/bestway/bestway_ws/build/auto_drive/install.log'
[4.934s] Invoked command in '/home/bestway/bestway_ws/src/auto_drive' returned '0': PYTHONPATH=/home/bestway/bestway_ws/build/auto_drive/prefix_override:/usr/lib/python3/dist-packages/colcon_core/task/python/colcon_distutils_commands:/home/bestway/bestway_ws/install/auto_drive/lib/python3.10/site-packages:${PYTHONPATH} /usr/bin/python3 -W ignore:setup.py install is deprecated -W ignore:easy_install command is deprecated setup.py egg_info --egg-base ../../build/auto_drive build --build-base /home/bestway/bestway_ws/build/auto_drive/build install --record /home/bestway/bestway_ws/build/auto_drive/install.log --single-version-externally-managed install_data
