[4.092s] Invoking command in '/home/bestway/bestway_ws/src/yuntai_control': PYTHONPATH=/home/bestway/bestway_ws/build/yuntai_control/prefix_override:/usr/lib/python3/dist-packages/colcon_core/task/python/colcon_distutils_commands:/home/bestway/bestway_ws/install/yuntai_control/lib/python3.10/site-packages:${PYTHONPATH} /usr/bin/python3 -W ignore:setup.py install is deprecated -W ignore:easy_install command is deprecated setup.py egg_info --egg-base ../../build/yuntai_control build --build-base /home/bestway/bestway_ws/build/yuntai_control/build install --record /home/bestway/bestway_ws/build/yuntai_control/install.log --single-version-externally-managed install_data
[4.709s] running egg_info
[4.712s] writing ../../build/yuntai_control/yuntai_control.egg-info/PKG-INFO
[4.712s] writing dependency_links to ../../build/yuntai_control/yuntai_control.egg-info/dependency_links.txt
[4.713s] writing entry points to ../../build/yuntai_control/yuntai_control.egg-info/entry_points.txt
[4.714s] writing requirements to ../../build/yuntai_control/yuntai_control.egg-info/requires.txt
[4.715s] writing top-level names to ../../build/yuntai_control/yuntai_control.egg-info/top_level.txt
[4.722s] reading manifest file '../../build/yuntai_control/yuntai_control.egg-info/SOURCES.txt'
[4.724s] writing manifest file '../../build/yuntai_control/yuntai_control.egg-info/SOURCES.txt'
[4.725s] running build
[4.726s] running build_py
[4.726s] running install
[4.728s] running install_lib
[4.735s] running install_data
[4.736s] running install_egg_info
[4.741s] removing '/home/bestway/bestway_ws/install/yuntai_control/lib/python3.10/site-packages/yuntai_control-0.0.0-py3.10.egg-info' (and everything under it)
[4.749s] Copying ../../build/yuntai_control/yuntai_control.egg-info to /home/bestway/bestway_ws/install/yuntai_control/lib/python3.10/site-packages/yuntai_control-0.0.0-py3.10.egg-info
[4.776s] running install_scripts
[4.831s] Installing temperature_tracking_node script to /home/bestway/bestway_ws/install/yuntai_control/lib/yuntai_control
[4.832s] Installing yuntai_controller_node script to /home/bestway/bestway_ws/install/yuntai_control/lib/yuntai_control
[4.833s] writing list of installed files to '/home/bestway/bestway_ws/build/yuntai_control/install.log'
[4.947s] Invoked command in '/home/bestway/bestway_ws/src/yuntai_control' returned '0': PYTHONPATH=/home/bestway/bestway_ws/build/yuntai_control/prefix_override:/usr/lib/python3/dist-packages/colcon_core/task/python/colcon_distutils_commands:/home/bestway/bestway_ws/install/yuntai_control/lib/python3.10/site-packages:${PYTHONPATH} /usr/bin/python3 -W ignore:setup.py install is deprecated -W ignore:easy_install command is deprecated setup.py egg_info --egg-base ../../build/yuntai_control build --build-base /home/bestway/bestway_ws/build/yuntai_control/build install --record /home/bestway/bestway_ws/build/yuntai_control/install.log --single-version-externally-managed install_data
