[1.808s] Invoking command in '/home/bestway/bestway_ws/src/sbus_control': PYTHONPATH=/home/bestway/bestway_ws/build/sbus_control/prefix_override:/usr/lib/python3/dist-packages/colcon_core/task/python/colcon_distutils_commands:/home/bestway/bestway_ws/install/sbus_control/lib/python3.10/site-packages:${PYTHONPATH} /usr/bin/python3 -W ignore:setup.py install is deprecated -W ignore:easy_install command is deprecated setup.py egg_info --egg-base ../../build/sbus_control build --build-base /home/bestway/bestway_ws/build/sbus_control/build install --record /home/bestway/bestway_ws/build/sbus_control/install.log --single-version-externally-managed install_data
[2.570s] running egg_info
[2.572s] writing ../../build/sbus_control/sbus_control.egg-info/PKG-INFO
[2.573s] writing dependency_links to ../../build/sbus_control/sbus_control.egg-info/dependency_links.txt
[2.573s] writing entry points to ../../build/sbus_control/sbus_control.egg-info/entry_points.txt
[2.573s] writing requirements to ../../build/sbus_control/sbus_control.egg-info/requires.txt
[2.574s] writing top-level names to ../../build/sbus_control/sbus_control.egg-info/top_level.txt
[2.580s] reading manifest file '../../build/sbus_control/sbus_control.egg-info/SOURCES.txt'
[2.583s] writing manifest file '../../build/sbus_control/sbus_control.egg-info/SOURCES.txt'
[2.584s] running build
[2.585s] running build_py
[2.585s] copying sbus_control/serial_node.py -> /home/bestway/bestway_ws/build/sbus_control/build/lib/sbus_control
[2.585s] running install
[2.586s] running install_lib
[2.588s] copying /home/bestway/bestway_ws/build/sbus_control/build/lib/sbus_control/serial_node.py -> /home/bestway/bestway_ws/install/sbus_control/lib/python3.10/site-packages/sbus_control
[2.591s] byte-compiling /home/bestway/bestway_ws/install/sbus_control/lib/python3.10/site-packages/sbus_control/serial_node.py to serial_node.cpython-310.pyc
[2.597s] running install_data
[2.597s] running install_egg_info
[2.603s] removing '/home/bestway/bestway_ws/install/sbus_control/lib/python3.10/site-packages/sbus_control-0.0.0-py3.10.egg-info' (and everything under it)
[2.604s] Copying ../../build/sbus_control/sbus_control.egg-info to /home/bestway/bestway_ws/install/sbus_control/lib/python3.10/site-packages/sbus_control-0.0.0-py3.10.egg-info
[2.606s] running install_scripts
[2.670s] Installing keyboard_control_node script to /home/bestway/bestway_ws/install/sbus_control/lib/sbus_control
[2.670s] Installing sbus_control_node script to /home/bestway/bestway_ws/install/sbus_control/lib/sbus_control
[2.670s] Installing serial_node script to /home/bestway/bestway_ws/install/sbus_control/lib/sbus_control
[2.672s] writing list of installed files to '/home/bestway/bestway_ws/build/sbus_control/install.log'
[2.768s] Invoked command in '/home/bestway/bestway_ws/src/sbus_control' returned '0': PYTHONPATH=/home/bestway/bestway_ws/build/sbus_control/prefix_override:/usr/lib/python3/dist-packages/colcon_core/task/python/colcon_distutils_commands:/home/bestway/bestway_ws/install/sbus_control/lib/python3.10/site-packages:${PYTHONPATH} /usr/bin/python3 -W ignore:setup.py install is deprecated -W ignore:easy_install command is deprecated setup.py egg_info --egg-base ../../build/sbus_control build --build-base /home/bestway/bestway_ws/build/sbus_control/build install --record /home/bestway/bestway_ws/build/sbus_control/install.log --single-version-externally-managed install_data
