[8.750s] Invoking command in '/home/bestway/bestway_ws/src/lidar_distance': PYTHONPATH=/home/bestway/bestway_ws/build/lidar_distance/prefix_override:/usr/lib/python3/dist-packages/colcon_core/task/python/colcon_distutils_commands:/home/bestway/bestway_ws/install/lidar_distance/lib/python3.10/site-packages:${PYTHONPATH} /usr/bin/python3 -W ignore:setup.py install is deprecated -W ignore:easy_install command is deprecated setup.py egg_info --egg-base ../../build/lidar_distance build --build-base /home/bestway/bestway_ws/build/lidar_distance/build install --record /home/bestway/bestway_ws/build/lidar_distance/install.log --single-version-externally-managed install_data
[10.954s] running egg_info
[10.963s] writing ../../build/lidar_distance/lidar_distance.egg-info/PKG-INFO
[10.963s] writing dependency_links to ../../build/lidar_distance/lidar_distance.egg-info/dependency_links.txt
[10.965s] writing entry points to ../../build/lidar_distance/lidar_distance.egg-info/entry_points.txt
[10.965s] writing requirements to ../../build/lidar_distance/lidar_distance.egg-info/requires.txt
[10.965s] writing top-level names to ../../build/lidar_distance/lidar_distance.egg-info/top_level.txt
[10.986s] reading manifest file '../../build/lidar_distance/lidar_distance.egg-info/SOURCES.txt'
[10.992s] writing manifest file '../../build/lidar_distance/lidar_distance.egg-info/SOURCES.txt'
[10.992s] running build
[10.993s] running build_py
[10.995s] running install
[10.998s] running install_lib
[11.021s] running install_data
[11.021s] running install_egg_info
[11.037s] removing '/home/bestway/bestway_ws/install/lidar_distance/lib/python3.10/site-packages/lidar_distance-0.0.0-py3.10.egg-info' (and everything under it)
[11.054s] Copying ../../build/lidar_distance/lidar_distance.egg-info to /home/bestway/bestway_ws/install/lidar_distance/lib/python3.10/site-packages/lidar_distance-0.0.0-py3.10.egg-info
[11.055s] running install_scripts
[11.198s] Installing lidar_distance script to /home/bestway/bestway_ws/install/lidar_distance/lib/lidar_distance
[11.203s] writing list of installed files to '/home/bestway/bestway_ws/build/lidar_distance/install.log'
[11.676s] Invoked command in '/home/bestway/bestway_ws/src/lidar_distance' returned '0': PYTHONPATH=/home/bestway/bestway_ws/build/lidar_distance/prefix_override:/usr/lib/python3/dist-packages/colcon_core/task/python/colcon_distutils_commands:/home/bestway/bestway_ws/install/lidar_distance/lib/python3.10/site-packages:${PYTHONPATH} /usr/bin/python3 -W ignore:setup.py install is deprecated -W ignore:easy_install command is deprecated setup.py egg_info --egg-base ../../build/lidar_distance build --build-base /home/bestway/bestway_ws/build/lidar_distance/build install --record /home/bestway/bestway_ws/build/lidar_distance/install.log --single-version-externally-managed install_data
