[6.728s] Invoking command in '/home/bestway/bestway_ws/src/imu_odometry': PYTHONPATH=/home/bestway/bestway_ws/build/imu_odometry/prefix_override:/usr/lib/python3/dist-packages/colcon_core/task/python/colcon_distutils_commands:/home/bestway/bestway_ws/install/imu_odometry/lib/python3.10/site-packages:${PYTHONPATH} /usr/bin/python3 -W ignore:setup.py install is deprecated -W ignore:easy_install command is deprecated setup.py egg_info --egg-base ../../build/imu_odometry build --build-base /home/bestway/bestway_ws/build/imu_odometry/build install --record /home/bestway/bestway_ws/build/imu_odometry/install.log --single-version-externally-managed install_data
[8.936s] running egg_info
[8.939s] writing ../../build/imu_odometry/imu_odometry.egg-info/PKG-INFO
[8.941s] writing dependency_links to ../../build/imu_odometry/imu_odometry.egg-info/dependency_links.txt
[8.955s] writing entry points to ../../build/imu_odometry/imu_odometry.egg-info/entry_points.txt
[8.956s] writing requirements to ../../build/imu_odometry/imu_odometry.egg-info/requires.txt
[8.956s] writing top-level names to ../../build/imu_odometry/imu_odometry.egg-info/top_level.txt
[8.980s] reading manifest file '../../build/imu_odometry/imu_odometry.egg-info/SOURCES.txt'
[8.982s] writing manifest file '../../build/imu_odometry/imu_odometry.egg-info/SOURCES.txt'
[8.990s] running build
[8.990s] running build_py
[8.991s] running install
[8.995s] running install_lib
[8.999s] running install_data
[9.015s] running install_egg_info
[9.020s] removing '/home/bestway/bestway_ws/install/imu_odometry/lib/python3.10/site-packages/imu_odometry-0.0.0-py3.10.egg-info' (and everything under it)
[9.050s] Copying ../../build/imu_odometry/imu_odometry.egg-info to /home/bestway/bestway_ws/install/imu_odometry/lib/python3.10/site-packages/imu_odometry-0.0.0-py3.10.egg-info
[9.067s] running install_scripts
[9.293s] Installing imu_odometry_node script to /home/bestway/bestway_ws/install/imu_odometry/lib/imu_odometry
[9.300s] writing list of installed files to '/home/bestway/bestway_ws/build/imu_odometry/install.log'
[11.354s] Invoked command in '/home/bestway/bestway_ws/src/imu_odometry' returned '0': PYTHONPATH=/home/bestway/bestway_ws/build/imu_odometry/prefix_override:/usr/lib/python3/dist-packages/colcon_core/task/python/colcon_distutils_commands:/home/bestway/bestway_ws/install/imu_odometry/lib/python3.10/site-packages:${PYTHONPATH} /usr/bin/python3 -W ignore:setup.py install is deprecated -W ignore:easy_install command is deprecated setup.py egg_info --egg-base ../../build/imu_odometry build --build-base /home/bestway/bestway_ws/build/imu_odometry/build install --record /home/bestway/bestway_ws/build/imu_odometry/install.log --single-version-externally-managed install_data
