[2.675s] Invoking command in '/home/bestway/bestway_ws/src/lidar_distance': PYTHONPATH=/home/bestway/bestway_ws/build/lidar_distance/prefix_override:/usr/lib/python3/dist-packages/colcon_core/task/python/colcon_distutils_commands:/home/bestway/bestway_ws/install/lidar_distance/lib/python3.10/site-packages:${PYTHONPATH} /usr/bin/python3 -W ignore:setup.py install is deprecated -W ignore:easy_install command is deprecated setup.py egg_info --egg-base ../../build/lidar_distance build --build-base /home/bestway/bestway_ws/build/lidar_distance/build install --record /home/bestway/bestway_ws/build/lidar_distance/install.log --single-version-externally-managed install_data
[3.243s] running egg_info
[3.246s] writing ../../build/lidar_distance/lidar_distance.egg-info/PKG-INFO
[3.247s] writing dependency_links to ../../build/lidar_distance/lidar_distance.egg-info/dependency_links.txt
[3.251s] writing entry points to ../../build/lidar_distance/lidar_distance.egg-info/entry_points.txt
[3.252s] writing requirements to ../../build/lidar_distance/lidar_distance.egg-info/requires.txt
[3.252s] writing top-level names to ../../build/lidar_distance/lidar_distance.egg-info/top_level.txt
[3.263s] reading manifest file '../../build/lidar_distance/lidar_distance.egg-info/SOURCES.txt'
[3.265s] writing manifest file '../../build/lidar_distance/lidar_distance.egg-info/SOURCES.txt'
[3.265s] running build
[3.266s] running build_py
[3.266s] running install
[3.267s] running install_lib
[3.270s] running install_data
[3.271s] running install_egg_info
[3.278s] removing '/home/bestway/bestway_ws/install/lidar_distance/lib/python3.10/site-packages/lidar_distance-0.0.0-py3.10.egg-info' (and everything under it)
[3.279s] Copying ../../build/lidar_distance/lidar_distance.egg-info to /home/bestway/bestway_ws/install/lidar_distance/lib/python3.10/site-packages/lidar_distance-0.0.0-py3.10.egg-info
[3.282s] running install_scripts
[3.331s] Installing lidar_distance script to /home/bestway/bestway_ws/install/lidar_distance/lib/lidar_distance
[3.332s] writing list of installed files to '/home/bestway/bestway_ws/build/lidar_distance/install.log'
[3.459s] Invoked command in '/home/bestway/bestway_ws/src/lidar_distance' returned '0': PYTHONPATH=/home/bestway/bestway_ws/build/lidar_distance/prefix_override:/usr/lib/python3/dist-packages/colcon_core/task/python/colcon_distutils_commands:/home/bestway/bestway_ws/install/lidar_distance/lib/python3.10/site-packages:${PYTHONPATH} /usr/bin/python3 -W ignore:setup.py install is deprecated -W ignore:easy_install command is deprecated setup.py egg_info --egg-base ../../build/lidar_distance build --build-base /home/bestway/bestway_ws/build/lidar_distance/build install --record /home/bestway/bestway_ws/build/lidar_distance/install.log --single-version-externally-managed install_data
