[7.015s] Invoking command in '/home/bestway/bestway_ws/src/move_pos': PYTHONPATH=/home/bestway/bestway_ws/build/move_pos/prefix_override:/usr/lib/python3/dist-packages/colcon_core/task/python/colcon_distutils_commands:/home/bestway/bestway_ws/install/move_pos/lib/python3.10/site-packages:${PYTHONPATH} /usr/bin/python3 -W ignore:setup.py install is deprecated -W ignore:easy_install command is deprecated setup.py egg_info --egg-base ../../build/move_pos build --build-base /home/bestway/bestway_ws/build/move_pos/build install --record /home/bestway/bestway_ws/build/move_pos/install.log --single-version-externally-managed install_data
[9.119s] running egg_info
[9.127s] writing ../../build/move_pos/move_pos.egg-info/PKG-INFO
[9.131s] writing dependency_links to ../../build/move_pos/move_pos.egg-info/dependency_links.txt
[9.138s] writing entry points to ../../build/move_pos/move_pos.egg-info/entry_points.txt
[9.140s] writing requirements to ../../build/move_pos/move_pos.egg-info/requires.txt
[9.141s] writing top-level names to ../../build/move_pos/move_pos.egg-info/top_level.txt
[9.162s] reading manifest file '../../build/move_pos/move_pos.egg-info/SOURCES.txt'
[9.170s] writing manifest file '../../build/move_pos/move_pos.egg-info/SOURCES.txt'
[9.176s] running build
[9.177s] running build_py
[9.180s] copying move_pos/move_pos_v3.py -> /home/bestway/bestway_ws/build/move_pos/build/lib/move_pos
[9.187s] running install
[9.191s] running install_lib
[9.203s] copying /home/bestway/bestway_ws/build/move_pos/build/lib/move_pos/move_pos_v3.py -> /home/bestway/bestway_ws/install/move_pos/lib/python3.10/site-packages/move_pos
[9.216s] byte-compiling /home/bestway/bestway_ws/install/move_pos/lib/python3.10/site-packages/move_pos/move_pos_v3.py to move_pos_v3.cpython-310.pyc
[9.245s] running install_data
[9.248s] running install_egg_info
[9.268s] removing '/home/bestway/bestway_ws/install/move_pos/lib/python3.10/site-packages/move_pos-0.0.0-py3.10.egg-info' (and everything under it)
[9.276s] Copying ../../build/move_pos/move_pos.egg-info to /home/bestway/bestway_ws/install/move_pos/lib/python3.10/site-packages/move_pos-0.0.0-py3.10.egg-info
[9.290s] running install_scripts
[9.498s] Installing move_pos_topic_node script to /home/bestway/bestway_ws/install/move_pos/lib/move_pos
[9.500s] Installing move_pos_topic_node_v2 script to /home/bestway/bestway_ws/install/move_pos/lib/move_pos
[9.503s] Installing move_pos_topic_node_v3 script to /home/bestway/bestway_ws/install/move_pos/lib/move_pos
[9.508s] writing list of installed files to '/home/bestway/bestway_ws/build/move_pos/install.log'
[10.424s] Invoked command in '/home/bestway/bestway_ws/src/move_pos' returned '0': PYTHONPATH=/home/bestway/bestway_ws/build/move_pos/prefix_override:/usr/lib/python3/dist-packages/colcon_core/task/python/colcon_distutils_commands:/home/bestway/bestway_ws/install/move_pos/lib/python3.10/site-packages:${PYTHONPATH} /usr/bin/python3 -W ignore:setup.py install is deprecated -W ignore:easy_install command is deprecated setup.py egg_info --egg-base ../../build/move_pos build --build-base /home/bestway/bestway_ws/build/move_pos/build install --record /home/bestway/bestway_ws/build/move_pos/install.log --single-version-externally-managed install_data
