[5.584s] Invoking command in '/home/bestway/bestway_ws/src/move_pos': PYTHONPATH=/home/bestway/bestway_ws/build/move_pos/prefix_override:/usr/lib/python3/dist-packages/colcon_core/task/python/colcon_distutils_commands:/home/bestway/bestway_ws/install/move_pos/lib/python3.10/site-packages:${PYTHONPATH} /usr/bin/python3 -W ignore:setup.py install is deprecated -W ignore:easy_install command is deprecated setup.py egg_info --egg-base ../../build/move_pos build --build-base /home/bestway/bestway_ws/build/move_pos/build install --record /home/bestway/bestway_ws/build/move_pos/install.log --single-version-externally-managed install_data
[6.793s] running egg_info
[6.795s] writing ../../build/move_pos/move_pos.egg-info/PKG-INFO
[6.795s] writing dependency_links to ../../build/move_pos/move_pos.egg-info/dependency_links.txt
[6.797s] writing entry points to ../../build/move_pos/move_pos.egg-info/entry_points.txt
[6.798s] writing requirements to ../../build/move_pos/move_pos.egg-info/requires.txt
[6.798s] writing top-level names to ../../build/move_pos/move_pos.egg-info/top_level.txt
[6.802s] reading manifest file '../../build/move_pos/move_pos.egg-info/SOURCES.txt'
[6.804s] writing manifest file '../../build/move_pos/move_pos.egg-info/SOURCES.txt'
[6.808s] running build
[6.808s] running build_py
[6.808s] copying move_pos/move_pos_v2.py -> /home/bestway/bestway_ws/build/move_pos/build/lib/move_pos
[6.808s] running install
[6.812s] running install_lib
[6.815s] copying /home/bestway/bestway_ws/build/move_pos/build/lib/move_pos/move_pos_v2.py -> /home/bestway/bestway_ws/install/move_pos/lib/python3.10/site-packages/move_pos
[6.815s] byte-compiling /home/bestway/bestway_ws/install/move_pos/lib/python3.10/site-packages/move_pos/move_pos_v2.py to move_pos_v2.cpython-310.pyc
[6.820s] running install_data
[6.820s] running install_egg_info
[6.825s] removing '/home/bestway/bestway_ws/install/move_pos/lib/python3.10/site-packages/move_pos-0.0.0-py3.10.egg-info' (and everything under it)
[6.830s] Copying ../../build/move_pos/move_pos.egg-info to /home/bestway/bestway_ws/install/move_pos/lib/python3.10/site-packages/move_pos-0.0.0-py3.10.egg-info
[6.831s] running install_scripts
[6.904s] Installing move_pos_topic_node script to /home/bestway/bestway_ws/install/move_pos/lib/move_pos
[6.906s] Installing move_pos_topic_node_v2 script to /home/bestway/bestway_ws/install/move_pos/lib/move_pos
[6.908s] writing list of installed files to '/home/bestway/bestway_ws/build/move_pos/install.log'
[7.078s] Invoked command in '/home/bestway/bestway_ws/src/move_pos' returned '0': PYTHONPATH=/home/bestway/bestway_ws/build/move_pos/prefix_override:/usr/lib/python3/dist-packages/colcon_core/task/python/colcon_distutils_commands:/home/bestway/bestway_ws/install/move_pos/lib/python3.10/site-packages:${PYTHONPATH} /usr/bin/python3 -W ignore:setup.py install is deprecated -W ignore:easy_install command is deprecated setup.py egg_info --egg-base ../../build/move_pos build --build-base /home/bestway/bestway_ws/build/move_pos/build install --record /home/bestway/bestway_ws/build/move_pos/install.log --single-version-externally-managed install_data
