[6.756s] Invoking command in '/home/bestway/bestway_ws/src/auto_drive': PYTHONPATH=/home/bestway/bestway_ws/build/auto_drive/prefix_override:/usr/lib/python3/dist-packages/colcon_core/task/python/colcon_distutils_commands:/home/bestway/bestway_ws/install/auto_drive/lib/python3.10/site-packages:${PYTHONPATH} /usr/bin/python3 -W ignore:setup.py install is deprecated -W ignore:easy_install command is deprecated setup.py egg_info --egg-base ../../build/auto_drive build --build-base /home/bestway/bestway_ws/build/auto_drive/build install --record /home/bestway/bestway_ws/build/auto_drive/install.log --single-version-externally-managed install_data
[8.860s] running egg_info
[8.868s] writing ../../build/auto_drive/auto_drive.egg-info/PKG-INFO
[8.868s] writing dependency_links to ../../build/auto_drive/auto_drive.egg-info/dependency_links.txt
[8.869s] writing entry points to ../../build/auto_drive/auto_drive.egg-info/entry_points.txt
[8.869s] writing requirements to ../../build/auto_drive/auto_drive.egg-info/requires.txt
[8.869s] writing top-level names to ../../build/auto_drive/auto_drive.egg-info/top_level.txt
[8.877s] reading manifest file '../../build/auto_drive/auto_drive.egg-info/SOURCES.txt'
[8.879s] writing manifest file '../../build/auto_drive/auto_drive.egg-info/SOURCES.txt'
[8.879s] running build
[8.879s] running build_py
[8.879s] copying auto_drive/search_fire.py -> /home/bestway/bestway_ws/build/auto_drive/build/lib/auto_drive
[8.879s] running install
[8.879s] running install_lib
[8.883s] copying /home/bestway/bestway_ws/build/auto_drive/build/lib/auto_drive/search_fire.py -> /home/bestway/bestway_ws/install/auto_drive/lib/python3.10/site-packages/auto_drive
[8.885s] byte-compiling /home/bestway/bestway_ws/install/auto_drive/lib/python3.10/site-packages/auto_drive/search_fire.py to search_fire.cpython-310.pyc
[8.924s] running install_data
[8.926s] running install_egg_info
[8.933s] removing '/home/bestway/bestway_ws/install/auto_drive/lib/python3.10/site-packages/auto_drive-0.0.0-py3.10.egg-info' (and everything under it)
[8.949s] Copying ../../build/auto_drive/auto_drive.egg-info to /home/bestway/bestway_ws/install/auto_drive/lib/python3.10/site-packages/auto_drive-0.0.0-py3.10.egg-info
[8.956s] running install_scripts
[9.019s] Installing auto_drive_node script to /home/bestway/bestway_ws/install/auto_drive/lib/auto_drive
[9.022s] Installing pose_printer_node script to /home/bestway/bestway_ws/install/auto_drive/lib/auto_drive
[9.024s] Installing search_fire_node script to /home/bestway/bestway_ws/install/auto_drive/lib/auto_drive
[9.027s] writing list of installed files to '/home/bestway/bestway_ws/build/auto_drive/install.log'
[9.802s] Invoked command in '/home/bestway/bestway_ws/src/auto_drive' returned '0': PYTHONPATH=/home/bestway/bestway_ws/build/auto_drive/prefix_override:/usr/lib/python3/dist-packages/colcon_core/task/python/colcon_distutils_commands:/home/bestway/bestway_ws/install/auto_drive/lib/python3.10/site-packages:${PYTHONPATH} /usr/bin/python3 -W ignore:setup.py install is deprecated -W ignore:easy_install command is deprecated setup.py egg_info --egg-base ../../build/auto_drive build --build-base /home/bestway/bestway_ws/build/auto_drive/build install --record /home/bestway/bestway_ws/build/auto_drive/install.log --single-version-externally-managed install_data
