[3.989s] Invoking command in '/home/bestway/bestway_ws/src/auto_drive': PYTHONPATH=/home/bestway/bestway_ws/build/auto_drive/prefix_override:/usr/lib/python3/dist-packages/colcon_core/task/python/colcon_distutils_commands:/home/bestway/bestway_ws/install/auto_drive/lib/python3.10/site-packages:${PYTHONPATH} /usr/bin/python3 -W ignore:setup.py install is deprecated -W ignore:easy_install command is deprecated setup.py egg_info --egg-base ../../build/auto_drive build --build-base /home/bestway/bestway_ws/build/auto_drive/build install --record /home/bestway/bestway_ws/build/auto_drive/install.log --single-version-externally-managed install_data
[4.698s] running egg_info
[4.701s] writing ../../build/auto_drive/auto_drive.egg-info/PKG-INFO
[4.702s] writing dependency_links to ../../build/auto_drive/auto_drive.egg-info/dependency_links.txt
[4.704s] writing entry points to ../../build/auto_drive/auto_drive.egg-info/entry_points.txt
[4.705s] writing requirements to ../../build/auto_drive/auto_drive.egg-info/requires.txt
[4.706s] writing top-level names to ../../build/auto_drive/auto_drive.egg-info/top_level.txt
[4.714s] reading manifest file '../../build/auto_drive/auto_drive.egg-info/SOURCES.txt'
[4.717s] writing manifest file '../../build/auto_drive/auto_drive.egg-info/SOURCES.txt'
[4.720s] running build
[4.720s] running build_py
[4.722s] copying auto_drive/navigation_controller.py -> /home/bestway/bestway_ws/build/auto_drive/build/lib/auto_drive
[4.725s] running install
[4.725s] running install_lib
[4.729s] copying /home/bestway/bestway_ws/build/auto_drive/build/lib/auto_drive/navigation_controller.py -> /home/bestway/bestway_ws/install/auto_drive/lib/python3.10/site-packages/auto_drive
[4.734s] byte-compiling /home/bestway/bestway_ws/install/auto_drive/lib/python3.10/site-packages/auto_drive/navigation_controller.py to navigation_controller.cpython-310.pyc
[4.756s] running install_data
[4.756s] running install_egg_info
[4.759s] removing '/home/bestway/bestway_ws/install/auto_drive/lib/python3.10/site-packages/auto_drive-0.0.0-py3.10.egg-info' (and everything under it)
[4.760s] Copying ../../build/auto_drive/auto_drive.egg-info to /home/bestway/bestway_ws/install/auto_drive/lib/python3.10/site-packages/auto_drive-0.0.0-py3.10.egg-info
[4.763s] running install_scripts
[4.821s] Installing auto_drive_node script to /home/bestway/bestway_ws/install/auto_drive/lib/auto_drive
[4.821s] Installing navigation_controller script to /home/bestway/bestway_ws/install/auto_drive/lib/auto_drive
[4.822s] Installing navigation_node script to /home/bestway/bestway_ws/install/auto_drive/lib/auto_drive
[4.822s] Installing pointcloud_to_2d_map script to /home/bestway/bestway_ws/install/auto_drive/lib/auto_drive
[4.822s] Installing pose_printer_node script to /home/bestway/bestway_ws/install/auto_drive/lib/auto_drive
[4.822s] Installing search_fire_node script to /home/bestway/bestway_ws/install/auto_drive/lib/auto_drive
[4.822s] writing list of installed files to '/home/bestway/bestway_ws/build/auto_drive/install.log'
[5.592s] Invoked command in '/home/bestway/bestway_ws/src/auto_drive' returned '0': PYTHONPATH=/home/bestway/bestway_ws/build/auto_drive/prefix_override:/usr/lib/python3/dist-packages/colcon_core/task/python/colcon_distutils_commands:/home/bestway/bestway_ws/install/auto_drive/lib/python3.10/site-packages:${PYTHONPATH} /usr/bin/python3 -W ignore:setup.py install is deprecated -W ignore:easy_install command is deprecated setup.py egg_info --egg-base ../../build/auto_drive build --build-base /home/bestway/bestway_ws/build/auto_drive/build install --record /home/bestway/bestway_ws/build/auto_drive/install.log --single-version-externally-managed install_data
