[5.782s] Invoking command in '/home/bestway/bestway_ws/src/auto_drive': PYTHONPATH=/home/bestway/bestway_ws/build/auto_drive/prefix_override:/usr/lib/python3/dist-packages/colcon_core/task/python/colcon_distutils_commands:/home/bestway/bestway_ws/install/auto_drive/lib/python3.10/site-packages:${PYTHONPATH} /usr/bin/python3 -W ignore:setup.py install is deprecated -W ignore:easy_install command is deprecated setup.py egg_info --egg-base ../../build/auto_drive build --build-base /home/bestway/bestway_ws/build/auto_drive/build install --record /home/bestway/bestway_ws/build/auto_drive/install.log --single-version-externally-managed install_data
[8.562s] running egg_info
[8.573s] writing ../../build/auto_drive/auto_drive.egg-info/PKG-INFO
[8.574s] writing dependency_links to ../../build/auto_drive/auto_drive.egg-info/dependency_links.txt
[8.577s] writing entry points to ../../build/auto_drive/auto_drive.egg-info/entry_points.txt
[8.579s] writing requirements to ../../build/auto_drive/auto_drive.egg-info/requires.txt
[8.579s] writing top-level names to ../../build/auto_drive/auto_drive.egg-info/top_level.txt
[8.613s] reading manifest file '../../build/auto_drive/auto_drive.egg-info/SOURCES.txt'
[8.624s] writing manifest file '../../build/auto_drive/auto_drive.egg-info/SOURCES.txt'
[8.625s] running build
[8.625s] running build_py
[8.631s] running install
[8.632s] running install_lib
[8.643s] running install_data
[8.643s] running install_egg_info
[8.657s] removing '/home/bestway/bestway_ws/install/auto_drive/lib/python3.10/site-packages/auto_drive-0.0.0-py3.10.egg-info' (and everything under it)
[8.658s] Copying ../../build/auto_drive/auto_drive.egg-info to /home/bestway/bestway_ws/install/auto_drive/lib/python3.10/site-packages/auto_drive-0.0.0-py3.10.egg-info
[8.670s] running install_scripts
[8.804s] Installing auto_drive_node script to /home/bestway/bestway_ws/install/auto_drive/lib/auto_drive
[8.809s] Installing pose_printer_node script to /home/bestway/bestway_ws/install/auto_drive/lib/auto_drive
[8.812s] Installing search_fire_node script to /home/bestway/bestway_ws/install/auto_drive/lib/auto_drive
[8.813s] writing list of installed files to '/home/bestway/bestway_ws/build/auto_drive/install.log'
[10.279s] Invoked command in '/home/bestway/bestway_ws/src/auto_drive' returned '0': PYTHONPATH=/home/bestway/bestway_ws/build/auto_drive/prefix_override:/usr/lib/python3/dist-packages/colcon_core/task/python/colcon_distutils_commands:/home/bestway/bestway_ws/install/auto_drive/lib/python3.10/site-packages:${PYTHONPATH} /usr/bin/python3 -W ignore:setup.py install is deprecated -W ignore:easy_install command is deprecated setup.py egg_info --egg-base ../../build/auto_drive build --build-base /home/bestway/bestway_ws/build/auto_drive/build install --record /home/bestway/bestway_ws/build/auto_drive/install.log --single-version-externally-managed install_data
