[6.839s] Invoking command in '/home/bestway/bestway_ws/src/auto_drive': PYTHONPATH=/home/bestway/bestway_ws/build/auto_drive/prefix_override:/usr/lib/python3/dist-packages/colcon_core/task/python/colcon_distutils_commands:/home/bestway/bestway_ws/install/auto_drive/lib/python3.10/site-packages:${PYTHONPATH} /usr/bin/python3 -W ignore:setup.py install is deprecated -W ignore:easy_install command is deprecated setup.py egg_info --egg-base ../../build/auto_drive build --build-base /home/bestway/bestway_ws/build/auto_drive/build install --record /home/bestway/bestway_ws/build/auto_drive/install.log --single-version-externally-managed install_data
[8.194s] running egg_info
[8.204s] writing ../../build/auto_drive/auto_drive.egg-info/PKG-INFO
[8.207s] writing dependency_links to ../../build/auto_drive/auto_drive.egg-info/dependency_links.txt
[8.209s] writing entry points to ../../build/auto_drive/auto_drive.egg-info/entry_points.txt
[8.211s] writing requirements to ../../build/auto_drive/auto_drive.egg-info/requires.txt
[8.212s] writing top-level names to ../../build/auto_drive/auto_drive.egg-info/top_level.txt
[8.233s] reading manifest file '../../build/auto_drive/auto_drive.egg-info/SOURCES.txt'
[8.238s] writing manifest file '../../build/auto_drive/auto_drive.egg-info/SOURCES.txt'
[8.241s] running build
[8.245s] running build_py
[8.248s] running install
[8.251s] running install_lib
[8.271s] running install_data
[8.273s] running install_egg_info
[8.284s] removing '/home/bestway/bestway_ws/install/auto_drive/lib/python3.10/site-packages/auto_drive-0.0.0-py3.10.egg-info' (and everything under it)
[8.295s] Copying ../../build/auto_drive/auto_drive.egg-info to /home/bestway/bestway_ws/install/auto_drive/lib/python3.10/site-packages/auto_drive-0.0.0-py3.10.egg-info
[8.299s] running install_scripts
[8.406s] Installing auto_drive_node script to /home/bestway/bestway_ws/install/auto_drive/lib/auto_drive
[8.409s] writing list of installed files to '/home/bestway/bestway_ws/build/auto_drive/install.log'
[8.906s] Invoked command in '/home/bestway/bestway_ws/src/auto_drive' returned '0': PYTHONPATH=/home/bestway/bestway_ws/build/auto_drive/prefix_override:/usr/lib/python3/dist-packages/colcon_core/task/python/colcon_distutils_commands:/home/bestway/bestway_ws/install/auto_drive/lib/python3.10/site-packages:${PYTHONPATH} /usr/bin/python3 -W ignore:setup.py install is deprecated -W ignore:easy_install command is deprecated setup.py egg_info --egg-base ../../build/auto_drive build --build-base /home/bestway/bestway_ws/build/auto_drive/build install --record /home/bestway/bestway_ws/build/auto_drive/install.log --single-version-externally-managed install_data
