[1.043s] Invoking command in '/home/bestway/bestway_ws/build/temperature_publisher': CMAKE_PREFIX_PATH=${CMAKE_PREFIX_PATH}:/home/bestway/bestway_ws/install/yuntai_control:/home/bestway/bestway_ws/install/sbus_control:/home/bestway/bestway_ws/install/nav2_launch:/home/bestway/bestway_ws/install/move_pos:/home/bestway/bestway_ws/install/lidar_distance:/home/bestway/bestway_ws/install/imu_odometry:/home/bestway/bestway_ws/install/auto_drive:/opt/ros/humble /usr/bin/cmake --build /home/bestway/bestway_ws/build/temperature_publisher -- -j4 -l4
[1.286s] [100%] Built target temperature_publisher
[1.957s] Invoked command in '/home/bestway/bestway_ws/build/temperature_publisher' returned '0': CMAKE_PREFIX_PATH=${CMAKE_PREFIX_PATH}:/home/bestway/bestway_ws/install/yuntai_control:/home/bestway/bestway_ws/install/sbus_control:/home/bestway/bestway_ws/install/nav2_launch:/home/bestway/bestway_ws/install/move_pos:/home/bestway/bestway_ws/install/lidar_distance:/home/bestway/bestway_ws/install/imu_odometry:/home/bestway/bestway_ws/install/auto_drive:/opt/ros/humble /usr/bin/cmake --build /home/bestway/bestway_ws/build/temperature_publisher -- -j4 -l4
[1.992s] Invoking command in '/home/bestway/bestway_ws/build/temperature_publisher': CMAKE_PREFIX_PATH=${CMAKE_PREFIX_PATH}:/home/bestway/bestway_ws/install/yuntai_control:/home/bestway/bestway_ws/install/sbus_control:/home/bestway/bestway_ws/install/nav2_launch:/home/bestway/bestway_ws/install/move_pos:/home/bestway/bestway_ws/install/lidar_distance:/home/bestway/bestway_ws/install/imu_odometry:/home/bestway/bestway_ws/install/auto_drive:/opt/ros/humble /usr/bin/cmake --install /home/bestway/bestway_ws/build/temperature_publisher
[2.058s] -- Install configuration: ""
[2.060s] -- Up-to-date: /home/bestway/bestway_ws/install/temperature_publisher/lib/temperature_publisher/temperature_publisher
[2.065s] -- Up-to-date: /home/bestway/bestway_ws/install/temperature_publisher/share/ament_index/resource_index/package_run_dependencies/temperature_publisher
[2.068s] -- Up-to-date: /home/bestway/bestway_ws/install/temperature_publisher/share/ament_index/resource_index/parent_prefix_path/temperature_publisher
[2.072s] -- Up-to-date: /home/bestway/bestway_ws/install/temperature_publisher/share/temperature_publisher/environment/ament_prefix_path.sh
[2.074s] -- Up-to-date: /home/bestway/bestway_ws/install/temperature_publisher/share/temperature_publisher/environment/ament_prefix_path.dsv
[2.076s] -- Up-to-date: /home/bestway/bestway_ws/install/temperature_publisher/share/temperature_publisher/environment/path.sh
[2.078s] -- Up-to-date: /home/bestway/bestway_ws/install/temperature_publisher/share/temperature_publisher/environment/path.dsv
[2.079s] -- Up-to-date: /home/bestway/bestway_ws/install/temperature_publisher/share/temperature_publisher/local_setup.bash
[2.081s] -- Up-to-date: /home/bestway/bestway_ws/install/temperature_publisher/share/temperature_publisher/local_setup.sh
[2.083s] -- Up-to-date: /home/bestway/bestway_ws/install/temperature_publisher/share/temperature_publisher/local_setup.zsh
[2.084s] -- Up-to-date: /home/bestway/bestway_ws/install/temperature_publisher/share/temperature_publisher/local_setup.dsv
[2.086s] -- Installing: /home/bestway/bestway_ws/install/temperature_publisher/share/temperature_publisher/package.dsv
[2.097s] -- Up-to-date: /home/bestway/bestway_ws/install/temperature_publisher/share/ament_index/resource_index/packages/temperature_publisher
[2.100s] -- Up-to-date: /home/bestway/bestway_ws/install/temperature_publisher/share/temperature_publisher/cmake/temperature_publisherConfig.cmake
[2.104s] -- Up-to-date: /home/bestway/bestway_ws/install/temperature_publisher/share/temperature_publisher/cmake/temperature_publisherConfig-version.cmake
[2.107s] -- Up-to-date: /home/bestway/bestway_ws/install/temperature_publisher/share/temperature_publisher/package.xml
[2.126s] Invoked command in '/home/bestway/bestway_ws/build/temperature_publisher' returned '0': CMAKE_PREFIX_PATH=${CMAKE_PREFIX_PATH}:/home/bestway/bestway_ws/install/yuntai_control:/home/bestway/bestway_ws/install/sbus_control:/home/bestway/bestway_ws/install/nav2_launch:/home/bestway/bestway_ws/install/move_pos:/home/bestway/bestway_ws/install/lidar_distance:/home/bestway/bestway_ws/install/imu_odometry:/home/bestway/bestway_ws/install/auto_drive:/opt/ros/humble /usr/bin/cmake --install /home/bestway/bestway_ws/build/temperature_publisher
