[3.614s] Invoking command in '/home/bestway/bestway_ws/src/sbus_control': PYTHONPATH=/home/bestway/bestway_ws/build/sbus_control/prefix_override:/usr/lib/python3/dist-packages/colcon_core/task/python/colcon_distutils_commands:/home/bestway/bestway_ws/install/sbus_control/lib/python3.10/site-packages:${PYTHONPATH} /usr/bin/python3 -W ignore:setup.py install is deprecated -W ignore:easy_install command is deprecated setup.py egg_info --egg-base ../../build/sbus_control build --build-base /home/bestway/bestway_ws/build/sbus_control/build install --record /home/bestway/bestway_ws/build/sbus_control/install.log --single-version-externally-managed install_data
[4.383s] running egg_info
[4.386s] writing ../../build/sbus_control/sbus_control.egg-info/PKG-INFO
[4.387s] writing dependency_links to ../../build/sbus_control/sbus_control.egg-info/dependency_links.txt
[4.388s] writing entry points to ../../build/sbus_control/sbus_control.egg-info/entry_points.txt
[4.389s] writing requirements to ../../build/sbus_control/sbus_control.egg-info/requires.txt
[4.390s] writing top-level names to ../../build/sbus_control/sbus_control.egg-info/top_level.txt
[4.397s] reading manifest file '../../build/sbus_control/sbus_control.egg-info/SOURCES.txt'
[4.402s] writing manifest file '../../build/sbus_control/sbus_control.egg-info/SOURCES.txt'
[4.403s] running build
[4.403s] running build_py
[4.405s] running install
[4.408s] running install_lib
[4.412s] running install_data
[4.413s] running install_egg_info
[4.423s] removing '/home/bestway/bestway_ws/install/sbus_control/lib/python3.10/site-packages/sbus_control-0.0.0-py3.10.egg-info' (and everything under it)
[4.427s] Copying ../../build/sbus_control/sbus_control.egg-info to /home/bestway/bestway_ws/install/sbus_control/lib/python3.10/site-packages/sbus_control-0.0.0-py3.10.egg-info
[4.439s] running install_scripts
[4.537s] Installing keyboard_control_node script to /home/bestway/bestway_ws/install/sbus_control/lib/sbus_control
[4.540s] Installing sbus_control_node script to /home/bestway/bestway_ws/install/sbus_control/lib/sbus_control
[4.542s] writing list of installed files to '/home/bestway/bestway_ws/build/sbus_control/install.log'
[4.669s] Invoked command in '/home/bestway/bestway_ws/src/sbus_control' returned '0': PYTHONPATH=/home/bestway/bestway_ws/build/sbus_control/prefix_override:/usr/lib/python3/dist-packages/colcon_core/task/python/colcon_distutils_commands:/home/bestway/bestway_ws/install/sbus_control/lib/python3.10/site-packages:${PYTHONPATH} /usr/bin/python3 -W ignore:setup.py install is deprecated -W ignore:easy_install command is deprecated setup.py egg_info --egg-base ../../build/sbus_control build --build-base /home/bestway/bestway_ws/build/sbus_control/build install --record /home/bestway/bestway_ws/build/sbus_control/install.log --single-version-externally-managed install_data
