[1.666s] Invoking command in '/home/bestway/bestway_ws/src/yuntai_control': PYTHONPATH=/home/bestway/bestway_ws/build/yuntai_control/prefix_override:/usr/lib/python3/dist-packages/colcon_core/task/python/colcon_distutils_commands:/home/bestway/bestway_ws/install/yuntai_control/lib/python3.10/site-packages:${PYTHONPATH} /usr/bin/python3 -W ignore:setup.py install is deprecated -W ignore:easy_install command is deprecated setup.py egg_info --egg-base ../../build/yuntai_control build --build-base /home/bestway/bestway_ws/build/yuntai_control/build install --record /home/bestway/bestway_ws/build/yuntai_control/install.log --single-version-externally-managed install_data
[2.234s] running egg_info
[2.235s] writing ../../build/yuntai_control/yuntai_control.egg-info/PKG-INFO
[2.236s] writing dependency_links to ../../build/yuntai_control/yuntai_control.egg-info/dependency_links.txt
[2.236s] writing entry points to ../../build/yuntai_control/yuntai_control.egg-info/entry_points.txt
[2.237s] writing requirements to ../../build/yuntai_control/yuntai_control.egg-info/requires.txt
[2.237s] writing top-level names to ../../build/yuntai_control/yuntai_control.egg-info/top_level.txt
[2.241s] reading manifest file '../../build/yuntai_control/yuntai_control.egg-info/SOURCES.txt'
[2.243s] writing manifest file '../../build/yuntai_control/yuntai_control.egg-info/SOURCES.txt'
[2.243s] running build
[2.243s] running build_py
[2.243s] copying yuntai_control/yuntai_control_node_v2.py -> /home/bestway/bestway_ws/build/yuntai_control/build/lib/yuntai_control
[2.244s] copying yuntai_control/yuntai_hardware_pwm_node.py -> /home/bestway/bestway_ws/build/yuntai_control/build/lib/yuntai_control
[2.245s] running install
[2.245s] running install_lib
[2.247s] copying /home/bestway/bestway_ws/build/yuntai_control/build/lib/yuntai_control/yuntai_control_node_v2.py -> /home/bestway/bestway_ws/install/yuntai_control/lib/python3.10/site-packages/yuntai_control
[2.248s] copying /home/bestway/bestway_ws/build/yuntai_control/build/lib/yuntai_control/yuntai_hardware_pwm_node.py -> /home/bestway/bestway_ws/install/yuntai_control/lib/python3.10/site-packages/yuntai_control
[2.249s] byte-compiling /home/bestway/bestway_ws/install/yuntai_control/lib/python3.10/site-packages/yuntai_control/yuntai_control_node_v2.py to yuntai_control_node_v2.cpython-310.pyc
[2.253s] byte-compiling /home/bestway/bestway_ws/install/yuntai_control/lib/python3.10/site-packages/yuntai_control/yuntai_hardware_pwm_node.py to yuntai_hardware_pwm_node.cpython-310.pyc
[2.257s] running install_data
[2.257s] running install_egg_info
[2.262s] removing '/home/bestway/bestway_ws/install/yuntai_control/lib/python3.10/site-packages/yuntai_control-0.0.0-py3.10.egg-info' (and everything under it)
[2.262s] Copying ../../build/yuntai_control/yuntai_control.egg-info to /home/bestway/bestway_ws/install/yuntai_control/lib/python3.10/site-packages/yuntai_control-0.0.0-py3.10.egg-info
[2.264s] running install_scripts
[2.310s] Installing temperature_tracking_node script to /home/bestway/bestway_ws/install/yuntai_control/lib/yuntai_control
[2.311s] Installing temperature_tracking_node_v2 script to /home/bestway/bestway_ws/install/yuntai_control/lib/yuntai_control
[2.311s] Installing yuntai_controller_node script to /home/bestway/bestway_ws/install/yuntai_control/lib/yuntai_control
[2.311s] Installing yuntai_hardware_pwm_servo_node script to /home/bestway/bestway_ws/install/yuntai_control/lib/yuntai_control
[2.312s] writing list of installed files to '/home/bestway/bestway_ws/build/yuntai_control/install.log'
[2.384s] Invoked command in '/home/bestway/bestway_ws/src/yuntai_control' returned '0': PYTHONPATH=/home/bestway/bestway_ws/build/yuntai_control/prefix_override:/usr/lib/python3/dist-packages/colcon_core/task/python/colcon_distutils_commands:/home/bestway/bestway_ws/install/yuntai_control/lib/python3.10/site-packages:${PYTHONPATH} /usr/bin/python3 -W ignore:setup.py install is deprecated -W ignore:easy_install command is deprecated setup.py egg_info --egg-base ../../build/yuntai_control build --build-base /home/bestway/bestway_ws/build/yuntai_control/build install --record /home/bestway/bestway_ws/build/yuntai_control/install.log --single-version-externally-managed install_data
