[4.640s] Invoking command in '/home/bestway/bestway_ws/src/imu_odometry': PYTHONPATH=/home/bestway/bestway_ws/build/imu_odometry/prefix_override:/usr/lib/python3/dist-packages/colcon_core/task/python/colcon_distutils_commands:/home/bestway/bestway_ws/install/imu_odometry/lib/python3.10/site-packages:${PYTHONPATH} /usr/bin/python3 -W ignore:setup.py install is deprecated -W ignore:easy_install command is deprecated setup.py egg_info --egg-base ../../build/imu_odometry build --build-base /home/bestway/bestway_ws/build/imu_odometry/build install --record /home/bestway/bestway_ws/build/imu_odometry/install.log --single-version-externally-managed install_data
[6.073s] running egg_info
[6.078s] writing ../../build/imu_odometry/imu_odometry.egg-info/PKG-INFO
[6.079s] writing dependency_links to ../../build/imu_odometry/imu_odometry.egg-info/dependency_links.txt
[6.079s] writing entry points to ../../build/imu_odometry/imu_odometry.egg-info/entry_points.txt
[6.080s] writing requirements to ../../build/imu_odometry/imu_odometry.egg-info/requires.txt
[6.081s] writing top-level names to ../../build/imu_odometry/imu_odometry.egg-info/top_level.txt
[6.098s] reading manifest file '../../build/imu_odometry/imu_odometry.egg-info/SOURCES.txt'
[6.098s] writing manifest file '../../build/imu_odometry/imu_odometry.egg-info/SOURCES.txt'
[6.098s] running build
[6.098s] running build_py
[6.098s] running install
[6.099s] running install_lib
[6.107s] running install_data
[6.108s] running install_egg_info
[6.108s] removing '/home/bestway/bestway_ws/install/imu_odometry/lib/python3.10/site-packages/imu_odometry-0.0.0-py3.10.egg-info' (and everything under it)
[6.114s] Copying ../../build/imu_odometry/imu_odometry.egg-info to /home/bestway/bestway_ws/install/imu_odometry/lib/python3.10/site-packages/imu_odometry-0.0.0-py3.10.egg-info
[6.153s] running install_scripts
[6.201s] Installing imu_odometry_node script to /home/bestway/bestway_ws/install/imu_odometry/lib/imu_odometry
[6.202s] writing list of installed files to '/home/bestway/bestway_ws/build/imu_odometry/install.log'
[7.040s] Invoked command in '/home/bestway/bestway_ws/src/imu_odometry' returned '0': PYTHONPATH=/home/bestway/bestway_ws/build/imu_odometry/prefix_override:/usr/lib/python3/dist-packages/colcon_core/task/python/colcon_distutils_commands:/home/bestway/bestway_ws/install/imu_odometry/lib/python3.10/site-packages:${PYTHONPATH} /usr/bin/python3 -W ignore:setup.py install is deprecated -W ignore:easy_install command is deprecated setup.py egg_info --egg-base ../../build/imu_odometry build --build-base /home/bestway/bestway_ws/build/imu_odometry/build install --record /home/bestway/bestway_ws/build/imu_odometry/install.log --single-version-externally-managed install_data
