[4.188s] Invoking command in '/home/bestway/bestway_ws/src/auto_drive': PYTHONPATH=/home/bestway/bestway_ws/build/auto_drive/prefix_override:/usr/lib/python3/dist-packages/colcon_core/task/python/colcon_distutils_commands:/home/bestway/bestway_ws/install/auto_drive/lib/python3.10/site-packages:${PYTHONPATH} /usr/bin/python3 -W ignore:setup.py install is deprecated -W ignore:easy_install command is deprecated setup.py egg_info --egg-base ../../build/auto_drive build --build-base /home/bestway/bestway_ws/build/auto_drive/build install --record /home/bestway/bestway_ws/build/auto_drive/install.log --single-version-externally-managed install_data
[5.189s] running egg_info
[5.192s] writing ../../build/auto_drive/auto_drive.egg-info/PKG-INFO
[5.193s] writing dependency_links to ../../build/auto_drive/auto_drive.egg-info/dependency_links.txt
[5.193s] writing entry points to ../../build/auto_drive/auto_drive.egg-info/entry_points.txt
[5.193s] writing requirements to ../../build/auto_drive/auto_drive.egg-info/requires.txt
[5.194s] writing top-level names to ../../build/auto_drive/auto_drive.egg-info/top_level.txt
[5.200s] reading manifest file '../../build/auto_drive/auto_drive.egg-info/SOURCES.txt'
[5.201s] writing manifest file '../../build/auto_drive/auto_drive.egg-info/SOURCES.txt'
[5.201s] running build
[5.201s] running build_py
[5.205s] copying auto_drive/navigation_controller.py -> /home/bestway/bestway_ws/build/auto_drive/build/lib/auto_drive
[5.207s] running install
[5.209s] running install_lib
[5.218s] copying /home/bestway/bestway_ws/build/auto_drive/build/lib/auto_drive/navigation_controller.py -> /home/bestway/bestway_ws/install/auto_drive/lib/python3.10/site-packages/auto_drive
[5.219s] byte-compiling /home/bestway/bestway_ws/install/auto_drive/lib/python3.10/site-packages/auto_drive/navigation_controller.py to navigation_controller.cpython-310.pyc
[5.240s] running install_data
[5.240s] running install_egg_info
[5.244s] removing '/home/bestway/bestway_ws/install/auto_drive/lib/python3.10/site-packages/auto_drive-0.0.0-py3.10.egg-info' (and everything under it)
[5.245s] Copying ../../build/auto_drive/auto_drive.egg-info to /home/bestway/bestway_ws/install/auto_drive/lib/python3.10/site-packages/auto_drive-0.0.0-py3.10.egg-info
[5.248s] running install_scripts
[5.298s] Installing auto_drive_node script to /home/bestway/bestway_ws/install/auto_drive/lib/auto_drive
[5.298s] Installing navigation_controller script to /home/bestway/bestway_ws/install/auto_drive/lib/auto_drive
[5.299s] Installing navigation_node script to /home/bestway/bestway_ws/install/auto_drive/lib/auto_drive
[5.299s] Installing pointcloud_to_2d_map script to /home/bestway/bestway_ws/install/auto_drive/lib/auto_drive
[5.299s] Installing pose_printer_node script to /home/bestway/bestway_ws/install/auto_drive/lib/auto_drive
[5.300s] Installing search_fire_node script to /home/bestway/bestway_ws/install/auto_drive/lib/auto_drive
[5.300s] writing list of installed files to '/home/bestway/bestway_ws/build/auto_drive/install.log'
[5.861s] Invoked command in '/home/bestway/bestway_ws/src/auto_drive' returned '0': PYTHONPATH=/home/bestway/bestway_ws/build/auto_drive/prefix_override:/usr/lib/python3/dist-packages/colcon_core/task/python/colcon_distutils_commands:/home/bestway/bestway_ws/install/auto_drive/lib/python3.10/site-packages:${PYTHONPATH} /usr/bin/python3 -W ignore:setup.py install is deprecated -W ignore:easy_install command is deprecated setup.py egg_info --egg-base ../../build/auto_drive build --build-base /home/bestway/bestway_ws/build/auto_drive/build install --record /home/bestway/bestway_ws/build/auto_drive/install.log --single-version-externally-managed install_data
