[6.780s] Invoking command in '/home/bestway/bestway_ws/src/lidar_distance': PYTHONPATH=/home/bestway/bestway_ws/build/lidar_distance/prefix_override:/usr/lib/python3/dist-packages/colcon_core/task/python/colcon_distutils_commands:/home/bestway/bestway_ws/install/lidar_distance/lib/python3.10/site-packages:${PYTHONPATH} /usr/bin/python3 -W ignore:setup.py install is deprecated -W ignore:easy_install command is deprecated setup.py egg_info --egg-base ../../build/lidar_distance build --build-base /home/bestway/bestway_ws/build/lidar_distance/build install --record /home/bestway/bestway_ws/build/lidar_distance/install.log --single-version-externally-managed install_data
[9.032s] running egg_info
[9.040s] writing ../../build/lidar_distance/lidar_distance.egg-info/PKG-INFO
[9.064s] writing dependency_links to ../../build/lidar_distance/lidar_distance.egg-info/dependency_links.txt
[9.067s] writing entry points to ../../build/lidar_distance/lidar_distance.egg-info/entry_points.txt
[9.072s] writing requirements to ../../build/lidar_distance/lidar_distance.egg-info/requires.txt
[9.075s] writing top-level names to ../../build/lidar_distance/lidar_distance.egg-info/top_level.txt
[9.093s] reading manifest file '../../build/lidar_distance/lidar_distance.egg-info/SOURCES.txt'
[9.093s] writing manifest file '../../build/lidar_distance/lidar_distance.egg-info/SOURCES.txt'
[9.094s] running build
[9.101s] running build_py
[9.102s] running install
[9.102s] running install_lib
[9.112s] running install_data
[9.113s] running install_egg_info
[9.126s] removing '/home/bestway/bestway_ws/install/lidar_distance/lib/python3.10/site-packages/lidar_distance-0.0.0-py3.10.egg-info' (and everything under it)
[9.126s] Copying ../../build/lidar_distance/lidar_distance.egg-info to /home/bestway/bestway_ws/install/lidar_distance/lib/python3.10/site-packages/lidar_distance-0.0.0-py3.10.egg-info
[9.140s] running install_scripts
[9.318s] Installing lidar_distance script to /home/bestway/bestway_ws/install/lidar_distance/lib/lidar_distance
[9.318s] writing list of installed files to '/home/bestway/bestway_ws/build/lidar_distance/install.log'
[10.350s] Invoked command in '/home/bestway/bestway_ws/src/lidar_distance' returned '0': PYTHONPATH=/home/bestway/bestway_ws/build/lidar_distance/prefix_override:/usr/lib/python3/dist-packages/colcon_core/task/python/colcon_distutils_commands:/home/bestway/bestway_ws/install/lidar_distance/lib/python3.10/site-packages:${PYTHONPATH} /usr/bin/python3 -W ignore:setup.py install is deprecated -W ignore:easy_install command is deprecated setup.py egg_info --egg-base ../../build/lidar_distance build --build-base /home/bestway/bestway_ws/build/lidar_distance/build install --record /home/bestway/bestway_ws/build/lidar_distance/install.log --single-version-externally-managed install_data
