[9.273s] Invoking command in '/home/bestway/bestway_ws/src/imu_odometry': PYTHONPATH=/home/bestway/bestway_ws/build/imu_odometry/prefix_override:/usr/lib/python3/dist-packages/colcon_core/task/python/colcon_distutils_commands:/home/bestway/bestway_ws/install/imu_odometry/lib/python3.10/site-packages:${PYTHONPATH} /usr/bin/python3 -W ignore:setup.py install is deprecated -W ignore:easy_install command is deprecated setup.py egg_info --egg-base ../../build/imu_odometry build --build-base /home/bestway/bestway_ws/build/imu_odometry/build install --record /home/bestway/bestway_ws/build/imu_odometry/install.log --single-version-externally-managed install_data
[11.931s] running egg_info
[11.947s] writing ../../build/imu_odometry/imu_odometry.egg-info/PKG-INFO
[11.950s] writing dependency_links to ../../build/imu_odometry/imu_odometry.egg-info/dependency_links.txt
[11.953s] writing entry points to ../../build/imu_odometry/imu_odometry.egg-info/entry_points.txt
[11.955s] writing requirements to ../../build/imu_odometry/imu_odometry.egg-info/requires.txt
[11.957s] writing top-level names to ../../build/imu_odometry/imu_odometry.egg-info/top_level.txt
[11.975s] reading manifest file '../../build/imu_odometry/imu_odometry.egg-info/SOURCES.txt'
[11.982s] writing manifest file '../../build/imu_odometry/imu_odometry.egg-info/SOURCES.txt'
[11.984s] running build
[11.984s] running build_py
[11.988s] running install
[11.994s] running install_lib
[12.007s] running install_data
[12.009s] running install_egg_info
[12.026s] removing '/home/bestway/bestway_ws/install/imu_odometry/lib/python3.10/site-packages/imu_odometry-0.0.0-py3.10.egg-info' (and everything under it)
[12.036s] Copying ../../build/imu_odometry/imu_odometry.egg-info to /home/bestway/bestway_ws/install/imu_odometry/lib/python3.10/site-packages/imu_odometry-0.0.0-py3.10.egg-info
[12.056s] running install_scripts
[12.450s] Installing imu_odometry_node script to /home/bestway/bestway_ws/install/imu_odometry/lib/imu_odometry
[12.459s] writing list of installed files to '/home/bestway/bestway_ws/build/imu_odometry/install.log'
[12.922s] Invoked command in '/home/bestway/bestway_ws/src/imu_odometry' returned '0': PYTHONPATH=/home/bestway/bestway_ws/build/imu_odometry/prefix_override:/usr/lib/python3/dist-packages/colcon_core/task/python/colcon_distutils_commands:/home/bestway/bestway_ws/install/imu_odometry/lib/python3.10/site-packages:${PYTHONPATH} /usr/bin/python3 -W ignore:setup.py install is deprecated -W ignore:easy_install command is deprecated setup.py egg_info --egg-base ../../build/imu_odometry build --build-base /home/bestway/bestway_ws/build/imu_odometry/build install --record /home/bestway/bestway_ws/build/imu_odometry/install.log --single-version-externally-managed install_data
