[0.626s] DEBUG:colcon:Command line arguments: ['/usr/bin/colcon', 'build']
[0.627s] DEBUG:colcon:Parsed command line arguments: Namespace(log_base=None, log_level=None, verb_name='build', build_base='build', install_base='install', merge_install=False, symlink_install=False, test_result_base=None, continue_on_error=False, executor='parallel', parallel_workers=4, event_handlers=None, ignore_user_meta=False, metas=['./colcon.meta'], base_paths=['.'], packages_ignore=None, packages_ignore_regex=None, paths=None, packages_up_to=None, packages_up_to_regex=None, packages_above=None, packages_above_and_dependencies=None, packages_above_depth=None, packages_select_by_dep=None, packages_skip_by_dep=None, packages_skip_up_to=None, packages_select_build_failed=False, packages_skip_build_finished=False, packages_select_test_failures=False, packages_skip_test_passed=False, packages_select=None, packages_skip=None, packages_select_regex=None, packages_skip_regex=None, packages_start=None, packages_end=None, allow_overriding=[], cmake_args=None, cmake_target=None, cmake_target_skip_unavailable=False, cmake_clean_cache=False, cmake_clean_first=False, cmake_force_configure=False, ament_cmake_args=None, catkin_cmake_args=None, catkin_skip_building_tests=False, verb_parser=<colcon_defaults.argument_parser.defaults.DefaultArgumentsDecorator object at 0xffff94c3a650>, verb_extension=<colcon_core.verb.build.BuildVerb object at 0xffff94c3a140>, main=<bound method BuildVerb.main of <colcon_core.verb.build.BuildVerb object at 0xffff94c3a140>>)
[1.331s] Level 1:colcon.colcon_core.package_discovery:discover_packages(colcon_meta) check parameters
[1.332s] Level 1:colcon.colcon_core.package_discovery:discover_packages(recursive) check parameters
[1.333s] Level 1:colcon.colcon_core.package_discovery:discover_packages(ignore) check parameters
[1.333s] Level 1:colcon.colcon_core.package_discovery:discover_packages(path) check parameters
[1.333s] Level 1:colcon.colcon_core.package_discovery:discover_packages(colcon_meta) discover
[1.333s] Level 1:colcon.colcon_core.package_discovery:discover_packages(recursive) discover
[1.334s] INFO:colcon.colcon_core.package_discovery:Crawling recursively for packages in '/home/bestway/bestway_ws'
[1.334s] Level 1:colcon.colcon_core.package_identification:_identify(.) by extensions ['ignore', 'ignore_ament_install']
[1.335s] Level 1:colcon.colcon_core.package_identification:_identify(.) by extension 'ignore'
[1.335s] Level 1:colcon.colcon_core.package_identification:_identify(.) by extension 'ignore_ament_install'
[1.336s] Level 1:colcon.colcon_core.package_identification:_identify(.) by extensions ['colcon_pkg']
[1.336s] Level 1:colcon.colcon_core.package_identification:_identify(.) by extension 'colcon_pkg'
[1.336s] Level 1:colcon.colcon_core.package_identification:_identify(.) by extensions ['colcon_meta']
[1.337s] Level 1:colcon.colcon_core.package_identification:_identify(.) by extension 'colcon_meta'
[1.337s] Level 1:colcon.colcon_core.package_identification:_identify(.) by extensions ['ros']
[1.337s] Level 1:colcon.colcon_core.package_identification:_identify(.) by extension 'ros'
[1.377s] Level 1:colcon.colcon_core.package_identification:_identify(.) by extensions ['cmake', 'python']
[1.378s] Level 1:colcon.colcon_core.package_identification:_identify(.) by extension 'cmake'
[1.379s] Level 1:colcon.colcon_core.package_identification:_identify(.) by extension 'python'
[1.379s] Level 1:colcon.colcon_core.package_identification:_identify(.) by extensions ['python_setup_py']
[1.380s] Level 1:colcon.colcon_core.package_identification:_identify(.) by extension 'python_setup_py'
[1.381s] Level 1:colcon.colcon_core.package_identification:_identify(build) by extensions ['ignore', 'ignore_ament_install']
[1.382s] Level 1:colcon.colcon_core.package_identification:_identify(build) by extension 'ignore'
[1.383s] Level 1:colcon.colcon_core.package_identification:_identify(build) ignored
[1.384s] Level 1:colcon.colcon_core.package_identification:_identify(install) by extensions ['ignore', 'ignore_ament_install']
[1.385s] Level 1:colcon.colcon_core.package_identification:_identify(install) by extension 'ignore'
[1.386s] Level 1:colcon.colcon_core.package_identification:_identify(install) ignored
[1.387s] Level 1:colcon.colcon_core.package_identification:_identify(launch) by extensions ['ignore', 'ignore_ament_install']
[1.388s] Level 1:colcon.colcon_core.package_identification:_identify(launch) by extension 'ignore'
[1.389s] Level 1:colcon.colcon_core.package_identification:_identify(launch) by extension 'ignore_ament_install'
[1.390s] Level 1:colcon.colcon_core.package_identification:_identify(launch) by extensions ['colcon_pkg']
[1.390s] Level 1:colcon.colcon_core.package_identification:_identify(launch) by extension 'colcon_pkg'
[1.391s] Level 1:colcon.colcon_core.package_identification:_identify(launch) by extensions ['colcon_meta']
[1.392s] Level 1:colcon.colcon_core.package_identification:_identify(launch) by extension 'colcon_meta'
[1.392s] Level 1:colcon.colcon_core.package_identification:_identify(launch) by extensions ['ros']
[1.393s] Level 1:colcon.colcon_core.package_identification:_identify(launch) by extension 'ros'
[1.394s] Level 1:colcon.colcon_core.package_identification:_identify(launch) by extensions ['cmake', 'python']
[1.394s] Level 1:colcon.colcon_core.package_identification:_identify(launch) by extension 'cmake'
[1.394s] Level 1:colcon.colcon_core.package_identification:_identify(launch) by extension 'python'
[1.395s] Level 1:colcon.colcon_core.package_identification:_identify(launch) by extensions ['python_setup_py']
[1.396s] Level 1:colcon.colcon_core.package_identification:_identify(launch) by extension 'python_setup_py'
[1.397s] Level 1:colcon.colcon_core.package_identification:_identify(launch/__pycache__) by extensions ['ignore', 'ignore_ament_install']
[1.398s] Level 1:colcon.colcon_core.package_identification:_identify(launch/__pycache__) by extension 'ignore'
[1.398s] Level 1:colcon.colcon_core.package_identification:_identify(launch/__pycache__) by extension 'ignore_ament_install'
[1.399s] Level 1:colcon.colcon_core.package_identification:_identify(launch/__pycache__) by extensions ['colcon_pkg']
[1.400s] Level 1:colcon.colcon_core.package_identification:_identify(launch/__pycache__) by extension 'colcon_pkg'
[1.400s] Level 1:colcon.colcon_core.package_identification:_identify(launch/__pycache__) by extensions ['colcon_meta']
[1.401s] Level 1:colcon.colcon_core.package_identification:_identify(launch/__pycache__) by extension 'colcon_meta'
[1.402s] Level 1:colcon.colcon_core.package_identification:_identify(launch/__pycache__) by extensions ['ros']
[1.402s] Level 1:colcon.colcon_core.package_identification:_identify(launch/__pycache__) by extension 'ros'
[1.403s] Level 1:colcon.colcon_core.package_identification:_identify(launch/__pycache__) by extensions ['cmake', 'python']
[1.403s] Level 1:colcon.colcon_core.package_identification:_identify(launch/__pycache__) by extension 'cmake'
[1.404s] Level 1:colcon.colcon_core.package_identification:_identify(launch/__pycache__) by extension 'python'
[1.405s] Level 1:colcon.colcon_core.package_identification:_identify(launch/__pycache__) by extensions ['python_setup_py']
[1.405s] Level 1:colcon.colcon_core.package_identification:_identify(launch/__pycache__) by extension 'python_setup_py'
[1.408s] Level 1:colcon.colcon_core.package_identification:_identify(log) by extensions ['ignore', 'ignore_ament_install']
[1.409s] Level 1:colcon.colcon_core.package_identification:_identify(log) by extension 'ignore'
[1.409s] Level 1:colcon.colcon_core.package_identification:_identify(log) ignored
[1.411s] Level 1:colcon.colcon_core.package_identification:_identify(scripts) by extensions ['ignore', 'ignore_ament_install']
[1.412s] Level 1:colcon.colcon_core.package_identification:_identify(scripts) by extension 'ignore'
[1.412s] Level 1:colcon.colcon_core.package_identification:_identify(scripts) by extension 'ignore_ament_install'
[1.413s] Level 1:colcon.colcon_core.package_identification:_identify(scripts) by extensions ['colcon_pkg']
[1.414s] Level 1:colcon.colcon_core.package_identification:_identify(scripts) by extension 'colcon_pkg'
[1.414s] Level 1:colcon.colcon_core.package_identification:_identify(scripts) by extensions ['colcon_meta']
[1.415s] Level 1:colcon.colcon_core.package_identification:_identify(scripts) by extension 'colcon_meta'
[1.415s] Level 1:colcon.colcon_core.package_identification:_identify(scripts) by extensions ['ros']
[1.416s] Level 1:colcon.colcon_core.package_identification:_identify(scripts) by extension 'ros'
[1.417s] Level 1:colcon.colcon_core.package_identification:_identify(scripts) by extensions ['cmake', 'python']
[1.417s] Level 1:colcon.colcon_core.package_identification:_identify(scripts) by extension 'cmake'
[1.418s] Level 1:colcon.colcon_core.package_identification:_identify(scripts) by extension 'python'
[1.418s] Level 1:colcon.colcon_core.package_identification:_identify(scripts) by extensions ['python_setup_py']
[1.419s] Level 1:colcon.colcon_core.package_identification:_identify(scripts) by extension 'python_setup_py'
[1.420s] Level 1:colcon.colcon_core.package_identification:_identify(src) by extensions ['ignore', 'ignore_ament_install']
[1.421s] Level 1:colcon.colcon_core.package_identification:_identify(src) by extension 'ignore'
[1.421s] Level 1:colcon.colcon_core.package_identification:_identify(src) by extension 'ignore_ament_install'
[1.422s] Level 1:colcon.colcon_core.package_identification:_identify(src) by extensions ['colcon_pkg']
[1.423s] Level 1:colcon.colcon_core.package_identification:_identify(src) by extension 'colcon_pkg'
[1.424s] Level 1:colcon.colcon_core.package_identification:_identify(src) by extensions ['colcon_meta']
[1.424s] Level 1:colcon.colcon_core.package_identification:_identify(src) by extension 'colcon_meta'
[1.425s] Level 1:colcon.colcon_core.package_identification:_identify(src) by extensions ['ros']
[1.425s] Level 1:colcon.colcon_core.package_identification:_identify(src) by extension 'ros'
[1.426s] Level 1:colcon.colcon_core.package_identification:_identify(src) by extensions ['cmake', 'python']
[1.426s] Level 1:colcon.colcon_core.package_identification:_identify(src) by extension 'cmake'
[1.427s] Level 1:colcon.colcon_core.package_identification:_identify(src) by extension 'python'
[1.428s] Level 1:colcon.colcon_core.package_identification:_identify(src) by extensions ['python_setup_py']
[1.428s] Level 1:colcon.colcon_core.package_identification:_identify(src) by extension 'python_setup_py'
[1.429s] Level 1:colcon.colcon_core.package_identification:_identify(src/__pycache__) by extensions ['ignore', 'ignore_ament_install']
[1.431s] Level 1:colcon.colcon_core.package_identification:_identify(src/__pycache__) by extension 'ignore'
[1.432s] Level 1:colcon.colcon_core.package_identification:_identify(src/__pycache__) by extension 'ignore_ament_install'
[1.432s] Level 1:colcon.colcon_core.package_identification:_identify(src/__pycache__) by extensions ['colcon_pkg']
[1.433s] Level 1:colcon.colcon_core.package_identification:_identify(src/__pycache__) by extension 'colcon_pkg'
[1.433s] Level 1:colcon.colcon_core.package_identification:_identify(src/__pycache__) by extensions ['colcon_meta']
[1.434s] Level 1:colcon.colcon_core.package_identification:_identify(src/__pycache__) by extension 'colcon_meta'
[1.435s] Level 1:colcon.colcon_core.package_identification:_identify(src/__pycache__) by extensions ['ros']
[1.435s] Level 1:colcon.colcon_core.package_identification:_identify(src/__pycache__) by extension 'ros'
[1.435s] Level 1:colcon.colcon_core.package_identification:_identify(src/__pycache__) by extensions ['cmake', 'python']
[1.436s] Level 1:colcon.colcon_core.package_identification:_identify(src/__pycache__) by extension 'cmake'
[1.436s] Level 1:colcon.colcon_core.package_identification:_identify(src/__pycache__) by extension 'python'
[1.436s] Level 1:colcon.colcon_core.package_identification:_identify(src/__pycache__) by extensions ['python_setup_py']
[1.437s] Level 1:colcon.colcon_core.package_identification:_identify(src/__pycache__) by extension 'python_setup_py'
[1.437s] Level 1:colcon.colcon_core.package_identification:_identify(src/auto_drive) by extensions ['ignore', 'ignore_ament_install']
[1.438s] Level 1:colcon.colcon_core.package_identification:_identify(src/auto_drive) by extension 'ignore'
[1.438s] Level 1:colcon.colcon_core.package_identification:_identify(src/auto_drive) by extension 'ignore_ament_install'
[1.439s] Level 1:colcon.colcon_core.package_identification:_identify(src/auto_drive) by extensions ['colcon_pkg']
[1.439s] Level 1:colcon.colcon_core.package_identification:_identify(src/auto_drive) by extension 'colcon_pkg'
[1.439s] Level 1:colcon.colcon_core.package_identification:_identify(src/auto_drive) by extensions ['colcon_meta']
[1.439s] Level 1:colcon.colcon_core.package_identification:_identify(src/auto_drive) by extension 'colcon_meta'
[1.440s] Level 1:colcon.colcon_core.package_identification:_identify(src/auto_drive) by extensions ['ros']
[1.440s] Level 1:colcon.colcon_core.package_identification:_identify(src/auto_drive) by extension 'ros'
[1.460s] DEBUG:colcon.colcon_core.package_identification:Package 'src/auto_drive' with type 'ros.ament_python' and name 'auto_drive'
[1.460s] Level 1:colcon.colcon_core.package_identification:_identify(src/lidar_distance) by extensions ['ignore', 'ignore_ament_install']
[1.461s] Level 1:colcon.colcon_core.package_identification:_identify(src/lidar_distance) by extension 'ignore'
[1.462s] Level 1:colcon.colcon_core.package_identification:_identify(src/lidar_distance) by extension 'ignore_ament_install'
[1.462s] Level 1:colcon.colcon_core.package_identification:_identify(src/lidar_distance) by extensions ['colcon_pkg']
[1.462s] Level 1:colcon.colcon_core.package_identification:_identify(src/lidar_distance) by extension 'colcon_pkg'
[1.463s] Level 1:colcon.colcon_core.package_identification:_identify(src/lidar_distance) by extensions ['colcon_meta']
[1.463s] Level 1:colcon.colcon_core.package_identification:_identify(src/lidar_distance) by extension 'colcon_meta'
[1.463s] Level 1:colcon.colcon_core.package_identification:_identify(src/lidar_distance) by extensions ['ros']
[1.463s] Level 1:colcon.colcon_core.package_identification:_identify(src/lidar_distance) by extension 'ros'
[1.466s] DEBUG:colcon.colcon_core.package_identification:Package 'src/lidar_distance' with type 'ros.ament_python' and name 'lidar_distance'
[1.466s] Level 1:colcon.colcon_core.package_identification:_identify(src/move_pos) by extensions ['ignore', 'ignore_ament_install']
[1.467s] Level 1:colcon.colcon_core.package_identification:_identify(src/move_pos) by extension 'ignore'
[1.467s] Level 1:colcon.colcon_core.package_identification:_identify(src/move_pos) by extension 'ignore_ament_install'
[1.468s] Level 1:colcon.colcon_core.package_identification:_identify(src/move_pos) by extensions ['colcon_pkg']
[1.468s] Level 1:colcon.colcon_core.package_identification:_identify(src/move_pos) by extension 'colcon_pkg'
[1.468s] Level 1:colcon.colcon_core.package_identification:_identify(src/move_pos) by extensions ['colcon_meta']
[1.469s] Level 1:colcon.colcon_core.package_identification:_identify(src/move_pos) by extension 'colcon_meta'
[1.469s] Level 1:colcon.colcon_core.package_identification:_identify(src/move_pos) by extensions ['ros']
[1.469s] Level 1:colcon.colcon_core.package_identification:_identify(src/move_pos) by extension 'ros'
[1.472s] DEBUG:colcon.colcon_core.package_identification:Package 'src/move_pos' with type 'ros.ament_python' and name 'move_pos'
[1.473s] Level 1:colcon.colcon_core.package_identification:_identify(src/sbus_control) by extensions ['ignore', 'ignore_ament_install']
[1.474s] Level 1:colcon.colcon_core.package_identification:_identify(src/sbus_control) by extension 'ignore'
[1.474s] Level 1:colcon.colcon_core.package_identification:_identify(src/sbus_control) by extension 'ignore_ament_install'
[1.474s] Level 1:colcon.colcon_core.package_identification:_identify(src/sbus_control) by extensions ['colcon_pkg']
[1.475s] Level 1:colcon.colcon_core.package_identification:_identify(src/sbus_control) by extension 'colcon_pkg'
[1.475s] Level 1:colcon.colcon_core.package_identification:_identify(src/sbus_control) by extensions ['colcon_meta']
[1.475s] Level 1:colcon.colcon_core.package_identification:_identify(src/sbus_control) by extension 'colcon_meta'
[1.476s] Level 1:colcon.colcon_core.package_identification:_identify(src/sbus_control) by extensions ['ros']
[1.476s] Level 1:colcon.colcon_core.package_identification:_identify(src/sbus_control) by extension 'ros'
[1.479s] DEBUG:colcon.colcon_core.package_identification:Package 'src/sbus_control' with type 'ros.ament_python' and name 'sbus_control'
[1.479s] Level 1:colcon.colcon_core.package_identification:_identify(src/temperature_publisher) by extensions ['ignore', 'ignore_ament_install']
[1.480s] Level 1:colcon.colcon_core.package_identification:_identify(src/temperature_publisher) by extension 'ignore'
[1.480s] Level 1:colcon.colcon_core.package_identification:_identify(src/temperature_publisher) by extension 'ignore_ament_install'
[1.481s] Level 1:colcon.colcon_core.package_identification:_identify(src/temperature_publisher) by extensions ['colcon_pkg']
[1.481s] Level 1:colcon.colcon_core.package_identification:_identify(src/temperature_publisher) by extension 'colcon_pkg'
[1.482s] Level 1:colcon.colcon_core.package_identification:_identify(src/temperature_publisher) by extensions ['colcon_meta']
[1.482s] Level 1:colcon.colcon_core.package_identification:_identify(src/temperature_publisher) by extension 'colcon_meta'
[1.482s] Level 1:colcon.colcon_core.package_identification:_identify(src/temperature_publisher) by extensions ['ros']
[1.482s] Level 1:colcon.colcon_core.package_identification:_identify(src/temperature_publisher) by extension 'ros'
[1.485s] DEBUG:colcon.colcon_core.package_identification:Package 'src/temperature_publisher' with type 'ros.ament_cmake' and name 'temperature_publisher'
[1.485s] Level 1:colcon.colcon_core.package_identification:_identify(src/yuntai_control) by extensions ['ignore', 'ignore_ament_install']
[1.486s] Level 1:colcon.colcon_core.package_identification:_identify(src/yuntai_control) by extension 'ignore'
[1.486s] Level 1:colcon.colcon_core.package_identification:_identify(src/yuntai_control) by extension 'ignore_ament_install'
[1.486s] Level 1:colcon.colcon_core.package_identification:_identify(src/yuntai_control) by extensions ['colcon_pkg']
[1.487s] Level 1:colcon.colcon_core.package_identification:_identify(src/yuntai_control) by extension 'colcon_pkg'
[1.487s] Level 1:colcon.colcon_core.package_identification:_identify(src/yuntai_control) by extensions ['colcon_meta']
[1.487s] Level 1:colcon.colcon_core.package_identification:_identify(src/yuntai_control) by extension 'colcon_meta'
[1.488s] Level 1:colcon.colcon_core.package_identification:_identify(src/yuntai_control) by extensions ['ros']
[1.488s] Level 1:colcon.colcon_core.package_identification:_identify(src/yuntai_control) by extension 'ros'
[1.490s] DEBUG:colcon.colcon_core.package_identification:Package 'src/yuntai_control' with type 'ros.ament_python' and name 'yuntai_control'
[1.491s] Level 1:colcon.colcon_core.package_identification:_identify(src/yuntai_test) by extensions ['ignore', 'ignore_ament_install']
[1.491s] Level 1:colcon.colcon_core.package_identification:_identify(src/yuntai_test) by extension 'ignore'
[1.492s] Level 1:colcon.colcon_core.package_identification:_identify(src/yuntai_test) by extension 'ignore_ament_install'
[1.492s] Level 1:colcon.colcon_core.package_identification:_identify(src/yuntai_test) by extensions ['colcon_pkg']
[1.492s] Level 1:colcon.colcon_core.package_identification:_identify(src/yuntai_test) by extension 'colcon_pkg'
[1.493s] Level 1:colcon.colcon_core.package_identification:_identify(src/yuntai_test) by extensions ['colcon_meta']
[1.493s] Level 1:colcon.colcon_core.package_identification:_identify(src/yuntai_test) by extension 'colcon_meta'
[1.493s] Level 1:colcon.colcon_core.package_identification:_identify(src/yuntai_test) by extensions ['ros']
[1.493s] Level 1:colcon.colcon_core.package_identification:_identify(src/yuntai_test) by extension 'ros'
[1.494s] Level 1:colcon.colcon_core.package_identification:_identify(src/yuntai_test) by extensions ['cmake', 'python']
[1.494s] Level 1:colcon.colcon_core.package_identification:_identify(src/yuntai_test) by extension 'cmake'
[1.495s] Level 1:colcon.colcon_core.package_identification:_identify(src/yuntai_test) by extension 'python'
[1.495s] Level 1:colcon.colcon_core.package_identification:_identify(src/yuntai_test) by extensions ['python_setup_py']
[1.495s] Level 1:colcon.colcon_core.package_identification:_identify(src/yuntai_test) by extension 'python_setup_py'
[1.496s] Level 1:colcon.colcon_core.package_identification:_identify(src/zed_test) by extensions ['ignore', 'ignore_ament_install']
[1.496s] Level 1:colcon.colcon_core.package_identification:_identify(src/zed_test) by extension 'ignore'
[1.497s] Level 1:colcon.colcon_core.package_identification:_identify(src/zed_test) by extension 'ignore_ament_install'
[1.497s] Level 1:colcon.colcon_core.package_identification:_identify(src/zed_test) by extensions ['colcon_pkg']
[1.497s] Level 1:colcon.colcon_core.package_identification:_identify(src/zed_test) by extension 'colcon_pkg'
[1.498s] Level 1:colcon.colcon_core.package_identification:_identify(src/zed_test) by extensions ['colcon_meta']
[1.498s] Level 1:colcon.colcon_core.package_identification:_identify(src/zed_test) by extension 'colcon_meta'
[1.498s] Level 1:colcon.colcon_core.package_identification:_identify(src/zed_test) by extensions ['ros']
[1.498s] Level 1:colcon.colcon_core.package_identification:_identify(src/zed_test) by extension 'ros'
[1.499s] Level 1:colcon.colcon_core.package_identification:_identify(src/zed_test) by extensions ['cmake', 'python']
[1.499s] Level 1:colcon.colcon_core.package_identification:_identify(src/zed_test) by extension 'cmake'
[1.499s] Level 1:colcon.colcon_core.package_identification:_identify(src/zed_test) by extension 'python'
[1.500s] Level 1:colcon.colcon_core.package_identification:_identify(src/zed_test) by extensions ['python_setup_py']
[1.500s] Level 1:colcon.colcon_core.package_identification:_identify(src/zed_test) by extension 'python_setup_py'
[1.501s] Level 1:colcon.colcon_core.package_identification:_identify(systemd) by extensions ['ignore', 'ignore_ament_install']
[1.501s] Level 1:colcon.colcon_core.package_identification:_identify(systemd) by extension 'ignore'
[1.502s] Level 1:colcon.colcon_core.package_identification:_identify(systemd) by extension 'ignore_ament_install'
[1.502s] Level 1:colcon.colcon_core.package_identification:_identify(systemd) by extensions ['colcon_pkg']
[1.502s] Level 1:colcon.colcon_core.package_identification:_identify(systemd) by extension 'colcon_pkg'
[1.502s] Level 1:colcon.colcon_core.package_identification:_identify(systemd) by extensions ['colcon_meta']
[1.503s] Level 1:colcon.colcon_core.package_identification:_identify(systemd) by extension 'colcon_meta'
[1.503s] Level 1:colcon.colcon_core.package_identification:_identify(systemd) by extensions ['ros']
[1.503s] Level 1:colcon.colcon_core.package_identification:_identify(systemd) by extension 'ros'
[1.504s] Level 1:colcon.colcon_core.package_identification:_identify(systemd) by extensions ['cmake', 'python']
[1.504s] Level 1:colcon.colcon_core.package_identification:_identify(systemd) by extension 'cmake'
[1.504s] Level 1:colcon.colcon_core.package_identification:_identify(systemd) by extension 'python'
[1.505s] Level 1:colcon.colcon_core.package_identification:_identify(systemd) by extensions ['python_setup_py']
[1.505s] Level 1:colcon.colcon_core.package_identification:_identify(systemd) by extension 'python_setup_py'
[1.505s] Level 1:colcon.colcon_core.package_discovery:discover_packages(recursive) using defaults
[1.506s] Level 1:colcon.colcon_core.package_discovery:discover_packages(ignore) discover
[1.506s] Level 1:colcon.colcon_core.package_discovery:discover_packages(ignore) using defaults
[1.506s] Level 1:colcon.colcon_core.package_discovery:discover_packages(path) discover
[1.506s] Level 1:colcon.colcon_core.package_discovery:discover_packages(path) using defaults
[1.612s] Level 1:colcon.colcon_core.package_discovery:discover_packages(prefix_path) check parameters
[1.612s] Level 1:colcon.colcon_core.package_discovery:discover_packages(prefix_path) discover
[1.623s] DEBUG:colcon.colcon_installed_package_information.package_discovery:Found 6 installed packages in /home/bestway/bestway_ws/install
[1.625s] DEBUG:colcon.colcon_installed_package_information.package_discovery:Found 1 installed packages in /home/bestway/fast_lio_ws/install
[1.627s] DEBUG:colcon.colcon_installed_package_information.package_discovery:Found 1 installed packages in /home/bestway/ws_livox/install
[1.629s] DEBUG:colcon.colcon_installed_package_information.package_discovery:Found 17 installed packages in /home/bestway/ZED_ws/install
[1.635s] DEBUG:colcon.colcon_installed_package_information.package_discovery:Found 366 installed packages in /opt/ros/humble
[1.639s] Level 1:colcon.colcon_core.package_discovery:discover_packages(prefix_path) using defaults
[1.902s] Level 5:colcon.colcon_core.verb:set package 'auto_drive' build argument 'cmake_args' from command line to 'None'
[1.905s] Level 5:colcon.colcon_core.verb:set package 'auto_drive' build argument 'cmake_target' from command line to 'None'
[1.906s] Level 5:colcon.colcon_core.verb:set package 'auto_drive' build argument 'cmake_target_skip_unavailable' from command line to 'False'
[1.906s] Level 5:colcon.colcon_core.verb:set package 'auto_drive' build argument 'cmake_clean_cache' from command line to 'False'
[1.906s] Level 5:colcon.colcon_core.verb:set package 'auto_drive' build argument 'cmake_clean_first' from command line to 'False'
[1.906s] Level 5:colcon.colcon_core.verb:set package 'auto_drive' build argument 'cmake_force_configure' from command line to 'False'
[1.906s] Level 5:colcon.colcon_core.verb:set package 'auto_drive' build argument 'ament_cmake_args' from command line to 'None'
[1.906s] Level 5:colcon.colcon_core.verb:set package 'auto_drive' build argument 'catkin_cmake_args' from command line to 'None'
[1.906s] Level 5:colcon.colcon_core.verb:set package 'auto_drive' build argument 'catkin_skip_building_tests' from command line to 'False'
[1.906s] DEBUG:colcon.colcon_core.verb:Building package 'auto_drive' with the following arguments: {'ament_cmake_args': None, 'build_base': '/home/bestway/bestway_ws/build/auto_drive', 'catkin_cmake_args': None, 'catkin_skip_building_tests': False, 'cmake_args': None, 'cmake_clean_cache': False, 'cmake_clean_first': False, 'cmake_force_configure': False, 'cmake_target': None, 'cmake_target_skip_unavailable': False, 'install_base': '/home/bestway/bestway_ws/install/auto_drive', 'merge_install': False, 'path': '/home/bestway/bestway_ws/src/auto_drive', 'symlink_install': False, 'test_result_base': None}
[1.908s] Level 5:colcon.colcon_core.verb:set package 'lidar_distance' build argument 'cmake_args' from command line to 'None'
[1.908s] Level 5:colcon.colcon_core.verb:set package 'lidar_distance' build argument 'cmake_target' from command line to 'None'
[1.908s] Level 5:colcon.colcon_core.verb:set package 'lidar_distance' build argument 'cmake_target_skip_unavailable' from command line to 'False'
[1.908s] Level 5:colcon.colcon_core.verb:set package 'lidar_distance' build argument 'cmake_clean_cache' from command line to 'False'
[1.908s] Level 5:colcon.colcon_core.verb:set package 'lidar_distance' build argument 'cmake_clean_first' from command line to 'False'
[1.908s] Level 5:colcon.colcon_core.verb:set package 'lidar_distance' build argument 'cmake_force_configure' from command line to 'False'
[1.908s] Level 5:colcon.colcon_core.verb:set package 'lidar_distance' build argument 'ament_cmake_args' from command line to 'None'
[1.909s] Level 5:colcon.colcon_core.verb:set package 'lidar_distance' build argument 'catkin_cmake_args' from command line to 'None'
[1.909s] Level 5:colcon.colcon_core.verb:set package 'lidar_distance' build argument 'catkin_skip_building_tests' from command line to 'False'
[1.909s] DEBUG:colcon.colcon_core.verb:Building package 'lidar_distance' with the following arguments: {'ament_cmake_args': None, 'build_base': '/home/bestway/bestway_ws/build/lidar_distance', 'catkin_cmake_args': None, 'catkin_skip_building_tests': False, 'cmake_args': None, 'cmake_clean_cache': False, 'cmake_clean_first': False, 'cmake_force_configure': False, 'cmake_target': None, 'cmake_target_skip_unavailable': False, 'install_base': '/home/bestway/bestway_ws/install/lidar_distance', 'merge_install': False, 'path': '/home/bestway/bestway_ws/src/lidar_distance', 'symlink_install': False, 'test_result_base': None}
[1.910s] Level 5:colcon.colcon_core.verb:set package 'move_pos' build argument 'cmake_args' from command line to 'None'
[1.910s] Level 5:colcon.colcon_core.verb:set package 'move_pos' build argument 'cmake_target' from command line to 'None'
[1.910s] Level 5:colcon.colcon_core.verb:set package 'move_pos' build argument 'cmake_target_skip_unavailable' from command line to 'False'
[1.910s] Level 5:colcon.colcon_core.verb:set package 'move_pos' build argument 'cmake_clean_cache' from command line to 'False'
[1.910s] Level 5:colcon.colcon_core.verb:set package 'move_pos' build argument 'cmake_clean_first' from command line to 'False'
[1.910s] Level 5:colcon.colcon_core.verb:set package 'move_pos' build argument 'cmake_force_configure' from command line to 'False'
[1.911s] Level 5:colcon.colcon_core.verb:set package 'move_pos' build argument 'ament_cmake_args' from command line to 'None'
[1.911s] Level 5:colcon.colcon_core.verb:set package 'move_pos' build argument 'catkin_cmake_args' from command line to 'None'
[1.911s] Level 5:colcon.colcon_core.verb:set package 'move_pos' build argument 'catkin_skip_building_tests' from command line to 'False'
[1.911s] DEBUG:colcon.colcon_core.verb:Building package 'move_pos' with the following arguments: {'ament_cmake_args': None, 'build_base': '/home/bestway/bestway_ws/build/move_pos', 'catkin_cmake_args': None, 'catkin_skip_building_tests': False, 'cmake_args': None, 'cmake_clean_cache': False, 'cmake_clean_first': False, 'cmake_force_configure': False, 'cmake_target': None, 'cmake_target_skip_unavailable': False, 'install_base': '/home/bestway/bestway_ws/install/move_pos', 'merge_install': False, 'path': '/home/bestway/bestway_ws/src/move_pos', 'symlink_install': False, 'test_result_base': None}
[1.913s] Level 5:colcon.colcon_core.verb:set package 'sbus_control' build argument 'cmake_args' from command line to 'None'
[1.913s] Level 5:colcon.colcon_core.verb:set package 'sbus_control' build argument 'cmake_target' from command line to 'None'
[1.913s] Level 5:colcon.colcon_core.verb:set package 'sbus_control' build argument 'cmake_target_skip_unavailable' from command line to 'False'
[1.913s] Level 5:colcon.colcon_core.verb:set package 'sbus_control' build argument 'cmake_clean_cache' from command line to 'False'
[1.913s] Level 5:colcon.colcon_core.verb:set package 'sbus_control' build argument 'cmake_clean_first' from command line to 'False'
[1.914s] Level 5:colcon.colcon_core.verb:set package 'sbus_control' build argument 'cmake_force_configure' from command line to 'False'
[1.914s] Level 5:colcon.colcon_core.verb:set package 'sbus_control' build argument 'ament_cmake_args' from command line to 'None'
[1.914s] Level 5:colcon.colcon_core.verb:set package 'sbus_control' build argument 'catkin_cmake_args' from command line to 'None'
[1.914s] Level 5:colcon.colcon_core.verb:set package 'sbus_control' build argument 'catkin_skip_building_tests' from command line to 'False'
[1.914s] DEBUG:colcon.colcon_core.verb:Building package 'sbus_control' with the following arguments: {'ament_cmake_args': None, 'build_base': '/home/bestway/bestway_ws/build/sbus_control', 'catkin_cmake_args': None, 'catkin_skip_building_tests': False, 'cmake_args': None, 'cmake_clean_cache': False, 'cmake_clean_first': False, 'cmake_force_configure': False, 'cmake_target': None, 'cmake_target_skip_unavailable': False, 'install_base': '/home/bestway/bestway_ws/install/sbus_control', 'merge_install': False, 'path': '/home/bestway/bestway_ws/src/sbus_control', 'symlink_install': False, 'test_result_base': None}
[1.915s] Level 5:colcon.colcon_core.verb:set package 'temperature_publisher' build argument 'cmake_args' from command line to 'None'
[1.915s] Level 5:colcon.colcon_core.verb:set package 'temperature_publisher' build argument 'cmake_target' from command line to 'None'
[1.915s] Level 5:colcon.colcon_core.verb:set package 'temperature_publisher' build argument 'cmake_target_skip_unavailable' from command line to 'False'
[1.915s] Level 5:colcon.colcon_core.verb:set package 'temperature_publisher' build argument 'cmake_clean_cache' from command line to 'False'
[1.915s] Level 5:colcon.colcon_core.verb:set package 'temperature_publisher' build argument 'cmake_clean_first' from command line to 'False'
[1.915s] Level 5:colcon.colcon_core.verb:set package 'temperature_publisher' build argument 'cmake_force_configure' from command line to 'False'
[1.916s] Level 5:colcon.colcon_core.verb:set package 'temperature_publisher' build argument 'ament_cmake_args' from command line to 'None'
[1.916s] Level 5:colcon.colcon_core.verb:set package 'temperature_publisher' build argument 'catkin_cmake_args' from command line to 'None'
[1.916s] Level 5:colcon.colcon_core.verb:set package 'temperature_publisher' build argument 'catkin_skip_building_tests' from command line to 'False'
[1.916s] DEBUG:colcon.colcon_core.verb:Building package 'temperature_publisher' with the following arguments: {'ament_cmake_args': None, 'build_base': '/home/bestway/bestway_ws/build/temperature_publisher', 'catkin_cmake_args': None, 'catkin_skip_building_tests': False, 'cmake_args': None, 'cmake_clean_cache': False, 'cmake_clean_first': False, 'cmake_force_configure': False, 'cmake_target': None, 'cmake_target_skip_unavailable': False, 'install_base': '/home/bestway/bestway_ws/install/temperature_publisher', 'merge_install': False, 'path': '/home/bestway/bestway_ws/src/temperature_publisher', 'symlink_install': False, 'test_result_base': None}
[1.917s] Level 5:colcon.colcon_core.verb:set package 'yuntai_control' build argument 'cmake_args' from command line to 'None'
[1.917s] Level 5:colcon.colcon_core.verb:set package 'yuntai_control' build argument 'cmake_target' from command line to 'None'
[1.917s] Level 5:colcon.colcon_core.verb:set package 'yuntai_control' build argument 'cmake_target_skip_unavailable' from command line to 'False'
[1.917s] Level 5:colcon.colcon_core.verb:set package 'yuntai_control' build argument 'cmake_clean_cache' from command line to 'False'
[1.917s] Level 5:colcon.colcon_core.verb:set package 'yuntai_control' build argument 'cmake_clean_first' from command line to 'False'
[1.917s] Level 5:colcon.colcon_core.verb:set package 'yuntai_control' build argument 'cmake_force_configure' from command line to 'False'
[1.917s] Level 5:colcon.colcon_core.verb:set package 'yuntai_control' build argument 'ament_cmake_args' from command line to 'None'
[1.918s] Level 5:colcon.colcon_core.verb:set package 'yuntai_control' build argument 'catkin_cmake_args' from command line to 'None'
[1.918s] Level 5:colcon.colcon_core.verb:set package 'yuntai_control' build argument 'catkin_skip_building_tests' from command line to 'False'
[1.918s] DEBUG:colcon.colcon_core.verb:Building package 'yuntai_control' with the following arguments: {'ament_cmake_args': None, 'build_base': '/home/bestway/bestway_ws/build/yuntai_control', 'catkin_cmake_args': None, 'catkin_skip_building_tests': False, 'cmake_args': None, 'cmake_clean_cache': False, 'cmake_clean_first': False, 'cmake_force_configure': False, 'cmake_target': None, 'cmake_target_skip_unavailable': False, 'install_base': '/home/bestway/bestway_ws/install/yuntai_control', 'merge_install': False, 'path': '/home/bestway/bestway_ws/src/yuntai_control', 'symlink_install': False, 'test_result_base': None}
[1.918s] INFO:colcon.colcon_core.executor:Executing jobs using 'parallel' executor
[1.933s] DEBUG:colcon.colcon_parallel_executor.executor.parallel:run_until_complete
[1.933s] INFO:colcon.colcon_ros.task.ament_python.build:Building ROS package in '/home/bestway/bestway_ws/src/auto_drive' with build type 'ament_python'
[1.934s] Level 1:colcon.colcon_core.shell:create_environment_hook('auto_drive', 'ament_prefix_path')
[1.942s] INFO:colcon.colcon_core.plugin_system:Skipping extension 'colcon_core.shell.bat': Not used on non-Windows systems
[1.947s] INFO:colcon.colcon_core.shell:Creating environment hook '/home/bestway/bestway_ws/install/auto_drive/share/auto_drive/hook/ament_prefix_path.ps1'
[1.954s] INFO:colcon.colcon_core.shell:Creating environment descriptor '/home/bestway/bestway_ws/install/auto_drive/share/auto_drive/hook/ament_prefix_path.dsv'
[1.958s] INFO:colcon.colcon_core.shell:Creating environment hook '/home/bestway/bestway_ws/install/auto_drive/share/auto_drive/hook/ament_prefix_path.sh'
[1.965s] INFO:colcon.colcon_core.shell:Skip shell extension 'powershell' for command environment: Not usable outside of PowerShell
[1.965s] DEBUG:colcon.colcon_core.shell:Skip shell extension 'dsv' for command environment
[2.042s] INFO:colcon.colcon_ros.task.ament_python.build:Building ROS package in '/home/bestway/bestway_ws/src/lidar_distance' with build type 'ament_python'
[2.042s] Level 1:colcon.colcon_core.shell:create_environment_hook('lidar_distance', 'ament_prefix_path')
[2.043s] INFO:colcon.colcon_core.shell:Creating environment hook '/home/bestway/bestway_ws/install/lidar_distance/share/lidar_distance/hook/ament_prefix_path.ps1'
[2.046s] INFO:colcon.colcon_core.shell:Creating environment descriptor '/home/bestway/bestway_ws/install/lidar_distance/share/lidar_distance/hook/ament_prefix_path.dsv'
[2.049s] INFO:colcon.colcon_core.shell:Creating environment hook '/home/bestway/bestway_ws/install/lidar_distance/share/lidar_distance/hook/ament_prefix_path.sh'
[2.061s] INFO:colcon.colcon_core.shell:Skip shell extension 'powershell' for command environment: Not usable outside of PowerShell
[2.062s] DEBUG:colcon.colcon_core.shell:Skip shell extension 'dsv' for command environment
[2.147s] INFO:colcon.colcon_ros.task.ament_python.build:Building ROS package in '/home/bestway/bestway_ws/src/move_pos' with build type 'ament_python'
[2.149s] Level 1:colcon.colcon_core.shell:create_environment_hook('move_pos', 'ament_prefix_path')
[2.151s] INFO:colcon.colcon_core.shell:Creating environment hook '/home/bestway/bestway_ws/install/move_pos/share/move_pos/hook/ament_prefix_path.ps1'
[2.165s] INFO:colcon.colcon_core.shell:Creating environment descriptor '/home/bestway/bestway_ws/install/move_pos/share/move_pos/hook/ament_prefix_path.dsv'
[2.174s] INFO:colcon.colcon_core.shell:Creating environment hook '/home/bestway/bestway_ws/install/move_pos/share/move_pos/hook/ament_prefix_path.sh'
[2.177s] INFO:colcon.colcon_core.shell:Skip shell extension 'powershell' for command environment: Not usable outside of PowerShell
[2.177s] DEBUG:colcon.colcon_core.shell:Skip shell extension 'dsv' for command environment
[2.245s] INFO:colcon.colcon_ros.task.ament_python.build:Building ROS package in '/home/bestway/bestway_ws/src/sbus_control' with build type 'ament_python'
[2.245s] Level 1:colcon.colcon_core.shell:create_environment_hook('sbus_control', 'ament_prefix_path')
[2.246s] INFO:colcon.colcon_core.shell:Creating environment hook '/home/bestway/bestway_ws/install/sbus_control/share/sbus_control/hook/ament_prefix_path.ps1'
[2.247s] INFO:colcon.colcon_core.shell:Creating environment descriptor '/home/bestway/bestway_ws/install/sbus_control/share/sbus_control/hook/ament_prefix_path.dsv'
[2.248s] INFO:colcon.colcon_core.shell:Creating environment hook '/home/bestway/bestway_ws/install/sbus_control/share/sbus_control/hook/ament_prefix_path.sh'
[2.250s] INFO:colcon.colcon_core.shell:Skip shell extension 'powershell' for command environment: Not usable outside of PowerShell
[2.251s] DEBUG:colcon.colcon_core.shell:Skip shell extension 'dsv' for command environment
[3.337s] INFO:colcon.colcon_core.task.python.build:Building Python package in '/home/bestway/bestway_ws/src/auto_drive'
[3.338s] INFO:colcon.colcon_core.shell:Skip shell extension 'powershell' for command environment: Not usable outside of PowerShell
[3.338s] DEBUG:colcon.colcon_core.shell:Skip shell extension 'dsv' for command environment
[4.464s] INFO:colcon.colcon_core.task.python.build:Building Python package in '/home/bestway/bestway_ws/src/lidar_distance'
[4.465s] INFO:colcon.colcon_core.shell:Skip shell extension 'powershell' for command environment: Not usable outside of PowerShell
[4.465s] DEBUG:colcon.colcon_core.shell:Skip shell extension 'dsv' for command environment
[5.643s] INFO:colcon.colcon_core.task.python.build:Building Python package in '/home/bestway/bestway_ws/src/move_pos'
[5.643s] INFO:colcon.colcon_core.shell:Skip shell extension 'powershell' for command environment: Not usable outside of PowerShell
[5.644s] DEBUG:colcon.colcon_core.shell:Skip shell extension 'dsv' for command environment
[6.866s] INFO:colcon.colcon_core.task.python.build:Building Python package in '/home/bestway/bestway_ws/src/sbus_control'
[6.867s] INFO:colcon.colcon_core.shell:Skip shell extension 'powershell' for command environment: Not usable outside of PowerShell
[6.867s] DEBUG:colcon.colcon_core.shell:Skip shell extension 'dsv' for command environment
[9.508s] DEBUG:colcon.colcon_core.event_handler.log_command:Invoking command in '/home/bestway/bestway_ws/src/auto_drive': PYTHONPATH=/home/bestway/bestway_ws/build/auto_drive/prefix_override:/usr/lib/python3/dist-packages/colcon_core/task/python/colcon_distutils_commands:/home/bestway/bestway_ws/install/auto_drive/lib/python3.10/site-packages:${PYTHONPATH} /usr/bin/python3 -W ignore:setup.py install is deprecated -W ignore:easy_install command is deprecated setup.py egg_info --egg-base ../../build/auto_drive build --build-base /home/bestway/bestway_ws/build/auto_drive/build install --record /home/bestway/bestway_ws/build/auto_drive/install.log --single-version-externally-managed install_data
[9.909s] DEBUG:colcon.colcon_core.event_handler.log_command:Invoking command in '/home/bestway/bestway_ws/src/sbus_control': PYTHONPATH=/home/bestway/bestway_ws/build/sbus_control/prefix_override:/usr/lib/python3/dist-packages/colcon_core/task/python/colcon_distutils_commands:/home/bestway/bestway_ws/install/sbus_control/lib/python3.10/site-packages:${PYTHONPATH} /usr/bin/python3 -W ignore:setup.py install is deprecated -W ignore:easy_install command is deprecated setup.py egg_info --egg-base ../../build/sbus_control build --build-base /home/bestway/bestway_ws/build/sbus_control/build install --record /home/bestway/bestway_ws/build/sbus_control/install.log --single-version-externally-managed install_data
[10.755s] DEBUG:colcon.colcon_core.event_handler.log_command:Invoking command in '/home/bestway/bestway_ws/src/lidar_distance': PYTHONPATH=/home/bestway/bestway_ws/build/lidar_distance/prefix_override:/usr/lib/python3/dist-packages/colcon_core/task/python/colcon_distutils_commands:/home/bestway/bestway_ws/install/lidar_distance/lib/python3.10/site-packages:${PYTHONPATH} /usr/bin/python3 -W ignore:setup.py install is deprecated -W ignore:easy_install command is deprecated setup.py egg_info --egg-base ../../build/lidar_distance build --build-base /home/bestway/bestway_ws/build/lidar_distance/build install --record /home/bestway/bestway_ws/build/lidar_distance/install.log --single-version-externally-managed install_data
[10.893s] DEBUG:colcon.colcon_core.event_handler.log_command:Invoking command in '/home/bestway/bestway_ws/src/move_pos': PYTHONPATH=/home/bestway/bestway_ws/build/move_pos/prefix_override:/usr/lib/python3/dist-packages/colcon_core/task/python/colcon_distutils_commands:/home/bestway/bestway_ws/install/move_pos/lib/python3.10/site-packages:${PYTHONPATH} /usr/bin/python3 -W ignore:setup.py install is deprecated -W ignore:easy_install command is deprecated setup.py egg_info --egg-base ../../build/move_pos build --build-base /home/bestway/bestway_ws/build/move_pos/build install --record /home/bestway/bestway_ws/build/move_pos/install.log --single-version-externally-managed install_data
[11.963s] DEBUG:colcon.colcon_core.event_handler.log_command:Invoked command in '/home/bestway/bestway_ws/src/sbus_control' returned '0': PYTHONPATH=/home/bestway/bestway_ws/build/sbus_control/prefix_override:/usr/lib/python3/dist-packages/colcon_core/task/python/colcon_distutils_commands:/home/bestway/bestway_ws/install/sbus_control/lib/python3.10/site-packages:${PYTHONPATH} /usr/bin/python3 -W ignore:setup.py install is deprecated -W ignore:easy_install command is deprecated setup.py egg_info --egg-base ../../build/sbus_control build --build-base /home/bestway/bestway_ws/build/sbus_control/build install --record /home/bestway/bestway_ws/build/sbus_control/install.log --single-version-externally-managed install_data
[11.968s] Level 1:colcon.colcon_core.environment:checking '/home/bestway/bestway_ws/install/sbus_control' for CMake module files
[11.971s] Level 1:colcon.colcon_core.environment:checking '/home/bestway/bestway_ws/install/sbus_control' for CMake config files
[11.976s] Level 1:colcon.colcon_core.environment:checking '/home/bestway/bestway_ws/install/sbus_control/lib'
[11.977s] Level 1:colcon.colcon_core.environment:checking '/home/bestway/bestway_ws/install/sbus_control/bin'
[11.982s] Level 1:colcon.colcon_core.environment:checking '/home/bestway/bestway_ws/install/sbus_control/lib/pkgconfig/sbus_control.pc'
[11.983s] Level 1:colcon.colcon_core.environment:checking '/home/bestway/bestway_ws/install/sbus_control/lib/python3.10/site-packages'
[11.983s] Level 1:colcon.colcon_core.shell:create_environment_hook('sbus_control', 'pythonpath')
[11.984s] INFO:colcon.colcon_core.shell:Creating environment hook '/home/bestway/bestway_ws/install/sbus_control/share/sbus_control/hook/pythonpath.ps1'
[11.986s] INFO:colcon.colcon_core.shell:Creating environment descriptor '/home/bestway/bestway_ws/install/sbus_control/share/sbus_control/hook/pythonpath.dsv'
[12.001s] INFO:colcon.colcon_core.shell:Creating environment hook '/home/bestway/bestway_ws/install/sbus_control/share/sbus_control/hook/pythonpath.sh'
[12.005s] Level 1:colcon.colcon_core.environment:checking '/home/bestway/bestway_ws/install/sbus_control/bin'
[12.005s] Level 1:colcon.colcon_core.environment:create_environment_scripts_only(sbus_control)
[12.006s] INFO:colcon.colcon_core.shell:Creating package script '/home/bestway/bestway_ws/install/sbus_control/share/sbus_control/package.ps1'
[12.013s] INFO:colcon.colcon_core.shell:Creating package descriptor '/home/bestway/bestway_ws/install/sbus_control/share/sbus_control/package.dsv'
[12.016s] INFO:colcon.colcon_core.shell:Creating package script '/home/bestway/bestway_ws/install/sbus_control/share/sbus_control/package.sh'
[12.025s] INFO:colcon.colcon_core.shell:Creating package script '/home/bestway/bestway_ws/install/sbus_control/share/sbus_control/package.bash'
[12.030s] INFO:colcon.colcon_core.shell:Creating package script '/home/bestway/bestway_ws/install/sbus_control/share/sbus_control/package.zsh'
[12.036s] Level 1:colcon.colcon_core.environment:create_file_with_runtime_dependencies(/home/bestway/bestway_ws/install/sbus_control/share/colcon-core/packages/sbus_control)
[12.057s] INFO:colcon.colcon_ros.task.ament_cmake.build:Building ROS package in '/home/bestway/bestway_ws/src/temperature_publisher' with build type 'ament_cmake'
[12.058s] INFO:colcon.colcon_cmake.task.cmake.build:Building CMake package in '/home/bestway/bestway_ws/src/temperature_publisher'
[12.059s] INFO:colcon.colcon_core.shell:Skip shell extension 'powershell' for command environment: Not usable outside of PowerShell
[12.059s] DEBUG:colcon.colcon_core.shell:Skip shell extension 'dsv' for command environment
[12.155s] DEBUG:colcon.colcon_core.event_handler.log_command:Invoking command in '/home/bestway/bestway_ws/build/temperature_publisher': CMAKE_PREFIX_PATH=${CMAKE_PREFIX_PATH}:/home/bestway/bestway_ws/install/yuntai_control:/home/bestway/bestway_ws/install/sbus_control:/home/bestway/bestway_ws/install/move_pos:/home/bestway/bestway_ws/install/lidar_distance:/home/bestway/bestway_ws/install/auto_drive:/opt/ros/humble /usr/bin/cmake --build /home/bestway/bestway_ws/build/temperature_publisher -- -j4 -l4
[12.998s] DEBUG:colcon.colcon_core.event_handler.log_command:Invoked command in '/home/bestway/bestway_ws/build/temperature_publisher' returned '0': CMAKE_PREFIX_PATH=${CMAKE_PREFIX_PATH}:/home/bestway/bestway_ws/install/yuntai_control:/home/bestway/bestway_ws/install/sbus_control:/home/bestway/bestway_ws/install/move_pos:/home/bestway/bestway_ws/install/lidar_distance:/home/bestway/bestway_ws/install/auto_drive:/opt/ros/humble /usr/bin/cmake --build /home/bestway/bestway_ws/build/temperature_publisher -- -j4 -l4
[13.115s] DEBUG:colcon.colcon_core.event_handler.log_command:Invoking command in '/home/bestway/bestway_ws/build/temperature_publisher': CMAKE_PREFIX_PATH=${CMAKE_PREFIX_PATH}:/home/bestway/bestway_ws/install/yuntai_control:/home/bestway/bestway_ws/install/sbus_control:/home/bestway/bestway_ws/install/move_pos:/home/bestway/bestway_ws/install/lidar_distance:/home/bestway/bestway_ws/install/auto_drive:/opt/ros/humble /usr/bin/cmake --install /home/bestway/bestway_ws/build/temperature_publisher
[13.133s] Level 1:colcon.colcon_core.environment:checking '/home/bestway/bestway_ws/install/auto_drive' for CMake module files
[13.135s] Level 1:colcon.colcon_core.environment:checking '/home/bestway/bestway_ws/install/auto_drive' for CMake config files
[13.134s] DEBUG:colcon.colcon_core.event_handler.log_command:Invoked command in '/home/bestway/bestway_ws/src/auto_drive' returned '0': PYTHONPATH=/home/bestway/bestway_ws/build/auto_drive/prefix_override:/usr/lib/python3/dist-packages/colcon_core/task/python/colcon_distutils_commands:/home/bestway/bestway_ws/install/auto_drive/lib/python3.10/site-packages:${PYTHONPATH} /usr/bin/python3 -W ignore:setup.py install is deprecated -W ignore:easy_install command is deprecated setup.py egg_info --egg-base ../../build/auto_drive build --build-base /home/bestway/bestway_ws/build/auto_drive/build install --record /home/bestway/bestway_ws/build/auto_drive/install.log --single-version-externally-managed install_data
[13.139s] Level 1:colcon.colcon_core.environment:checking '/home/bestway/bestway_ws/install/auto_drive/lib'
[13.140s] Level 1:colcon.colcon_core.environment:checking '/home/bestway/bestway_ws/install/auto_drive/bin'
[13.140s] Level 1:colcon.colcon_core.environment:checking '/home/bestway/bestway_ws/install/auto_drive/lib/pkgconfig/auto_drive.pc'
[13.141s] Level 1:colcon.colcon_core.environment:checking '/home/bestway/bestway_ws/install/auto_drive/lib/python3.10/site-packages'
[13.141s] Level 1:colcon.colcon_core.shell:create_environment_hook('auto_drive', 'pythonpath')
[13.142s] INFO:colcon.colcon_core.shell:Creating environment hook '/home/bestway/bestway_ws/install/auto_drive/share/auto_drive/hook/pythonpath.ps1'
[13.149s] INFO:colcon.colcon_core.shell:Creating environment descriptor '/home/bestway/bestway_ws/install/auto_drive/share/auto_drive/hook/pythonpath.dsv'
[13.153s] INFO:colcon.colcon_core.shell:Creating environment hook '/home/bestway/bestway_ws/install/auto_drive/share/auto_drive/hook/pythonpath.sh'
[13.170s] Level 1:colcon.colcon_core.environment:checking '/home/bestway/bestway_ws/install/auto_drive/bin'
[13.174s] Level 1:colcon.colcon_core.environment:create_environment_scripts_only(auto_drive)
[13.182s] INFO:colcon.colcon_core.shell:Creating package script '/home/bestway/bestway_ws/install/auto_drive/share/auto_drive/package.ps1'
[13.198s] INFO:colcon.colcon_core.shell:Creating package descriptor '/home/bestway/bestway_ws/install/auto_drive/share/auto_drive/package.dsv'
[13.212s] INFO:colcon.colcon_core.shell:Creating package script '/home/bestway/bestway_ws/install/auto_drive/share/auto_drive/package.sh'
[13.223s] INFO:colcon.colcon_core.shell:Creating package script '/home/bestway/bestway_ws/install/auto_drive/share/auto_drive/package.bash'
[13.237s] INFO:colcon.colcon_core.shell:Creating package script '/home/bestway/bestway_ws/install/auto_drive/share/auto_drive/package.zsh'
[13.247s] Level 1:colcon.colcon_core.environment:create_file_with_runtime_dependencies(/home/bestway/bestway_ws/install/auto_drive/share/colcon-core/packages/auto_drive)
[13.255s] INFO:colcon.colcon_ros.task.ament_python.build:Building ROS package in '/home/bestway/bestway_ws/src/yuntai_control' with build type 'ament_python'
[13.261s] Level 1:colcon.colcon_core.shell:create_environment_hook('yuntai_control', 'ament_prefix_path')
[13.264s] INFO:colcon.colcon_core.shell:Creating environment hook '/home/bestway/bestway_ws/install/yuntai_control/share/yuntai_control/hook/ament_prefix_path.ps1'
[13.273s] INFO:colcon.colcon_core.shell:Creating environment descriptor '/home/bestway/bestway_ws/install/yuntai_control/share/yuntai_control/hook/ament_prefix_path.dsv'
[13.287s] INFO:colcon.colcon_core.shell:Creating environment hook '/home/bestway/bestway_ws/install/yuntai_control/share/yuntai_control/hook/ament_prefix_path.sh'
[13.304s] INFO:colcon.colcon_core.shell:Skip shell extension 'powershell' for command environment: Not usable outside of PowerShell
[13.304s] DEBUG:colcon.colcon_core.shell:Skip shell extension 'dsv' for command environment
[13.362s] Level 1:colcon.colcon_core.environment:create_environment_scripts_only(temperature_publisher)
[13.363s] Level 1:colcon.colcon_core.environment:checking '/home/bestway/bestway_ws/install/temperature_publisher' for CMake module files
[13.366s] DEBUG:colcon.colcon_core.event_handler.log_command:Invoked command in '/home/bestway/bestway_ws/build/temperature_publisher' returned '0': CMAKE_PREFIX_PATH=${CMAKE_PREFIX_PATH}:/home/bestway/bestway_ws/install/yuntai_control:/home/bestway/bestway_ws/install/sbus_control:/home/bestway/bestway_ws/install/move_pos:/home/bestway/bestway_ws/install/lidar_distance:/home/bestway/bestway_ws/install/auto_drive:/opt/ros/humble /usr/bin/cmake --install /home/bestway/bestway_ws/build/temperature_publisher
[13.368s] Level 1:colcon.colcon_core.environment:checking '/home/bestway/bestway_ws/install/temperature_publisher' for CMake config files
[13.371s] Level 1:colcon.colcon_core.shell:create_environment_hook('temperature_publisher', 'cmake_prefix_path')
[13.372s] INFO:colcon.colcon_core.shell:Creating environment hook '/home/bestway/bestway_ws/install/temperature_publisher/share/temperature_publisher/hook/cmake_prefix_path.ps1'
[13.376s] INFO:colcon.colcon_core.shell:Creating environment descriptor '/home/bestway/bestway_ws/install/temperature_publisher/share/temperature_publisher/hook/cmake_prefix_path.dsv'
[13.383s] INFO:colcon.colcon_core.shell:Creating environment hook '/home/bestway/bestway_ws/install/temperature_publisher/share/temperature_publisher/hook/cmake_prefix_path.sh'
[13.389s] Level 1:colcon.colcon_core.environment:checking '/home/bestway/bestway_ws/install/temperature_publisher/lib'
[13.391s] Level 1:colcon.colcon_core.environment:checking '/home/bestway/bestway_ws/install/temperature_publisher/bin'
[13.391s] Level 1:colcon.colcon_core.environment:checking '/home/bestway/bestway_ws/install/temperature_publisher/lib/pkgconfig/temperature_publisher.pc'
[13.393s] Level 1:colcon.colcon_core.environment:checking '/home/bestway/bestway_ws/install/temperature_publisher/lib/python3.10/site-packages'
[13.395s] Level 1:colcon.colcon_core.environment:checking '/home/bestway/bestway_ws/install/temperature_publisher/bin'
[13.397s] INFO:colcon.colcon_core.shell:Creating package script '/home/bestway/bestway_ws/install/temperature_publisher/share/temperature_publisher/package.ps1'
[13.415s] INFO:colcon.colcon_core.shell:Creating package descriptor '/home/bestway/bestway_ws/install/temperature_publisher/share/temperature_publisher/package.dsv'
[13.422s] INFO:colcon.colcon_core.shell:Creating package script '/home/bestway/bestway_ws/install/temperature_publisher/share/temperature_publisher/package.sh'
[13.427s] INFO:colcon.colcon_core.shell:Creating package script '/home/bestway/bestway_ws/install/temperature_publisher/share/temperature_publisher/package.bash'
[13.431s] INFO:colcon.colcon_core.shell:Creating package script '/home/bestway/bestway_ws/install/temperature_publisher/share/temperature_publisher/package.zsh'
[13.435s] Level 1:colcon.colcon_core.environment:create_file_with_runtime_dependencies(/home/bestway/bestway_ws/install/temperature_publisher/share/colcon-core/packages/temperature_publisher)
[13.443s] Level 1:colcon.colcon_core.environment:create_environment_scripts_only(temperature_publisher)
[13.445s] Level 1:colcon.colcon_core.environment:checking '/home/bestway/bestway_ws/install/temperature_publisher' for CMake module files
[13.452s] Level 1:colcon.colcon_core.environment:checking '/home/bestway/bestway_ws/install/temperature_publisher' for CMake config files
[13.454s] Level 1:colcon.colcon_core.shell:create_environment_hook('temperature_publisher', 'cmake_prefix_path')
[13.462s] INFO:colcon.colcon_core.shell:Creating environment hook '/home/bestway/bestway_ws/install/temperature_publisher/share/temperature_publisher/hook/cmake_prefix_path.ps1'
[13.483s] INFO:colcon.colcon_core.shell:Creating environment descriptor '/home/bestway/bestway_ws/install/temperature_publisher/share/temperature_publisher/hook/cmake_prefix_path.dsv'
[13.494s] INFO:colcon.colcon_core.shell:Creating environment hook '/home/bestway/bestway_ws/install/temperature_publisher/share/temperature_publisher/hook/cmake_prefix_path.sh'
[13.537s] Level 1:colcon.colcon_core.environment:checking '/home/bestway/bestway_ws/install/temperature_publisher/lib'
[13.543s] Level 1:colcon.colcon_core.environment:checking '/home/bestway/bestway_ws/install/temperature_publisher/bin'
[13.545s] Level 1:colcon.colcon_core.environment:checking '/home/bestway/bestway_ws/install/temperature_publisher/lib/pkgconfig/temperature_publisher.pc'
[13.550s] Level 1:colcon.colcon_core.environment:checking '/home/bestway/bestway_ws/install/temperature_publisher/lib/python3.10/site-packages'
[13.553s] Level 1:colcon.colcon_core.environment:checking '/home/bestway/bestway_ws/install/temperature_publisher/bin'
[13.555s] INFO:colcon.colcon_core.shell:Creating package script '/home/bestway/bestway_ws/install/temperature_publisher/share/temperature_publisher/package.ps1'
[13.567s] INFO:colcon.colcon_core.shell:Creating package descriptor '/home/bestway/bestway_ws/install/temperature_publisher/share/temperature_publisher/package.dsv'
[13.572s] INFO:colcon.colcon_core.shell:Creating package script '/home/bestway/bestway_ws/install/temperature_publisher/share/temperature_publisher/package.sh'
[13.575s] INFO:colcon.colcon_core.shell:Creating package script '/home/bestway/bestway_ws/install/temperature_publisher/share/temperature_publisher/package.bash'
[13.584s] INFO:colcon.colcon_core.shell:Creating package script '/home/bestway/bestway_ws/install/temperature_publisher/share/temperature_publisher/package.zsh'
[13.588s] Level 1:colcon.colcon_core.environment:create_file_with_runtime_dependencies(/home/bestway/bestway_ws/install/temperature_publisher/share/colcon-core/packages/temperature_publisher)
[14.768s] INFO:colcon.colcon_core.task.python.build:Building Python package in '/home/bestway/bestway_ws/src/yuntai_control'
[14.769s] INFO:colcon.colcon_core.shell:Skip shell extension 'powershell' for command environment: Not usable outside of PowerShell
[14.770s] DEBUG:colcon.colcon_core.shell:Skip shell extension 'dsv' for command environment
[14.793s] Level 1:colcon.colcon_core.environment:checking '/home/bestway/bestway_ws/install/move_pos' for CMake module files
[14.794s] DEBUG:colcon.colcon_core.event_handler.log_command:Invoked command in '/home/bestway/bestway_ws/src/move_pos' returned '0': PYTHONPATH=/home/bestway/bestway_ws/build/move_pos/prefix_override:/usr/lib/python3/dist-packages/colcon_core/task/python/colcon_distutils_commands:/home/bestway/bestway_ws/install/move_pos/lib/python3.10/site-packages:${PYTHONPATH} /usr/bin/python3 -W ignore:setup.py install is deprecated -W ignore:easy_install command is deprecated setup.py egg_info --egg-base ../../build/move_pos build --build-base /home/bestway/bestway_ws/build/move_pos/build install --record /home/bestway/bestway_ws/build/move_pos/install.log --single-version-externally-managed install_data
[14.796s] Level 1:colcon.colcon_core.environment:checking '/home/bestway/bestway_ws/install/move_pos' for CMake config files
[14.798s] Level 1:colcon.colcon_core.environment:checking '/home/bestway/bestway_ws/install/move_pos/lib'
[14.798s] Level 1:colcon.colcon_core.environment:checking '/home/bestway/bestway_ws/install/move_pos/bin'
[14.798s] Level 1:colcon.colcon_core.environment:checking '/home/bestway/bestway_ws/install/move_pos/lib/pkgconfig/move_pos.pc'
[14.799s] Level 1:colcon.colcon_core.environment:checking '/home/bestway/bestway_ws/install/move_pos/lib/python3.10/site-packages'
[14.799s] Level 1:colcon.colcon_core.shell:create_environment_hook('move_pos', 'pythonpath')
[14.800s] INFO:colcon.colcon_core.shell:Creating environment hook '/home/bestway/bestway_ws/install/move_pos/share/move_pos/hook/pythonpath.ps1'
[14.801s] INFO:colcon.colcon_core.shell:Creating environment descriptor '/home/bestway/bestway_ws/install/move_pos/share/move_pos/hook/pythonpath.dsv'
[14.802s] INFO:colcon.colcon_core.shell:Creating environment hook '/home/bestway/bestway_ws/install/move_pos/share/move_pos/hook/pythonpath.sh'
[14.804s] Level 1:colcon.colcon_core.environment:checking '/home/bestway/bestway_ws/install/move_pos/bin'
[14.804s] Level 1:colcon.colcon_core.environment:create_environment_scripts_only(move_pos)
[14.805s] INFO:colcon.colcon_core.shell:Creating package script '/home/bestway/bestway_ws/install/move_pos/share/move_pos/package.ps1'
[14.807s] INFO:colcon.colcon_core.shell:Creating package descriptor '/home/bestway/bestway_ws/install/move_pos/share/move_pos/package.dsv'
[14.809s] INFO:colcon.colcon_core.shell:Creating package script '/home/bestway/bestway_ws/install/move_pos/share/move_pos/package.sh'
[14.811s] INFO:colcon.colcon_core.shell:Creating package script '/home/bestway/bestway_ws/install/move_pos/share/move_pos/package.bash'
[14.813s] INFO:colcon.colcon_core.shell:Creating package script '/home/bestway/bestway_ws/install/move_pos/share/move_pos/package.zsh'
[14.815s] Level 1:colcon.colcon_core.environment:create_file_with_runtime_dependencies(/home/bestway/bestway_ws/install/move_pos/share/colcon-core/packages/move_pos)
[14.832s] Level 1:colcon.colcon_core.environment:checking '/home/bestway/bestway_ws/install/lidar_distance' for CMake module files
[14.834s] Level 1:colcon.colcon_core.environment:checking '/home/bestway/bestway_ws/install/lidar_distance' for CMake config files
[14.835s] Level 1:colcon.colcon_core.environment:checking '/home/bestway/bestway_ws/install/lidar_distance/lib'
[14.836s] Level 1:colcon.colcon_core.environment:checking '/home/bestway/bestway_ws/install/lidar_distance/bin'
[14.836s] Level 1:colcon.colcon_core.environment:checking '/home/bestway/bestway_ws/install/lidar_distance/lib/pkgconfig/lidar_distance.pc'
[14.836s] Level 1:colcon.colcon_core.environment:checking '/home/bestway/bestway_ws/install/lidar_distance/lib/python3.10/site-packages'
[14.836s] Level 1:colcon.colcon_core.shell:create_environment_hook('lidar_distance', 'pythonpath')
[14.837s] INFO:colcon.colcon_core.shell:Creating environment hook '/home/bestway/bestway_ws/install/lidar_distance/share/lidar_distance/hook/pythonpath.ps1'
[14.838s] INFO:colcon.colcon_core.shell:Creating environment descriptor '/home/bestway/bestway_ws/install/lidar_distance/share/lidar_distance/hook/pythonpath.dsv'
[14.839s] INFO:colcon.colcon_core.shell:Creating environment hook '/home/bestway/bestway_ws/install/lidar_distance/share/lidar_distance/hook/pythonpath.sh'
[14.833s] DEBUG:colcon.colcon_core.event_handler.log_command:Invoked command in '/home/bestway/bestway_ws/src/lidar_distance' returned '0': PYTHONPATH=/home/bestway/bestway_ws/build/lidar_distance/prefix_override:/usr/lib/python3/dist-packages/colcon_core/task/python/colcon_distutils_commands:/home/bestway/bestway_ws/install/lidar_distance/lib/python3.10/site-packages:${PYTHONPATH} /usr/bin/python3 -W ignore:setup.py install is deprecated -W ignore:easy_install command is deprecated setup.py egg_info --egg-base ../../build/lidar_distance build --build-base /home/bestway/bestway_ws/build/lidar_distance/build install --record /home/bestway/bestway_ws/build/lidar_distance/install.log --single-version-externally-managed install_data
[14.841s] Level 1:colcon.colcon_core.environment:checking '/home/bestway/bestway_ws/install/lidar_distance/bin'
[14.842s] Level 1:colcon.colcon_core.environment:create_environment_scripts_only(lidar_distance)
[14.843s] INFO:colcon.colcon_core.shell:Creating package script '/home/bestway/bestway_ws/install/lidar_distance/share/lidar_distance/package.ps1'
[14.845s] INFO:colcon.colcon_core.shell:Creating package descriptor '/home/bestway/bestway_ws/install/lidar_distance/share/lidar_distance/package.dsv'
[14.847s] INFO:colcon.colcon_core.shell:Creating package script '/home/bestway/bestway_ws/install/lidar_distance/share/lidar_distance/package.sh'
[14.849s] INFO:colcon.colcon_core.shell:Creating package script '/home/bestway/bestway_ws/install/lidar_distance/share/lidar_distance/package.bash'
[14.851s] INFO:colcon.colcon_core.shell:Creating package script '/home/bestway/bestway_ws/install/lidar_distance/share/lidar_distance/package.zsh'
[14.853s] Level 1:colcon.colcon_core.environment:create_file_with_runtime_dependencies(/home/bestway/bestway_ws/install/lidar_distance/share/colcon-core/packages/lidar_distance)
[16.389s] DEBUG:colcon.colcon_core.event_handler.log_command:Invoking command in '/home/bestway/bestway_ws/src/yuntai_control': PYTHONPATH=/home/bestway/bestway_ws/build/yuntai_control/prefix_override:/usr/lib/python3/dist-packages/colcon_core/task/python/colcon_distutils_commands:/home/bestway/bestway_ws/install/yuntai_control/lib/python3.10/site-packages:${PYTHONPATH} /usr/bin/python3 -W ignore:setup.py install is deprecated -W ignore:easy_install command is deprecated setup.py egg_info --egg-base ../../build/yuntai_control build --build-base /home/bestway/bestway_ws/build/yuntai_control/build install --record /home/bestway/bestway_ws/build/yuntai_control/install.log --single-version-externally-managed install_data
[17.523s] Level 1:colcon.colcon_core.environment:checking '/home/bestway/bestway_ws/install/yuntai_control' for CMake module files
[17.526s] DEBUG:colcon.colcon_core.event_handler.log_command:Invoked command in '/home/bestway/bestway_ws/src/yuntai_control' returned '0': PYTHONPATH=/home/bestway/bestway_ws/build/yuntai_control/prefix_override:/usr/lib/python3/dist-packages/colcon_core/task/python/colcon_distutils_commands:/home/bestway/bestway_ws/install/yuntai_control/lib/python3.10/site-packages:${PYTHONPATH} /usr/bin/python3 -W ignore:setup.py install is deprecated -W ignore:easy_install command is deprecated setup.py egg_info --egg-base ../../build/yuntai_control build --build-base /home/bestway/bestway_ws/build/yuntai_control/build install --record /home/bestway/bestway_ws/build/yuntai_control/install.log --single-version-externally-managed install_data
[17.529s] Level 1:colcon.colcon_core.environment:checking '/home/bestway/bestway_ws/install/yuntai_control' for CMake config files
[17.532s] Level 1:colcon.colcon_core.environment:checking '/home/bestway/bestway_ws/install/yuntai_control/lib'
[17.533s] Level 1:colcon.colcon_core.environment:checking '/home/bestway/bestway_ws/install/yuntai_control/bin'
[17.534s] Level 1:colcon.colcon_core.environment:checking '/home/bestway/bestway_ws/install/yuntai_control/lib/pkgconfig/yuntai_control.pc'
[17.534s] Level 1:colcon.colcon_core.environment:checking '/home/bestway/bestway_ws/install/yuntai_control/lib/python3.10/site-packages'
[17.535s] Level 1:colcon.colcon_core.shell:create_environment_hook('yuntai_control', 'pythonpath')
[17.536s] INFO:colcon.colcon_core.shell:Creating environment hook '/home/bestway/bestway_ws/install/yuntai_control/share/yuntai_control/hook/pythonpath.ps1'
[17.549s] INFO:colcon.colcon_core.shell:Creating environment descriptor '/home/bestway/bestway_ws/install/yuntai_control/share/yuntai_control/hook/pythonpath.dsv'
[17.552s] INFO:colcon.colcon_core.shell:Creating environment hook '/home/bestway/bestway_ws/install/yuntai_control/share/yuntai_control/hook/pythonpath.sh'
[17.556s] Level 1:colcon.colcon_core.environment:checking '/home/bestway/bestway_ws/install/yuntai_control/bin'
[17.557s] Level 1:colcon.colcon_core.environment:create_environment_scripts_only(yuntai_control)
[17.558s] INFO:colcon.colcon_core.shell:Creating package script '/home/bestway/bestway_ws/install/yuntai_control/share/yuntai_control/package.ps1'
[17.562s] INFO:colcon.colcon_core.shell:Creating package descriptor '/home/bestway/bestway_ws/install/yuntai_control/share/yuntai_control/package.dsv'
[17.565s] INFO:colcon.colcon_core.shell:Creating package script '/home/bestway/bestway_ws/install/yuntai_control/share/yuntai_control/package.sh'
[17.567s] INFO:colcon.colcon_core.shell:Creating package script '/home/bestway/bestway_ws/install/yuntai_control/share/yuntai_control/package.bash'
[17.569s] INFO:colcon.colcon_core.shell:Creating package script '/home/bestway/bestway_ws/install/yuntai_control/share/yuntai_control/package.zsh'
[17.571s] Level 1:colcon.colcon_core.environment:create_file_with_runtime_dependencies(/home/bestway/bestway_ws/install/yuntai_control/share/colcon-core/packages/yuntai_control)
[17.574s] DEBUG:colcon.colcon_parallel_executor.executor.parallel:closing loop
[17.575s] DEBUG:colcon.colcon_parallel_executor.executor.parallel:loop closed
[17.576s] DEBUG:colcon.colcon_parallel_executor.executor.parallel:run_until_complete finished with '0'
[17.578s] DEBUG:colcon.colcon_core.event_reactor:joining thread
[17.602s] INFO:colcon.colcon_core.plugin_system:Skipping extension 'colcon_notification.desktop_notification.terminal_notifier': Not used on non-Darwin systems
[17.603s] INFO:colcon.colcon_core.plugin_system:Skipping extension 'colcon_notification.desktop_notification.win32': Not used on non-Windows systems
[17.603s] INFO:colcon.colcon_notification.desktop_notification:Sending desktop notification using 'notify2'
[17.654s] DEBUG:colcon.colcon_notification.desktop_notification.notify2:Failed to initialize notify2: org.freedesktop.DBus.Error.Spawn.ChildExited: Process org.freedesktop.Notifications exited with status 1
[17.655s] DEBUG:colcon.colcon_core.event_reactor:joined thread
[17.656s] INFO:colcon.colcon_core.shell:Creating prefix script '/home/bestway/bestway_ws/install/local_setup.ps1'
[17.661s] INFO:colcon.colcon_core.shell:Creating prefix util module '/home/bestway/bestway_ws/install/_local_setup_util_ps1.py'
[17.668s] INFO:colcon.colcon_core.shell:Creating prefix chain script '/home/bestway/bestway_ws/install/setup.ps1'
[17.674s] INFO:colcon.colcon_core.shell:Creating prefix script '/home/bestway/bestway_ws/install/local_setup.sh'
[17.676s] INFO:colcon.colcon_core.shell:Creating prefix util module '/home/bestway/bestway_ws/install/_local_setup_util_sh.py'
[17.679s] INFO:colcon.colcon_core.shell:Creating prefix chain script '/home/bestway/bestway_ws/install/setup.sh'
[17.687s] INFO:colcon.colcon_core.shell:Creating prefix script '/home/bestway/bestway_ws/install/local_setup.bash'
[17.689s] INFO:colcon.colcon_core.shell:Creating prefix chain script '/home/bestway/bestway_ws/install/setup.bash'
[17.698s] INFO:colcon.colcon_core.shell:Creating prefix script '/home/bestway/bestway_ws/install/local_setup.zsh'
[17.702s] INFO:colcon.colcon_core.shell:Creating prefix chain script '/home/bestway/bestway_ws/install/setup.zsh'
