[12.985s] Invoking command in '/home/bestway/bestway_ws/src/sbus_control': PYTHONPATH=/home/bestway/bestway_ws/build/sbus_control/prefix_override:/usr/lib/python3/dist-packages/colcon_core/task/python/colcon_distutils_commands:/home/bestway/bestway_ws/install/sbus_control/lib/python3.10/site-packages:${PYTHONPATH} /usr/bin/python3 -W ignore:setup.py install is deprecated -W ignore:easy_install command is deprecated setup.py egg_info --egg-base ../../build/sbus_control build --build-base /home/bestway/bestway_ws/build/sbus_control/build install --record /home/bestway/bestway_ws/build/sbus_control/install.log --single-version-externally-managed install_data
[16.206s] running egg_info
[16.214s] writing ../../build/sbus_control/sbus_control.egg-info/PKG-INFO
[16.227s] writing dependency_links to ../../build/sbus_control/sbus_control.egg-info/dependency_links.txt
[16.230s] writing entry points to ../../build/sbus_control/sbus_control.egg-info/entry_points.txt
[16.230s] writing requirements to ../../build/sbus_control/sbus_control.egg-info/requires.txt
[16.230s] writing top-level names to ../../build/sbus_control/sbus_control.egg-info/top_level.txt
[16.244s] reading manifest file '../../build/sbus_control/sbus_control.egg-info/SOURCES.txt'
[16.255s] writing manifest file '../../build/sbus_control/sbus_control.egg-info/SOURCES.txt'
[16.256s] running build
[16.256s] running build_py
[16.260s] running install
[16.266s] running install_lib
[16.282s] running install_data
[16.283s] running install_egg_info
[16.307s] removing '/home/bestway/bestway_ws/install/sbus_control/lib/python3.10/site-packages/sbus_control-0.0.0-py3.10.egg-info' (and everything under it)
[16.308s] Copying ../../build/sbus_control/sbus_control.egg-info to /home/bestway/bestway_ws/install/sbus_control/lib/python3.10/site-packages/sbus_control-0.0.0-py3.10.egg-info
[16.324s] running install_scripts
[16.565s] Installing keyboard_control_node script to /home/bestway/bestway_ws/install/sbus_control/lib/sbus_control
[16.567s] Installing sbus_control_node script to /home/bestway/bestway_ws/install/sbus_control/lib/sbus_control
[16.574s] writing list of installed files to '/home/bestway/bestway_ws/build/sbus_control/install.log'
[17.747s] Invoked command in '/home/bestway/bestway_ws/src/sbus_control' returned '0': PYTHONPATH=/home/bestway/bestway_ws/build/sbus_control/prefix_override:/usr/lib/python3/dist-packages/colcon_core/task/python/colcon_distutils_commands:/home/bestway/bestway_ws/install/sbus_control/lib/python3.10/site-packages:${PYTHONPATH} /usr/bin/python3 -W ignore:setup.py install is deprecated -W ignore:easy_install command is deprecated setup.py egg_info --egg-base ../../build/sbus_control build --build-base /home/bestway/bestway_ws/build/sbus_control/build install --record /home/bestway/bestway_ws/build/sbus_control/install.log --single-version-externally-managed install_data
