[3.748s] Invoking command in '/home/bestway/bestway_ws/src/move_pos': PYTHONPATH=/home/bestway/bestway_ws/build/move_pos/prefix_override:/usr/lib/python3/dist-packages/colcon_core/task/python/colcon_distutils_commands:/home/bestway/bestway_ws/install/move_pos/lib/python3.10/site-packages:${PYTHONPATH} /usr/bin/python3 -W ignore:setup.py install is deprecated -W ignore:easy_install command is deprecated setup.py egg_info --egg-base ../../build/move_pos build --build-base /home/bestway/bestway_ws/build/move_pos/build install --record /home/bestway/bestway_ws/build/move_pos/install.log --single-version-externally-managed install_data
[4.483s] running egg_info
[4.486s] writing ../../build/move_pos/move_pos.egg-info/PKG-INFO
[4.487s] writing dependency_links to ../../build/move_pos/move_pos.egg-info/dependency_links.txt
[4.487s] writing entry points to ../../build/move_pos/move_pos.egg-info/entry_points.txt
[4.487s] writing requirements to ../../build/move_pos/move_pos.egg-info/requires.txt
[4.488s] writing top-level names to ../../build/move_pos/move_pos.egg-info/top_level.txt
[4.493s] reading manifest file '../../build/move_pos/move_pos.egg-info/SOURCES.txt'
[4.495s] writing manifest file '../../build/move_pos/move_pos.egg-info/SOURCES.txt'
[4.495s] running build
[4.495s] running build_py
[4.495s] running install
[4.496s] running install_lib
[4.500s] running install_data
[4.500s] running install_egg_info
[4.505s] removing '/home/bestway/bestway_ws/install/move_pos/lib/python3.10/site-packages/move_pos-0.0.0-py3.10.egg-info' (and everything under it)
[4.506s] Copying ../../build/move_pos/move_pos.egg-info to /home/bestway/bestway_ws/install/move_pos/lib/python3.10/site-packages/move_pos-0.0.0-py3.10.egg-info
[4.515s] running install_scripts
[4.574s] Installing move_pos_topic_node script to /home/bestway/bestway_ws/install/move_pos/lib/move_pos
[4.574s] writing list of installed files to '/home/bestway/bestway_ws/build/move_pos/install.log'
[5.332s] Invoked command in '/home/bestway/bestway_ws/src/move_pos' returned '0': PYTHONPATH=/home/bestway/bestway_ws/build/move_pos/prefix_override:/usr/lib/python3/dist-packages/colcon_core/task/python/colcon_distutils_commands:/home/bestway/bestway_ws/install/move_pos/lib/python3.10/site-packages:${PYTHONPATH} /usr/bin/python3 -W ignore:setup.py install is deprecated -W ignore:easy_install command is deprecated setup.py egg_info --egg-base ../../build/move_pos build --build-base /home/bestway/bestway_ws/build/move_pos/build install --record /home/bestway/bestway_ws/build/move_pos/install.log --single-version-externally-managed install_data
