[4.653s] Invoking command in '/home/bestway/bestway_ws/src/imu_odometry': PYTHONPATH=/home/bestway/bestway_ws/build/imu_odometry/prefix_override:/usr/lib/python3/dist-packages/colcon_core/task/python/colcon_distutils_commands:/home/bestway/bestway_ws/install/imu_odometry/lib/python3.10/site-packages:${PYTHONPATH} /usr/bin/python3 -W ignore:setup.py install is deprecated -W ignore:easy_install command is deprecated setup.py egg_info --egg-base ../../build/imu_odometry build --build-base /home/bestway/bestway_ws/build/imu_odometry/build install --record /home/bestway/bestway_ws/build/imu_odometry/install.log --single-version-externally-managed install_data
[5.747s] running egg_info
[5.750s] writing ../../build/imu_odometry/imu_odometry.egg-info/PKG-INFO
[5.752s] writing dependency_links to ../../build/imu_odometry/imu_odometry.egg-info/dependency_links.txt
[5.753s] writing entry points to ../../build/imu_odometry/imu_odometry.egg-info/entry_points.txt
[5.753s] writing requirements to ../../build/imu_odometry/imu_odometry.egg-info/requires.txt
[5.755s] writing top-level names to ../../build/imu_odometry/imu_odometry.egg-info/top_level.txt
[5.769s] reading manifest file '../../build/imu_odometry/imu_odometry.egg-info/SOURCES.txt'
[5.769s] writing manifest file '../../build/imu_odometry/imu_odometry.egg-info/SOURCES.txt'
[5.769s] running build
[5.769s] running build_py
[5.769s] running install
[5.773s] running install_lib
[5.784s] running install_data
[5.787s] running install_egg_info
[5.810s] removing '/home/bestway/bestway_ws/install/imu_odometry/lib/python3.10/site-packages/imu_odometry-0.0.0-py3.10.egg-info' (and everything under it)
[5.819s] Copying ../../build/imu_odometry/imu_odometry.egg-info to /home/bestway/bestway_ws/install/imu_odometry/lib/python3.10/site-packages/imu_odometry-0.0.0-py3.10.egg-info
[5.838s] running install_scripts
[5.924s] Installing imu_odometry_node script to /home/bestway/bestway_ws/install/imu_odometry/lib/imu_odometry
[5.926s] writing list of installed files to '/home/bestway/bestway_ws/build/imu_odometry/install.log'
[6.837s] Invoked command in '/home/bestway/bestway_ws/src/imu_odometry' returned '0': PYTHONPATH=/home/bestway/bestway_ws/build/imu_odometry/prefix_override:/usr/lib/python3/dist-packages/colcon_core/task/python/colcon_distutils_commands:/home/bestway/bestway_ws/install/imu_odometry/lib/python3.10/site-packages:${PYTHONPATH} /usr/bin/python3 -W ignore:setup.py install is deprecated -W ignore:easy_install command is deprecated setup.py egg_info --egg-base ../../build/imu_odometry build --build-base /home/bestway/bestway_ws/build/imu_odometry/build install --record /home/bestway/bestway_ws/build/imu_odometry/install.log --single-version-externally-managed install_data
