[4.370s] Invoking command in '/home/bestway/bestway_ws/src/move_pos': PYTHONPATH=/home/bestway/bestway_ws/build/move_pos/prefix_override:/usr/lib/python3/dist-packages/colcon_core/task/python/colcon_distutils_commands:/home/bestway/bestway_ws/install/move_pos/lib/python3.10/site-packages:${PYTHONPATH} /usr/bin/python3 -W ignore:setup.py install is deprecated -W ignore:easy_install command is deprecated setup.py egg_info --egg-base ../../build/move_pos build --build-base /home/bestway/bestway_ws/build/move_pos/build install --record /home/bestway/bestway_ws/build/move_pos/install.log --single-version-externally-managed install_data
[5.214s] running egg_info
[5.216s] writing ../../build/move_pos/move_pos.egg-info/PKG-INFO
[5.217s] writing dependency_links to ../../build/move_pos/move_pos.egg-info/dependency_links.txt
[5.218s] writing entry points to ../../build/move_pos/move_pos.egg-info/entry_points.txt
[5.218s] writing requirements to ../../build/move_pos/move_pos.egg-info/requires.txt
[5.218s] writing top-level names to ../../build/move_pos/move_pos.egg-info/top_level.txt
[5.223s] reading manifest file '../../build/move_pos/move_pos.egg-info/SOURCES.txt'
[5.229s] writing manifest file '../../build/move_pos/move_pos.egg-info/SOURCES.txt'
[5.229s] running build
[5.230s] running build_py
[5.231s] running install
[5.231s] running install_lib
[5.231s] running install_data
[5.231s] running install_egg_info
[5.236s] removing '/home/bestway/bestway_ws/install/move_pos/lib/python3.10/site-packages/move_pos-0.0.0-py3.10.egg-info' (and everything under it)
[5.241s] Copying ../../build/move_pos/move_pos.egg-info to /home/bestway/bestway_ws/install/move_pos/lib/python3.10/site-packages/move_pos-0.0.0-py3.10.egg-info
[5.241s] running install_scripts
[5.292s] Installing move_pos_topic_node script to /home/bestway/bestway_ws/install/move_pos/lib/move_pos
[5.296s] writing list of installed files to '/home/bestway/bestway_ws/build/move_pos/install.log'
[6.484s] Invoked command in '/home/bestway/bestway_ws/src/move_pos' returned '0': PYTHONPATH=/home/bestway/bestway_ws/build/move_pos/prefix_override:/usr/lib/python3/dist-packages/colcon_core/task/python/colcon_distutils_commands:/home/bestway/bestway_ws/install/move_pos/lib/python3.10/site-packages:${PYTHONPATH} /usr/bin/python3 -W ignore:setup.py install is deprecated -W ignore:easy_install command is deprecated setup.py egg_info --egg-base ../../build/move_pos build --build-base /home/bestway/bestway_ws/build/move_pos/build install --record /home/bestway/bestway_ws/build/move_pos/install.log --single-version-externally-managed install_data
