[5.497s] Invoking command in '/home/bestway/bestway_ws/src/auto_drive': PYTHONPATH=/home/bestway/bestway_ws/build/auto_drive/prefix_override:/usr/lib/python3/dist-packages/colcon_core/task/python/colcon_distutils_commands:/home/bestway/bestway_ws/install/auto_drive/lib/python3.10/site-packages:${PYTHONPATH} /usr/bin/python3 -W ignore:setup.py install is deprecated -W ignore:easy_install command is deprecated setup.py egg_info --egg-base ../../build/auto_drive build --build-base /home/bestway/bestway_ws/build/auto_drive/build install --record /home/bestway/bestway_ws/build/auto_drive/install.log --single-version-externally-managed install_data
[7.114s] running egg_info
[7.118s] writing ../../build/auto_drive/auto_drive.egg-info/PKG-INFO
[7.119s] writing dependency_links to ../../build/auto_drive/auto_drive.egg-info/dependency_links.txt
[7.121s] writing entry points to ../../build/auto_drive/auto_drive.egg-info/entry_points.txt
[7.121s] writing requirements to ../../build/auto_drive/auto_drive.egg-info/requires.txt
[7.122s] writing top-level names to ../../build/auto_drive/auto_drive.egg-info/top_level.txt
[7.138s] reading manifest file '../../build/auto_drive/auto_drive.egg-info/SOURCES.txt'
[7.146s] writing manifest file '../../build/auto_drive/auto_drive.egg-info/SOURCES.txt'
[7.148s] running build
[7.148s] running build_py
[7.150s] copying auto_drive/navigation_controller.py -> /home/bestway/bestway_ws/build/auto_drive/build/lib/auto_drive
[7.153s] copying auto_drive/pointcloud_to_2d_map.py -> /home/bestway/bestway_ws/build/auto_drive/build/lib/auto_drive
[7.156s] running install
[7.158s] running install_lib
[7.168s] copying /home/bestway/bestway_ws/build/auto_drive/build/lib/auto_drive/navigation_controller.py -> /home/bestway/bestway_ws/install/auto_drive/lib/python3.10/site-packages/auto_drive
[7.174s] copying /home/bestway/bestway_ws/build/auto_drive/build/lib/auto_drive/pointcloud_to_2d_map.py -> /home/bestway/bestway_ws/install/auto_drive/lib/python3.10/site-packages/auto_drive
[7.179s] byte-compiling /home/bestway/bestway_ws/install/auto_drive/lib/python3.10/site-packages/auto_drive/navigation_controller.py to navigation_controller.cpython-310.pyc
[7.211s] byte-compiling /home/bestway/bestway_ws/install/auto_drive/lib/python3.10/site-packages/auto_drive/pointcloud_to_2d_map.py to pointcloud_to_2d_map.cpython-310.pyc
[7.229s] running install_data
[7.232s] running install_egg_info
[7.256s] removing '/home/bestway/bestway_ws/install/auto_drive/lib/python3.10/site-packages/auto_drive-0.0.0-py3.10.egg-info' (and everything under it)
[7.269s] Copying ../../build/auto_drive/auto_drive.egg-info to /home/bestway/bestway_ws/install/auto_drive/lib/python3.10/site-packages/auto_drive-0.0.0-py3.10.egg-info
[7.305s] running install_scripts
[7.436s] Installing auto_drive_node script to /home/bestway/bestway_ws/install/auto_drive/lib/auto_drive
[7.443s] Installing navigation_controller script to /home/bestway/bestway_ws/install/auto_drive/lib/auto_drive
[7.447s] Installing pointcloud_to_2d_map script to /home/bestway/bestway_ws/install/auto_drive/lib/auto_drive
[7.449s] Installing pose_printer_node script to /home/bestway/bestway_ws/install/auto_drive/lib/auto_drive
[7.451s] Installing search_fire_node script to /home/bestway/bestway_ws/install/auto_drive/lib/auto_drive
[7.451s] writing list of installed files to '/home/bestway/bestway_ws/build/auto_drive/install.log'
[7.679s] Invoked command in '/home/bestway/bestway_ws/src/auto_drive' returned '0': PYTHONPATH=/home/bestway/bestway_ws/build/auto_drive/prefix_override:/usr/lib/python3/dist-packages/colcon_core/task/python/colcon_distutils_commands:/home/bestway/bestway_ws/install/auto_drive/lib/python3.10/site-packages:${PYTHONPATH} /usr/bin/python3 -W ignore:setup.py install is deprecated -W ignore:easy_install command is deprecated setup.py egg_info --egg-base ../../build/auto_drive build --build-base /home/bestway/bestway_ws/build/auto_drive/build install --record /home/bestway/bestway_ws/build/auto_drive/install.log --single-version-externally-managed install_data
