[12.720s] Invoking command in '/home/bestway/bestway_ws/src/lidar_distance': PYTHONPATH=/home/bestway/bestway_ws/build/lidar_distance/prefix_override:/usr/lib/python3/dist-packages/colcon_core/task/python/colcon_distutils_commands:/home/bestway/bestway_ws/install/lidar_distance/lib/python3.10/site-packages:${PYTHONPATH} /usr/bin/python3 -W ignore:setup.py install is deprecated -W ignore:easy_install command is deprecated setup.py egg_info --egg-base ../../build/lidar_distance build --build-base /home/bestway/bestway_ws/build/lidar_distance/build install --record /home/bestway/bestway_ws/build/lidar_distance/install.log --single-version-externally-managed install_data
[14.512s] running egg_info
[14.521s] writing ../../build/lidar_distance/lidar_distance.egg-info/PKG-INFO
[14.523s] writing dependency_links to ../../build/lidar_distance/lidar_distance.egg-info/dependency_links.txt
[14.528s] writing entry points to ../../build/lidar_distance/lidar_distance.egg-info/entry_points.txt
[14.530s] writing requirements to ../../build/lidar_distance/lidar_distance.egg-info/requires.txt
[14.535s] writing top-level names to ../../build/lidar_distance/lidar_distance.egg-info/top_level.txt
[14.548s] reading manifest file '../../build/lidar_distance/lidar_distance.egg-info/SOURCES.txt'
[14.557s] writing manifest file '../../build/lidar_distance/lidar_distance.egg-info/SOURCES.txt'
[14.561s] running build
[14.562s] running build_py
[14.564s] running install
[14.568s] running install_lib
[14.581s] running install_data
[14.582s] running install_egg_info
[14.602s] removing '/home/bestway/bestway_ws/install/lidar_distance/lib/python3.10/site-packages/lidar_distance-0.0.0-py3.10.egg-info' (and everything under it)
[14.612s] Copying ../../build/lidar_distance/lidar_distance.egg-info to /home/bestway/bestway_ws/install/lidar_distance/lib/python3.10/site-packages/lidar_distance-0.0.0-py3.10.egg-info
[14.647s] running install_scripts
[14.854s] Installing lidar_distance script to /home/bestway/bestway_ws/install/lidar_distance/lib/lidar_distance
[14.866s] writing list of installed files to '/home/bestway/bestway_ws/build/lidar_distance/install.log'
[15.270s] Invoked command in '/home/bestway/bestway_ws/src/lidar_distance' returned '0': PYTHONPATH=/home/bestway/bestway_ws/build/lidar_distance/prefix_override:/usr/lib/python3/dist-packages/colcon_core/task/python/colcon_distutils_commands:/home/bestway/bestway_ws/install/lidar_distance/lib/python3.10/site-packages:${PYTHONPATH} /usr/bin/python3 -W ignore:setup.py install is deprecated -W ignore:easy_install command is deprecated setup.py egg_info --egg-base ../../build/lidar_distance build --build-base /home/bestway/bestway_ws/build/lidar_distance/build install --record /home/bestway/bestway_ws/build/lidar_distance/install.log --single-version-externally-managed install_data
