[5.064s] Invoking command in '/home/bestway/bestway_ws/src/imu_odometry': PYTHONPATH=/home/bestway/bestway_ws/build/imu_odometry/prefix_override:/usr/lib/python3/dist-packages/colcon_core/task/python/colcon_distutils_commands:/home/bestway/bestway_ws/install/imu_odometry/lib/python3.10/site-packages:${PYTHONPATH} /usr/bin/python3 -W ignore:setup.py install is deprecated -W ignore:easy_install command is deprecated setup.py egg_info --egg-base ../../build/imu_odometry build --build-base /home/bestway/bestway_ws/build/imu_odometry/build install --record /home/bestway/bestway_ws/build/imu_odometry/install.log --single-version-externally-managed install_data
[5.940s] running egg_info
[5.945s] writing ../../build/imu_odometry/imu_odometry.egg-info/PKG-INFO
[5.950s] writing dependency_links to ../../build/imu_odometry/imu_odometry.egg-info/dependency_links.txt
[5.951s] writing entry points to ../../build/imu_odometry/imu_odometry.egg-info/entry_points.txt
[5.952s] writing requirements to ../../build/imu_odometry/imu_odometry.egg-info/requires.txt
[5.952s] writing top-level names to ../../build/imu_odometry/imu_odometry.egg-info/top_level.txt
[5.958s] reading manifest file '../../build/imu_odometry/imu_odometry.egg-info/SOURCES.txt'
[5.961s] writing manifest file '../../build/imu_odometry/imu_odometry.egg-info/SOURCES.txt'
[5.961s] running build
[5.962s] running build_py
[5.962s] running install
[5.963s] running install_lib
[5.974s] running install_data
[5.975s] running install_egg_info
[5.983s] removing '/home/bestway/bestway_ws/install/imu_odometry/lib/python3.10/site-packages/imu_odometry-0.0.0-py3.10.egg-info' (and everything under it)
[5.986s] Copying ../../build/imu_odometry/imu_odometry.egg-info to /home/bestway/bestway_ws/install/imu_odometry/lib/python3.10/site-packages/imu_odometry-0.0.0-py3.10.egg-info
[5.989s] running install_scripts
[6.065s] Installing imu_odometry_node script to /home/bestway/bestway_ws/install/imu_odometry/lib/imu_odometry
[6.070s] writing list of installed files to '/home/bestway/bestway_ws/build/imu_odometry/install.log'
[6.473s] Invoked command in '/home/bestway/bestway_ws/src/imu_odometry' returned '0': PYTHONPATH=/home/bestway/bestway_ws/build/imu_odometry/prefix_override:/usr/lib/python3/dist-packages/colcon_core/task/python/colcon_distutils_commands:/home/bestway/bestway_ws/install/imu_odometry/lib/python3.10/site-packages:${PYTHONPATH} /usr/bin/python3 -W ignore:setup.py install is deprecated -W ignore:easy_install command is deprecated setup.py egg_info --egg-base ../../build/imu_odometry build --build-base /home/bestway/bestway_ws/build/imu_odometry/build install --record /home/bestway/bestway_ws/build/imu_odometry/install.log --single-version-externally-managed install_data
