[1.370s] Invoking command in '/home/bestway/bestway_ws/build/temperature_publisher': CMAKE_PREFIX_PATH=${CMAKE_PREFIX_PATH}:/home/bestway/bestway_ws/install/yuntai_control:/home/bestway/bestway_ws/install/sbus_control:/home/bestway/bestway_ws/install/nav2_launch:/home/bestway/bestway_ws/install/move_pos:/home/bestway/bestway_ws/install/lidar_distance:/home/bestway/bestway_ws/install/imu_odometry:/home/bestway/bestway_ws/install/auto_drive:/opt/ros/humble /usr/bin/cmake --build /home/bestway/bestway_ws/build/temperature_publisher -- -j4 -l4
[2.258s] [100%] Built target temperature_publisher
[3.381s] Invoked command in '/home/bestway/bestway_ws/build/temperature_publisher' returned '0': CMAKE_PREFIX_PATH=${CMAKE_PREFIX_PATH}:/home/bestway/bestway_ws/install/yuntai_control:/home/bestway/bestway_ws/install/sbus_control:/home/bestway/bestway_ws/install/nav2_launch:/home/bestway/bestway_ws/install/move_pos:/home/bestway/bestway_ws/install/lidar_distance:/home/bestway/bestway_ws/install/imu_odometry:/home/bestway/bestway_ws/install/auto_drive:/opt/ros/humble /usr/bin/cmake --build /home/bestway/bestway_ws/build/temperature_publisher -- -j4 -l4
[3.493s] Invoking command in '/home/bestway/bestway_ws/build/temperature_publisher': CMAKE_PREFIX_PATH=${CMAKE_PREFIX_PATH}:/home/bestway/bestway_ws/install/yuntai_control:/home/bestway/bestway_ws/install/sbus_control:/home/bestway/bestway_ws/install/nav2_launch:/home/bestway/bestway_ws/install/move_pos:/home/bestway/bestway_ws/install/lidar_distance:/home/bestway/bestway_ws/install/imu_odometry:/home/bestway/bestway_ws/install/auto_drive:/opt/ros/humble /usr/bin/cmake --install /home/bestway/bestway_ws/build/temperature_publisher
[3.551s] -- Install configuration: ""
[3.553s] -- Up-to-date: /home/bestway/bestway_ws/install/temperature_publisher/lib/temperature_publisher/temperature_publisher
[3.556s] -- Up-to-date: /home/bestway/bestway_ws/install/temperature_publisher/share/ament_index/resource_index/package_run_dependencies/temperature_publisher
[3.557s] -- Up-to-date: /home/bestway/bestway_ws/install/temperature_publisher/share/ament_index/resource_index/parent_prefix_path/temperature_publisher
[3.559s] -- Up-to-date: /home/bestway/bestway_ws/install/temperature_publisher/share/temperature_publisher/environment/ament_prefix_path.sh
[3.561s] -- Up-to-date: /home/bestway/bestway_ws/install/temperature_publisher/share/temperature_publisher/environment/ament_prefix_path.dsv
[3.562s] -- Up-to-date: /home/bestway/bestway_ws/install/temperature_publisher/share/temperature_publisher/environment/path.sh
[3.563s] -- Up-to-date: /home/bestway/bestway_ws/install/temperature_publisher/share/temperature_publisher/environment/path.dsv
[3.564s] -- Up-to-date: /home/bestway/bestway_ws/install/temperature_publisher/share/temperature_publisher/local_setup.bash
[3.570s] -- Up-to-date: /home/bestway/bestway_ws/install/temperature_publisher/share/temperature_publisher/local_setup.sh
[3.571s] -- Up-to-date: /home/bestway/bestway_ws/install/temperature_publisher/share/temperature_publisher/local_setup.zsh
[3.573s] -- Up-to-date: /home/bestway/bestway_ws/install/temperature_publisher/share/temperature_publisher/local_setup.dsv
[3.574s] -- Installing: /home/bestway/bestway_ws/install/temperature_publisher/share/temperature_publisher/package.dsv
[3.581s] -- Up-to-date: /home/bestway/bestway_ws/install/temperature_publisher/share/ament_index/resource_index/packages/temperature_publisher
[3.582s] -- Up-to-date: /home/bestway/bestway_ws/install/temperature_publisher/share/temperature_publisher/cmake/temperature_publisherConfig.cmake
[3.583s] -- Up-to-date: /home/bestway/bestway_ws/install/temperature_publisher/share/temperature_publisher/cmake/temperature_publisherConfig-version.cmake
[3.584s] -- Up-to-date: /home/bestway/bestway_ws/install/temperature_publisher/share/temperature_publisher/package.xml
[3.595s] Invoked command in '/home/bestway/bestway_ws/build/temperature_publisher' returned '0': CMAKE_PREFIX_PATH=${CMAKE_PREFIX_PATH}:/home/bestway/bestway_ws/install/yuntai_control:/home/bestway/bestway_ws/install/sbus_control:/home/bestway/bestway_ws/install/nav2_launch:/home/bestway/bestway_ws/install/move_pos:/home/bestway/bestway_ws/install/lidar_distance:/home/bestway/bestway_ws/install/imu_odometry:/home/bestway/bestway_ws/install/auto_drive:/opt/ros/humble /usr/bin/cmake --install /home/bestway/bestway_ws/build/temperature_publisher
