[4.659s] Invoking command in '/home/bestway/bestway_ws/src/lidar_distance': PYTHONPATH=/home/bestway/bestway_ws/build/lidar_distance/prefix_override:/usr/lib/python3/dist-packages/colcon_core/task/python/colcon_distutils_commands:/home/bestway/bestway_ws/install/lidar_distance/lib/python3.10/site-packages:${PYTHONPATH} /usr/bin/python3 -W ignore:setup.py install is deprecated -W ignore:easy_install command is deprecated setup.py egg_info --egg-base ../../build/lidar_distance build --build-base /home/bestway/bestway_ws/build/lidar_distance/build install --record /home/bestway/bestway_ws/build/lidar_distance/install.log --single-version-externally-managed install_data
[6.108s] running egg_info
[6.110s] writing ../../build/lidar_distance/lidar_distance.egg-info/PKG-INFO
[6.116s] writing dependency_links to ../../build/lidar_distance/lidar_distance.egg-info/dependency_links.txt
[6.117s] writing entry points to ../../build/lidar_distance/lidar_distance.egg-info/entry_points.txt
[6.118s] writing requirements to ../../build/lidar_distance/lidar_distance.egg-info/requires.txt
[6.119s] writing top-level names to ../../build/lidar_distance/lidar_distance.egg-info/top_level.txt
[6.130s] reading manifest file '../../build/lidar_distance/lidar_distance.egg-info/SOURCES.txt'
[6.134s] writing manifest file '../../build/lidar_distance/lidar_distance.egg-info/SOURCES.txt'
[6.135s] running build
[6.136s] running build_py
[6.137s] running install
[6.139s] running install_lib
[6.154s] running install_data
[6.155s] running install_egg_info
[6.161s] removing '/home/bestway/bestway_ws/install/lidar_distance/lib/python3.10/site-packages/lidar_distance-0.0.0-py3.10.egg-info' (and everything under it)
[6.175s] Copying ../../build/lidar_distance/lidar_distance.egg-info to /home/bestway/bestway_ws/install/lidar_distance/lib/python3.10/site-packages/lidar_distance-0.0.0-py3.10.egg-info
[6.219s] running install_scripts
[6.320s] Installing lidar_distance script to /home/bestway/bestway_ws/install/lidar_distance/lib/lidar_distance
[6.321s] writing list of installed files to '/home/bestway/bestway_ws/build/lidar_distance/install.log'
[6.913s] Invoked command in '/home/bestway/bestway_ws/src/lidar_distance' returned '0': PYTHONPATH=/home/bestway/bestway_ws/build/lidar_distance/prefix_override:/usr/lib/python3/dist-packages/colcon_core/task/python/colcon_distutils_commands:/home/bestway/bestway_ws/install/lidar_distance/lib/python3.10/site-packages:${PYTHONPATH} /usr/bin/python3 -W ignore:setup.py install is deprecated -W ignore:easy_install command is deprecated setup.py egg_info --egg-base ../../build/lidar_distance build --build-base /home/bestway/bestway_ws/build/lidar_distance/build install --record /home/bestway/bestway_ws/build/lidar_distance/install.log --single-version-externally-managed install_data
