[0.251s] DEBUG:colcon:Command line arguments: ['/usr/bin/colcon', 'build']
[0.251s] DEBUG:colcon:Parsed command line arguments: Namespace(log_base=None, log_level=None, verb_name='build', build_base='build', install_base='install', merge_install=False, symlink_install=False, test_result_base=None, continue_on_error=False, executor='parallel', parallel_workers=4, event_handlers=None, ignore_user_meta=False, metas=['./colcon.meta'], base_paths=['.'], packages_ignore=None, packages_ignore_regex=None, paths=None, packages_up_to=None, packages_up_to_regex=None, packages_above=None, packages_above_and_dependencies=None, packages_above_depth=None, packages_select_by_dep=None, packages_skip_by_dep=None, packages_skip_up_to=None, packages_select_build_failed=False, packages_skip_build_finished=False, packages_select_test_failures=False, packages_skip_test_passed=False, packages_select=None, packages_skip=None, packages_select_regex=None, packages_skip_regex=None, packages_start=None, packages_end=None, allow_overriding=[], cmake_args=None, cmake_target=None, cmake_target_skip_unavailable=False, cmake_clean_cache=False, cmake_clean_first=False, cmake_force_configure=False, ament_cmake_args=None, catkin_cmake_args=None, catkin_skip_building_tests=False, verb_parser=<colcon_defaults.argument_parser.defaults.DefaultArgumentsDecorator object at 0xffffb9b5a260>, verb_extension=<colcon_core.verb.build.BuildVerb object at 0xffffb9b59d50>, main=<bound method BuildVerb.main of <colcon_core.verb.build.BuildVerb object at 0xffffb9b59d50>>)
[0.669s] Level 1:colcon.colcon_core.package_discovery:discover_packages(colcon_meta) check parameters
[0.669s] Level 1:colcon.colcon_core.package_discovery:discover_packages(recursive) check parameters
[0.669s] Level 1:colcon.colcon_core.package_discovery:discover_packages(ignore) check parameters
[0.669s] Level 1:colcon.colcon_core.package_discovery:discover_packages(path) check parameters
[0.669s] Level 1:colcon.colcon_core.package_discovery:discover_packages(colcon_meta) discover
[0.670s] Level 1:colcon.colcon_core.package_discovery:discover_packages(recursive) discover
[0.670s] INFO:colcon.colcon_core.package_discovery:Crawling recursively for packages in '/home/bestway/bestway_ws'
[0.670s] Level 1:colcon.colcon_core.package_identification:_identify(.) by extensions ['ignore', 'ignore_ament_install']
[0.670s] Level 1:colcon.colcon_core.package_identification:_identify(.) by extension 'ignore'
[0.671s] Level 1:colcon.colcon_core.package_identification:_identify(.) by extension 'ignore_ament_install'
[0.671s] Level 1:colcon.colcon_core.package_identification:_identify(.) by extensions ['colcon_pkg']
[0.671s] Level 1:colcon.colcon_core.package_identification:_identify(.) by extension 'colcon_pkg'
[0.671s] Level 1:colcon.colcon_core.package_identification:_identify(.) by extensions ['colcon_meta']
[0.671s] Level 1:colcon.colcon_core.package_identification:_identify(.) by extension 'colcon_meta'
[0.671s] Level 1:colcon.colcon_core.package_identification:_identify(.) by extensions ['ros']
[0.671s] Level 1:colcon.colcon_core.package_identification:_identify(.) by extension 'ros'
[0.695s] Level 1:colcon.colcon_core.package_identification:_identify(.) by extensions ['cmake', 'python']
[0.695s] Level 1:colcon.colcon_core.package_identification:_identify(.) by extension 'cmake'
[0.696s] Level 1:colcon.colcon_core.package_identification:_identify(.) by extension 'python'
[0.696s] Level 1:colcon.colcon_core.package_identification:_identify(.) by extensions ['python_setup_py']
[0.696s] Level 1:colcon.colcon_core.package_identification:_identify(.) by extension 'python_setup_py'
[0.696s] Level 1:colcon.colcon_core.package_identification:_identify(build) by extensions ['ignore', 'ignore_ament_install']
[0.696s] Level 1:colcon.colcon_core.package_identification:_identify(build) by extension 'ignore'
[0.697s] Level 1:colcon.colcon_core.package_identification:_identify(build) ignored
[0.697s] Level 1:colcon.colcon_core.package_identification:_identify(install) by extensions ['ignore', 'ignore_ament_install']
[0.697s] Level 1:colcon.colcon_core.package_identification:_identify(install) by extension 'ignore'
[0.697s] Level 1:colcon.colcon_core.package_identification:_identify(install) ignored
[0.697s] Level 1:colcon.colcon_core.package_identification:_identify(launch) by extensions ['ignore', 'ignore_ament_install']
[0.698s] Level 1:colcon.colcon_core.package_identification:_identify(launch) by extension 'ignore'
[0.698s] Level 1:colcon.colcon_core.package_identification:_identify(launch) by extension 'ignore_ament_install'
[0.698s] Level 1:colcon.colcon_core.package_identification:_identify(launch) by extensions ['colcon_pkg']
[0.698s] Level 1:colcon.colcon_core.package_identification:_identify(launch) by extension 'colcon_pkg'
[0.698s] Level 1:colcon.colcon_core.package_identification:_identify(launch) by extensions ['colcon_meta']
[0.698s] Level 1:colcon.colcon_core.package_identification:_identify(launch) by extension 'colcon_meta'
[0.698s] Level 1:colcon.colcon_core.package_identification:_identify(launch) by extensions ['ros']
[0.698s] Level 1:colcon.colcon_core.package_identification:_identify(launch) by extension 'ros'
[0.699s] Level 1:colcon.colcon_core.package_identification:_identify(launch) by extensions ['cmake', 'python']
[0.699s] Level 1:colcon.colcon_core.package_identification:_identify(launch) by extension 'cmake'
[0.699s] Level 1:colcon.colcon_core.package_identification:_identify(launch) by extension 'python'
[0.699s] Level 1:colcon.colcon_core.package_identification:_identify(launch) by extensions ['python_setup_py']
[0.699s] Level 1:colcon.colcon_core.package_identification:_identify(launch) by extension 'python_setup_py'
[0.699s] Level 1:colcon.colcon_core.package_identification:_identify(launch/__pycache__) by extensions ['ignore', 'ignore_ament_install']
[0.699s] Level 1:colcon.colcon_core.package_identification:_identify(launch/__pycache__) by extension 'ignore'
[0.699s] Level 1:colcon.colcon_core.package_identification:_identify(launch/__pycache__) by extension 'ignore_ament_install'
[0.700s] Level 1:colcon.colcon_core.package_identification:_identify(launch/__pycache__) by extensions ['colcon_pkg']
[0.700s] Level 1:colcon.colcon_core.package_identification:_identify(launch/__pycache__) by extension 'colcon_pkg'
[0.700s] Level 1:colcon.colcon_core.package_identification:_identify(launch/__pycache__) by extensions ['colcon_meta']
[0.700s] Level 1:colcon.colcon_core.package_identification:_identify(launch/__pycache__) by extension 'colcon_meta'
[0.700s] Level 1:colcon.colcon_core.package_identification:_identify(launch/__pycache__) by extensions ['ros']
[0.700s] Level 1:colcon.colcon_core.package_identification:_identify(launch/__pycache__) by extension 'ros'
[0.700s] Level 1:colcon.colcon_core.package_identification:_identify(launch/__pycache__) by extensions ['cmake', 'python']
[0.700s] Level 1:colcon.colcon_core.package_identification:_identify(launch/__pycache__) by extension 'cmake'
[0.700s] Level 1:colcon.colcon_core.package_identification:_identify(launch/__pycache__) by extension 'python'
[0.700s] Level 1:colcon.colcon_core.package_identification:_identify(launch/__pycache__) by extensions ['python_setup_py']
[0.701s] Level 1:colcon.colcon_core.package_identification:_identify(launch/__pycache__) by extension 'python_setup_py'
[0.701s] Level 1:colcon.colcon_core.package_identification:_identify(log) by extensions ['ignore', 'ignore_ament_install']
[0.701s] Level 1:colcon.colcon_core.package_identification:_identify(log) by extension 'ignore'
[0.701s] Level 1:colcon.colcon_core.package_identification:_identify(log) ignored
[0.701s] Level 1:colcon.colcon_core.package_identification:_identify(src) by extensions ['ignore', 'ignore_ament_install']
[0.701s] Level 1:colcon.colcon_core.package_identification:_identify(src) by extension 'ignore'
[0.702s] Level 1:colcon.colcon_core.package_identification:_identify(src) by extension 'ignore_ament_install'
[0.702s] Level 1:colcon.colcon_core.package_identification:_identify(src) by extensions ['colcon_pkg']
[0.702s] Level 1:colcon.colcon_core.package_identification:_identify(src) by extension 'colcon_pkg'
[0.702s] Level 1:colcon.colcon_core.package_identification:_identify(src) by extensions ['colcon_meta']
[0.702s] Level 1:colcon.colcon_core.package_identification:_identify(src) by extension 'colcon_meta'
[0.702s] Level 1:colcon.colcon_core.package_identification:_identify(src) by extensions ['ros']
[0.702s] Level 1:colcon.colcon_core.package_identification:_identify(src) by extension 'ros'
[0.702s] Level 1:colcon.colcon_core.package_identification:_identify(src) by extensions ['cmake', 'python']
[0.702s] Level 1:colcon.colcon_core.package_identification:_identify(src) by extension 'cmake'
[0.703s] Level 1:colcon.colcon_core.package_identification:_identify(src) by extension 'python'
[0.703s] Level 1:colcon.colcon_core.package_identification:_identify(src) by extensions ['python_setup_py']
[0.703s] Level 1:colcon.colcon_core.package_identification:_identify(src) by extension 'python_setup_py'
[0.703s] Level 1:colcon.colcon_core.package_identification:_identify(src/__pycache__) by extensions ['ignore', 'ignore_ament_install']
[0.703s] Level 1:colcon.colcon_core.package_identification:_identify(src/__pycache__) by extension 'ignore'
[0.703s] Level 1:colcon.colcon_core.package_identification:_identify(src/__pycache__) by extension 'ignore_ament_install'
[0.703s] Level 1:colcon.colcon_core.package_identification:_identify(src/__pycache__) by extensions ['colcon_pkg']
[0.703s] Level 1:colcon.colcon_core.package_identification:_identify(src/__pycache__) by extension 'colcon_pkg'
[0.704s] Level 1:colcon.colcon_core.package_identification:_identify(src/__pycache__) by extensions ['colcon_meta']
[0.704s] Level 1:colcon.colcon_core.package_identification:_identify(src/__pycache__) by extension 'colcon_meta'
[0.704s] Level 1:colcon.colcon_core.package_identification:_identify(src/__pycache__) by extensions ['ros']
[0.704s] Level 1:colcon.colcon_core.package_identification:_identify(src/__pycache__) by extension 'ros'
[0.704s] Level 1:colcon.colcon_core.package_identification:_identify(src/__pycache__) by extensions ['cmake', 'python']
[0.704s] Level 1:colcon.colcon_core.package_identification:_identify(src/__pycache__) by extension 'cmake'
[0.704s] Level 1:colcon.colcon_core.package_identification:_identify(src/__pycache__) by extension 'python'
[0.704s] Level 1:colcon.colcon_core.package_identification:_identify(src/__pycache__) by extensions ['python_setup_py']
[0.704s] Level 1:colcon.colcon_core.package_identification:_identify(src/__pycache__) by extension 'python_setup_py'
[0.705s] Level 1:colcon.colcon_core.package_identification:_identify(src/auto_drive) by extensions ['ignore', 'ignore_ament_install']
[0.705s] Level 1:colcon.colcon_core.package_identification:_identify(src/auto_drive) by extension 'ignore'
[0.705s] Level 1:colcon.colcon_core.package_identification:_identify(src/auto_drive) by extension 'ignore_ament_install'
[0.705s] Level 1:colcon.colcon_core.package_identification:_identify(src/auto_drive) by extensions ['colcon_pkg']
[0.705s] Level 1:colcon.colcon_core.package_identification:_identify(src/auto_drive) by extension 'colcon_pkg'
[0.705s] Level 1:colcon.colcon_core.package_identification:_identify(src/auto_drive) by extensions ['colcon_meta']
[0.705s] Level 1:colcon.colcon_core.package_identification:_identify(src/auto_drive) by extension 'colcon_meta'
[0.705s] Level 1:colcon.colcon_core.package_identification:_identify(src/auto_drive) by extensions ['ros']
[0.705s] Level 1:colcon.colcon_core.package_identification:_identify(src/auto_drive) by extension 'ros'
[0.711s] DEBUG:colcon.colcon_core.package_identification:Package 'src/auto_drive' with type 'ros.ament_python' and name 'auto_drive'
[0.711s] Level 1:colcon.colcon_core.package_identification:_identify(src/lidar_distance) by extensions ['ignore', 'ignore_ament_install']
[0.712s] Level 1:colcon.colcon_core.package_identification:_identify(src/lidar_distance) by extension 'ignore'
[0.712s] Level 1:colcon.colcon_core.package_identification:_identify(src/lidar_distance) by extension 'ignore_ament_install'
[0.712s] Level 1:colcon.colcon_core.package_identification:_identify(src/lidar_distance) by extensions ['colcon_pkg']
[0.712s] Level 1:colcon.colcon_core.package_identification:_identify(src/lidar_distance) by extension 'colcon_pkg'
[0.712s] Level 1:colcon.colcon_core.package_identification:_identify(src/lidar_distance) by extensions ['colcon_meta']
[0.713s] Level 1:colcon.colcon_core.package_identification:_identify(src/lidar_distance) by extension 'colcon_meta'
[0.713s] Level 1:colcon.colcon_core.package_identification:_identify(src/lidar_distance) by extensions ['ros']
[0.713s] Level 1:colcon.colcon_core.package_identification:_identify(src/lidar_distance) by extension 'ros'
[0.714s] DEBUG:colcon.colcon_core.package_identification:Package 'src/lidar_distance' with type 'ros.ament_python' and name 'lidar_distance'
[0.714s] Level 1:colcon.colcon_core.package_identification:_identify(src/move_pos) by extensions ['ignore', 'ignore_ament_install']
[0.715s] Level 1:colcon.colcon_core.package_identification:_identify(src/move_pos) by extension 'ignore'
[0.715s] Level 1:colcon.colcon_core.package_identification:_identify(src/move_pos) by extension 'ignore_ament_install'
[0.715s] Level 1:colcon.colcon_core.package_identification:_identify(src/move_pos) by extensions ['colcon_pkg']
[0.715s] Level 1:colcon.colcon_core.package_identification:_identify(src/move_pos) by extension 'colcon_pkg'
[0.715s] Level 1:colcon.colcon_core.package_identification:_identify(src/move_pos) by extensions ['colcon_meta']
[0.715s] Level 1:colcon.colcon_core.package_identification:_identify(src/move_pos) by extension 'colcon_meta'
[0.715s] Level 1:colcon.colcon_core.package_identification:_identify(src/move_pos) by extensions ['ros']
[0.715s] Level 1:colcon.colcon_core.package_identification:_identify(src/move_pos) by extension 'ros'
[0.717s] DEBUG:colcon.colcon_core.package_identification:Package 'src/move_pos' with type 'ros.ament_python' and name 'move_pos'
[0.718s] Level 1:colcon.colcon_core.package_identification:_identify(src/sbus_control) by extensions ['ignore', 'ignore_ament_install']
[0.718s] Level 1:colcon.colcon_core.package_identification:_identify(src/sbus_control) by extension 'ignore'
[0.718s] Level 1:colcon.colcon_core.package_identification:_identify(src/sbus_control) by extension 'ignore_ament_install'
[0.718s] Level 1:colcon.colcon_core.package_identification:_identify(src/sbus_control) by extensions ['colcon_pkg']
[0.718s] Level 1:colcon.colcon_core.package_identification:_identify(src/sbus_control) by extension 'colcon_pkg'
[0.718s] Level 1:colcon.colcon_core.package_identification:_identify(src/sbus_control) by extensions ['colcon_meta']
[0.718s] Level 1:colcon.colcon_core.package_identification:_identify(src/sbus_control) by extension 'colcon_meta'
[0.719s] Level 1:colcon.colcon_core.package_identification:_identify(src/sbus_control) by extensions ['ros']
[0.719s] Level 1:colcon.colcon_core.package_identification:_identify(src/sbus_control) by extension 'ros'
[0.720s] DEBUG:colcon.colcon_core.package_identification:Package 'src/sbus_control' with type 'ros.ament_python' and name 'sbus_control'
[0.720s] Level 1:colcon.colcon_core.package_identification:_identify(src/temperature_publisher) by extensions ['ignore', 'ignore_ament_install']
[0.720s] Level 1:colcon.colcon_core.package_identification:_identify(src/temperature_publisher) by extension 'ignore'
[0.721s] Level 1:colcon.colcon_core.package_identification:_identify(src/temperature_publisher) by extension 'ignore_ament_install'
[0.721s] Level 1:colcon.colcon_core.package_identification:_identify(src/temperature_publisher) by extensions ['colcon_pkg']
[0.721s] Level 1:colcon.colcon_core.package_identification:_identify(src/temperature_publisher) by extension 'colcon_pkg'
[0.721s] Level 1:colcon.colcon_core.package_identification:_identify(src/temperature_publisher) by extensions ['colcon_meta']
[0.721s] Level 1:colcon.colcon_core.package_identification:_identify(src/temperature_publisher) by extension 'colcon_meta'
[0.721s] Level 1:colcon.colcon_core.package_identification:_identify(src/temperature_publisher) by extensions ['ros']
[0.721s] Level 1:colcon.colcon_core.package_identification:_identify(src/temperature_publisher) by extension 'ros'
[0.723s] DEBUG:colcon.colcon_core.package_identification:Package 'src/temperature_publisher' with type 'ros.ament_cmake' and name 'temperature_publisher'
[0.723s] Level 1:colcon.colcon_core.package_identification:_identify(src/yuntai_control) by extensions ['ignore', 'ignore_ament_install']
[0.723s] Level 1:colcon.colcon_core.package_identification:_identify(src/yuntai_control) by extension 'ignore'
[0.723s] Level 1:colcon.colcon_core.package_identification:_identify(src/yuntai_control) by extension 'ignore_ament_install'
[0.723s] Level 1:colcon.colcon_core.package_identification:_identify(src/yuntai_control) by extensions ['colcon_pkg']
[0.723s] Level 1:colcon.colcon_core.package_identification:_identify(src/yuntai_control) by extension 'colcon_pkg'
[0.724s] Level 1:colcon.colcon_core.package_identification:_identify(src/yuntai_control) by extensions ['colcon_meta']
[0.724s] Level 1:colcon.colcon_core.package_identification:_identify(src/yuntai_control) by extension 'colcon_meta'
[0.724s] Level 1:colcon.colcon_core.package_identification:_identify(src/yuntai_control) by extensions ['ros']
[0.724s] Level 1:colcon.colcon_core.package_identification:_identify(src/yuntai_control) by extension 'ros'
[0.725s] DEBUG:colcon.colcon_core.package_identification:Package 'src/yuntai_control' with type 'ros.ament_python' and name 'yuntai_control'
[0.726s] Level 1:colcon.colcon_core.package_identification:_identify(src/yuntai_test) by extensions ['ignore', 'ignore_ament_install']
[0.726s] Level 1:colcon.colcon_core.package_identification:_identify(src/yuntai_test) by extension 'ignore'
[0.726s] Level 1:colcon.colcon_core.package_identification:_identify(src/yuntai_test) by extension 'ignore_ament_install'
[0.726s] Level 1:colcon.colcon_core.package_identification:_identify(src/yuntai_test) by extensions ['colcon_pkg']
[0.726s] Level 1:colcon.colcon_core.package_identification:_identify(src/yuntai_test) by extension 'colcon_pkg'
[0.726s] Level 1:colcon.colcon_core.package_identification:_identify(src/yuntai_test) by extensions ['colcon_meta']
[0.726s] Level 1:colcon.colcon_core.package_identification:_identify(src/yuntai_test) by extension 'colcon_meta'
[0.726s] Level 1:colcon.colcon_core.package_identification:_identify(src/yuntai_test) by extensions ['ros']
[0.726s] Level 1:colcon.colcon_core.package_identification:_identify(src/yuntai_test) by extension 'ros'
[0.727s] Level 1:colcon.colcon_core.package_identification:_identify(src/yuntai_test) by extensions ['cmake', 'python']
[0.727s] Level 1:colcon.colcon_core.package_identification:_identify(src/yuntai_test) by extension 'cmake'
[0.727s] Level 1:colcon.colcon_core.package_identification:_identify(src/yuntai_test) by extension 'python'
[0.727s] Level 1:colcon.colcon_core.package_identification:_identify(src/yuntai_test) by extensions ['python_setup_py']
[0.727s] Level 1:colcon.colcon_core.package_identification:_identify(src/yuntai_test) by extension 'python_setup_py'
[0.727s] Level 1:colcon.colcon_core.package_identification:_identify(src/zed_test) by extensions ['ignore', 'ignore_ament_install']
[0.727s] Level 1:colcon.colcon_core.package_identification:_identify(src/zed_test) by extension 'ignore'
[0.728s] Level 1:colcon.colcon_core.package_identification:_identify(src/zed_test) by extension 'ignore_ament_install'
[0.728s] Level 1:colcon.colcon_core.package_identification:_identify(src/zed_test) by extensions ['colcon_pkg']
[0.728s] Level 1:colcon.colcon_core.package_identification:_identify(src/zed_test) by extension 'colcon_pkg'
[0.728s] Level 1:colcon.colcon_core.package_identification:_identify(src/zed_test) by extensions ['colcon_meta']
[0.728s] Level 1:colcon.colcon_core.package_identification:_identify(src/zed_test) by extension 'colcon_meta'
[0.728s] Level 1:colcon.colcon_core.package_identification:_identify(src/zed_test) by extensions ['ros']
[0.728s] Level 1:colcon.colcon_core.package_identification:_identify(src/zed_test) by extension 'ros'
[0.728s] Level 1:colcon.colcon_core.package_identification:_identify(src/zed_test) by extensions ['cmake', 'python']
[0.728s] Level 1:colcon.colcon_core.package_identification:_identify(src/zed_test) by extension 'cmake'
[0.729s] Level 1:colcon.colcon_core.package_identification:_identify(src/zed_test) by extension 'python'
[0.729s] Level 1:colcon.colcon_core.package_identification:_identify(src/zed_test) by extensions ['python_setup_py']
[0.729s] Level 1:colcon.colcon_core.package_identification:_identify(src/zed_test) by extension 'python_setup_py'
[0.729s] Level 1:colcon.colcon_core.package_discovery:discover_packages(recursive) using defaults
[0.729s] Level 1:colcon.colcon_core.package_discovery:discover_packages(ignore) discover
[0.729s] Level 1:colcon.colcon_core.package_discovery:discover_packages(ignore) using defaults
[0.729s] Level 1:colcon.colcon_core.package_discovery:discover_packages(path) discover
[0.729s] Level 1:colcon.colcon_core.package_discovery:discover_packages(path) using defaults
[0.805s] Level 1:colcon.colcon_core.package_discovery:discover_packages(prefix_path) check parameters
[0.806s] Level 1:colcon.colcon_core.package_discovery:discover_packages(prefix_path) discover
[0.812s] DEBUG:colcon.colcon_installed_package_information.package_discovery:Found 6 installed packages in /home/bestway/bestway_ws/install
[0.813s] DEBUG:colcon.colcon_installed_package_information.package_discovery:Found 1 installed packages in /home/bestway/fast_lio_ws/install
[0.814s] DEBUG:colcon.colcon_installed_package_information.package_discovery:Found 1 installed packages in /home/bestway/ws_livox/install
[0.815s] DEBUG:colcon.colcon_installed_package_information.package_discovery:Found 17 installed packages in /home/bestway/ZED_ws/install
[0.819s] DEBUG:colcon.colcon_installed_package_information.package_discovery:Found 366 installed packages in /opt/ros/humble
[0.823s] Level 1:colcon.colcon_core.package_discovery:discover_packages(prefix_path) using defaults
[0.932s] Level 5:colcon.colcon_core.verb:set package 'auto_drive' build argument 'cmake_args' from command line to 'None'
[0.932s] Level 5:colcon.colcon_core.verb:set package 'auto_drive' build argument 'cmake_target' from command line to 'None'
[0.933s] Level 5:colcon.colcon_core.verb:set package 'auto_drive' build argument 'cmake_target_skip_unavailable' from command line to 'False'
[0.933s] Level 5:colcon.colcon_core.verb:set package 'auto_drive' build argument 'cmake_clean_cache' from command line to 'False'
[0.933s] Level 5:colcon.colcon_core.verb:set package 'auto_drive' build argument 'cmake_clean_first' from command line to 'False'
[0.933s] Level 5:colcon.colcon_core.verb:set package 'auto_drive' build argument 'cmake_force_configure' from command line to 'False'
[0.933s] Level 5:colcon.colcon_core.verb:set package 'auto_drive' build argument 'ament_cmake_args' from command line to 'None'
[0.933s] Level 5:colcon.colcon_core.verb:set package 'auto_drive' build argument 'catkin_cmake_args' from command line to 'None'
[0.933s] Level 5:colcon.colcon_core.verb:set package 'auto_drive' build argument 'catkin_skip_building_tests' from command line to 'False'
[0.933s] DEBUG:colcon.colcon_core.verb:Building package 'auto_drive' with the following arguments: {'ament_cmake_args': None, 'build_base': '/home/bestway/bestway_ws/build/auto_drive', 'catkin_cmake_args': None, 'catkin_skip_building_tests': False, 'cmake_args': None, 'cmake_clean_cache': False, 'cmake_clean_first': False, 'cmake_force_configure': False, 'cmake_target': None, 'cmake_target_skip_unavailable': False, 'install_base': '/home/bestway/bestway_ws/install/auto_drive', 'merge_install': False, 'path': '/home/bestway/bestway_ws/src/auto_drive', 'symlink_install': False, 'test_result_base': None}
[0.934s] Level 5:colcon.colcon_core.verb:set package 'lidar_distance' build argument 'cmake_args' from command line to 'None'
[0.934s] Level 5:colcon.colcon_core.verb:set package 'lidar_distance' build argument 'cmake_target' from command line to 'None'
[0.934s] Level 5:colcon.colcon_core.verb:set package 'lidar_distance' build argument 'cmake_target_skip_unavailable' from command line to 'False'
[0.934s] Level 5:colcon.colcon_core.verb:set package 'lidar_distance' build argument 'cmake_clean_cache' from command line to 'False'
[0.934s] Level 5:colcon.colcon_core.verb:set package 'lidar_distance' build argument 'cmake_clean_first' from command line to 'False'
[0.934s] Level 5:colcon.colcon_core.verb:set package 'lidar_distance' build argument 'cmake_force_configure' from command line to 'False'
[0.934s] Level 5:colcon.colcon_core.verb:set package 'lidar_distance' build argument 'ament_cmake_args' from command line to 'None'
[0.934s] Level 5:colcon.colcon_core.verb:set package 'lidar_distance' build argument 'catkin_cmake_args' from command line to 'None'
[0.934s] Level 5:colcon.colcon_core.verb:set package 'lidar_distance' build argument 'catkin_skip_building_tests' from command line to 'False'
[0.934s] DEBUG:colcon.colcon_core.verb:Building package 'lidar_distance' with the following arguments: {'ament_cmake_args': None, 'build_base': '/home/bestway/bestway_ws/build/lidar_distance', 'catkin_cmake_args': None, 'catkin_skip_building_tests': False, 'cmake_args': None, 'cmake_clean_cache': False, 'cmake_clean_first': False, 'cmake_force_configure': False, 'cmake_target': None, 'cmake_target_skip_unavailable': False, 'install_base': '/home/bestway/bestway_ws/install/lidar_distance', 'merge_install': False, 'path': '/home/bestway/bestway_ws/src/lidar_distance', 'symlink_install': False, 'test_result_base': None}
[0.935s] Level 5:colcon.colcon_core.verb:set package 'move_pos' build argument 'cmake_args' from command line to 'None'
[0.935s] Level 5:colcon.colcon_core.verb:set package 'move_pos' build argument 'cmake_target' from command line to 'None'
[0.935s] Level 5:colcon.colcon_core.verb:set package 'move_pos' build argument 'cmake_target_skip_unavailable' from command line to 'False'
[0.935s] Level 5:colcon.colcon_core.verb:set package 'move_pos' build argument 'cmake_clean_cache' from command line to 'False'
[0.935s] Level 5:colcon.colcon_core.verb:set package 'move_pos' build argument 'cmake_clean_first' from command line to 'False'
[0.935s] Level 5:colcon.colcon_core.verb:set package 'move_pos' build argument 'cmake_force_configure' from command line to 'False'
[0.935s] Level 5:colcon.colcon_core.verb:set package 'move_pos' build argument 'ament_cmake_args' from command line to 'None'
[0.935s] Level 5:colcon.colcon_core.verb:set package 'move_pos' build argument 'catkin_cmake_args' from command line to 'None'
[0.936s] Level 5:colcon.colcon_core.verb:set package 'move_pos' build argument 'catkin_skip_building_tests' from command line to 'False'
[0.936s] DEBUG:colcon.colcon_core.verb:Building package 'move_pos' with the following arguments: {'ament_cmake_args': None, 'build_base': '/home/bestway/bestway_ws/build/move_pos', 'catkin_cmake_args': None, 'catkin_skip_building_tests': False, 'cmake_args': None, 'cmake_clean_cache': False, 'cmake_clean_first': False, 'cmake_force_configure': False, 'cmake_target': None, 'cmake_target_skip_unavailable': False, 'install_base': '/home/bestway/bestway_ws/install/move_pos', 'merge_install': False, 'path': '/home/bestway/bestway_ws/src/move_pos', 'symlink_install': False, 'test_result_base': None}
[0.936s] Level 5:colcon.colcon_core.verb:set package 'sbus_control' build argument 'cmake_args' from command line to 'None'
[0.936s] Level 5:colcon.colcon_core.verb:set package 'sbus_control' build argument 'cmake_target' from command line to 'None'
[0.936s] Level 5:colcon.colcon_core.verb:set package 'sbus_control' build argument 'cmake_target_skip_unavailable' from command line to 'False'
[0.936s] Level 5:colcon.colcon_core.verb:set package 'sbus_control' build argument 'cmake_clean_cache' from command line to 'False'
[0.936s] Level 5:colcon.colcon_core.verb:set package 'sbus_control' build argument 'cmake_clean_first' from command line to 'False'
[0.937s] Level 5:colcon.colcon_core.verb:set package 'sbus_control' build argument 'cmake_force_configure' from command line to 'False'
[0.937s] Level 5:colcon.colcon_core.verb:set package 'sbus_control' build argument 'ament_cmake_args' from command line to 'None'
[0.937s] Level 5:colcon.colcon_core.verb:set package 'sbus_control' build argument 'catkin_cmake_args' from command line to 'None'
[0.937s] Level 5:colcon.colcon_core.verb:set package 'sbus_control' build argument 'catkin_skip_building_tests' from command line to 'False'
[0.937s] DEBUG:colcon.colcon_core.verb:Building package 'sbus_control' with the following arguments: {'ament_cmake_args': None, 'build_base': '/home/bestway/bestway_ws/build/sbus_control', 'catkin_cmake_args': None, 'catkin_skip_building_tests': False, 'cmake_args': None, 'cmake_clean_cache': False, 'cmake_clean_first': False, 'cmake_force_configure': False, 'cmake_target': None, 'cmake_target_skip_unavailable': False, 'install_base': '/home/bestway/bestway_ws/install/sbus_control', 'merge_install': False, 'path': '/home/bestway/bestway_ws/src/sbus_control', 'symlink_install': False, 'test_result_base': None}
[0.937s] Level 5:colcon.colcon_core.verb:set package 'temperature_publisher' build argument 'cmake_args' from command line to 'None'
[0.938s] Level 5:colcon.colcon_core.verb:set package 'temperature_publisher' build argument 'cmake_target' from command line to 'None'
[0.938s] Level 5:colcon.colcon_core.verb:set package 'temperature_publisher' build argument 'cmake_target_skip_unavailable' from command line to 'False'
[0.938s] Level 5:colcon.colcon_core.verb:set package 'temperature_publisher' build argument 'cmake_clean_cache' from command line to 'False'
[0.938s] Level 5:colcon.colcon_core.verb:set package 'temperature_publisher' build argument 'cmake_clean_first' from command line to 'False'
[0.938s] Level 5:colcon.colcon_core.verb:set package 'temperature_publisher' build argument 'cmake_force_configure' from command line to 'False'
[0.938s] Level 5:colcon.colcon_core.verb:set package 'temperature_publisher' build argument 'ament_cmake_args' from command line to 'None'
[0.938s] Level 5:colcon.colcon_core.verb:set package 'temperature_publisher' build argument 'catkin_cmake_args' from command line to 'None'
[0.938s] Level 5:colcon.colcon_core.verb:set package 'temperature_publisher' build argument 'catkin_skip_building_tests' from command line to 'False'
[0.938s] DEBUG:colcon.colcon_core.verb:Building package 'temperature_publisher' with the following arguments: {'ament_cmake_args': None, 'build_base': '/home/bestway/bestway_ws/build/temperature_publisher', 'catkin_cmake_args': None, 'catkin_skip_building_tests': False, 'cmake_args': None, 'cmake_clean_cache': False, 'cmake_clean_first': False, 'cmake_force_configure': False, 'cmake_target': None, 'cmake_target_skip_unavailable': False, 'install_base': '/home/bestway/bestway_ws/install/temperature_publisher', 'merge_install': False, 'path': '/home/bestway/bestway_ws/src/temperature_publisher', 'symlink_install': False, 'test_result_base': None}
[0.939s] Level 5:colcon.colcon_core.verb:set package 'yuntai_control' build argument 'cmake_args' from command line to 'None'
[0.939s] Level 5:colcon.colcon_core.verb:set package 'yuntai_control' build argument 'cmake_target' from command line to 'None'
[0.939s] Level 5:colcon.colcon_core.verb:set package 'yuntai_control' build argument 'cmake_target_skip_unavailable' from command line to 'False'
[0.939s] Level 5:colcon.colcon_core.verb:set package 'yuntai_control' build argument 'cmake_clean_cache' from command line to 'False'
[0.939s] Level 5:colcon.colcon_core.verb:set package 'yuntai_control' build argument 'cmake_clean_first' from command line to 'False'
[0.939s] Level 5:colcon.colcon_core.verb:set package 'yuntai_control' build argument 'cmake_force_configure' from command line to 'False'
[0.939s] Level 5:colcon.colcon_core.verb:set package 'yuntai_control' build argument 'ament_cmake_args' from command line to 'None'
[0.939s] Level 5:colcon.colcon_core.verb:set package 'yuntai_control' build argument 'catkin_cmake_args' from command line to 'None'
[0.939s] Level 5:colcon.colcon_core.verb:set package 'yuntai_control' build argument 'catkin_skip_building_tests' from command line to 'False'
[0.939s] DEBUG:colcon.colcon_core.verb:Building package 'yuntai_control' with the following arguments: {'ament_cmake_args': None, 'build_base': '/home/bestway/bestway_ws/build/yuntai_control', 'catkin_cmake_args': None, 'catkin_skip_building_tests': False, 'cmake_args': None, 'cmake_clean_cache': False, 'cmake_clean_first': False, 'cmake_force_configure': False, 'cmake_target': None, 'cmake_target_skip_unavailable': False, 'install_base': '/home/bestway/bestway_ws/install/yuntai_control', 'merge_install': False, 'path': '/home/bestway/bestway_ws/src/yuntai_control', 'symlink_install': False, 'test_result_base': None}
[0.939s] INFO:colcon.colcon_core.executor:Executing jobs using 'parallel' executor
[0.942s] DEBUG:colcon.colcon_parallel_executor.executor.parallel:run_until_complete
[0.942s] INFO:colcon.colcon_ros.task.ament_python.build:Building ROS package in '/home/bestway/bestway_ws/src/auto_drive' with build type 'ament_python'
[0.943s] Level 1:colcon.colcon_core.shell:create_environment_hook('auto_drive', 'ament_prefix_path')
[0.948s] INFO:colcon.colcon_core.plugin_system:Skipping extension 'colcon_core.shell.bat': Not used on non-Windows systems
[0.948s] INFO:colcon.colcon_core.shell:Creating environment hook '/home/bestway/bestway_ws/install/auto_drive/share/auto_drive/hook/ament_prefix_path.ps1'
[0.950s] INFO:colcon.colcon_core.shell:Creating environment descriptor '/home/bestway/bestway_ws/install/auto_drive/share/auto_drive/hook/ament_prefix_path.dsv'
[0.951s] INFO:colcon.colcon_core.shell:Creating environment hook '/home/bestway/bestway_ws/install/auto_drive/share/auto_drive/hook/ament_prefix_path.sh'
[0.953s] INFO:colcon.colcon_core.shell:Skip shell extension 'powershell' for command environment: Not usable outside of PowerShell
[0.953s] DEBUG:colcon.colcon_core.shell:Skip shell extension 'dsv' for command environment
[0.966s] INFO:colcon.colcon_ros.task.ament_python.build:Building ROS package in '/home/bestway/bestway_ws/src/lidar_distance' with build type 'ament_python'
[0.966s] Level 1:colcon.colcon_core.shell:create_environment_hook('lidar_distance', 'ament_prefix_path')
[0.967s] INFO:colcon.colcon_core.shell:Creating environment hook '/home/bestway/bestway_ws/install/lidar_distance/share/lidar_distance/hook/ament_prefix_path.ps1'
[0.969s] INFO:colcon.colcon_core.shell:Creating environment descriptor '/home/bestway/bestway_ws/install/lidar_distance/share/lidar_distance/hook/ament_prefix_path.dsv'
[0.970s] INFO:colcon.colcon_core.shell:Creating environment hook '/home/bestway/bestway_ws/install/lidar_distance/share/lidar_distance/hook/ament_prefix_path.sh'
[0.971s] INFO:colcon.colcon_core.shell:Skip shell extension 'powershell' for command environment: Not usable outside of PowerShell
[0.971s] DEBUG:colcon.colcon_core.shell:Skip shell extension 'dsv' for command environment
[0.983s] INFO:colcon.colcon_ros.task.ament_python.build:Building ROS package in '/home/bestway/bestway_ws/src/move_pos' with build type 'ament_python'
[0.983s] Level 1:colcon.colcon_core.shell:create_environment_hook('move_pos', 'ament_prefix_path')
[0.984s] INFO:colcon.colcon_core.shell:Creating environment hook '/home/bestway/bestway_ws/install/move_pos/share/move_pos/hook/ament_prefix_path.ps1'
[0.985s] INFO:colcon.colcon_core.shell:Creating environment descriptor '/home/bestway/bestway_ws/install/move_pos/share/move_pos/hook/ament_prefix_path.dsv'
[0.986s] INFO:colcon.colcon_core.shell:Creating environment hook '/home/bestway/bestway_ws/install/move_pos/share/move_pos/hook/ament_prefix_path.sh'
[0.988s] INFO:colcon.colcon_core.shell:Skip shell extension 'powershell' for command environment: Not usable outside of PowerShell
[0.988s] DEBUG:colcon.colcon_core.shell:Skip shell extension 'dsv' for command environment
[1.000s] INFO:colcon.colcon_ros.task.ament_python.build:Building ROS package in '/home/bestway/bestway_ws/src/sbus_control' with build type 'ament_python'
[1.000s] Level 1:colcon.colcon_core.shell:create_environment_hook('sbus_control', 'ament_prefix_path')
[1.001s] INFO:colcon.colcon_core.shell:Creating environment hook '/home/bestway/bestway_ws/install/sbus_control/share/sbus_control/hook/ament_prefix_path.ps1'
[1.002s] INFO:colcon.colcon_core.shell:Creating environment descriptor '/home/bestway/bestway_ws/install/sbus_control/share/sbus_control/hook/ament_prefix_path.dsv'
[1.003s] INFO:colcon.colcon_core.shell:Creating environment hook '/home/bestway/bestway_ws/install/sbus_control/share/sbus_control/hook/ament_prefix_path.sh'
[1.004s] INFO:colcon.colcon_core.shell:Skip shell extension 'powershell' for command environment: Not usable outside of PowerShell
[1.004s] DEBUG:colcon.colcon_core.shell:Skip shell extension 'dsv' for command environment
[1.647s] INFO:colcon.colcon_core.task.python.build:Building Python package in '/home/bestway/bestway_ws/src/auto_drive'
[1.648s] INFO:colcon.colcon_core.shell:Skip shell extension 'powershell' for command environment: Not usable outside of PowerShell
[1.648s] DEBUG:colcon.colcon_core.shell:Skip shell extension 'dsv' for command environment
[2.292s] INFO:colcon.colcon_core.task.python.build:Building Python package in '/home/bestway/bestway_ws/src/lidar_distance'
[2.293s] INFO:colcon.colcon_core.shell:Skip shell extension 'powershell' for command environment: Not usable outside of PowerShell
[2.293s] DEBUG:colcon.colcon_core.shell:Skip shell extension 'dsv' for command environment
[2.951s] INFO:colcon.colcon_core.task.python.build:Building Python package in '/home/bestway/bestway_ws/src/move_pos'
[2.953s] INFO:colcon.colcon_core.shell:Skip shell extension 'powershell' for command environment: Not usable outside of PowerShell
[2.954s] DEBUG:colcon.colcon_core.shell:Skip shell extension 'dsv' for command environment
[3.621s] INFO:colcon.colcon_core.task.python.build:Building Python package in '/home/bestway/bestway_ws/src/sbus_control'
[3.622s] INFO:colcon.colcon_core.shell:Skip shell extension 'powershell' for command environment: Not usable outside of PowerShell
[3.622s] DEBUG:colcon.colcon_core.shell:Skip shell extension 'dsv' for command environment
[4.755s] DEBUG:colcon.colcon_core.event_handler.log_command:Invoking command in '/home/bestway/bestway_ws/src/move_pos': PYTHONPATH=/home/bestway/bestway_ws/build/move_pos/prefix_override:/usr/lib/python3/dist-packages/colcon_core/task/python/colcon_distutils_commands:/home/bestway/bestway_ws/install/move_pos/lib/python3.10/site-packages:${PYTHONPATH} /usr/bin/python3 -W ignore:setup.py install is deprecated -W ignore:easy_install command is deprecated setup.py egg_info --egg-base ../../build/move_pos build --build-base /home/bestway/bestway_ws/build/move_pos/build install --record /home/bestway/bestway_ws/build/move_pos/install.log --single-version-externally-managed install_data
[4.862s] DEBUG:colcon.colcon_core.event_handler.log_command:Invoking command in '/home/bestway/bestway_ws/src/auto_drive': PYTHONPATH=/home/bestway/bestway_ws/build/auto_drive/prefix_override:/usr/lib/python3/dist-packages/colcon_core/task/python/colcon_distutils_commands:/home/bestway/bestway_ws/install/auto_drive/lib/python3.10/site-packages:${PYTHONPATH} /usr/bin/python3 -W ignore:setup.py install is deprecated -W ignore:easy_install command is deprecated setup.py egg_info --egg-base ../../build/auto_drive build --build-base /home/bestway/bestway_ws/build/auto_drive/build install --record /home/bestway/bestway_ws/build/auto_drive/install.log --single-version-externally-managed install_data
[4.885s] DEBUG:colcon.colcon_core.event_handler.log_command:Invoking command in '/home/bestway/bestway_ws/src/sbus_control': PYTHONPATH=/home/bestway/bestway_ws/build/sbus_control/prefix_override:/usr/lib/python3/dist-packages/colcon_core/task/python/colcon_distutils_commands:/home/bestway/bestway_ws/install/sbus_control/lib/python3.10/site-packages:${PYTHONPATH} /usr/bin/python3 -W ignore:setup.py install is deprecated -W ignore:easy_install command is deprecated setup.py egg_info --egg-base ../../build/sbus_control build --build-base /home/bestway/bestway_ws/build/sbus_control/build install --record /home/bestway/bestway_ws/build/sbus_control/install.log --single-version-externally-managed install_data
[4.917s] DEBUG:colcon.colcon_core.event_handler.log_command:Invoking command in '/home/bestway/bestway_ws/src/lidar_distance': PYTHONPATH=/home/bestway/bestway_ws/build/lidar_distance/prefix_override:/usr/lib/python3/dist-packages/colcon_core/task/python/colcon_distutils_commands:/home/bestway/bestway_ws/install/lidar_distance/lib/python3.10/site-packages:${PYTHONPATH} /usr/bin/python3 -W ignore:setup.py install is deprecated -W ignore:easy_install command is deprecated setup.py egg_info --egg-base ../../build/lidar_distance build --build-base /home/bestway/bestway_ws/build/lidar_distance/build install --record /home/bestway/bestway_ws/build/lidar_distance/install.log --single-version-externally-managed install_data
[5.647s] DEBUG:colcon.colcon_core.event_handler.log_command:Invoked command in '/home/bestway/bestway_ws/src/move_pos' returned '0': PYTHONPATH=/home/bestway/bestway_ws/build/move_pos/prefix_override:/usr/lib/python3/dist-packages/colcon_core/task/python/colcon_distutils_commands:/home/bestway/bestway_ws/install/move_pos/lib/python3.10/site-packages:${PYTHONPATH} /usr/bin/python3 -W ignore:setup.py install is deprecated -W ignore:easy_install command is deprecated setup.py egg_info --egg-base ../../build/move_pos build --build-base /home/bestway/bestway_ws/build/move_pos/build install --record /home/bestway/bestway_ws/build/move_pos/install.log --single-version-externally-managed install_data
[5.657s] Level 1:colcon.colcon_core.environment:checking '/home/bestway/bestway_ws/install/move_pos' for CMake module files
[5.658s] Level 1:colcon.colcon_core.environment:checking '/home/bestway/bestway_ws/install/move_pos' for CMake config files
[5.660s] Level 1:colcon.colcon_core.environment:checking '/home/bestway/bestway_ws/install/move_pos/lib'
[5.661s] Level 1:colcon.colcon_core.environment:checking '/home/bestway/bestway_ws/install/move_pos/bin'
[5.662s] Level 1:colcon.colcon_core.environment:checking '/home/bestway/bestway_ws/install/move_pos/lib/pkgconfig/move_pos.pc'
[5.663s] Level 1:colcon.colcon_core.environment:checking '/home/bestway/bestway_ws/install/move_pos/lib/python3.10/site-packages'
[5.663s] Level 1:colcon.colcon_core.shell:create_environment_hook('move_pos', 'pythonpath')
[5.664s] INFO:colcon.colcon_core.shell:Creating environment hook '/home/bestway/bestway_ws/install/move_pos/share/move_pos/hook/pythonpath.ps1'
[5.666s] INFO:colcon.colcon_core.shell:Creating environment descriptor '/home/bestway/bestway_ws/install/move_pos/share/move_pos/hook/pythonpath.dsv'
[5.668s] INFO:colcon.colcon_core.shell:Creating environment hook '/home/bestway/bestway_ws/install/move_pos/share/move_pos/hook/pythonpath.sh'
[5.671s] Level 1:colcon.colcon_core.environment:checking '/home/bestway/bestway_ws/install/move_pos/bin'
[5.672s] Level 1:colcon.colcon_core.environment:create_environment_scripts_only(move_pos)
[5.673s] INFO:colcon.colcon_core.shell:Creating package script '/home/bestway/bestway_ws/install/move_pos/share/move_pos/package.ps1'
[5.676s] INFO:colcon.colcon_core.shell:Creating package descriptor '/home/bestway/bestway_ws/install/move_pos/share/move_pos/package.dsv'
[5.679s] INFO:colcon.colcon_core.shell:Creating package script '/home/bestway/bestway_ws/install/move_pos/share/move_pos/package.sh'
[5.682s] INFO:colcon.colcon_core.shell:Creating package script '/home/bestway/bestway_ws/install/move_pos/share/move_pos/package.bash'
[5.685s] INFO:colcon.colcon_core.shell:Creating package script '/home/bestway/bestway_ws/install/move_pos/share/move_pos/package.zsh'
[5.687s] Level 1:colcon.colcon_core.environment:create_file_with_runtime_dependencies(/home/bestway/bestway_ws/install/move_pos/share/colcon-core/packages/move_pos)
[5.691s] INFO:colcon.colcon_ros.task.ament_cmake.build:Building ROS package in '/home/bestway/bestway_ws/src/temperature_publisher' with build type 'ament_cmake'
[5.691s] INFO:colcon.colcon_cmake.task.cmake.build:Building CMake package in '/home/bestway/bestway_ws/src/temperature_publisher'
[5.692s] INFO:colcon.colcon_core.shell:Skip shell extension 'powershell' for command environment: Not usable outside of PowerShell
[5.693s] DEBUG:colcon.colcon_core.shell:Skip shell extension 'dsv' for command environment
[5.724s] Level 1:colcon.colcon_core.environment:checking '/home/bestway/bestway_ws/install/auto_drive' for CMake module files
[5.726s] DEBUG:colcon.colcon_core.event_handler.log_command:Invoked command in '/home/bestway/bestway_ws/src/auto_drive' returned '0': PYTHONPATH=/home/bestway/bestway_ws/build/auto_drive/prefix_override:/usr/lib/python3/dist-packages/colcon_core/task/python/colcon_distutils_commands:/home/bestway/bestway_ws/install/auto_drive/lib/python3.10/site-packages:${PYTHONPATH} /usr/bin/python3 -W ignore:setup.py install is deprecated -W ignore:easy_install command is deprecated setup.py egg_info --egg-base ../../build/auto_drive build --build-base /home/bestway/bestway_ws/build/auto_drive/build install --record /home/bestway/bestway_ws/build/auto_drive/install.log --single-version-externally-managed install_data
[5.727s] Level 1:colcon.colcon_core.environment:checking '/home/bestway/bestway_ws/install/auto_drive' for CMake config files
[5.733s] Level 1:colcon.colcon_core.environment:checking '/home/bestway/bestway_ws/install/auto_drive/lib'
[5.733s] Level 1:colcon.colcon_core.environment:checking '/home/bestway/bestway_ws/install/auto_drive/bin'
[5.733s] Level 1:colcon.colcon_core.environment:checking '/home/bestway/bestway_ws/install/auto_drive/lib/pkgconfig/auto_drive.pc'
[5.734s] Level 1:colcon.colcon_core.environment:checking '/home/bestway/bestway_ws/install/auto_drive/lib/python3.10/site-packages'
[5.734s] Level 1:colcon.colcon_core.shell:create_environment_hook('auto_drive', 'pythonpath')
[5.735s] INFO:colcon.colcon_core.shell:Creating environment hook '/home/bestway/bestway_ws/install/auto_drive/share/auto_drive/hook/pythonpath.ps1'
[5.736s] INFO:colcon.colcon_core.shell:Creating environment descriptor '/home/bestway/bestway_ws/install/auto_drive/share/auto_drive/hook/pythonpath.dsv'
[5.737s] INFO:colcon.colcon_core.shell:Creating environment hook '/home/bestway/bestway_ws/install/auto_drive/share/auto_drive/hook/pythonpath.sh'
[5.738s] Level 1:colcon.colcon_core.environment:checking '/home/bestway/bestway_ws/install/auto_drive/bin'
[5.739s] Level 1:colcon.colcon_core.environment:create_environment_scripts_only(auto_drive)
[5.739s] INFO:colcon.colcon_core.shell:Creating package script '/home/bestway/bestway_ws/install/auto_drive/share/auto_drive/package.ps1'
[5.741s] INFO:colcon.colcon_core.shell:Creating package descriptor '/home/bestway/bestway_ws/install/auto_drive/share/auto_drive/package.dsv'
[5.742s] INFO:colcon.colcon_core.shell:Creating package script '/home/bestway/bestway_ws/install/auto_drive/share/auto_drive/package.sh'
[5.743s] INFO:colcon.colcon_core.shell:Creating package script '/home/bestway/bestway_ws/install/auto_drive/share/auto_drive/package.bash'
[5.744s] INFO:colcon.colcon_core.shell:Creating package script '/home/bestway/bestway_ws/install/auto_drive/share/auto_drive/package.zsh'
[5.744s] Level 1:colcon.colcon_core.environment:create_file_with_runtime_dependencies(/home/bestway/bestway_ws/install/auto_drive/share/colcon-core/packages/auto_drive)
[5.746s] INFO:colcon.colcon_ros.task.ament_python.build:Building ROS package in '/home/bestway/bestway_ws/src/yuntai_control' with build type 'ament_python'
[5.747s] Level 1:colcon.colcon_core.shell:create_environment_hook('yuntai_control', 'ament_prefix_path')
[5.748s] INFO:colcon.colcon_core.shell:Creating environment hook '/home/bestway/bestway_ws/install/yuntai_control/share/yuntai_control/hook/ament_prefix_path.ps1'
[5.749s] INFO:colcon.colcon_core.shell:Creating environment descriptor '/home/bestway/bestway_ws/install/yuntai_control/share/yuntai_control/hook/ament_prefix_path.dsv'
[5.750s] INFO:colcon.colcon_core.shell:Creating environment hook '/home/bestway/bestway_ws/install/yuntai_control/share/yuntai_control/hook/ament_prefix_path.sh'
[5.751s] INFO:colcon.colcon_core.shell:Skip shell extension 'powershell' for command environment: Not usable outside of PowerShell
[5.751s] DEBUG:colcon.colcon_core.shell:Skip shell extension 'dsv' for command environment
[5.765s] Level 1:colcon.colcon_core.environment:checking '/home/bestway/bestway_ws/install/sbus_control' for CMake module files
[5.766s] DEBUG:colcon.colcon_core.event_handler.log_command:Invoked command in '/home/bestway/bestway_ws/src/sbus_control' returned '0': PYTHONPATH=/home/bestway/bestway_ws/build/sbus_control/prefix_override:/usr/lib/python3/dist-packages/colcon_core/task/python/colcon_distutils_commands:/home/bestway/bestway_ws/install/sbus_control/lib/python3.10/site-packages:${PYTHONPATH} /usr/bin/python3 -W ignore:setup.py install is deprecated -W ignore:easy_install command is deprecated setup.py egg_info --egg-base ../../build/sbus_control build --build-base /home/bestway/bestway_ws/build/sbus_control/build install --record /home/bestway/bestway_ws/build/sbus_control/install.log --single-version-externally-managed install_data
[5.767s] Level 1:colcon.colcon_core.environment:checking '/home/bestway/bestway_ws/install/sbus_control' for CMake config files
[5.768s] Level 1:colcon.colcon_core.environment:checking '/home/bestway/bestway_ws/install/sbus_control/lib'
[5.768s] Level 1:colcon.colcon_core.environment:checking '/home/bestway/bestway_ws/install/sbus_control/bin'
[5.768s] Level 1:colcon.colcon_core.environment:checking '/home/bestway/bestway_ws/install/sbus_control/lib/pkgconfig/sbus_control.pc'
[5.769s] Level 1:colcon.colcon_core.environment:checking '/home/bestway/bestway_ws/install/sbus_control/lib/python3.10/site-packages'
[5.769s] Level 1:colcon.colcon_core.shell:create_environment_hook('sbus_control', 'pythonpath')
[5.769s] INFO:colcon.colcon_core.shell:Creating environment hook '/home/bestway/bestway_ws/install/sbus_control/share/sbus_control/hook/pythonpath.ps1'
[5.771s] INFO:colcon.colcon_core.shell:Creating environment descriptor '/home/bestway/bestway_ws/install/sbus_control/share/sbus_control/hook/pythonpath.dsv'
[5.772s] INFO:colcon.colcon_core.shell:Creating environment hook '/home/bestway/bestway_ws/install/sbus_control/share/sbus_control/hook/pythonpath.sh'
[5.773s] Level 1:colcon.colcon_core.environment:checking '/home/bestway/bestway_ws/install/sbus_control/bin'
[5.773s] Level 1:colcon.colcon_core.environment:create_environment_scripts_only(sbus_control)
[5.774s] INFO:colcon.colcon_core.shell:Creating package script '/home/bestway/bestway_ws/install/sbus_control/share/sbus_control/package.ps1'
[5.775s] INFO:colcon.colcon_core.shell:Creating package descriptor '/home/bestway/bestway_ws/install/sbus_control/share/sbus_control/package.dsv'
[5.776s] INFO:colcon.colcon_core.shell:Creating package script '/home/bestway/bestway_ws/install/sbus_control/share/sbus_control/package.sh'
[5.777s] INFO:colcon.colcon_core.shell:Creating package script '/home/bestway/bestway_ws/install/sbus_control/share/sbus_control/package.bash'
[5.778s] INFO:colcon.colcon_core.shell:Creating package script '/home/bestway/bestway_ws/install/sbus_control/share/sbus_control/package.zsh'
[5.779s] Level 1:colcon.colcon_core.environment:create_file_with_runtime_dependencies(/home/bestway/bestway_ws/install/sbus_control/share/colcon-core/packages/sbus_control)
[5.789s] DEBUG:colcon.colcon_core.event_handler.log_command:Invoking command in '/home/bestway/bestway_ws/build/temperature_publisher': CMAKE_PREFIX_PATH=${CMAKE_PREFIX_PATH}:/home/bestway/bestway_ws/install/yuntai_control:/home/bestway/bestway_ws/install/sbus_control:/home/bestway/bestway_ws/install/move_pos:/home/bestway/bestway_ws/install/lidar_distance:/home/bestway/bestway_ws/install/auto_drive:/opt/ros/humble /usr/bin/cmake --build /home/bestway/bestway_ws/build/temperature_publisher -- -j4 -l4
[6.442s] INFO:colcon.colcon_core.task.python.build:Building Python package in '/home/bestway/bestway_ws/src/yuntai_control'
[6.443s] INFO:colcon.colcon_core.shell:Skip shell extension 'powershell' for command environment: Not usable outside of PowerShell
[6.444s] DEBUG:colcon.colcon_core.shell:Skip shell extension 'dsv' for command environment
[6.465s] Level 1:colcon.colcon_core.environment:checking '/home/bestway/bestway_ws/install/lidar_distance' for CMake module files
[6.467s] DEBUG:colcon.colcon_core.event_handler.log_command:Invoked command in '/home/bestway/bestway_ws/src/lidar_distance' returned '0': PYTHONPATH=/home/bestway/bestway_ws/build/lidar_distance/prefix_override:/usr/lib/python3/dist-packages/colcon_core/task/python/colcon_distutils_commands:/home/bestway/bestway_ws/install/lidar_distance/lib/python3.10/site-packages:${PYTHONPATH} /usr/bin/python3 -W ignore:setup.py install is deprecated -W ignore:easy_install command is deprecated setup.py egg_info --egg-base ../../build/lidar_distance build --build-base /home/bestway/bestway_ws/build/lidar_distance/build install --record /home/bestway/bestway_ws/build/lidar_distance/install.log --single-version-externally-managed install_data
[6.467s] Level 1:colcon.colcon_core.environment:checking '/home/bestway/bestway_ws/install/lidar_distance' for CMake config files
[6.468s] Level 1:colcon.colcon_core.environment:checking '/home/bestway/bestway_ws/install/lidar_distance/lib'
[6.469s] Level 1:colcon.colcon_core.environment:checking '/home/bestway/bestway_ws/install/lidar_distance/bin'
[6.469s] Level 1:colcon.colcon_core.environment:checking '/home/bestway/bestway_ws/install/lidar_distance/lib/pkgconfig/lidar_distance.pc'
[6.470s] Level 1:colcon.colcon_core.environment:checking '/home/bestway/bestway_ws/install/lidar_distance/lib/python3.10/site-packages'
[6.470s] Level 1:colcon.colcon_core.shell:create_environment_hook('lidar_distance', 'pythonpath')
[6.471s] INFO:colcon.colcon_core.shell:Creating environment hook '/home/bestway/bestway_ws/install/lidar_distance/share/lidar_distance/hook/pythonpath.ps1'
[6.473s] INFO:colcon.colcon_core.shell:Creating environment descriptor '/home/bestway/bestway_ws/install/lidar_distance/share/lidar_distance/hook/pythonpath.dsv'
[6.474s] INFO:colcon.colcon_core.shell:Creating environment hook '/home/bestway/bestway_ws/install/lidar_distance/share/lidar_distance/hook/pythonpath.sh'
[6.477s] Level 1:colcon.colcon_core.environment:checking '/home/bestway/bestway_ws/install/lidar_distance/bin'
[6.477s] Level 1:colcon.colcon_core.environment:create_environment_scripts_only(lidar_distance)
[6.478s] INFO:colcon.colcon_core.shell:Creating package script '/home/bestway/bestway_ws/install/lidar_distance/share/lidar_distance/package.ps1'
[6.480s] INFO:colcon.colcon_core.shell:Creating package descriptor '/home/bestway/bestway_ws/install/lidar_distance/share/lidar_distance/package.dsv'
[6.484s] INFO:colcon.colcon_core.shell:Creating package script '/home/bestway/bestway_ws/install/lidar_distance/share/lidar_distance/package.sh'
[6.486s] INFO:colcon.colcon_core.shell:Creating package script '/home/bestway/bestway_ws/install/lidar_distance/share/lidar_distance/package.bash'
[6.487s] INFO:colcon.colcon_core.shell:Creating package script '/home/bestway/bestway_ws/install/lidar_distance/share/lidar_distance/package.zsh'
[6.489s] Level 1:colcon.colcon_core.environment:create_file_with_runtime_dependencies(/home/bestway/bestway_ws/install/lidar_distance/share/colcon-core/packages/lidar_distance)
[6.493s] DEBUG:colcon.colcon_core.event_handler.log_command:Invoked command in '/home/bestway/bestway_ws/build/temperature_publisher' returned '0': CMAKE_PREFIX_PATH=${CMAKE_PREFIX_PATH}:/home/bestway/bestway_ws/install/yuntai_control:/home/bestway/bestway_ws/install/sbus_control:/home/bestway/bestway_ws/install/move_pos:/home/bestway/bestway_ws/install/lidar_distance:/home/bestway/bestway_ws/install/auto_drive:/opt/ros/humble /usr/bin/cmake --build /home/bestway/bestway_ws/build/temperature_publisher -- -j4 -l4
[6.516s] DEBUG:colcon.colcon_core.event_handler.log_command:Invoking command in '/home/bestway/bestway_ws/build/temperature_publisher': CMAKE_PREFIX_PATH=${CMAKE_PREFIX_PATH}:/home/bestway/bestway_ws/install/yuntai_control:/home/bestway/bestway_ws/install/sbus_control:/home/bestway/bestway_ws/install/move_pos:/home/bestway/bestway_ws/install/lidar_distance:/home/bestway/bestway_ws/install/auto_drive:/opt/ros/humble /usr/bin/cmake --install /home/bestway/bestway_ws/build/temperature_publisher
[6.539s] Level 1:colcon.colcon_core.environment:create_environment_scripts_only(temperature_publisher)
[6.539s] Level 1:colcon.colcon_core.environment:checking '/home/bestway/bestway_ws/install/temperature_publisher' for CMake module files
[6.540s] DEBUG:colcon.colcon_core.event_handler.log_command:Invoked command in '/home/bestway/bestway_ws/build/temperature_publisher' returned '0': CMAKE_PREFIX_PATH=${CMAKE_PREFIX_PATH}:/home/bestway/bestway_ws/install/yuntai_control:/home/bestway/bestway_ws/install/sbus_control:/home/bestway/bestway_ws/install/move_pos:/home/bestway/bestway_ws/install/lidar_distance:/home/bestway/bestway_ws/install/auto_drive:/opt/ros/humble /usr/bin/cmake --install /home/bestway/bestway_ws/build/temperature_publisher
[6.541s] Level 1:colcon.colcon_core.environment:checking '/home/bestway/bestway_ws/install/temperature_publisher' for CMake config files
[6.542s] Level 1:colcon.colcon_core.shell:create_environment_hook('temperature_publisher', 'cmake_prefix_path')
[6.542s] INFO:colcon.colcon_core.shell:Creating environment hook '/home/bestway/bestway_ws/install/temperature_publisher/share/temperature_publisher/hook/cmake_prefix_path.ps1'
[6.543s] INFO:colcon.colcon_core.shell:Creating environment descriptor '/home/bestway/bestway_ws/install/temperature_publisher/share/temperature_publisher/hook/cmake_prefix_path.dsv'
[6.544s] INFO:colcon.colcon_core.shell:Creating environment hook '/home/bestway/bestway_ws/install/temperature_publisher/share/temperature_publisher/hook/cmake_prefix_path.sh'
[6.546s] Level 1:colcon.colcon_core.environment:checking '/home/bestway/bestway_ws/install/temperature_publisher/lib'
[6.546s] Level 1:colcon.colcon_core.environment:checking '/home/bestway/bestway_ws/install/temperature_publisher/bin'
[6.546s] Level 1:colcon.colcon_core.environment:checking '/home/bestway/bestway_ws/install/temperature_publisher/lib/pkgconfig/temperature_publisher.pc'
[6.546s] Level 1:colcon.colcon_core.environment:checking '/home/bestway/bestway_ws/install/temperature_publisher/lib/python3.10/site-packages'
[6.547s] Level 1:colcon.colcon_core.environment:checking '/home/bestway/bestway_ws/install/temperature_publisher/bin'
[6.548s] INFO:colcon.colcon_core.shell:Creating package script '/home/bestway/bestway_ws/install/temperature_publisher/share/temperature_publisher/package.ps1'
[6.549s] INFO:colcon.colcon_core.shell:Creating package descriptor '/home/bestway/bestway_ws/install/temperature_publisher/share/temperature_publisher/package.dsv'
[6.550s] INFO:colcon.colcon_core.shell:Creating package script '/home/bestway/bestway_ws/install/temperature_publisher/share/temperature_publisher/package.sh'
[6.551s] INFO:colcon.colcon_core.shell:Creating package script '/home/bestway/bestway_ws/install/temperature_publisher/share/temperature_publisher/package.bash'
[6.551s] INFO:colcon.colcon_core.shell:Creating package script '/home/bestway/bestway_ws/install/temperature_publisher/share/temperature_publisher/package.zsh'
[6.552s] Level 1:colcon.colcon_core.environment:create_file_with_runtime_dependencies(/home/bestway/bestway_ws/install/temperature_publisher/share/colcon-core/packages/temperature_publisher)
[6.553s] Level 1:colcon.colcon_core.environment:create_environment_scripts_only(temperature_publisher)
[6.554s] Level 1:colcon.colcon_core.environment:checking '/home/bestway/bestway_ws/install/temperature_publisher' for CMake module files
[6.555s] Level 1:colcon.colcon_core.environment:checking '/home/bestway/bestway_ws/install/temperature_publisher' for CMake config files
[6.555s] Level 1:colcon.colcon_core.shell:create_environment_hook('temperature_publisher', 'cmake_prefix_path')
[6.556s] INFO:colcon.colcon_core.shell:Creating environment hook '/home/bestway/bestway_ws/install/temperature_publisher/share/temperature_publisher/hook/cmake_prefix_path.ps1'
[6.557s] INFO:colcon.colcon_core.shell:Creating environment descriptor '/home/bestway/bestway_ws/install/temperature_publisher/share/temperature_publisher/hook/cmake_prefix_path.dsv'
[6.558s] INFO:colcon.colcon_core.shell:Creating environment hook '/home/bestway/bestway_ws/install/temperature_publisher/share/temperature_publisher/hook/cmake_prefix_path.sh'
[6.559s] Level 1:colcon.colcon_core.environment:checking '/home/bestway/bestway_ws/install/temperature_publisher/lib'
[6.559s] Level 1:colcon.colcon_core.environment:checking '/home/bestway/bestway_ws/install/temperature_publisher/bin'
[6.559s] Level 1:colcon.colcon_core.environment:checking '/home/bestway/bestway_ws/install/temperature_publisher/lib/pkgconfig/temperature_publisher.pc'
[6.560s] Level 1:colcon.colcon_core.environment:checking '/home/bestway/bestway_ws/install/temperature_publisher/lib/python3.10/site-packages'
[6.560s] Level 1:colcon.colcon_core.environment:checking '/home/bestway/bestway_ws/install/temperature_publisher/bin'
[6.561s] INFO:colcon.colcon_core.shell:Creating package script '/home/bestway/bestway_ws/install/temperature_publisher/share/temperature_publisher/package.ps1'
[6.562s] INFO:colcon.colcon_core.shell:Creating package descriptor '/home/bestway/bestway_ws/install/temperature_publisher/share/temperature_publisher/package.dsv'
[6.563s] INFO:colcon.colcon_core.shell:Creating package script '/home/bestway/bestway_ws/install/temperature_publisher/share/temperature_publisher/package.sh'
[6.564s] INFO:colcon.colcon_core.shell:Creating package script '/home/bestway/bestway_ws/install/temperature_publisher/share/temperature_publisher/package.bash'
[6.565s] INFO:colcon.colcon_core.shell:Creating package script '/home/bestway/bestway_ws/install/temperature_publisher/share/temperature_publisher/package.zsh'
[6.566s] Level 1:colcon.colcon_core.environment:create_file_with_runtime_dependencies(/home/bestway/bestway_ws/install/temperature_publisher/share/colcon-core/packages/temperature_publisher)
[7.404s] DEBUG:colcon.colcon_core.event_handler.log_command:Invoking command in '/home/bestway/bestway_ws/src/yuntai_control': PYTHONPATH=/home/bestway/bestway_ws/build/yuntai_control/prefix_override:/usr/lib/python3/dist-packages/colcon_core/task/python/colcon_distutils_commands:/home/bestway/bestway_ws/install/yuntai_control/lib/python3.10/site-packages:${PYTHONPATH} /usr/bin/python3 -W ignore:setup.py install is deprecated -W ignore:easy_install command is deprecated setup.py egg_info --egg-base ../../build/yuntai_control build --build-base /home/bestway/bestway_ws/build/yuntai_control/build install --record /home/bestway/bestway_ws/build/yuntai_control/install.log --single-version-externally-managed install_data
[8.117s] Level 1:colcon.colcon_core.environment:checking '/home/bestway/bestway_ws/install/yuntai_control' for CMake module files
[8.118s] DEBUG:colcon.colcon_core.event_handler.log_command:Invoked command in '/home/bestway/bestway_ws/src/yuntai_control' returned '0': PYTHONPATH=/home/bestway/bestway_ws/build/yuntai_control/prefix_override:/usr/lib/python3/dist-packages/colcon_core/task/python/colcon_distutils_commands:/home/bestway/bestway_ws/install/yuntai_control/lib/python3.10/site-packages:${PYTHONPATH} /usr/bin/python3 -W ignore:setup.py install is deprecated -W ignore:easy_install command is deprecated setup.py egg_info --egg-base ../../build/yuntai_control build --build-base /home/bestway/bestway_ws/build/yuntai_control/build install --record /home/bestway/bestway_ws/build/yuntai_control/install.log --single-version-externally-managed install_data
[8.120s] Level 1:colcon.colcon_core.environment:checking '/home/bestway/bestway_ws/install/yuntai_control' for CMake config files
[8.122s] Level 1:colcon.colcon_core.environment:checking '/home/bestway/bestway_ws/install/yuntai_control/lib'
[8.122s] Level 1:colcon.colcon_core.environment:checking '/home/bestway/bestway_ws/install/yuntai_control/bin'
[8.122s] Level 1:colcon.colcon_core.environment:checking '/home/bestway/bestway_ws/install/yuntai_control/lib/pkgconfig/yuntai_control.pc'
[8.123s] Level 1:colcon.colcon_core.environment:checking '/home/bestway/bestway_ws/install/yuntai_control/lib/python3.10/site-packages'
[8.124s] Level 1:colcon.colcon_core.shell:create_environment_hook('yuntai_control', 'pythonpath')
[8.124s] INFO:colcon.colcon_core.shell:Creating environment hook '/home/bestway/bestway_ws/install/yuntai_control/share/yuntai_control/hook/pythonpath.ps1'
[8.126s] INFO:colcon.colcon_core.shell:Creating environment descriptor '/home/bestway/bestway_ws/install/yuntai_control/share/yuntai_control/hook/pythonpath.dsv'
[8.128s] INFO:colcon.colcon_core.shell:Creating environment hook '/home/bestway/bestway_ws/install/yuntai_control/share/yuntai_control/hook/pythonpath.sh'
[8.130s] Level 1:colcon.colcon_core.environment:checking '/home/bestway/bestway_ws/install/yuntai_control/bin'
[8.130s] Level 1:colcon.colcon_core.environment:create_environment_scripts_only(yuntai_control)
[8.131s] INFO:colcon.colcon_core.shell:Creating package script '/home/bestway/bestway_ws/install/yuntai_control/share/yuntai_control/package.ps1'
[8.133s] INFO:colcon.colcon_core.shell:Creating package descriptor '/home/bestway/bestway_ws/install/yuntai_control/share/yuntai_control/package.dsv'
[8.135s] INFO:colcon.colcon_core.shell:Creating package script '/home/bestway/bestway_ws/install/yuntai_control/share/yuntai_control/package.sh'
[8.136s] INFO:colcon.colcon_core.shell:Creating package script '/home/bestway/bestway_ws/install/yuntai_control/share/yuntai_control/package.bash'
[8.138s] INFO:colcon.colcon_core.shell:Creating package script '/home/bestway/bestway_ws/install/yuntai_control/share/yuntai_control/package.zsh'
[8.139s] Level 1:colcon.colcon_core.environment:create_file_with_runtime_dependencies(/home/bestway/bestway_ws/install/yuntai_control/share/colcon-core/packages/yuntai_control)
[8.140s] DEBUG:colcon.colcon_parallel_executor.executor.parallel:closing loop
[8.141s] DEBUG:colcon.colcon_parallel_executor.executor.parallel:loop closed
[8.141s] DEBUG:colcon.colcon_parallel_executor.executor.parallel:run_until_complete finished with '0'
[8.142s] DEBUG:colcon.colcon_core.event_reactor:joining thread
[8.163s] INFO:colcon.colcon_core.plugin_system:Skipping extension 'colcon_notification.desktop_notification.terminal_notifier': Not used on non-Darwin systems
[8.164s] INFO:colcon.colcon_core.plugin_system:Skipping extension 'colcon_notification.desktop_notification.win32': Not used on non-Windows systems
[8.164s] INFO:colcon.colcon_notification.desktop_notification:Sending desktop notification using 'notify2'
[8.192s] DEBUG:colcon.colcon_notification.desktop_notification.notify2:Failed to initialize notify2: org.freedesktop.DBus.Error.Spawn.ChildExited: Process org.freedesktop.Notifications exited with status 1
[8.192s] DEBUG:colcon.colcon_core.event_reactor:joined thread
[8.194s] INFO:colcon.colcon_core.shell:Creating prefix script '/home/bestway/bestway_ws/install/local_setup.ps1'
[8.198s] INFO:colcon.colcon_core.shell:Creating prefix util module '/home/bestway/bestway_ws/install/_local_setup_util_ps1.py'
[8.203s] INFO:colcon.colcon_core.shell:Creating prefix chain script '/home/bestway/bestway_ws/install/setup.ps1'
[8.211s] INFO:colcon.colcon_core.shell:Creating prefix script '/home/bestway/bestway_ws/install/local_setup.sh'
[8.214s] INFO:colcon.colcon_core.shell:Creating prefix util module '/home/bestway/bestway_ws/install/_local_setup_util_sh.py'
[8.216s] INFO:colcon.colcon_core.shell:Creating prefix chain script '/home/bestway/bestway_ws/install/setup.sh'
[8.225s] INFO:colcon.colcon_core.shell:Creating prefix script '/home/bestway/bestway_ws/install/local_setup.bash'
[8.226s] INFO:colcon.colcon_core.shell:Creating prefix chain script '/home/bestway/bestway_ws/install/setup.bash'
[8.233s] INFO:colcon.colcon_core.shell:Creating prefix script '/home/bestway/bestway_ws/install/local_setup.zsh'
[8.235s] INFO:colcon.colcon_core.shell:Creating prefix chain script '/home/bestway/bestway_ws/install/setup.zsh'
