[1.717s] Invoking command in '/home/bestway/bestway_ws/src/move_pos': CMAKE_PREFIX_PATH=/home/bestway/bestway_ws/install/move_pos_interfaces:/home/bestway/fast_lio_ws/install/fast_lio:/home/bestway/bestway_ws/install/temperature_publisher:/home/bestway/ws_livox/install/livox_ros_driver2:/home/bestway/ZED_ws/install/zed_ros2:/home/bestway/ZED_ws/install/zed_robot_integration:/home/bestway/ZED_ws/install/zed_ipc:/home/bestway/ZED_ws/install/zed_multi_camera:/home/bestway/ZED_ws/install/zed_display_rviz2:/home/bestway/ZED_ws/install/zed_depth_to_laserscan:/home/bestway/ZED_ws/install/zed_wrapper:/home/bestway/ZED_ws/install/zed_tutorial_video:/home/bestway/ZED_ws/install/zed_tutorial_pos_tracking:/home/bestway/ZED_ws/install/zed_tutorial_depth:/home/bestway/ZED_ws/install/zed_topic_benchmark:/home/bestway/ZED_ws/install/zed_topic_benchmark_component:/home/bestway/ZED_ws/install/zed_topic_benchmark_interfaces:/home/bestway/ZED_ws/install/zed_rgb_convert:/home/bestway/ZED_ws/install/zed_aruco_localization:/home/bestway/ZED_ws/install/zed_components:/home/bestway/ZED_ws/install/rviz_plugin_zed_od LD_LIBRARY_PATH=/home/bestway/bestway_ws/install/move_pos_interfaces/lib:/home/bestway/fast_lio_ws/install/fast_lio/lib:/home/bestway/ws_livox/install/livox_ros_driver2/lib:/home/bestway/ZED_ws/install/zed_ipc/lib:/home/bestway/ZED_ws/install/zed_topic_benchmark_component/lib:/home/bestway/ZED_ws/install/zed_topic_benchmark_interfaces/lib:/home/bestway/ZED_ws/install/zed_rgb_convert/lib:/home/bestway/ZED_ws/install/zed_aruco_localization/lib:/home/bestway/ZED_ws/install/zed_components/lib:/home/bestway/ZED_ws/install/rviz_plugin_zed_od/lib:/opt/ros/humble/opt/rviz_ogre_vendor/lib:/opt/ros/humble/lib/aarch64-linux-gnu:/opt/ros/humble/lib:/home/bestway/SV_NET_SDK_ARM_250424/demo/consoleDemo/lib/x64/ PYTHONPATH=/home/bestway/bestway_ws/build/move_pos/prefix_override:/usr/lib/python3/dist-packages/colcon_core/task/python/colcon_distutils_commands:/home/bestway/bestway_ws/install/move_pos/lib/python3.10/site-packages:${PYTHONPATH} /usr/bin/python3 -W ignore:setup.py install is deprecated -W ignore:easy_install command is deprecated setup.py egg_info --egg-base ../../build/move_pos build --build-base /home/bestway/bestway_ws/build/move_pos/build install --record /home/bestway/bestway_ws/build/move_pos/install.log --single-version-externally-managed install_data
[2.304s] running egg_info
[2.306s] writing ../../build/move_pos/move_pos.egg-info/PKG-INFO
[2.307s] writing dependency_links to ../../build/move_pos/move_pos.egg-info/dependency_links.txt
[2.307s] writing entry points to ../../build/move_pos/move_pos.egg-info/entry_points.txt
[2.307s] writing requirements to ../../build/move_pos/move_pos.egg-info/requires.txt
[2.308s] writing top-level names to ../../build/move_pos/move_pos.egg-info/top_level.txt
[2.313s] reading manifest file '../../build/move_pos/move_pos.egg-info/SOURCES.txt'
[2.315s] writing manifest file '../../build/move_pos/move_pos.egg-info/SOURCES.txt'
[2.315s] running build
[2.315s] running build_py
[2.316s] copying move_pos/move_pos.py -> /home/bestway/bestway_ws/build/move_pos/build/lib/move_pos
[2.316s] running install
[2.317s] running install_lib
[2.322s] copying /home/bestway/bestway_ws/build/move_pos/build/lib/move_pos/move_pos.py -> /home/bestway/bestway_ws/install/move_pos/lib/python3.10/site-packages/move_pos
[2.324s] byte-compiling /home/bestway/bestway_ws/install/move_pos/lib/python3.10/site-packages/move_pos/move_pos.py to move_pos.cpython-310.pyc
[2.329s] running install_data
[2.329s] running install_egg_info
[2.333s] removing '/home/bestway/bestway_ws/install/move_pos/lib/python3.10/site-packages/move_pos-0.0.0-py3.10.egg-info' (and everything under it)
[2.334s] Copying ../../build/move_pos/move_pos.egg-info to /home/bestway/bestway_ws/install/move_pos/lib/python3.10/site-packages/move_pos-0.0.0-py3.10.egg-info
[2.336s] running install_scripts
[2.385s] Installing move_pos_action_server script to /home/bestway/bestway_ws/install/move_pos/lib/move_pos
[2.386s] writing list of installed files to '/home/bestway/bestway_ws/build/move_pos/install.log'
[2.462s] Invoked command in '/home/bestway/bestway_ws/src/move_pos' returned '0': CMAKE_PREFIX_PATH=/home/bestway/bestway_ws/install/move_pos_interfaces:/home/bestway/fast_lio_ws/install/fast_lio:/home/bestway/bestway_ws/install/temperature_publisher:/home/bestway/ws_livox/install/livox_ros_driver2:/home/bestway/ZED_ws/install/zed_ros2:/home/bestway/ZED_ws/install/zed_robot_integration:/home/bestway/ZED_ws/install/zed_ipc:/home/bestway/ZED_ws/install/zed_multi_camera:/home/bestway/ZED_ws/install/zed_display_rviz2:/home/bestway/ZED_ws/install/zed_depth_to_laserscan:/home/bestway/ZED_ws/install/zed_wrapper:/home/bestway/ZED_ws/install/zed_tutorial_video:/home/bestway/ZED_ws/install/zed_tutorial_pos_tracking:/home/bestway/ZED_ws/install/zed_tutorial_depth:/home/bestway/ZED_ws/install/zed_topic_benchmark:/home/bestway/ZED_ws/install/zed_topic_benchmark_component:/home/bestway/ZED_ws/install/zed_topic_benchmark_interfaces:/home/bestway/ZED_ws/install/zed_rgb_convert:/home/bestway/ZED_ws/install/zed_aruco_localization:/home/bestway/ZED_ws/install/zed_components:/home/bestway/ZED_ws/install/rviz_plugin_zed_od LD_LIBRARY_PATH=/home/bestway/bestway_ws/install/move_pos_interfaces/lib:/home/bestway/fast_lio_ws/install/fast_lio/lib:/home/bestway/ws_livox/install/livox_ros_driver2/lib:/home/bestway/ZED_ws/install/zed_ipc/lib:/home/bestway/ZED_ws/install/zed_topic_benchmark_component/lib:/home/bestway/ZED_ws/install/zed_topic_benchmark_interfaces/lib:/home/bestway/ZED_ws/install/zed_rgb_convert/lib:/home/bestway/ZED_ws/install/zed_aruco_localization/lib:/home/bestway/ZED_ws/install/zed_components/lib:/home/bestway/ZED_ws/install/rviz_plugin_zed_od/lib:/opt/ros/humble/opt/rviz_ogre_vendor/lib:/opt/ros/humble/lib/aarch64-linux-gnu:/opt/ros/humble/lib:/home/bestway/SV_NET_SDK_ARM_250424/demo/consoleDemo/lib/x64/ PYTHONPATH=/home/bestway/bestway_ws/build/move_pos/prefix_override:/usr/lib/python3/dist-packages/colcon_core/task/python/colcon_distutils_commands:/home/bestway/bestway_ws/install/move_pos/lib/python3.10/site-packages:${PYTHONPATH} /usr/bin/python3 -W ignore:setup.py install is deprecated -W ignore:easy_install command is deprecated setup.py egg_info --egg-base ../../build/move_pos build --build-base /home/bestway/bestway_ws/build/move_pos/build install --record /home/bestway/bestway_ws/build/move_pos/install.log --single-version-externally-managed install_data
