[8.680s] Invoking command in '/home/bestway/bestway_ws/src/move_pos': PYTHONPATH=/home/bestway/bestway_ws/build/move_pos/prefix_override:/usr/lib/python3/dist-packages/colcon_core/task/python/colcon_distutils_commands:/home/bestway/bestway_ws/install/move_pos/lib/python3.10/site-packages:${PYTHONPATH} /usr/bin/python3 -W ignore:setup.py install is deprecated -W ignore:easy_install command is deprecated setup.py egg_info --egg-base ../../build/move_pos build --build-base /home/bestway/bestway_ws/build/move_pos/build install --record /home/bestway/bestway_ws/build/move_pos/install.log --single-version-externally-managed install_data
[11.734s] running egg_info
[11.754s] writing ../../build/move_pos/move_pos.egg-info/PKG-INFO
[11.755s] writing dependency_links to ../../build/move_pos/move_pos.egg-info/dependency_links.txt
[11.756s] writing entry points to ../../build/move_pos/move_pos.egg-info/entry_points.txt
[11.756s] writing requirements to ../../build/move_pos/move_pos.egg-info/requires.txt
[11.756s] writing top-level names to ../../build/move_pos/move_pos.egg-info/top_level.txt
[11.767s] reading manifest file '../../build/move_pos/move_pos.egg-info/SOURCES.txt'
[11.776s] writing manifest file '../../build/move_pos/move_pos.egg-info/SOURCES.txt'
[11.777s] running build
[11.777s] running build_py
[11.790s] running install
[11.791s] running install_lib
[11.798s] running install_data
[11.799s] running install_egg_info
[11.822s] removing '/home/bestway/bestway_ws/install/move_pos/lib/python3.10/site-packages/move_pos-0.0.0-py3.10.egg-info' (and everything under it)
[11.831s] Copying ../../build/move_pos/move_pos.egg-info to /home/bestway/bestway_ws/install/move_pos/lib/python3.10/site-packages/move_pos-0.0.0-py3.10.egg-info
[11.909s] running install_scripts
[12.206s] Installing move_pos_topic_node script to /home/bestway/bestway_ws/install/move_pos/lib/move_pos
[12.210s] Installing move_pos_topic_node_v2 script to /home/bestway/bestway_ws/install/move_pos/lib/move_pos
[12.213s] Installing move_pos_topic_node_v3 script to /home/bestway/bestway_ws/install/move_pos/lib/move_pos
[12.219s] writing list of installed files to '/home/bestway/bestway_ws/build/move_pos/install.log'
[13.746s] Invoked command in '/home/bestway/bestway_ws/src/move_pos' returned '0': PYTHONPATH=/home/bestway/bestway_ws/build/move_pos/prefix_override:/usr/lib/python3/dist-packages/colcon_core/task/python/colcon_distutils_commands:/home/bestway/bestway_ws/install/move_pos/lib/python3.10/site-packages:${PYTHONPATH} /usr/bin/python3 -W ignore:setup.py install is deprecated -W ignore:easy_install command is deprecated setup.py egg_info --egg-base ../../build/move_pos build --build-base /home/bestway/bestway_ws/build/move_pos/build install --record /home/bestway/bestway_ws/build/move_pos/install.log --single-version-externally-managed install_data
