[4.231s] Invoking command in '/home/bestway/bestway_ws/src/auto_drive': PYTHONPATH=/home/bestway/bestway_ws/build/auto_drive/prefix_override:/usr/lib/python3/dist-packages/colcon_core/task/python/colcon_distutils_commands:/home/bestway/bestway_ws/install/auto_drive/lib/python3.10/site-packages:${PYTHONPATH} /usr/bin/python3 -W ignore:setup.py install is deprecated -W ignore:easy_install command is deprecated setup.py egg_info --egg-base ../../build/auto_drive build --build-base /home/bestway/bestway_ws/build/auto_drive/build install --record /home/bestway/bestway_ws/build/auto_drive/install.log --single-version-externally-managed install_data
[5.362s] running egg_info
[5.365s] writing ../../build/auto_drive/auto_drive.egg-info/PKG-INFO
[5.365s] writing dependency_links to ../../build/auto_drive/auto_drive.egg-info/dependency_links.txt
[5.366s] writing entry points to ../../build/auto_drive/auto_drive.egg-info/entry_points.txt
[5.367s] writing requirements to ../../build/auto_drive/auto_drive.egg-info/requires.txt
[5.368s] writing top-level names to ../../build/auto_drive/auto_drive.egg-info/top_level.txt
[5.373s] reading manifest file '../../build/auto_drive/auto_drive.egg-info/SOURCES.txt'
[5.375s] writing manifest file '../../build/auto_drive/auto_drive.egg-info/SOURCES.txt'
[5.376s] running build
[5.376s] running build_py
[5.377s] copying auto_drive/auto_drive_node.py -> /home/bestway/bestway_ws/build/auto_drive/build/lib/auto_drive
[5.378s] running install
[5.380s] running install_lib
[5.382s] copying /home/bestway/bestway_ws/build/auto_drive/build/lib/auto_drive/auto_drive_node.py -> /home/bestway/bestway_ws/install/auto_drive/lib/python3.10/site-packages/auto_drive
[5.385s] byte-compiling /home/bestway/bestway_ws/install/auto_drive/lib/python3.10/site-packages/auto_drive/auto_drive_node.py to auto_drive_node.cpython-310.pyc
[5.393s] running install_data
[5.394s] running install_egg_info
[5.399s] removing '/home/bestway/bestway_ws/install/auto_drive/lib/python3.10/site-packages/auto_drive-0.0.0-py3.10.egg-info' (and everything under it)
[5.401s] Copying ../../build/auto_drive/auto_drive.egg-info to /home/bestway/bestway_ws/install/auto_drive/lib/python3.10/site-packages/auto_drive-0.0.0-py3.10.egg-info
[5.404s] running install_scripts
[5.458s] Installing auto_drive_node script to /home/bestway/bestway_ws/install/auto_drive/lib/auto_drive
[5.460s] writing list of installed files to '/home/bestway/bestway_ws/build/auto_drive/install.log'
[5.595s] Invoked command in '/home/bestway/bestway_ws/src/auto_drive' returned '0': PYTHONPATH=/home/bestway/bestway_ws/build/auto_drive/prefix_override:/usr/lib/python3/dist-packages/colcon_core/task/python/colcon_distutils_commands:/home/bestway/bestway_ws/install/auto_drive/lib/python3.10/site-packages:${PYTHONPATH} /usr/bin/python3 -W ignore:setup.py install is deprecated -W ignore:easy_install command is deprecated setup.py egg_info --egg-base ../../build/auto_drive build --build-base /home/bestway/bestway_ws/build/auto_drive/build install --record /home/bestway/bestway_ws/build/auto_drive/install.log --single-version-externally-managed install_data
