[3.628s] Invoking command in '/home/bestway/bestway_ws/src/imu_odometry': PYTHONPATH=/home/bestway/bestway_ws/build/imu_odometry/prefix_override:/usr/lib/python3/dist-packages/colcon_core/task/python/colcon_distutils_commands:/home/bestway/bestway_ws/install/imu_odometry/lib/python3.10/site-packages:${PYTHONPATH} /usr/bin/python3 -W ignore:setup.py install is deprecated -W ignore:easy_install command is deprecated setup.py egg_info --egg-base ../../build/imu_odometry build --build-base /home/bestway/bestway_ws/build/imu_odometry/build install --record /home/bestway/bestway_ws/build/imu_odometry/install.log --single-version-externally-managed install_data
[4.263s] running egg_info
[4.265s] writing ../../build/imu_odometry/imu_odometry.egg-info/PKG-INFO
[4.266s] writing dependency_links to ../../build/imu_odometry/imu_odometry.egg-info/dependency_links.txt
[4.266s] writing entry points to ../../build/imu_odometry/imu_odometry.egg-info/entry_points.txt
[4.266s] writing requirements to ../../build/imu_odometry/imu_odometry.egg-info/requires.txt
[4.267s] writing top-level names to ../../build/imu_odometry/imu_odometry.egg-info/top_level.txt
[4.271s] reading manifest file '../../build/imu_odometry/imu_odometry.egg-info/SOURCES.txt'
[4.273s] writing manifest file '../../build/imu_odometry/imu_odometry.egg-info/SOURCES.txt'
[4.273s] running build
[4.273s] running build_py
[4.274s] running install
[4.275s] running install_lib
[4.279s] running install_data
[4.279s] running install_egg_info
[4.284s] removing '/home/bestway/bestway_ws/install/imu_odometry/lib/python3.10/site-packages/imu_odometry-0.0.0-py3.10.egg-info' (and everything under it)
[4.284s] Copying ../../build/imu_odometry/imu_odometry.egg-info to /home/bestway/bestway_ws/install/imu_odometry/lib/python3.10/site-packages/imu_odometry-0.0.0-py3.10.egg-info
[4.286s] running install_scripts
[4.336s] Installing imu_odometry_node script to /home/bestway/bestway_ws/install/imu_odometry/lib/imu_odometry
[4.337s] writing list of installed files to '/home/bestway/bestway_ws/build/imu_odometry/install.log'
[4.440s] Invoked command in '/home/bestway/bestway_ws/src/imu_odometry' returned '0': PYTHONPATH=/home/bestway/bestway_ws/build/imu_odometry/prefix_override:/usr/lib/python3/dist-packages/colcon_core/task/python/colcon_distutils_commands:/home/bestway/bestway_ws/install/imu_odometry/lib/python3.10/site-packages:${PYTHONPATH} /usr/bin/python3 -W ignore:setup.py install is deprecated -W ignore:easy_install command is deprecated setup.py egg_info --egg-base ../../build/imu_odometry build --build-base /home/bestway/bestway_ws/build/imu_odometry/build install --record /home/bestway/bestway_ws/build/imu_odometry/install.log --single-version-externally-managed install_data
