running egg_info
writing ../../build/show_pointcloud/show_pointcloud.egg-info/PKG-INFO
writing dependency_links to ../../build/show_pointcloud/show_pointcloud.egg-info/dependency_links.txt
writing entry points to ../../build/show_pointcloud/show_pointcloud.egg-info/entry_points.txt
writing requirements to ../../build/show_pointcloud/show_pointcloud.egg-info/requires.txt
writing top-level names to ../../build/show_pointcloud/show_pointcloud.egg-info/top_level.txt
reading manifest file '../../build/show_pointcloud/show_pointcloud.egg-info/SOURCES.txt'
writing manifest file '../../build/show_pointcloud/show_pointcloud.egg-info/SOURCES.txt'
running build
running build_py
copying show_pointcloud/pointcloud_server.py -> /home/bestway/bestway_ws/build/show_pointcloud/build/lib/show_pointcloud
copying show_pointcloud/__init__.py -> /home/bestway/bestway_ws/build/show_pointcloud/build/lib/show_pointcloud
running install
running install_lib
copying /home/bestway/bestway_ws/build/show_pointcloud/build/lib/show_pointcloud/pointcloud_server.py -> /home/bestway/bestway_ws/install/show_pointcloud/lib/python3.10/site-packages/show_pointcloud
copying /home/bestway/bestway_ws/build/show_pointcloud/build/lib/show_pointcloud/__init__.py -> /home/bestway/bestway_ws/install/show_pointcloud/lib/python3.10/site-packages/show_pointcloud
byte-compiling /home/bestway/bestway_ws/install/show_pointcloud/lib/python3.10/site-packages/show_pointcloud/pointcloud_server.py to pointcloud_server.cpython-310.pyc
byte-compiling /home/bestway/bestway_ws/install/show_pointcloud/lib/python3.10/site-packages/show_pointcloud/__init__.py to __init__.cpython-310.pyc
running install_data
copying resource/show_pointcloud -> /home/bestway/bestway_ws/install/show_pointcloud/share/ament_index/resource_index/packages
copying package.xml -> /home/bestway/bestway_ws/install/show_pointcloud/share/show_pointcloud
copying launch/start_visualization.launch.py -> /home/bestway/bestway_ws/install/show_pointcloud/share/show_pointcloud/launch
copying web/diagnostic.html -> /home/bestway/bestway_ws/install/show_pointcloud/share/show_pointcloud/web
copying web/test.html -> /home/bestway/bestway_ws/install/show_pointcloud/share/show_pointcloud/web
copying web/simple_test.html -> /home/bestway/bestway_ws/install/show_pointcloud/share/show_pointcloud/web
copying web/debug.html -> /home/bestway/bestway_ws/install/show_pointcloud/share/show_pointcloud/web
copying web/index.html -> /home/bestway/bestway_ws/install/show_pointcloud/share/show_pointcloud/web
running install_egg_info
removing '/home/bestway/bestway_ws/install/show_pointcloud/lib/python3.10/site-packages/show_pointcloud-0.0.1-py3.10.egg-info' (and everything under it)
Copying ../../build/show_pointcloud/show_pointcloud.egg-info to /home/bestway/bestway_ws/install/show_pointcloud/lib/python3.10/site-packages/show_pointcloud-0.0.1-py3.10.egg-info
running install_scripts
Installing pointcloud_server script to /home/bestway/bestway_ws/install/show_pointcloud/lib/show_pointcloud
writing list of installed files to '/home/bestway/bestway_ws/build/show_pointcloud/install.log'
