[5.695s] Invoking command in '/home/bestway/bestway_ws/src/sbus_control': PYTHONPATH=/home/bestway/bestway_ws/build/sbus_control/prefix_override:/usr/lib/python3/dist-packages/colcon_core/task/python/colcon_distutils_commands:/home/bestway/bestway_ws/install/sbus_control/lib/python3.10/site-packages:${PYTHONPATH} /usr/bin/python3 -W ignore:setup.py install is deprecated -W ignore:easy_install command is deprecated setup.py egg_info --egg-base ../../build/sbus_control build --build-base /home/bestway/bestway_ws/build/sbus_control/build install --record /home/bestway/bestway_ws/build/sbus_control/install.log --single-version-externally-managed install_data
[6.738s] running egg_info
[6.739s] writing ../../build/sbus_control/sbus_control.egg-info/PKG-INFO
[6.740s] writing dependency_links to ../../build/sbus_control/sbus_control.egg-info/dependency_links.txt
[6.741s] writing entry points to ../../build/sbus_control/sbus_control.egg-info/entry_points.txt
[6.741s] writing requirements to ../../build/sbus_control/sbus_control.egg-info/requires.txt
[6.742s] writing top-level names to ../../build/sbus_control/sbus_control.egg-info/top_level.txt
[6.746s] reading manifest file '../../build/sbus_control/sbus_control.egg-info/SOURCES.txt'
[6.748s] writing manifest file '../../build/sbus_control/sbus_control.egg-info/SOURCES.txt'
[6.749s] running build
[6.749s] running build_py
[6.749s] running install
[6.750s] running install_lib
[6.755s] running install_data
[6.755s] running install_egg_info
[6.760s] removing '/home/bestway/bestway_ws/install/sbus_control/lib/python3.10/site-packages/sbus_control-0.0.0-py3.10.egg-info' (and everything under it)
[6.760s] Copying ../../build/sbus_control/sbus_control.egg-info to /home/bestway/bestway_ws/install/sbus_control/lib/python3.10/site-packages/sbus_control-0.0.0-py3.10.egg-info
[6.763s] running install_scripts
[6.818s] Installing keyboard_control_node script to /home/bestway/bestway_ws/install/sbus_control/lib/sbus_control
[6.819s] Installing sbus_control_node script to /home/bestway/bestway_ws/install/sbus_control/lib/sbus_control
[6.819s] Installing serial_node script to /home/bestway/bestway_ws/install/sbus_control/lib/sbus_control
[6.820s] Installing ws2812_led_node script to /home/bestway/bestway_ws/install/sbus_control/lib/sbus_control
[6.820s] writing list of installed files to '/home/bestway/bestway_ws/build/sbus_control/install.log'
[6.920s] Invoked command in '/home/bestway/bestway_ws/src/sbus_control' returned '0': PYTHONPATH=/home/bestway/bestway_ws/build/sbus_control/prefix_override:/usr/lib/python3/dist-packages/colcon_core/task/python/colcon_distutils_commands:/home/bestway/bestway_ws/install/sbus_control/lib/python3.10/site-packages:${PYTHONPATH} /usr/bin/python3 -W ignore:setup.py install is deprecated -W ignore:easy_install command is deprecated setup.py egg_info --egg-base ../../build/sbus_control build --build-base /home/bestway/bestway_ws/build/sbus_control/build install --record /home/bestway/bestway_ws/build/sbus_control/install.log --single-version-externally-managed install_data
