[2.606s] Invoking command in '/home/bestway/bestway_ws/src/nav2_launch': PYTHONPATH=/home/bestway/bestway_ws/build/nav2_launch/prefix_override:/usr/lib/python3/dist-packages/colcon_core/task/python/colcon_distutils_commands:/home/bestway/bestway_ws/install/nav2_launch/lib/python3.10/site-packages:${PYTHONPATH} /usr/bin/python3 -W ignore:setup.py install is deprecated -W ignore:easy_install command is deprecated setup.py egg_info --egg-base ../../build/nav2_launch build --build-base /home/bestway/bestway_ws/build/nav2_launch/build install --record /home/bestway/bestway_ws/build/nav2_launch/install.log --single-version-externally-managed install_data
[3.351s] running egg_info
[3.353s] creating ../../build/nav2_launch/nav2_launch.egg-info
[3.354s] writing ../../build/nav2_launch/nav2_launch.egg-info/PKG-INFO
[3.355s] writing dependency_links to ../../build/nav2_launch/nav2_launch.egg-info/dependency_links.txt
[3.357s] writing entry points to ../../build/nav2_launch/nav2_launch.egg-info/entry_points.txt
[3.357s] writing requirements to ../../build/nav2_launch/nav2_launch.egg-info/requires.txt
[3.357s] writing top-level names to ../../build/nav2_launch/nav2_launch.egg-info/top_level.txt
[3.357s] writing manifest file '../../build/nav2_launch/nav2_launch.egg-info/SOURCES.txt'
[3.363s] reading manifest file '../../build/nav2_launch/nav2_launch.egg-info/SOURCES.txt'
[3.365s] writing manifest file '../../build/nav2_launch/nav2_launch.egg-info/SOURCES.txt'
[3.366s] running build
[3.366s] running build_py
[3.366s] creating /home/bestway/bestway_ws/build/nav2_launch/build
[3.367s] creating /home/bestway/bestway_ws/build/nav2_launch/build/lib
[3.367s] creating /home/bestway/bestway_ws/build/nav2_launch/build/lib/nav2_launch
[3.368s] copying nav2_launch/__init__.py -> /home/bestway/bestway_ws/build/nav2_launch/build/lib/nav2_launch
[3.368s] running install
[3.369s] running install_lib
[3.370s] creating /home/bestway/bestway_ws/install/nav2_launch/lib/python3.10/site-packages/nav2_launch
[3.370s] copying /home/bestway/bestway_ws/build/nav2_launch/build/lib/nav2_launch/__init__.py -> /home/bestway/bestway_ws/install/nav2_launch/lib/python3.10/site-packages/nav2_launch
[3.372s] byte-compiling /home/bestway/bestway_ws/install/nav2_launch/lib/python3.10/site-packages/nav2_launch/__init__.py to __init__.cpython-310.pyc
[3.373s] running install_data
[3.373s] creating /home/bestway/bestway_ws/install/nav2_launch/share/ament_index
[3.374s] creating /home/bestway/bestway_ws/install/nav2_launch/share/ament_index/resource_index
[3.375s] creating /home/bestway/bestway_ws/install/nav2_launch/share/ament_index/resource_index/packages
[3.375s] copying resource/nav2_launch -> /home/bestway/bestway_ws/install/nav2_launch/share/ament_index/resource_index/packages
[3.375s] copying package.xml -> /home/bestway/bestway_ws/install/nav2_launch/share/nav2_launch
[3.375s] creating /home/bestway/bestway_ws/install/nav2_launch/share/nav2_launch/launch
[3.376s] copying launch/nav2_bringup.launch.py -> /home/bestway/bestway_ws/install/nav2_launch/share/nav2_launch/launch
[3.376s] running install_egg_info
[3.382s] Copying ../../build/nav2_launch/nav2_launch.egg-info to /home/bestway/bestway_ws/install/nav2_launch/lib/python3.10/site-packages/nav2_launch-0.0.0-py3.10.egg-info
[3.384s] running install_scripts
[3.445s] writing list of installed files to '/home/bestway/bestway_ws/build/nav2_launch/install.log'
[3.530s] Invoked command in '/home/bestway/bestway_ws/src/nav2_launch' returned '0': PYTHONPATH=/home/bestway/bestway_ws/build/nav2_launch/prefix_override:/usr/lib/python3/dist-packages/colcon_core/task/python/colcon_distutils_commands:/home/bestway/bestway_ws/install/nav2_launch/lib/python3.10/site-packages:${PYTHONPATH} /usr/bin/python3 -W ignore:setup.py install is deprecated -W ignore:easy_install command is deprecated setup.py egg_info --egg-base ../../build/nav2_launch build --build-base /home/bestway/bestway_ws/build/nav2_launch/build install --record /home/bestway/bestway_ws/build/nav2_launch/install.log --single-version-externally-managed install_data
