[4.900s] Invoking command in '/home/bestway/bestway_ws/src/move_pos': PYTHONPATH=/home/bestway/bestway_ws/build/move_pos/prefix_override:/usr/lib/python3/dist-packages/colcon_core/task/python/colcon_distutils_commands:/home/bestway/bestway_ws/install/move_pos/lib/python3.10/site-packages:${PYTHONPATH} /usr/bin/python3 -W ignore:setup.py install is deprecated -W ignore:easy_install command is deprecated setup.py egg_info --egg-base ../../build/move_pos build --build-base /home/bestway/bestway_ws/build/move_pos/build install --record /home/bestway/bestway_ws/build/move_pos/install.log --single-version-externally-managed install_data
[5.970s] running egg_info
[5.973s] writing ../../build/move_pos/move_pos.egg-info/PKG-INFO
[5.975s] writing dependency_links to ../../build/move_pos/move_pos.egg-info/dependency_links.txt
[5.976s] writing entry points to ../../build/move_pos/move_pos.egg-info/entry_points.txt
[5.977s] writing requirements to ../../build/move_pos/move_pos.egg-info/requires.txt
[5.978s] writing top-level names to ../../build/move_pos/move_pos.egg-info/top_level.txt
[5.987s] reading manifest file '../../build/move_pos/move_pos.egg-info/SOURCES.txt'
[5.992s] writing manifest file '../../build/move_pos/move_pos.egg-info/SOURCES.txt'
[5.995s] running build
[5.998s] running build_py
[6.002s] running install
[6.005s] running install_lib
[6.014s] running install_data
[6.016s] running install_egg_info
[6.021s] removing '/home/bestway/bestway_ws/install/move_pos/lib/python3.10/site-packages/move_pos-0.0.0-py3.10.egg-info' (and everything under it)
[6.024s] Copying ../../build/move_pos/move_pos.egg-info to /home/bestway/bestway_ws/install/move_pos/lib/python3.10/site-packages/move_pos-0.0.0-py3.10.egg-info
[6.025s] running install_scripts
[6.076s] Installing move_pos_topic_node script to /home/bestway/bestway_ws/install/move_pos/lib/move_pos
[6.076s] Installing move_pos_topic_node_v2 script to /home/bestway/bestway_ws/install/move_pos/lib/move_pos
[6.076s] Installing move_pos_topic_node_v3 script to /home/bestway/bestway_ws/install/move_pos/lib/move_pos
[6.077s] writing list of installed files to '/home/bestway/bestway_ws/build/move_pos/install.log'
[6.506s] Invoked command in '/home/bestway/bestway_ws/src/move_pos' returned '0': PYTHONPATH=/home/bestway/bestway_ws/build/move_pos/prefix_override:/usr/lib/python3/dist-packages/colcon_core/task/python/colcon_distutils_commands:/home/bestway/bestway_ws/install/move_pos/lib/python3.10/site-packages:${PYTHONPATH} /usr/bin/python3 -W ignore:setup.py install is deprecated -W ignore:easy_install command is deprecated setup.py egg_info --egg-base ../../build/move_pos build --build-base /home/bestway/bestway_ws/build/move_pos/build install --record /home/bestway/bestway_ws/build/move_pos/install.log --single-version-externally-managed install_data
