[1.625s] Invoking command in '/home/bestway/bestway_ws/src/yuntai_control': PYTHONPATH=/home/bestway/bestway_ws/build/yuntai_control/prefix_override:/usr/lib/python3/dist-packages/colcon_core/task/python/colcon_distutils_commands:/home/bestway/bestway_ws/install/yuntai_control/lib/python3.10/site-packages:${PYTHONPATH} /usr/bin/python3 -W ignore:setup.py install is deprecated -W ignore:easy_install command is deprecated setup.py egg_info --egg-base ../../build/yuntai_control build --build-base /home/bestway/bestway_ws/build/yuntai_control/build install --record /home/bestway/bestway_ws/build/yuntai_control/install.log --single-version-externally-managed install_data
[2.200s] running egg_info
[2.201s] writing ../../build/yuntai_control/yuntai_control.egg-info/PKG-INFO
[2.202s] writing dependency_links to ../../build/yuntai_control/yuntai_control.egg-info/dependency_links.txt
[2.202s] writing entry points to ../../build/yuntai_control/yuntai_control.egg-info/entry_points.txt
[2.202s] writing requirements to ../../build/yuntai_control/yuntai_control.egg-info/requires.txt
[2.203s] writing top-level names to ../../build/yuntai_control/yuntai_control.egg-info/top_level.txt
[2.207s] reading manifest file '../../build/yuntai_control/yuntai_control.egg-info/SOURCES.txt'
[2.209s] writing manifest file '../../build/yuntai_control/yuntai_control.egg-info/SOURCES.txt'
[2.209s] running build
[2.209s] running build_py
[2.210s] copying yuntai_control/temperature_monitor_node.py -> /home/bestway/bestway_ws/build/yuntai_control/build/lib/yuntai_control
[2.210s] copying yuntai_control/temperature_data_storage.py -> /home/bestway/bestway_ws/build/yuntai_control/build/lib/yuntai_control
[2.211s] running install
[2.211s] running install_lib
[2.213s] copying /home/bestway/bestway_ws/build/yuntai_control/build/lib/yuntai_control/temperature_monitor_node.py -> /home/bestway/bestway_ws/install/yuntai_control/lib/python3.10/site-packages/yuntai_control
[2.213s] copying /home/bestway/bestway_ws/build/yuntai_control/build/lib/yuntai_control/temperature_data_storage.py -> /home/bestway/bestway_ws/install/yuntai_control/lib/python3.10/site-packages/yuntai_control
[2.215s] byte-compiling /home/bestway/bestway_ws/install/yuntai_control/lib/python3.10/site-packages/yuntai_control/temperature_monitor_node.py to temperature_monitor_node.cpython-310.pyc
[2.218s] byte-compiling /home/bestway/bestway_ws/install/yuntai_control/lib/python3.10/site-packages/yuntai_control/temperature_data_storage.py to temperature_data_storage.cpython-310.pyc
[2.221s] running install_data
[2.221s] running install_egg_info
[2.225s] removing '/home/bestway/bestway_ws/install/yuntai_control/lib/python3.10/site-packages/yuntai_control-0.0.0-py3.10.egg-info' (and everything under it)
[2.226s] Copying ../../build/yuntai_control/yuntai_control.egg-info to /home/bestway/bestway_ws/install/yuntai_control/lib/python3.10/site-packages/yuntai_control-0.0.0-py3.10.egg-info
[2.228s] running install_scripts
[2.273s] Installing temperature_monitor_node script to /home/bestway/bestway_ws/install/yuntai_control/lib/yuntai_control
[2.274s] Installing temperature_tracking_node script to /home/bestway/bestway_ws/install/yuntai_control/lib/yuntai_control
[2.274s] Installing yuntai_controller_node script to /home/bestway/bestway_ws/install/yuntai_control/lib/yuntai_control
[2.275s] writing list of installed files to '/home/bestway/bestway_ws/build/yuntai_control/install.log'
[2.346s] Invoked command in '/home/bestway/bestway_ws/src/yuntai_control' returned '0': PYTHONPATH=/home/bestway/bestway_ws/build/yuntai_control/prefix_override:/usr/lib/python3/dist-packages/colcon_core/task/python/colcon_distutils_commands:/home/bestway/bestway_ws/install/yuntai_control/lib/python3.10/site-packages:${PYTHONPATH} /usr/bin/python3 -W ignore:setup.py install is deprecated -W ignore:easy_install command is deprecated setup.py egg_info --egg-base ../../build/yuntai_control build --build-base /home/bestway/bestway_ws/build/yuntai_control/build install --record /home/bestway/bestway_ws/build/yuntai_control/install.log --single-version-externally-managed install_data
