[4.487s] Invoking command in '/home/bestway/bestway_ws/src/auto_drive': PYTHONPATH=/home/bestway/bestway_ws/build/auto_drive/prefix_override:/usr/lib/python3/dist-packages/colcon_core/task/python/colcon_distutils_commands:/home/bestway/bestway_ws/install/auto_drive/lib/python3.10/site-packages:${PYTHONPATH} /usr/bin/python3 -W ignore:setup.py install is deprecated -W ignore:easy_install command is deprecated setup.py egg_info --egg-base ../../build/auto_drive build --build-base /home/bestway/bestway_ws/build/auto_drive/build install --record /home/bestway/bestway_ws/build/auto_drive/install.log --single-version-externally-managed install_data
[5.468s] running egg_info
[5.470s] writing ../../build/auto_drive/auto_drive.egg-info/PKG-INFO
[5.471s] writing dependency_links to ../../build/auto_drive/auto_drive.egg-info/dependency_links.txt
[5.471s] writing entry points to ../../build/auto_drive/auto_drive.egg-info/entry_points.txt
[5.471s] writing requirements to ../../build/auto_drive/auto_drive.egg-info/requires.txt
[5.472s] writing top-level names to ../../build/auto_drive/auto_drive.egg-info/top_level.txt
[5.479s] reading manifest file '../../build/auto_drive/auto_drive.egg-info/SOURCES.txt'
[5.480s] writing manifest file '../../build/auto_drive/auto_drive.egg-info/SOURCES.txt'
[5.480s] running build
[5.481s] running build_py
[5.481s] running install
[5.483s] running install_lib
[5.487s] running install_data
[5.488s] running install_egg_info
[5.493s] removing '/home/bestway/bestway_ws/install/auto_drive/lib/python3.10/site-packages/auto_drive-0.0.0-py3.10.egg-info' (and everything under it)
[5.494s] Copying ../../build/auto_drive/auto_drive.egg-info to /home/bestway/bestway_ws/install/auto_drive/lib/python3.10/site-packages/auto_drive-0.0.0-py3.10.egg-info
[5.496s] running install_scripts
[5.558s] Installing auto_drive_node script to /home/bestway/bestway_ws/install/auto_drive/lib/auto_drive
[5.559s] Installing navigation_controller script to /home/bestway/bestway_ws/install/auto_drive/lib/auto_drive
[5.560s] Installing pointcloud_to_2d_map script to /home/bestway/bestway_ws/install/auto_drive/lib/auto_drive
[5.561s] Installing pose_printer_node script to /home/bestway/bestway_ws/install/auto_drive/lib/auto_drive
[5.561s] Installing search_fire_node script to /home/bestway/bestway_ws/install/auto_drive/lib/auto_drive
[5.561s] writing list of installed files to '/home/bestway/bestway_ws/build/auto_drive/install.log'
[5.946s] Invoked command in '/home/bestway/bestway_ws/src/auto_drive' returned '0': PYTHONPATH=/home/bestway/bestway_ws/build/auto_drive/prefix_override:/usr/lib/python3/dist-packages/colcon_core/task/python/colcon_distutils_commands:/home/bestway/bestway_ws/install/auto_drive/lib/python3.10/site-packages:${PYTHONPATH} /usr/bin/python3 -W ignore:setup.py install is deprecated -W ignore:easy_install command is deprecated setup.py egg_info --egg-base ../../build/auto_drive build --build-base /home/bestway/bestway_ws/build/auto_drive/build install --record /home/bestway/bestway_ws/build/auto_drive/install.log --single-version-externally-managed install_data
