[6.467s] Invoking command in '/home/bestway/bestway_ws/src/auto_drive': PYTHONPATH=/home/bestway/bestway_ws/build/auto_drive/prefix_override:/usr/lib/python3/dist-packages/colcon_core/task/python/colcon_distutils_commands:/home/bestway/bestway_ws/install/auto_drive/lib/python3.10/site-packages:${PYTHONPATH} /usr/bin/python3 -W ignore:setup.py install is deprecated -W ignore:easy_install command is deprecated setup.py egg_info --egg-base ../../build/auto_drive build --build-base /home/bestway/bestway_ws/build/auto_drive/build install --record /home/bestway/bestway_ws/build/auto_drive/install.log --single-version-externally-managed install_data
[8.120s] running egg_info
[8.126s] writing ../../build/auto_drive/auto_drive.egg-info/PKG-INFO
[8.128s] writing dependency_links to ../../build/auto_drive/auto_drive.egg-info/dependency_links.txt
[8.130s] writing entry points to ../../build/auto_drive/auto_drive.egg-info/entry_points.txt
[8.133s] writing requirements to ../../build/auto_drive/auto_drive.egg-info/requires.txt
[8.134s] writing top-level names to ../../build/auto_drive/auto_drive.egg-info/top_level.txt
[8.146s] reading manifest file '../../build/auto_drive/auto_drive.egg-info/SOURCES.txt'
[8.151s] writing manifest file '../../build/auto_drive/auto_drive.egg-info/SOURCES.txt'
[8.153s] running build
[8.153s] running build_py
[8.156s] running install
[8.160s] running install_lib
[8.169s] running install_data
[8.171s] running install_egg_info
[8.185s] removing '/home/bestway/bestway_ws/install/auto_drive/lib/python3.10/site-packages/auto_drive-0.0.0-py3.10.egg-info' (and everything under it)
[8.191s] Copying ../../build/auto_drive/auto_drive.egg-info to /home/bestway/bestway_ws/install/auto_drive/lib/python3.10/site-packages/auto_drive-0.0.0-py3.10.egg-info
[8.196s] running install_scripts
[8.322s] Installing auto_drive_node script to /home/bestway/bestway_ws/install/auto_drive/lib/auto_drive
[8.324s] Installing pose_printer_node script to /home/bestway/bestway_ws/install/auto_drive/lib/auto_drive
[8.327s] Installing search_fire_node script to /home/bestway/bestway_ws/install/auto_drive/lib/auto_drive
[8.334s] writing list of installed files to '/home/bestway/bestway_ws/build/auto_drive/install.log'
[8.599s] Invoked command in '/home/bestway/bestway_ws/src/auto_drive' returned '0': PYTHONPATH=/home/bestway/bestway_ws/build/auto_drive/prefix_override:/usr/lib/python3/dist-packages/colcon_core/task/python/colcon_distutils_commands:/home/bestway/bestway_ws/install/auto_drive/lib/python3.10/site-packages:${PYTHONPATH} /usr/bin/python3 -W ignore:setup.py install is deprecated -W ignore:easy_install command is deprecated setup.py egg_info --egg-base ../../build/auto_drive build --build-base /home/bestway/bestway_ws/build/auto_drive/build install --record /home/bestway/bestway_ws/build/auto_drive/install.log --single-version-externally-managed install_data
