[5.338s] Invoking command in '/home/bestway/bestway_ws/src/yuntai_control': PYTHONPATH=/home/bestway/bestway_ws/build/yuntai_control/prefix_override:/usr/lib/python3/dist-packages/colcon_core/task/python/colcon_distutils_commands:/home/bestway/bestway_ws/install/yuntai_control/lib/python3.10/site-packages:${PYTHONPATH} /usr/bin/python3 -W ignore:setup.py install is deprecated -W ignore:easy_install command is deprecated setup.py egg_info --egg-base ../../build/yuntai_control build --build-base /home/bestway/bestway_ws/build/yuntai_control/build install --record /home/bestway/bestway_ws/build/yuntai_control/install.log --single-version-externally-managed install_data
[6.188s] running egg_info
[6.192s] writing ../../build/yuntai_control/yuntai_control.egg-info/PKG-INFO
[6.193s] writing dependency_links to ../../build/yuntai_control/yuntai_control.egg-info/dependency_links.txt
[6.195s] writing entry points to ../../build/yuntai_control/yuntai_control.egg-info/entry_points.txt
[6.195s] writing requirements to ../../build/yuntai_control/yuntai_control.egg-info/requires.txt
[6.195s] writing top-level names to ../../build/yuntai_control/yuntai_control.egg-info/top_level.txt
[6.202s] reading manifest file '../../build/yuntai_control/yuntai_control.egg-info/SOURCES.txt'
[6.206s] writing manifest file '../../build/yuntai_control/yuntai_control.egg-info/SOURCES.txt'
[6.207s] running build
[6.207s] running build_py
[6.211s] running install
[6.211s] running install_lib
[6.215s] running install_data
[6.215s] running install_egg_info
[6.223s] removing '/home/bestway/bestway_ws/install/yuntai_control/lib/python3.10/site-packages/yuntai_control-0.0.0-py3.10.egg-info' (and everything under it)
[6.226s] Copying ../../build/yuntai_control/yuntai_control.egg-info to /home/bestway/bestway_ws/install/yuntai_control/lib/python3.10/site-packages/yuntai_control-0.0.0-py3.10.egg-info
[6.231s] running install_scripts
[6.332s] Installing temperature_tracking_node script to /home/bestway/bestway_ws/install/yuntai_control/lib/yuntai_control
[6.334s] Installing yuntai_controller_node script to /home/bestway/bestway_ws/install/yuntai_control/lib/yuntai_control
[6.336s] writing list of installed files to '/home/bestway/bestway_ws/build/yuntai_control/install.log'
[6.453s] Invoked command in '/home/bestway/bestway_ws/src/yuntai_control' returned '0': PYTHONPATH=/home/bestway/bestway_ws/build/yuntai_control/prefix_override:/usr/lib/python3/dist-packages/colcon_core/task/python/colcon_distutils_commands:/home/bestway/bestway_ws/install/yuntai_control/lib/python3.10/site-packages:${PYTHONPATH} /usr/bin/python3 -W ignore:setup.py install is deprecated -W ignore:easy_install command is deprecated setup.py egg_info --egg-base ../../build/yuntai_control build --build-base /home/bestway/bestway_ws/build/yuntai_control/build install --record /home/bestway/bestway_ws/build/yuntai_control/install.log --single-version-externally-managed install_data
