[3.155s] Invoking command in '/home/bestway/bestway_ws/src/yuntai_control': PYTHONPATH=/home/bestway/bestway_ws/build/yuntai_control/prefix_override:/usr/lib/python3/dist-packages/colcon_core/task/python/colcon_distutils_commands:/home/bestway/bestway_ws/install/yuntai_control/lib/python3.10/site-packages:${PYTHONPATH} /usr/bin/python3 -W ignore:setup.py install is deprecated -W ignore:easy_install command is deprecated setup.py egg_info --egg-base ../../build/yuntai_control build --build-base /home/bestway/bestway_ws/build/yuntai_control/build install --record /home/bestway/bestway_ws/build/yuntai_control/install.log --single-version-externally-managed install_data
[3.916s] running egg_info
[3.919s] writing ../../build/yuntai_control/yuntai_control.egg-info/PKG-INFO
[3.920s] writing dependency_links to ../../build/yuntai_control/yuntai_control.egg-info/dependency_links.txt
[3.921s] writing entry points to ../../build/yuntai_control/yuntai_control.egg-info/entry_points.txt
[3.922s] writing requirements to ../../build/yuntai_control/yuntai_control.egg-info/requires.txt
[3.923s] writing top-level names to ../../build/yuntai_control/yuntai_control.egg-info/top_level.txt
[3.930s] reading manifest file '../../build/yuntai_control/yuntai_control.egg-info/SOURCES.txt'
[3.934s] writing manifest file '../../build/yuntai_control/yuntai_control.egg-info/SOURCES.txt'
[3.934s] running build
[3.934s] running build_py
[3.937s] running install
[3.938s] running install_lib
[3.945s] running install_data
[3.946s] running install_egg_info
[3.954s] removing '/home/bestway/bestway_ws/install/yuntai_control/lib/python3.10/site-packages/yuntai_control-0.0.0-py3.10.egg-info' (and everything under it)
[3.956s] Copying ../../build/yuntai_control/yuntai_control.egg-info to /home/bestway/bestway_ws/install/yuntai_control/lib/python3.10/site-packages/yuntai_control-0.0.0-py3.10.egg-info
[3.960s] running install_scripts
[4.035s] Installing temperature_tracking_node script to /home/bestway/bestway_ws/install/yuntai_control/lib/yuntai_control
[4.036s] Installing temperature_tracking_node_v2 script to /home/bestway/bestway_ws/install/yuntai_control/lib/yuntai_control
[4.036s] Installing yuntai_controller_node script to /home/bestway/bestway_ws/install/yuntai_control/lib/yuntai_control
[4.036s] Installing yuntai_hardware_pwm_servo_node script to /home/bestway/bestway_ws/install/yuntai_control/lib/yuntai_control
[4.037s] Installing yuntai_search_node script to /home/bestway/bestway_ws/install/yuntai_control/lib/yuntai_control
[4.038s] writing list of installed files to '/home/bestway/bestway_ws/build/yuntai_control/install.log'
[4.140s] Invoked command in '/home/bestway/bestway_ws/src/yuntai_control' returned '0': PYTHONPATH=/home/bestway/bestway_ws/build/yuntai_control/prefix_override:/usr/lib/python3/dist-packages/colcon_core/task/python/colcon_distutils_commands:/home/bestway/bestway_ws/install/yuntai_control/lib/python3.10/site-packages:${PYTHONPATH} /usr/bin/python3 -W ignore:setup.py install is deprecated -W ignore:easy_install command is deprecated setup.py egg_info --egg-base ../../build/yuntai_control build --build-base /home/bestway/bestway_ws/build/yuntai_control/build install --record /home/bestway/bestway_ws/build/yuntai_control/install.log --single-version-externally-managed install_data
