[5.018s] Invoking command in '/home/bestway/bestway_ws/src/lidar_distance': PYTHONPATH=/home/bestway/bestway_ws/build/lidar_distance/prefix_override:/usr/lib/python3/dist-packages/colcon_core/task/python/colcon_distutils_commands:/home/bestway/bestway_ws/install/lidar_distance/lib/python3.10/site-packages:${PYTHONPATH} /usr/bin/python3 -W ignore:setup.py install is deprecated -W ignore:easy_install command is deprecated setup.py egg_info --egg-base ../../build/lidar_distance build --build-base /home/bestway/bestway_ws/build/lidar_distance/build install --record /home/bestway/bestway_ws/build/lidar_distance/install.log --single-version-externally-managed install_data
[6.050s] running egg_info
[6.053s] writing ../../build/lidar_distance/lidar_distance.egg-info/PKG-INFO
[6.055s] writing dependency_links to ../../build/lidar_distance/lidar_distance.egg-info/dependency_links.txt
[6.055s] writing entry points to ../../build/lidar_distance/lidar_distance.egg-info/entry_points.txt
[6.056s] writing requirements to ../../build/lidar_distance/lidar_distance.egg-info/requires.txt
[6.056s] writing top-level names to ../../build/lidar_distance/lidar_distance.egg-info/top_level.txt
[6.066s] reading manifest file '../../build/lidar_distance/lidar_distance.egg-info/SOURCES.txt'
[6.070s] writing manifest file '../../build/lidar_distance/lidar_distance.egg-info/SOURCES.txt'
[6.070s] running build
[6.070s] running build_py
[6.071s] copying lidar_distance/lidar_distance.py -> /home/bestway/bestway_ws/build/lidar_distance/build/lib/lidar_distance
[6.073s] running install
[6.076s] running install_lib
[6.079s] copying /home/bestway/bestway_ws/build/lidar_distance/build/lib/lidar_distance/lidar_distance.py -> /home/bestway/bestway_ws/install/lidar_distance/lib/python3.10/site-packages/lidar_distance
[6.081s] byte-compiling /home/bestway/bestway_ws/install/lidar_distance/lib/python3.10/site-packages/lidar_distance/lidar_distance.py to lidar_distance.cpython-310.pyc
[6.085s] running install_data
[6.086s] running install_egg_info
[6.093s] removing '/home/bestway/bestway_ws/install/lidar_distance/lib/python3.10/site-packages/lidar_distance-0.0.0-py3.10.egg-info' (and everything under it)
[6.095s] Copying ../../build/lidar_distance/lidar_distance.egg-info to /home/bestway/bestway_ws/install/lidar_distance/lib/python3.10/site-packages/lidar_distance-0.0.0-py3.10.egg-info
[6.097s] running install_scripts
[6.248s] Installing lidar_distance script to /home/bestway/bestway_ws/install/lidar_distance/lib/lidar_distance
[6.251s] writing list of installed files to '/home/bestway/bestway_ws/build/lidar_distance/install.log'
[6.505s] Invoked command in '/home/bestway/bestway_ws/src/lidar_distance' returned '0': PYTHONPATH=/home/bestway/bestway_ws/build/lidar_distance/prefix_override:/usr/lib/python3/dist-packages/colcon_core/task/python/colcon_distutils_commands:/home/bestway/bestway_ws/install/lidar_distance/lib/python3.10/site-packages:${PYTHONPATH} /usr/bin/python3 -W ignore:setup.py install is deprecated -W ignore:easy_install command is deprecated setup.py egg_info --egg-base ../../build/lidar_distance build --build-base /home/bestway/bestway_ws/build/lidar_distance/build install --record /home/bestway/bestway_ws/build/lidar_distance/install.log --single-version-externally-managed install_data
