[4.700s] Invoking command in '/home/bestway/bestway_ws/src/auto_drive': PYTHONPATH=/home/bestway/bestway_ws/build/auto_drive/prefix_override:/usr/lib/python3/dist-packages/colcon_core/task/python/colcon_distutils_commands:/home/bestway/bestway_ws/install/auto_drive/lib/python3.10/site-packages:${PYTHONPATH} /usr/bin/python3 -W ignore:setup.py install is deprecated -W ignore:easy_install command is deprecated setup.py egg_info --egg-base ../../build/auto_drive build --build-base /home/bestway/bestway_ws/build/auto_drive/build install --record /home/bestway/bestway_ws/build/auto_drive/install.log --single-version-externally-managed install_data
[6.291s] running egg_info
[6.300s] writing ../../build/auto_drive/auto_drive.egg-info/PKG-INFO
[6.300s] writing dependency_links to ../../build/auto_drive/auto_drive.egg-info/dependency_links.txt
[6.301s] writing entry points to ../../build/auto_drive/auto_drive.egg-info/entry_points.txt
[6.301s] writing requirements to ../../build/auto_drive/auto_drive.egg-info/requires.txt
[6.301s] writing top-level names to ../../build/auto_drive/auto_drive.egg-info/top_level.txt
[6.302s] reading manifest file '../../build/auto_drive/auto_drive.egg-info/SOURCES.txt'
[6.306s] writing manifest file '../../build/auto_drive/auto_drive.egg-info/SOURCES.txt'
[6.306s] running build
[6.307s] running build_py
[6.307s] copying auto_drive/pointcloud_to_2d_map.py -> /home/bestway/bestway_ws/build/auto_drive/build/lib/auto_drive
[6.310s] running install
[6.310s] running install_lib
[6.319s] copying /home/bestway/bestway_ws/build/auto_drive/build/lib/auto_drive/pointcloud_to_2d_map.py -> /home/bestway/bestway_ws/install/auto_drive/lib/python3.10/site-packages/auto_drive
[6.321s] byte-compiling /home/bestway/bestway_ws/install/auto_drive/lib/python3.10/site-packages/auto_drive/pointcloud_to_2d_map.py to pointcloud_to_2d_map.cpython-310.pyc
[6.335s] running install_data
[6.335s] running install_egg_info
[6.354s] removing '/home/bestway/bestway_ws/install/auto_drive/lib/python3.10/site-packages/auto_drive-0.0.0-py3.10.egg-info' (and everything under it)
[6.355s] Copying ../../build/auto_drive/auto_drive.egg-info to /home/bestway/bestway_ws/install/auto_drive/lib/python3.10/site-packages/auto_drive-0.0.0-py3.10.egg-info
[6.355s] running install_scripts
[6.433s] Installing auto_drive_node script to /home/bestway/bestway_ws/install/auto_drive/lib/auto_drive
[6.434s] Installing navigation_controller script to /home/bestway/bestway_ws/install/auto_drive/lib/auto_drive
[6.435s] Installing pointcloud_to_2d_map script to /home/bestway/bestway_ws/install/auto_drive/lib/auto_drive
[6.436s] Installing pose_printer_node script to /home/bestway/bestway_ws/install/auto_drive/lib/auto_drive
[6.436s] Installing search_fire_node script to /home/bestway/bestway_ws/install/auto_drive/lib/auto_drive
[6.438s] writing list of installed files to '/home/bestway/bestway_ws/build/auto_drive/install.log'
[7.322s] Invoked command in '/home/bestway/bestway_ws/src/auto_drive' returned '0': PYTHONPATH=/home/bestway/bestway_ws/build/auto_drive/prefix_override:/usr/lib/python3/dist-packages/colcon_core/task/python/colcon_distutils_commands:/home/bestway/bestway_ws/install/auto_drive/lib/python3.10/site-packages:${PYTHONPATH} /usr/bin/python3 -W ignore:setup.py install is deprecated -W ignore:easy_install command is deprecated setup.py egg_info --egg-base ../../build/auto_drive build --build-base /home/bestway/bestway_ws/build/auto_drive/build install --record /home/bestway/bestway_ws/build/auto_drive/install.log --single-version-externally-managed install_data
