[5.258s] Invoking command in '/home/bestway/bestway_ws/src/auto_drive': PYTHONPATH=/home/bestway/bestway_ws/build/auto_drive/prefix_override:/usr/lib/python3/dist-packages/colcon_core/task/python/colcon_distutils_commands:/home/bestway/bestway_ws/install/auto_drive/lib/python3.10/site-packages:${PYTHONPATH} /usr/bin/python3 -W ignore:setup.py install is deprecated -W ignore:easy_install command is deprecated setup.py egg_info --egg-base ../../build/auto_drive build --build-base /home/bestway/bestway_ws/build/auto_drive/build install --record /home/bestway/bestway_ws/build/auto_drive/install.log --single-version-externally-managed install_data
[6.059s] running egg_info
[6.061s] writing ../../build/auto_drive/auto_drive.egg-info/PKG-INFO
[6.063s] writing dependency_links to ../../build/auto_drive/auto_drive.egg-info/dependency_links.txt
[6.063s] writing entry points to ../../build/auto_drive/auto_drive.egg-info/entry_points.txt
[6.064s] writing requirements to ../../build/auto_drive/auto_drive.egg-info/requires.txt
[6.064s] writing top-level names to ../../build/auto_drive/auto_drive.egg-info/top_level.txt
[6.068s] reading manifest file '../../build/auto_drive/auto_drive.egg-info/SOURCES.txt'
[6.073s] writing manifest file '../../build/auto_drive/auto_drive.egg-info/SOURCES.txt'
[6.074s] running build
[6.074s] running build_py
[6.074s] copying auto_drive/navigation_controller.py -> /home/bestway/bestway_ws/build/auto_drive/build/lib/auto_drive
[6.075s] running install
[6.076s] running install_lib
[6.078s] copying /home/bestway/bestway_ws/build/auto_drive/build/lib/auto_drive/navigation_controller.py -> /home/bestway/bestway_ws/install/auto_drive/lib/python3.10/site-packages/auto_drive
[6.081s] byte-compiling /home/bestway/bestway_ws/install/auto_drive/lib/python3.10/site-packages/auto_drive/navigation_controller.py to navigation_controller.cpython-310.pyc
[6.098s] running install_data
[6.099s] running install_egg_info
[6.105s] removing '/home/bestway/bestway_ws/install/auto_drive/lib/python3.10/site-packages/auto_drive-0.0.0-py3.10.egg-info' (and everything under it)
[6.108s] Copying ../../build/auto_drive/auto_drive.egg-info to /home/bestway/bestway_ws/install/auto_drive/lib/python3.10/site-packages/auto_drive-0.0.0-py3.10.egg-info
[6.111s] running install_scripts
[6.180s] Installing auto_drive_node script to /home/bestway/bestway_ws/install/auto_drive/lib/auto_drive
[6.202s] Installing navigation_controller script to /home/bestway/bestway_ws/install/auto_drive/lib/auto_drive
[6.205s] Installing navigation_node script to /home/bestway/bestway_ws/install/auto_drive/lib/auto_drive
[6.207s] Installing pointcloud_to_2d_map script to /home/bestway/bestway_ws/install/auto_drive/lib/auto_drive
[6.208s] Installing pose_printer_node script to /home/bestway/bestway_ws/install/auto_drive/lib/auto_drive
[6.210s] Installing search_fire_node script to /home/bestway/bestway_ws/install/auto_drive/lib/auto_drive
[6.213s] writing list of installed files to '/home/bestway/bestway_ws/build/auto_drive/install.log'
[6.521s] Invoked command in '/home/bestway/bestway_ws/src/auto_drive' returned '0': PYTHONPATH=/home/bestway/bestway_ws/build/auto_drive/prefix_override:/usr/lib/python3/dist-packages/colcon_core/task/python/colcon_distutils_commands:/home/bestway/bestway_ws/install/auto_drive/lib/python3.10/site-packages:${PYTHONPATH} /usr/bin/python3 -W ignore:setup.py install is deprecated -W ignore:easy_install command is deprecated setup.py egg_info --egg-base ../../build/auto_drive build --build-base /home/bestway/bestway_ws/build/auto_drive/build install --record /home/bestway/bestway_ws/build/auto_drive/install.log --single-version-externally-managed install_data
