[4.070s] Invoking command in '/home/bestway/bestway_ws/src/lidar_distance': PYTHONPATH=/home/bestway/bestway_ws/build/lidar_distance/prefix_override:/usr/lib/python3/dist-packages/colcon_core/task/python/colcon_distutils_commands:/home/bestway/bestway_ws/install/lidar_distance/lib/python3.10/site-packages:${PYTHONPATH} /usr/bin/python3 -W ignore:setup.py install is deprecated -W ignore:easy_install command is deprecated setup.py egg_info --egg-base ../../build/lidar_distance build --build-base /home/bestway/bestway_ws/build/lidar_distance/build install --record /home/bestway/bestway_ws/build/lidar_distance/install.log --single-version-externally-managed install_data
[4.701s] running egg_info
[4.705s] writing ../../build/lidar_distance/lidar_distance.egg-info/PKG-INFO
[4.705s] writing dependency_links to ../../build/lidar_distance/lidar_distance.egg-info/dependency_links.txt
[4.705s] writing entry points to ../../build/lidar_distance/lidar_distance.egg-info/entry_points.txt
[4.706s] writing requirements to ../../build/lidar_distance/lidar_distance.egg-info/requires.txt
[4.706s] writing top-level names to ../../build/lidar_distance/lidar_distance.egg-info/top_level.txt
[4.709s] reading manifest file '../../build/lidar_distance/lidar_distance.egg-info/SOURCES.txt'
[4.711s] writing manifest file '../../build/lidar_distance/lidar_distance.egg-info/SOURCES.txt'
[4.712s] running build
[4.712s] running build_py
[4.713s] running install
[4.714s] running install_lib
[4.717s] running install_data
[4.718s] running install_egg_info
[4.722s] removing '/home/bestway/bestway_ws/install/lidar_distance/lib/python3.10/site-packages/lidar_distance-0.0.0-py3.10.egg-info' (and everything under it)
[4.723s] Copying ../../build/lidar_distance/lidar_distance.egg-info to /home/bestway/bestway_ws/install/lidar_distance/lib/python3.10/site-packages/lidar_distance-0.0.0-py3.10.egg-info
[4.726s] running install_scripts
[4.776s] Installing lidar_distance script to /home/bestway/bestway_ws/install/lidar_distance/lib/lidar_distance
[4.777s] writing list of installed files to '/home/bestway/bestway_ws/build/lidar_distance/install.log'
[4.944s] Invoked command in '/home/bestway/bestway_ws/src/lidar_distance' returned '0': PYTHONPATH=/home/bestway/bestway_ws/build/lidar_distance/prefix_override:/usr/lib/python3/dist-packages/colcon_core/task/python/colcon_distutils_commands:/home/bestway/bestway_ws/install/lidar_distance/lib/python3.10/site-packages:${PYTHONPATH} /usr/bin/python3 -W ignore:setup.py install is deprecated -W ignore:easy_install command is deprecated setup.py egg_info --egg-base ../../build/lidar_distance build --build-base /home/bestway/bestway_ws/build/lidar_distance/build install --record /home/bestway/bestway_ws/build/lidar_distance/install.log --single-version-externally-managed install_data
