[5.422s] Invoking command in '/home/bestway/bestway_ws/src/move_pos': PYTHONPATH=/home/bestway/bestway_ws/build/move_pos/prefix_override:/usr/lib/python3/dist-packages/colcon_core/task/python/colcon_distutils_commands:/home/bestway/bestway_ws/install/move_pos/lib/python3.10/site-packages:${PYTHONPATH} /usr/bin/python3 -W ignore:setup.py install is deprecated -W ignore:easy_install command is deprecated setup.py egg_info --egg-base ../../build/move_pos build --build-base /home/bestway/bestway_ws/build/move_pos/build install --record /home/bestway/bestway_ws/build/move_pos/install.log --single-version-externally-managed install_data
[7.570s] running egg_info
[7.581s] writing ../../build/move_pos/move_pos.egg-info/PKG-INFO
[7.585s] writing dependency_links to ../../build/move_pos/move_pos.egg-info/dependency_links.txt
[7.588s] writing entry points to ../../build/move_pos/move_pos.egg-info/entry_points.txt
[7.589s] writing requirements to ../../build/move_pos/move_pos.egg-info/requires.txt
[7.591s] writing top-level names to ../../build/move_pos/move_pos.egg-info/top_level.txt
[7.619s] reading manifest file '../../build/move_pos/move_pos.egg-info/SOURCES.txt'
[7.629s] writing manifest file '../../build/move_pos/move_pos.egg-info/SOURCES.txt'
[7.631s] running build
[7.631s] running build_py
[7.638s] running install
[7.642s] running install_lib
[7.666s] running install_data
[7.668s] running install_egg_info
[7.694s] removing '/home/bestway/bestway_ws/install/move_pos/lib/python3.10/site-packages/move_pos-0.0.0-py3.10.egg-info' (and everything under it)
[7.700s] Copying ../../build/move_pos/move_pos.egg-info to /home/bestway/bestway_ws/install/move_pos/lib/python3.10/site-packages/move_pos-0.0.0-py3.10.egg-info
[7.717s] running install_scripts
[7.855s] Installing move_pos_topic_node script to /home/bestway/bestway_ws/install/move_pos/lib/move_pos
[7.855s] Installing move_pos_topic_node_v2 script to /home/bestway/bestway_ws/install/move_pos/lib/move_pos
[7.856s] Installing move_pos_topic_node_v3 script to /home/bestway/bestway_ws/install/move_pos/lib/move_pos
[7.856s] writing list of installed files to '/home/bestway/bestway_ws/build/move_pos/install.log'
[8.057s] Invoked command in '/home/bestway/bestway_ws/src/move_pos' returned '0': PYTHONPATH=/home/bestway/bestway_ws/build/move_pos/prefix_override:/usr/lib/python3/dist-packages/colcon_core/task/python/colcon_distutils_commands:/home/bestway/bestway_ws/install/move_pos/lib/python3.10/site-packages:${PYTHONPATH} /usr/bin/python3 -W ignore:setup.py install is deprecated -W ignore:easy_install command is deprecated setup.py egg_info --egg-base ../../build/move_pos build --build-base /home/bestway/bestway_ws/build/move_pos/build install --record /home/bestway/bestway_ws/build/move_pos/install.log --single-version-externally-managed install_data
