[4.055s] Invoking command in '/home/bestway/bestway_ws/src/auto_drive': PYTHONPATH=/home/bestway/bestway_ws/build/auto_drive/prefix_override:/usr/lib/python3/dist-packages/colcon_core/task/python/colcon_distutils_commands:/home/bestway/bestway_ws/install/auto_drive/lib/python3.10/site-packages:${PYTHONPATH} /usr/bin/python3 -W ignore:setup.py install is deprecated -W ignore:easy_install command is deprecated setup.py egg_info --egg-base ../../build/auto_drive build --build-base /home/bestway/bestway_ws/build/auto_drive/build install --record /home/bestway/bestway_ws/build/auto_drive/install.log --single-version-externally-managed install_data
[5.094s] running egg_info
[5.095s] writing ../../build/auto_drive/auto_drive.egg-info/PKG-INFO
[5.099s] writing dependency_links to ../../build/auto_drive/auto_drive.egg-info/dependency_links.txt
[5.100s] writing entry points to ../../build/auto_drive/auto_drive.egg-info/entry_points.txt
[5.100s] writing requirements to ../../build/auto_drive/auto_drive.egg-info/requires.txt
[5.100s] writing top-level names to ../../build/auto_drive/auto_drive.egg-info/top_level.txt
[5.102s] reading manifest file '../../build/auto_drive/auto_drive.egg-info/SOURCES.txt'
[5.104s] writing manifest file '../../build/auto_drive/auto_drive.egg-info/SOURCES.txt'
[5.105s] running build
[5.105s] running build_py
[5.106s] copying auto_drive/pointcloud_to_2d_map.py -> /home/bestway/bestway_ws/build/auto_drive/build/lib/auto_drive
[5.107s] running install
[5.108s] running install_lib
[5.113s] copying /home/bestway/bestway_ws/build/auto_drive/build/lib/auto_drive/pointcloud_to_2d_map.py -> /home/bestway/bestway_ws/install/auto_drive/lib/python3.10/site-packages/auto_drive
[5.114s] byte-compiling /home/bestway/bestway_ws/install/auto_drive/lib/python3.10/site-packages/auto_drive/pointcloud_to_2d_map.py to pointcloud_to_2d_map.cpython-310.pyc
[5.129s] running install_data
[5.130s] running install_egg_info
[5.140s] removing '/home/bestway/bestway_ws/install/auto_drive/lib/python3.10/site-packages/auto_drive-0.0.0-py3.10.egg-info' (and everything under it)
[5.140s] Copying ../../build/auto_drive/auto_drive.egg-info to /home/bestway/bestway_ws/install/auto_drive/lib/python3.10/site-packages/auto_drive-0.0.0-py3.10.egg-info
[5.140s] running install_scripts
[5.245s] Installing auto_drive_node script to /home/bestway/bestway_ws/install/auto_drive/lib/auto_drive
[5.245s] Installing laser_map_builder_node script to /home/bestway/bestway_ws/install/auto_drive/lib/auto_drive
[5.245s] Installing navigation_controller script to /home/bestway/bestway_ws/install/auto_drive/lib/auto_drive
[5.245s] Installing navigation_node script to /home/bestway/bestway_ws/install/auto_drive/lib/auto_drive
[5.245s] Installing odom_to_baselink_publisher script to /home/bestway/bestway_ws/install/auto_drive/lib/auto_drive
[5.245s] Installing pointcloud_to_2d_map script to /home/bestway/bestway_ws/install/auto_drive/lib/auto_drive
[5.246s] Installing pose_printer_node script to /home/bestway/bestway_ws/install/auto_drive/lib/auto_drive
[5.246s] Installing search_fire script to /home/bestway/bestway_ws/install/auto_drive/lib/auto_drive
[5.251s] Installing simple_map_converter script to /home/bestway/bestway_ws/install/auto_drive/lib/auto_drive
[5.257s] writing list of installed files to '/home/bestway/bestway_ws/build/auto_drive/install.log'
[5.470s] Invoked command in '/home/bestway/bestway_ws/src/auto_drive' returned '0': PYTHONPATH=/home/bestway/bestway_ws/build/auto_drive/prefix_override:/usr/lib/python3/dist-packages/colcon_core/task/python/colcon_distutils_commands:/home/bestway/bestway_ws/install/auto_drive/lib/python3.10/site-packages:${PYTHONPATH} /usr/bin/python3 -W ignore:setup.py install is deprecated -W ignore:easy_install command is deprecated setup.py egg_info --egg-base ../../build/auto_drive build --build-base /home/bestway/bestway_ws/build/auto_drive/build install --record /home/bestway/bestway_ws/build/auto_drive/install.log --single-version-externally-managed install_data
