[1.862s] Invoking command in '/home/bestway/bestway_ws/src/sbus_control': PYTHONPATH=/home/bestway/bestway_ws/build/sbus_control/prefix_override:/usr/lib/python3/dist-packages/colcon_core/task/python/colcon_distutils_commands:/home/bestway/bestway_ws/install/sbus_control/lib/python3.10/site-packages:${PYTHONPATH} /usr/bin/python3 -W ignore:setup.py install is deprecated -W ignore:easy_install command is deprecated setup.py egg_info --egg-base ../../build/sbus_control build --build-base /home/bestway/bestway_ws/build/sbus_control/build install --record /home/bestway/bestway_ws/build/sbus_control/install.log --single-version-externally-managed install_data
[2.443s] running egg_info
[2.444s] writing ../../build/sbus_control/sbus_control.egg-info/PKG-INFO
[2.445s] writing dependency_links to ../../build/sbus_control/sbus_control.egg-info/dependency_links.txt
[2.445s] writing entry points to ../../build/sbus_control/sbus_control.egg-info/entry_points.txt
[2.446s] writing requirements to ../../build/sbus_control/sbus_control.egg-info/requires.txt
[2.447s] writing top-level names to ../../build/sbus_control/sbus_control.egg-info/top_level.txt
[2.450s] reading manifest file '../../build/sbus_control/sbus_control.egg-info/SOURCES.txt'
[2.452s] writing manifest file '../../build/sbus_control/sbus_control.egg-info/SOURCES.txt'
[2.453s] running build
[2.453s] running build_py
[2.453s] running install
[2.454s] running install_lib
[2.457s] running install_data
[2.457s] running install_egg_info
[2.462s] removing '/home/bestway/bestway_ws/install/sbus_control/lib/python3.10/site-packages/sbus_control-0.0.0-py3.10.egg-info' (and everything under it)
[2.462s] Copying ../../build/sbus_control/sbus_control.egg-info to /home/bestway/bestway_ws/install/sbus_control/lib/python3.10/site-packages/sbus_control-0.0.0-py3.10.egg-info
[2.465s] running install_scripts
[2.512s] Installing keyboard_control_node script to /home/bestway/bestway_ws/install/sbus_control/lib/sbus_control
[2.513s] Installing sbus_control_node script to /home/bestway/bestway_ws/install/sbus_control/lib/sbus_control
[2.514s] writing list of installed files to '/home/bestway/bestway_ws/build/sbus_control/install.log'
[2.599s] Invoked command in '/home/bestway/bestway_ws/src/sbus_control' returned '0': PYTHONPATH=/home/bestway/bestway_ws/build/sbus_control/prefix_override:/usr/lib/python3/dist-packages/colcon_core/task/python/colcon_distutils_commands:/home/bestway/bestway_ws/install/sbus_control/lib/python3.10/site-packages:${PYTHONPATH} /usr/bin/python3 -W ignore:setup.py install is deprecated -W ignore:easy_install command is deprecated setup.py egg_info --egg-base ../../build/sbus_control build --build-base /home/bestway/bestway_ws/build/sbus_control/build install --record /home/bestway/bestway_ws/build/sbus_control/install.log --single-version-externally-managed install_data
