[3.676s] Invoking command in '/home/bestway/bestway_ws/src/auto_drive': PYTHONPATH=/home/bestway/bestway_ws/build/auto_drive/prefix_override:/usr/lib/python3/dist-packages/colcon_core/task/python/colcon_distutils_commands:/home/bestway/bestway_ws/install/auto_drive/lib/python3.10/site-packages:${PYTHONPATH} /usr/bin/python3 -W ignore:setup.py install is deprecated -W ignore:easy_install command is deprecated setup.py egg_info --egg-base ../../build/auto_drive build --build-base /home/bestway/bestway_ws/build/auto_drive/build install --record /home/bestway/bestway_ws/build/auto_drive/install.log --single-version-externally-managed install_data
[4.343s] running egg_info
[4.345s] writing ../../build/auto_drive/auto_drive.egg-info/PKG-INFO
[4.345s] writing dependency_links to ../../build/auto_drive/auto_drive.egg-info/dependency_links.txt
[4.346s] writing entry points to ../../build/auto_drive/auto_drive.egg-info/entry_points.txt
[4.346s] writing requirements to ../../build/auto_drive/auto_drive.egg-info/requires.txt
[4.346s] writing top-level names to ../../build/auto_drive/auto_drive.egg-info/top_level.txt
[4.351s] reading manifest file '../../build/auto_drive/auto_drive.egg-info/SOURCES.txt'
[4.353s] writing manifest file '../../build/auto_drive/auto_drive.egg-info/SOURCES.txt'
[4.353s] running build
[4.353s] running build_py
[4.354s] running install
[4.355s] running install_lib
[4.358s] running install_data
[4.358s] running install_egg_info
[4.363s] removing '/home/bestway/bestway_ws/install/auto_drive/lib/python3.10/site-packages/auto_drive-0.0.0-py3.10.egg-info' (and everything under it)
[4.364s] Copying ../../build/auto_drive/auto_drive.egg-info to /home/bestway/bestway_ws/install/auto_drive/lib/python3.10/site-packages/auto_drive-0.0.0-py3.10.egg-info
[4.366s] running install_scripts
[4.416s] Installing auto_drive_node script to /home/bestway/bestway_ws/install/auto_drive/lib/auto_drive
[4.416s] Installing pose_printer_node script to /home/bestway/bestway_ws/install/auto_drive/lib/auto_drive
[4.416s] Installing search_fire_node script to /home/bestway/bestway_ws/install/auto_drive/lib/auto_drive
[4.417s] writing list of installed files to '/home/bestway/bestway_ws/build/auto_drive/install.log'
[4.519s] Invoked command in '/home/bestway/bestway_ws/src/auto_drive' returned '0': PYTHONPATH=/home/bestway/bestway_ws/build/auto_drive/prefix_override:/usr/lib/python3/dist-packages/colcon_core/task/python/colcon_distutils_commands:/home/bestway/bestway_ws/install/auto_drive/lib/python3.10/site-packages:${PYTHONPATH} /usr/bin/python3 -W ignore:setup.py install is deprecated -W ignore:easy_install command is deprecated setup.py egg_info --egg-base ../../build/auto_drive build --build-base /home/bestway/bestway_ws/build/auto_drive/build install --record /home/bestway/bestway_ws/build/auto_drive/install.log --single-version-externally-managed install_data
