[4.992s] Invoking command in '/home/bestway/bestway_ws/src/nav2_launch': PYTHONPATH=/home/bestway/bestway_ws/build/nav2_launch/prefix_override:/usr/lib/python3/dist-packages/colcon_core/task/python/colcon_distutils_commands:/home/bestway/bestway_ws/install/nav2_launch/lib/python3.10/site-packages:${PYTHONPATH} /usr/bin/python3 -W ignore:setup.py install is deprecated -W ignore:easy_install command is deprecated setup.py egg_info --egg-base ../../build/nav2_launch build --build-base /home/bestway/bestway_ws/build/nav2_launch/build install --record /home/bestway/bestway_ws/build/nav2_launch/install.log --single-version-externally-managed install_data
[6.145s] running egg_info
[6.147s] writing ../../build/nav2_launch/nav2_launch.egg-info/PKG-INFO
[6.148s] writing dependency_links to ../../build/nav2_launch/nav2_launch.egg-info/dependency_links.txt
[6.151s] writing entry points to ../../build/nav2_launch/nav2_launch.egg-info/entry_points.txt
[6.151s] writing requirements to ../../build/nav2_launch/nav2_launch.egg-info/requires.txt
[6.151s] writing top-level names to ../../build/nav2_launch/nav2_launch.egg-info/top_level.txt
[6.169s] reading manifest file '../../build/nav2_launch/nav2_launch.egg-info/SOURCES.txt'
[6.170s] writing manifest file '../../build/nav2_launch/nav2_launch.egg-info/SOURCES.txt'
[6.170s] running build
[6.170s] running build_py
[6.170s] running install
[6.170s] running install_lib
[6.181s] running install_data
[6.181s] running install_egg_info
[6.199s] removing '/home/bestway/bestway_ws/install/nav2_launch/lib/python3.10/site-packages/nav2_launch-0.0.0-py3.10.egg-info' (and everything under it)
[6.205s] Copying ../../build/nav2_launch/nav2_launch.egg-info to /home/bestway/bestway_ws/install/nav2_launch/lib/python3.10/site-packages/nav2_launch-0.0.0-py3.10.egg-info
[6.206s] running install_scripts
[6.364s] writing list of installed files to '/home/bestway/bestway_ws/build/nav2_launch/install.log'
[6.519s] Invoked command in '/home/bestway/bestway_ws/src/nav2_launch' returned '0': PYTHONPATH=/home/bestway/bestway_ws/build/nav2_launch/prefix_override:/usr/lib/python3/dist-packages/colcon_core/task/python/colcon_distutils_commands:/home/bestway/bestway_ws/install/nav2_launch/lib/python3.10/site-packages:${PYTHONPATH} /usr/bin/python3 -W ignore:setup.py install is deprecated -W ignore:easy_install command is deprecated setup.py egg_info --egg-base ../../build/nav2_launch build --build-base /home/bestway/bestway_ws/build/nav2_launch/build install --record /home/bestway/bestway_ws/build/nav2_launch/install.log --single-version-externally-managed install_data
