[2.300s] Invoking command in '/home/bestway/bestway_ws/src/yuntai_control': PYTHONPATH=/home/bestway/bestway_ws/build/yuntai_control/prefix_override:/usr/lib/python3/dist-packages/colcon_core/task/python/colcon_distutils_commands:/home/bestway/bestway_ws/install/yuntai_control/lib/python3.10/site-packages:${PYTHONPATH} /usr/bin/python3 -W ignore:setup.py install is deprecated -W ignore:easy_install command is deprecated setup.py egg_info --egg-base ../../build/yuntai_control build --build-base /home/bestway/bestway_ws/build/yuntai_control/build install --record /home/bestway/bestway_ws/build/yuntai_control/install.log --single-version-externally-managed install_data
[2.924s] running egg_info
[2.925s] creating ../../build/yuntai_control/yuntai_control.egg-info
[2.926s] writing ../../build/yuntai_control/yuntai_control.egg-info/PKG-INFO
[2.926s] writing dependency_links to ../../build/yuntai_control/yuntai_control.egg-info/dependency_links.txt
[2.926s] writing entry points to ../../build/yuntai_control/yuntai_control.egg-info/entry_points.txt
[2.927s] writing requirements to ../../build/yuntai_control/yuntai_control.egg-info/requires.txt
[2.927s] writing top-level names to ../../build/yuntai_control/yuntai_control.egg-info/top_level.txt
[2.927s] writing manifest file '../../build/yuntai_control/yuntai_control.egg-info/SOURCES.txt'
[2.931s] reading manifest file '../../build/yuntai_control/yuntai_control.egg-info/SOURCES.txt'
[2.933s] writing manifest file '../../build/yuntai_control/yuntai_control.egg-info/SOURCES.txt'
[2.933s] running build
[2.933s] running build_py
[2.934s] creating /home/bestway/bestway_ws/build/yuntai_control/build
[2.935s] creating /home/bestway/bestway_ws/build/yuntai_control/build/lib
[2.935s] creating /home/bestway/bestway_ws/build/yuntai_control/build/lib/yuntai_control
[2.935s] copying yuntai_control/temperature_tracking_node.py -> /home/bestway/bestway_ws/build/yuntai_control/build/lib/yuntai_control
[2.936s] copying yuntai_control/circle_motion_node.py -> /home/bestway/bestway_ws/build/yuntai_control/build/lib/yuntai_control
[2.937s] copying yuntai_control/yuntai_control_node.py -> /home/bestway/bestway_ws/build/yuntai_control/build/lib/yuntai_control
[2.937s] copying yuntai_control/__init__.py -> /home/bestway/bestway_ws/build/yuntai_control/build/lib/yuntai_control
[2.937s] running install
[2.937s] running install_lib
[2.938s] creating /home/bestway/bestway_ws/install/yuntai_control/lib/python3.10/site-packages/yuntai_control
[2.938s] copying /home/bestway/bestway_ws/build/yuntai_control/build/lib/yuntai_control/temperature_tracking_node.py -> /home/bestway/bestway_ws/install/yuntai_control/lib/python3.10/site-packages/yuntai_control
[2.939s] copying /home/bestway/bestway_ws/build/yuntai_control/build/lib/yuntai_control/circle_motion_node.py -> /home/bestway/bestway_ws/install/yuntai_control/lib/python3.10/site-packages/yuntai_control
[2.939s] copying /home/bestway/bestway_ws/build/yuntai_control/build/lib/yuntai_control/yuntai_control_node.py -> /home/bestway/bestway_ws/install/yuntai_control/lib/python3.10/site-packages/yuntai_control
[2.939s] copying /home/bestway/bestway_ws/build/yuntai_control/build/lib/yuntai_control/__init__.py -> /home/bestway/bestway_ws/install/yuntai_control/lib/python3.10/site-packages/yuntai_control
[2.941s] byte-compiling /home/bestway/bestway_ws/install/yuntai_control/lib/python3.10/site-packages/yuntai_control/temperature_tracking_node.py to temperature_tracking_node.cpython-310.pyc
[2.945s] byte-compiling /home/bestway/bestway_ws/install/yuntai_control/lib/python3.10/site-packages/yuntai_control/circle_motion_node.py to circle_motion_node.cpython-310.pyc
[2.947s] byte-compiling /home/bestway/bestway_ws/install/yuntai_control/lib/python3.10/site-packages/yuntai_control/yuntai_control_node.py to yuntai_control_node.cpython-310.pyc
[2.949s] byte-compiling /home/bestway/bestway_ws/install/yuntai_control/lib/python3.10/site-packages/yuntai_control/__init__.py to __init__.cpython-310.pyc
[2.949s] running install_data
[2.950s] creating /home/bestway/bestway_ws/install/yuntai_control/share/ament_index
[2.950s] creating /home/bestway/bestway_ws/install/yuntai_control/share/ament_index/resource_index
[2.950s] creating /home/bestway/bestway_ws/install/yuntai_control/share/ament_index/resource_index/packages
[2.950s] copying resource/yuntai_control -> /home/bestway/bestway_ws/install/yuntai_control/share/ament_index/resource_index/packages
[2.950s] copying package.xml -> /home/bestway/bestway_ws/install/yuntai_control/share/yuntai_control
[2.951s] running install_egg_info
[2.955s] Copying ../../build/yuntai_control/yuntai_control.egg-info to /home/bestway/bestway_ws/install/yuntai_control/lib/python3.10/site-packages/yuntai_control-0.0.0-py3.10.egg-info
[2.957s] running install_scripts
[3.006s] Installing temperature_tracking_node script to /home/bestway/bestway_ws/install/yuntai_control/lib/yuntai_control
[3.006s] Installing yuntai_controller_node script to /home/bestway/bestway_ws/install/yuntai_control/lib/yuntai_control
[3.007s] writing list of installed files to '/home/bestway/bestway_ws/build/yuntai_control/install.log'
[3.112s] Invoked command in '/home/bestway/bestway_ws/src/yuntai_control' returned '0': PYTHONPATH=/home/bestway/bestway_ws/build/yuntai_control/prefix_override:/usr/lib/python3/dist-packages/colcon_core/task/python/colcon_distutils_commands:/home/bestway/bestway_ws/install/yuntai_control/lib/python3.10/site-packages:${PYTHONPATH} /usr/bin/python3 -W ignore:setup.py install is deprecated -W ignore:easy_install command is deprecated setup.py egg_info --egg-base ../../build/yuntai_control build --build-base /home/bestway/bestway_ws/build/yuntai_control/build install --record /home/bestway/bestway_ws/build/yuntai_control/install.log --single-version-externally-managed install_data
