[6.796s] Invoking command in '/home/bestway/bestway_ws/src/lidar_distance': PYTHONPATH=/home/bestway/bestway_ws/build/lidar_distance/prefix_override:/usr/lib/python3/dist-packages/colcon_core/task/python/colcon_distutils_commands:/home/bestway/bestway_ws/install/lidar_distance/lib/python3.10/site-packages:${PYTHONPATH} /usr/bin/python3 -W ignore:setup.py install is deprecated -W ignore:easy_install command is deprecated setup.py egg_info --egg-base ../../build/lidar_distance build --build-base /home/bestway/bestway_ws/build/lidar_distance/build install --record /home/bestway/bestway_ws/build/lidar_distance/install.log --single-version-externally-managed install_data
[7.954s] running egg_info
[7.956s] writing ../../build/lidar_distance/lidar_distance.egg-info/PKG-INFO
[7.957s] writing dependency_links to ../../build/lidar_distance/lidar_distance.egg-info/dependency_links.txt
[7.958s] writing entry points to ../../build/lidar_distance/lidar_distance.egg-info/entry_points.txt
[7.960s] writing requirements to ../../build/lidar_distance/lidar_distance.egg-info/requires.txt
[7.961s] writing top-level names to ../../build/lidar_distance/lidar_distance.egg-info/top_level.txt
[7.969s] reading manifest file '../../build/lidar_distance/lidar_distance.egg-info/SOURCES.txt'
[7.971s] writing manifest file '../../build/lidar_distance/lidar_distance.egg-info/SOURCES.txt'
[7.972s] running build
[7.973s] running build_py
[7.974s] running install
[7.975s] running install_lib
[7.988s] running install_data
[7.988s] running install_egg_info
[7.995s] removing '/home/bestway/bestway_ws/install/lidar_distance/lib/python3.10/site-packages/lidar_distance-0.0.0-py3.10.egg-info' (and everything under it)
[8.002s] Copying ../../build/lidar_distance/lidar_distance.egg-info to /home/bestway/bestway_ws/install/lidar_distance/lib/python3.10/site-packages/lidar_distance-0.0.0-py3.10.egg-info
[8.017s] running install_scripts
[8.095s] Installing lidar_distance script to /home/bestway/bestway_ws/install/lidar_distance/lib/lidar_distance
[8.097s] writing list of installed files to '/home/bestway/bestway_ws/build/lidar_distance/install.log'
[8.897s] Invoked command in '/home/bestway/bestway_ws/src/lidar_distance' returned '0': PYTHONPATH=/home/bestway/bestway_ws/build/lidar_distance/prefix_override:/usr/lib/python3/dist-packages/colcon_core/task/python/colcon_distutils_commands:/home/bestway/bestway_ws/install/lidar_distance/lib/python3.10/site-packages:${PYTHONPATH} /usr/bin/python3 -W ignore:setup.py install is deprecated -W ignore:easy_install command is deprecated setup.py egg_info --egg-base ../../build/lidar_distance build --build-base /home/bestway/bestway_ws/build/lidar_distance/build install --record /home/bestway/bestway_ws/build/lidar_distance/install.log --single-version-externally-managed install_data
