[4.368s] Invoking command in '/home/bestway/bestway_ws/src/auto_drive': PYTHONPATH=/home/bestway/bestway_ws/build/auto_drive/prefix_override:/usr/lib/python3/dist-packages/colcon_core/task/python/colcon_distutils_commands:/home/bestway/bestway_ws/install/auto_drive/lib/python3.10/site-packages:${PYTHONPATH} /usr/bin/python3 -W ignore:setup.py install is deprecated -W ignore:easy_install command is deprecated setup.py egg_info --egg-base ../../build/auto_drive build --build-base /home/bestway/bestway_ws/build/auto_drive/build install --record /home/bestway/bestway_ws/build/auto_drive/install.log --single-version-externally-managed install_data
[5.314s] running egg_info
[5.319s] writing ../../build/auto_drive/auto_drive.egg-info/PKG-INFO
[5.331s] writing dependency_links to ../../build/auto_drive/auto_drive.egg-info/dependency_links.txt
[5.332s] writing entry points to ../../build/auto_drive/auto_drive.egg-info/entry_points.txt
[5.333s] writing requirements to ../../build/auto_drive/auto_drive.egg-info/requires.txt
[5.334s] writing top-level names to ../../build/auto_drive/auto_drive.egg-info/top_level.txt
[5.350s] reading manifest file '../../build/auto_drive/auto_drive.egg-info/SOURCES.txt'
[5.354s] writing manifest file '../../build/auto_drive/auto_drive.egg-info/SOURCES.txt'
[5.356s] running build
[5.356s] running build_py
[5.359s] copying auto_drive/auto_drive_node.py -> /home/bestway/bestway_ws/build/auto_drive/build/lib/auto_drive
[5.361s] running install
[5.363s] running install_lib
[5.367s] copying /home/bestway/bestway_ws/build/auto_drive/build/lib/auto_drive/auto_drive_node.py -> /home/bestway/bestway_ws/install/auto_drive/lib/python3.10/site-packages/auto_drive
[5.371s] byte-compiling /home/bestway/bestway_ws/install/auto_drive/lib/python3.10/site-packages/auto_drive/auto_drive_node.py to auto_drive_node.cpython-310.pyc
[5.391s] running install_data
[5.392s] running install_egg_info
[5.401s] removing '/home/bestway/bestway_ws/install/auto_drive/lib/python3.10/site-packages/auto_drive-0.0.0-py3.10.egg-info' (and everything under it)
[5.408s] Copying ../../build/auto_drive/auto_drive.egg-info to /home/bestway/bestway_ws/install/auto_drive/lib/python3.10/site-packages/auto_drive-0.0.0-py3.10.egg-info
[5.454s] running install_scripts
[5.574s] Installing auto_drive_node script to /home/bestway/bestway_ws/install/auto_drive/lib/auto_drive
[5.575s] writing list of installed files to '/home/bestway/bestway_ws/build/auto_drive/install.log'
[5.798s] Invoked command in '/home/bestway/bestway_ws/src/auto_drive' returned '0': PYTHONPATH=/home/bestway/bestway_ws/build/auto_drive/prefix_override:/usr/lib/python3/dist-packages/colcon_core/task/python/colcon_distutils_commands:/home/bestway/bestway_ws/install/auto_drive/lib/python3.10/site-packages:${PYTHONPATH} /usr/bin/python3 -W ignore:setup.py install is deprecated -W ignore:easy_install command is deprecated setup.py egg_info --egg-base ../../build/auto_drive build --build-base /home/bestway/bestway_ws/build/auto_drive/build install --record /home/bestway/bestway_ws/build/auto_drive/install.log --single-version-externally-managed install_data
