[6.048s] Invoking command in '/home/bestway/bestway_ws/src/auto_drive': PYTHONPATH=/home/bestway/bestway_ws/build/auto_drive/prefix_override:/usr/lib/python3/dist-packages/colcon_core/task/python/colcon_distutils_commands:/home/bestway/bestway_ws/install/auto_drive/lib/python3.10/site-packages:${PYTHONPATH} /usr/bin/python3 -W ignore:setup.py install is deprecated -W ignore:easy_install command is deprecated setup.py egg_info --egg-base ../../build/auto_drive build --build-base /home/bestway/bestway_ws/build/auto_drive/build install --record /home/bestway/bestway_ws/build/auto_drive/install.log --single-version-externally-managed install_data
[7.790s] running egg_info
[7.815s] writing ../../build/auto_drive/auto_drive.egg-info/PKG-INFO
[7.816s] writing dependency_links to ../../build/auto_drive/auto_drive.egg-info/dependency_links.txt
[7.817s] writing entry points to ../../build/auto_drive/auto_drive.egg-info/entry_points.txt
[7.825s] writing requirements to ../../build/auto_drive/auto_drive.egg-info/requires.txt
[7.826s] writing top-level names to ../../build/auto_drive/auto_drive.egg-info/top_level.txt
[7.839s] reading manifest file '../../build/auto_drive/auto_drive.egg-info/SOURCES.txt'
[7.845s] writing manifest file '../../build/auto_drive/auto_drive.egg-info/SOURCES.txt'
[7.846s] running build
[7.846s] running build_py
[7.847s] copying auto_drive/search_fire.py -> /home/bestway/bestway_ws/build/auto_drive/build/lib/auto_drive
[7.855s] running install
[7.857s] running install_lib
[7.859s] copying /home/bestway/bestway_ws/build/auto_drive/build/lib/auto_drive/search_fire.py -> /home/bestway/bestway_ws/install/auto_drive/lib/python3.10/site-packages/auto_drive
[7.865s] byte-compiling /home/bestway/bestway_ws/install/auto_drive/lib/python3.10/site-packages/auto_drive/search_fire.py to search_fire.cpython-310.pyc
[7.899s] running install_data
[7.917s] running install_egg_info
[7.926s] removing '/home/bestway/bestway_ws/install/auto_drive/lib/python3.10/site-packages/auto_drive-0.0.0-py3.10.egg-info' (and everything under it)
[7.932s] Copying ../../build/auto_drive/auto_drive.egg-info to /home/bestway/bestway_ws/install/auto_drive/lib/python3.10/site-packages/auto_drive-0.0.0-py3.10.egg-info
[7.934s] running install_scripts
[8.078s] Installing auto_drive_node script to /home/bestway/bestway_ws/install/auto_drive/lib/auto_drive
[8.078s] Installing pose_printer_node script to /home/bestway/bestway_ws/install/auto_drive/lib/auto_drive
[8.079s] Installing search_fire_node script to /home/bestway/bestway_ws/install/auto_drive/lib/auto_drive
[8.079s] writing list of installed files to '/home/bestway/bestway_ws/build/auto_drive/install.log'
[8.541s] Invoked command in '/home/bestway/bestway_ws/src/auto_drive' returned '0': PYTHONPATH=/home/bestway/bestway_ws/build/auto_drive/prefix_override:/usr/lib/python3/dist-packages/colcon_core/task/python/colcon_distutils_commands:/home/bestway/bestway_ws/install/auto_drive/lib/python3.10/site-packages:${PYTHONPATH} /usr/bin/python3 -W ignore:setup.py install is deprecated -W ignore:easy_install command is deprecated setup.py egg_info --egg-base ../../build/auto_drive build --build-base /home/bestway/bestway_ws/build/auto_drive/build install --record /home/bestway/bestway_ws/build/auto_drive/install.log --single-version-externally-managed install_data
