[4.999s] Invoking command in '/home/bestway/bestway_ws/src/auto_drive': PYTHONPATH=/home/bestway/bestway_ws/build/auto_drive/prefix_override:/usr/lib/python3/dist-packages/colcon_core/task/python/colcon_distutils_commands:/home/bestway/bestway_ws/install/auto_drive/lib/python3.10/site-packages:${PYTHONPATH} /usr/bin/python3 -W ignore:setup.py install is deprecated -W ignore:easy_install command is deprecated setup.py egg_info --egg-base ../../build/auto_drive build --build-base /home/bestway/bestway_ws/build/auto_drive/build install --record /home/bestway/bestway_ws/build/auto_drive/install.log --single-version-externally-managed install_data
[6.104s] running egg_info
[6.127s] writing ../../build/auto_drive/auto_drive.egg-info/PKG-INFO
[6.128s] writing dependency_links to ../../build/auto_drive/auto_drive.egg-info/dependency_links.txt
[6.129s] writing entry points to ../../build/auto_drive/auto_drive.egg-info/entry_points.txt
[6.129s] writing requirements to ../../build/auto_drive/auto_drive.egg-info/requires.txt
[6.130s] writing top-level names to ../../build/auto_drive/auto_drive.egg-info/top_level.txt
[6.133s] reading manifest file '../../build/auto_drive/auto_drive.egg-info/SOURCES.txt'
[6.136s] writing manifest file '../../build/auto_drive/auto_drive.egg-info/SOURCES.txt'
[6.136s] running build
[6.137s] running build_py
[6.139s] running install
[6.140s] running install_lib
[6.143s] running install_data
[6.144s] copying launch/nav2_navigation.launch.py -> /home/bestway/bestway_ws/install/auto_drive/share/auto_drive/launch
[6.144s] running install_egg_info
[6.165s] removing '/home/bestway/bestway_ws/install/auto_drive/lib/python3.10/site-packages/auto_drive-0.0.0-py3.10.egg-info' (and everything under it)
[6.167s] Copying ../../build/auto_drive/auto_drive.egg-info to /home/bestway/bestway_ws/install/auto_drive/lib/python3.10/site-packages/auto_drive-0.0.0-py3.10.egg-info
[6.168s] running install_scripts
[6.261s] Installing auto_drive_node script to /home/bestway/bestway_ws/install/auto_drive/lib/auto_drive
[6.262s] Installing laser_map_builder_node script to /home/bestway/bestway_ws/install/auto_drive/lib/auto_drive
[6.264s] Installing navigation_controller script to /home/bestway/bestway_ws/install/auto_drive/lib/auto_drive
[6.265s] Installing navigation_node script to /home/bestway/bestway_ws/install/auto_drive/lib/auto_drive
[6.266s] Installing odom_to_baselink_publisher script to /home/bestway/bestway_ws/install/auto_drive/lib/auto_drive
[6.266s] Installing pointcloud_to_2d_map script to /home/bestway/bestway_ws/install/auto_drive/lib/auto_drive
[6.268s] Installing pose_printer_node script to /home/bestway/bestway_ws/install/auto_drive/lib/auto_drive
[6.268s] Installing search_fire script to /home/bestway/bestway_ws/install/auto_drive/lib/auto_drive
[6.269s] Installing simple_map_converter script to /home/bestway/bestway_ws/install/auto_drive/lib/auto_drive
[6.269s] writing list of installed files to '/home/bestway/bestway_ws/build/auto_drive/install.log'
[6.380s] Invoked command in '/home/bestway/bestway_ws/src/auto_drive' returned '0': PYTHONPATH=/home/bestway/bestway_ws/build/auto_drive/prefix_override:/usr/lib/python3/dist-packages/colcon_core/task/python/colcon_distutils_commands:/home/bestway/bestway_ws/install/auto_drive/lib/python3.10/site-packages:${PYTHONPATH} /usr/bin/python3 -W ignore:setup.py install is deprecated -W ignore:easy_install command is deprecated setup.py egg_info --egg-base ../../build/auto_drive build --build-base /home/bestway/bestway_ws/build/auto_drive/build install --record /home/bestway/bestway_ws/build/auto_drive/install.log --single-version-externally-managed install_data
