/home/bestway/bestway_ws/install/yuntai_control/lib/python3.10/site-packages/yuntai_control/yuntai_search_node.py
/home/bestway/bestway_ws/install/yuntai_control/lib/python3.10/site-packages/yuntai_control/temperature_tracking_node.py
/home/bestway/bestway_ws/install/yuntai_control/lib/python3.10/site-packages/yuntai_control/yuntai_control_node_v2.py
/home/bestway/bestway_ws/install/yuntai_control/lib/python3.10/site-packages/yuntai_control/temperature_tracking_node_v2.py
/home/bestway/bestway_ws/install/yuntai_control/lib/python3.10/site-packages/yuntai_control/yuntai_control_node.py
/home/bestway/bestway_ws/install/yuntai_control/lib/python3.10/site-packages/yuntai_control/yuntai_hardware_pwm_node.py
/home/bestway/bestway_ws/install/yuntai_control/lib/python3.10/site-packages/yuntai_control/__init__.py
/home/bestway/bestway_ws/install/yuntai_control/lib/python3.10/site-packages/yuntai_control/__pycache__/yuntai_search_node.cpython-310.pyc
/home/bestway/bestway_ws/install/yuntai_control/lib/python3.10/site-packages/yuntai_control/__pycache__/temperature_tracking_node.cpython-310.pyc
/home/bestway/bestway_ws/install/yuntai_control/lib/python3.10/site-packages/yuntai_control/__pycache__/yuntai_control_node_v2.cpython-310.pyc
/home/bestway/bestway_ws/install/yuntai_control/lib/python3.10/site-packages/yuntai_control/__pycache__/temperature_tracking_node_v2.cpython-310.pyc
/home/bestway/bestway_ws/install/yuntai_control/lib/python3.10/site-packages/yuntai_control/__pycache__/yuntai_control_node.cpython-310.pyc
/home/bestway/bestway_ws/install/yuntai_control/lib/python3.10/site-packages/yuntai_control/__pycache__/yuntai_hardware_pwm_node.cpython-310.pyc
/home/bestway/bestway_ws/install/yuntai_control/lib/python3.10/site-packages/yuntai_control/__pycache__/__init__.cpython-310.pyc
/home/bestway/bestway_ws/install/yuntai_control/share/ament_index/resource_index/packages/yuntai_control
/home/bestway/bestway_ws/install/yuntai_control/share/yuntai_control/package.xml
/home/bestway/bestway_ws/install/yuntai_control/lib/python3.10/site-packages/yuntai_control-0.0.0-py3.10.egg-info/requires.txt
/home/bestway/bestway_ws/install/yuntai_control/lib/python3.10/site-packages/yuntai_control-0.0.0-py3.10.egg-info/zip-safe
/home/bestway/bestway_ws/install/yuntai_control/lib/python3.10/site-packages/yuntai_control-0.0.0-py3.10.egg-info/entry_points.txt
/home/bestway/bestway_ws/install/yuntai_control/lib/python3.10/site-packages/yuntai_control-0.0.0-py3.10.egg-info/SOURCES.txt
/home/bestway/bestway_ws/install/yuntai_control/lib/python3.10/site-packages/yuntai_control-0.0.0-py3.10.egg-info/PKG-INFO
/home/bestway/bestway_ws/install/yuntai_control/lib/python3.10/site-packages/yuntai_control-0.0.0-py3.10.egg-info/dependency_links.txt
/home/bestway/bestway_ws/install/yuntai_control/lib/python3.10/site-packages/yuntai_control-0.0.0-py3.10.egg-info/top_level.txt
/home/bestway/bestway_ws/install/yuntai_control/lib/yuntai_control/temperature_tracking_node
/home/bestway/bestway_ws/install/yuntai_control/lib/yuntai_control/temperature_tracking_node_v2
/home/bestway/bestway_ws/install/yuntai_control/lib/yuntai_control/yuntai_controller_node
/home/bestway/bestway_ws/install/yuntai_control/lib/yuntai_control/yuntai_hardware_pwm_servo_node
/home/bestway/bestway_ws/install/yuntai_control/lib/yuntai_control/yuntai_search_node
