[4.057s] Invoking command in '/home/bestway/bestway_ws/src/move_pos': PYTHONPATH=/home/bestway/bestway_ws/build/move_pos/prefix_override:/usr/lib/python3/dist-packages/colcon_core/task/python/colcon_distutils_commands:/home/bestway/bestway_ws/install/move_pos/lib/python3.10/site-packages:${PYTHONPATH} /usr/bin/python3 -W ignore:setup.py install is deprecated -W ignore:easy_install command is deprecated setup.py egg_info --egg-base ../../build/move_pos build --build-base /home/bestway/bestway_ws/build/move_pos/build install --record /home/bestway/bestway_ws/build/move_pos/install.log --single-version-externally-managed install_data
[5.018s] running egg_info
[5.020s] writing ../../build/move_pos/move_pos.egg-info/PKG-INFO
[5.022s] writing dependency_links to ../../build/move_pos/move_pos.egg-info/dependency_links.txt
[5.024s] writing entry points to ../../build/move_pos/move_pos.egg-info/entry_points.txt
[5.028s] writing requirements to ../../build/move_pos/move_pos.egg-info/requires.txt
[5.030s] writing top-level names to ../../build/move_pos/move_pos.egg-info/top_level.txt
[5.045s] reading manifest file '../../build/move_pos/move_pos.egg-info/SOURCES.txt'
[5.045s] writing manifest file '../../build/move_pos/move_pos.egg-info/SOURCES.txt'
[5.046s] running build
[5.046s] running build_py
[5.046s] running install
[5.046s] running install_lib
[5.053s] running install_data
[5.054s] running install_egg_info
[5.059s] removing '/home/bestway/bestway_ws/install/move_pos/lib/python3.10/site-packages/move_pos-0.0.0-py3.10.egg-info' (and everything under it)
[5.065s] Copying ../../build/move_pos/move_pos.egg-info to /home/bestway/bestway_ws/install/move_pos/lib/python3.10/site-packages/move_pos-0.0.0-py3.10.egg-info
[5.068s] running install_scripts
[5.119s] Installing move_pos_topic_node script to /home/bestway/bestway_ws/install/move_pos/lib/move_pos
[5.119s] Installing move_pos_topic_node_v2 script to /home/bestway/bestway_ws/install/move_pos/lib/move_pos
[5.120s] Installing move_pos_topic_node_v3 script to /home/bestway/bestway_ws/install/move_pos/lib/move_pos
[5.120s] writing list of installed files to '/home/bestway/bestway_ws/build/move_pos/install.log'
[5.775s] Invoked command in '/home/bestway/bestway_ws/src/move_pos' returned '0': PYTHONPATH=/home/bestway/bestway_ws/build/move_pos/prefix_override:/usr/lib/python3/dist-packages/colcon_core/task/python/colcon_distutils_commands:/home/bestway/bestway_ws/install/move_pos/lib/python3.10/site-packages:${PYTHONPATH} /usr/bin/python3 -W ignore:setup.py install is deprecated -W ignore:easy_install command is deprecated setup.py egg_info --egg-base ../../build/move_pos build --build-base /home/bestway/bestway_ws/build/move_pos/build install --record /home/bestway/bestway_ws/build/move_pos/install.log --single-version-externally-managed install_data
