[7.348s] Invoking command in '/home/bestway/bestway_ws/src/move_pos': PYTHONPATH=/home/bestway/bestway_ws/build/move_pos/prefix_override:/usr/lib/python3/dist-packages/colcon_core/task/python/colcon_distutils_commands:/home/bestway/bestway_ws/install/move_pos/lib/python3.10/site-packages:${PYTHONPATH} /usr/bin/python3 -W ignore:setup.py install is deprecated -W ignore:easy_install command is deprecated setup.py egg_info --egg-base ../../build/move_pos build --build-base /home/bestway/bestway_ws/build/move_pos/build install --record /home/bestway/bestway_ws/build/move_pos/install.log --single-version-externally-managed install_data
[8.915s] running egg_info
[8.921s] writing ../../build/move_pos/move_pos.egg-info/PKG-INFO
[8.929s] writing dependency_links to ../../build/move_pos/move_pos.egg-info/dependency_links.txt
[8.931s] writing entry points to ../../build/move_pos/move_pos.egg-info/entry_points.txt
[8.935s] writing requirements to ../../build/move_pos/move_pos.egg-info/requires.txt
[8.940s] writing top-level names to ../../build/move_pos/move_pos.egg-info/top_level.txt
[8.961s] reading manifest file '../../build/move_pos/move_pos.egg-info/SOURCES.txt'
[8.971s] writing manifest file '../../build/move_pos/move_pos.egg-info/SOURCES.txt'
[8.983s] running build
[8.983s] running build_py
[8.984s] copying move_pos/move_pos.py -> /home/bestway/bestway_ws/build/move_pos/build/lib/move_pos
[8.985s] running install
[8.985s] running install_lib
[8.994s] copying /home/bestway/bestway_ws/build/move_pos/build/lib/move_pos/move_pos.py -> /home/bestway/bestway_ws/install/move_pos/lib/python3.10/site-packages/move_pos
[9.003s] byte-compiling /home/bestway/bestway_ws/install/move_pos/lib/python3.10/site-packages/move_pos/move_pos.py to move_pos.cpython-310.pyc
[9.028s] running install_data
[9.030s] running install_egg_info
[9.048s] removing '/home/bestway/bestway_ws/install/move_pos/lib/python3.10/site-packages/move_pos-0.0.0-py3.10.egg-info' (and everything under it)
[9.097s] Copying ../../build/move_pos/move_pos.egg-info to /home/bestway/bestway_ws/install/move_pos/lib/python3.10/site-packages/move_pos-0.0.0-py3.10.egg-info
[9.118s] running install_scripts
[9.257s] Installing move_pos_topic_node script to /home/bestway/bestway_ws/install/move_pos/lib/move_pos
[9.258s] writing list of installed files to '/home/bestway/bestway_ws/build/move_pos/install.log'
[10.608s] Invoked command in '/home/bestway/bestway_ws/src/move_pos' returned '0': PYTHONPATH=/home/bestway/bestway_ws/build/move_pos/prefix_override:/usr/lib/python3/dist-packages/colcon_core/task/python/colcon_distutils_commands:/home/bestway/bestway_ws/install/move_pos/lib/python3.10/site-packages:${PYTHONPATH} /usr/bin/python3 -W ignore:setup.py install is deprecated -W ignore:easy_install command is deprecated setup.py egg_info --egg-base ../../build/move_pos build --build-base /home/bestway/bestway_ws/build/move_pos/build install --record /home/bestway/bestway_ws/build/move_pos/install.log --single-version-externally-managed install_data
