[5.181s] Invoking command in '/home/bestway/bestway_ws/src/move_pos': PYTHONPATH=/home/bestway/bestway_ws/build/move_pos/prefix_override:/usr/lib/python3/dist-packages/colcon_core/task/python/colcon_distutils_commands:/home/bestway/bestway_ws/install/move_pos/lib/python3.10/site-packages:${PYTHONPATH} /usr/bin/python3 -W ignore:setup.py install is deprecated -W ignore:easy_install command is deprecated setup.py egg_info --egg-base ../../build/move_pos build --build-base /home/bestway/bestway_ws/build/move_pos/build install --record /home/bestway/bestway_ws/build/move_pos/install.log --single-version-externally-managed install_data
[6.258s] running egg_info
[6.266s] writing ../../build/move_pos/move_pos.egg-info/PKG-INFO
[6.273s] writing dependency_links to ../../build/move_pos/move_pos.egg-info/dependency_links.txt
[6.276s] writing entry points to ../../build/move_pos/move_pos.egg-info/entry_points.txt
[6.282s] writing requirements to ../../build/move_pos/move_pos.egg-info/requires.txt
[6.284s] writing top-level names to ../../build/move_pos/move_pos.egg-info/top_level.txt
[6.298s] reading manifest file '../../build/move_pos/move_pos.egg-info/SOURCES.txt'
[6.301s] writing manifest file '../../build/move_pos/move_pos.egg-info/SOURCES.txt'
[6.305s] running build
[6.305s] running build_py
[6.307s] running install
[6.310s] running install_lib
[6.322s] running install_data
[6.325s] running install_egg_info
[6.338s] removing '/home/bestway/bestway_ws/install/move_pos/lib/python3.10/site-packages/move_pos-0.0.0-py3.10.egg-info' (and everything under it)
[6.345s] Copying ../../build/move_pos/move_pos.egg-info to /home/bestway/bestway_ws/install/move_pos/lib/python3.10/site-packages/move_pos-0.0.0-py3.10.egg-info
[6.376s] running install_scripts
[6.507s] Installing move_pos_topic_node script to /home/bestway/bestway_ws/install/move_pos/lib/move_pos
[6.509s] Installing move_pos_topic_node_v2 script to /home/bestway/bestway_ws/install/move_pos/lib/move_pos
[6.510s] Installing move_pos_topic_node_v3 script to /home/bestway/bestway_ws/install/move_pos/lib/move_pos
[6.511s] writing list of installed files to '/home/bestway/bestway_ws/build/move_pos/install.log'
[6.929s] Invoked command in '/home/bestway/bestway_ws/src/move_pos' returned '0': PYTHONPATH=/home/bestway/bestway_ws/build/move_pos/prefix_override:/usr/lib/python3/dist-packages/colcon_core/task/python/colcon_distutils_commands:/home/bestway/bestway_ws/install/move_pos/lib/python3.10/site-packages:${PYTHONPATH} /usr/bin/python3 -W ignore:setup.py install is deprecated -W ignore:easy_install command is deprecated setup.py egg_info --egg-base ../../build/move_pos build --build-base /home/bestway/bestway_ws/build/move_pos/build install --record /home/bestway/bestway_ws/build/move_pos/install.log --single-version-externally-managed install_data
