[5.042s] Invoking command in '/home/bestway/bestway_ws/src/auto_drive': PYTHONPATH=/home/bestway/bestway_ws/build/auto_drive/prefix_override:/usr/lib/python3/dist-packages/colcon_core/task/python/colcon_distutils_commands:/home/bestway/bestway_ws/install/auto_drive/lib/python3.10/site-packages:${PYTHONPATH} /usr/bin/python3 -W ignore:setup.py install is deprecated -W ignore:easy_install command is deprecated setup.py egg_info --egg-base ../../build/auto_drive build --build-base /home/bestway/bestway_ws/build/auto_drive/build install --record /home/bestway/bestway_ws/build/auto_drive/install.log --single-version-externally-managed install_data
[6.421s] running egg_info
[6.433s] writing ../../build/auto_drive/auto_drive.egg-info/PKG-INFO
[6.441s] writing dependency_links to ../../build/auto_drive/auto_drive.egg-info/dependency_links.txt
[6.443s] writing entry points to ../../build/auto_drive/auto_drive.egg-info/entry_points.txt
[6.444s] writing requirements to ../../build/auto_drive/auto_drive.egg-info/requires.txt
[6.445s] writing top-level names to ../../build/auto_drive/auto_drive.egg-info/top_level.txt
[6.459s] reading manifest file '../../build/auto_drive/auto_drive.egg-info/SOURCES.txt'
[6.463s] writing manifest file '../../build/auto_drive/auto_drive.egg-info/SOURCES.txt'
[6.465s] running build
[6.465s] running build_py
[6.468s] running install
[6.470s] running install_lib
[6.482s] running install_data
[6.483s] running install_egg_info
[6.502s] removing '/home/bestway/bestway_ws/install/auto_drive/lib/python3.10/site-packages/auto_drive-0.0.0-py3.10.egg-info' (and everything under it)
[6.511s] Copying ../../build/auto_drive/auto_drive.egg-info to /home/bestway/bestway_ws/install/auto_drive/lib/python3.10/site-packages/auto_drive-0.0.0-py3.10.egg-info
[6.532s] running install_scripts
[6.640s] Installing auto_drive_node script to /home/bestway/bestway_ws/install/auto_drive/lib/auto_drive
[6.640s] Installing pose_printer_node script to /home/bestway/bestway_ws/install/auto_drive/lib/auto_drive
[6.641s] Installing search_fire_node script to /home/bestway/bestway_ws/install/auto_drive/lib/auto_drive
[6.642s] writing list of installed files to '/home/bestway/bestway_ws/build/auto_drive/install.log'
[6.836s] Invoked command in '/home/bestway/bestway_ws/src/auto_drive' returned '0': PYTHONPATH=/home/bestway/bestway_ws/build/auto_drive/prefix_override:/usr/lib/python3/dist-packages/colcon_core/task/python/colcon_distutils_commands:/home/bestway/bestway_ws/install/auto_drive/lib/python3.10/site-packages:${PYTHONPATH} /usr/bin/python3 -W ignore:setup.py install is deprecated -W ignore:easy_install command is deprecated setup.py egg_info --egg-base ../../build/auto_drive build --build-base /home/bestway/bestway_ws/build/auto_drive/build install --record /home/bestway/bestway_ws/build/auto_drive/install.log --single-version-externally-managed install_data
