[4.880s] Invoking command in '/home/bestway/bestway_ws/src/move_pos': PYTHONPATH=/home/bestway/bestway_ws/build/move_pos/prefix_override:/usr/lib/python3/dist-packages/colcon_core/task/python/colcon_distutils_commands:/home/bestway/bestway_ws/install/move_pos/lib/python3.10/site-packages:${PYTHONPATH} /usr/bin/python3 -W ignore:setup.py install is deprecated -W ignore:easy_install command is deprecated setup.py egg_info --egg-base ../../build/move_pos build --build-base /home/bestway/bestway_ws/build/move_pos/build install --record /home/bestway/bestway_ws/build/move_pos/install.log --single-version-externally-managed install_data
[5.652s] running egg_info
[5.667s] writing ../../build/move_pos/move_pos.egg-info/PKG-INFO
[5.668s] writing dependency_links to ../../build/move_pos/move_pos.egg-info/dependency_links.txt
[5.675s] writing entry points to ../../build/move_pos/move_pos.egg-info/entry_points.txt
[5.675s] writing requirements to ../../build/move_pos/move_pos.egg-info/requires.txt
[5.676s] writing top-level names to ../../build/move_pos/move_pos.egg-info/top_level.txt
[5.682s] reading manifest file '../../build/move_pos/move_pos.egg-info/SOURCES.txt'
[5.687s] writing manifest file '../../build/move_pos/move_pos.egg-info/SOURCES.txt'
[5.687s] running build
[5.689s] running build_py
[5.689s] running install
[5.690s] running install_lib
[5.696s] running install_data
[5.697s] running install_egg_info
[5.704s] removing '/home/bestway/bestway_ws/install/move_pos/lib/python3.10/site-packages/move_pos-0.0.0-py3.10.egg-info' (and everything under it)
[5.711s] Copying ../../build/move_pos/move_pos.egg-info to /home/bestway/bestway_ws/install/move_pos/lib/python3.10/site-packages/move_pos-0.0.0-py3.10.egg-info
[5.723s] running install_scripts
[5.797s] Installing move_pos_topic_node script to /home/bestway/bestway_ws/install/move_pos/lib/move_pos
[5.799s] writing list of installed files to '/home/bestway/bestway_ws/build/move_pos/install.log'
[5.977s] Invoked command in '/home/bestway/bestway_ws/src/move_pos' returned '0': PYTHONPATH=/home/bestway/bestway_ws/build/move_pos/prefix_override:/usr/lib/python3/dist-packages/colcon_core/task/python/colcon_distutils_commands:/home/bestway/bestway_ws/install/move_pos/lib/python3.10/site-packages:${PYTHONPATH} /usr/bin/python3 -W ignore:setup.py install is deprecated -W ignore:easy_install command is deprecated setup.py egg_info --egg-base ../../build/move_pos build --build-base /home/bestway/bestway_ws/build/move_pos/build install --record /home/bestway/bestway_ws/build/move_pos/install.log --single-version-externally-managed install_data
