[0.147s] Invoking command in '/home/bestway/bestway_ws/build/temperature_publisher': CMAKE_PREFIX_PATH=${CMAKE_PREFIX_PATH}:/home/bestway/bestway_ws/install/yuntai_control:/home/bestway/bestway_ws/install/sbus_control:/home/bestway/bestway_ws/install/lidar_distance:/home/bestway/bestway_ws/install/imu_odometry:/home/bestway/bestway_ws/install/auto_drive:/opt/ros/humble /usr/bin/cmake --build /home/bestway/bestway_ws/build/temperature_publisher -- -j4 -l4
[0.338s] [ 50%] [32mBuilding CXX object CMakeFiles/temperature_publisher.dir/src/temperature_publisher.cpp.o[0m
[10.437s] [100%] [32m[1mLinking CXX executable temperature_publisher[0m
[10.874s] [100%] Built target temperature_publisher
[10.902s] Invoked command in '/home/bestway/bestway_ws/build/temperature_publisher' returned '0': CMAKE_PREFIX_PATH=${CMAKE_PREFIX_PATH}:/home/bestway/bestway_ws/install/yuntai_control:/home/bestway/bestway_ws/install/sbus_control:/home/bestway/bestway_ws/install/lidar_distance:/home/bestway/bestway_ws/install/imu_odometry:/home/bestway/bestway_ws/install/auto_drive:/opt/ros/humble /usr/bin/cmake --build /home/bestway/bestway_ws/build/temperature_publisher -- -j4 -l4
[10.926s] Invoking command in '/home/bestway/bestway_ws/build/temperature_publisher': CMAKE_PREFIX_PATH=${CMAKE_PREFIX_PATH}:/home/bestway/bestway_ws/install/yuntai_control:/home/bestway/bestway_ws/install/sbus_control:/home/bestway/bestway_ws/install/lidar_distance:/home/bestway/bestway_ws/install/imu_odometry:/home/bestway/bestway_ws/install/auto_drive:/opt/ros/humble /usr/bin/cmake --install /home/bestway/bestway_ws/build/temperature_publisher
[10.944s] -- Install configuration: ""
[10.945s] -- Installing: /home/bestway/bestway_ws/install/temperature_publisher/lib/temperature_publisher/temperature_publisher
[10.948s] -- Set runtime path of "/home/bestway/bestway_ws/install/temperature_publisher/lib/temperature_publisher/temperature_publisher" to ""
[10.949s] -- Up-to-date: /home/bestway/bestway_ws/install/temperature_publisher/share/ament_index/resource_index/package_run_dependencies/temperature_publisher
[10.949s] -- Up-to-date: /home/bestway/bestway_ws/install/temperature_publisher/share/ament_index/resource_index/parent_prefix_path/temperature_publisher
[10.949s] -- Up-to-date: /home/bestway/bestway_ws/install/temperature_publisher/share/temperature_publisher/environment/ament_prefix_path.sh
[10.949s] -- Up-to-date: /home/bestway/bestway_ws/install/temperature_publisher/share/temperature_publisher/environment/ament_prefix_path.dsv
[10.949s] -- Up-to-date: /home/bestway/bestway_ws/install/temperature_publisher/share/temperature_publisher/environment/path.sh
[10.950s] -- Up-to-date: /home/bestway/bestway_ws/install/temperature_publisher/share/temperature_publisher/environment/path.dsv
[10.950s] -- Up-to-date: /home/bestway/bestway_ws/install/temperature_publisher/share/temperature_publisher/local_setup.bash
[10.950s] -- Up-to-date: /home/bestway/bestway_ws/install/temperature_publisher/share/temperature_publisher/local_setup.sh
[10.950s] -- Up-to-date: /home/bestway/bestway_ws/install/temperature_publisher/share/temperature_publisher/local_setup.zsh
[10.950s] -- Up-to-date: /home/bestway/bestway_ws/install/temperature_publisher/share/temperature_publisher/local_setup.dsv
[10.951s] -- Installing: /home/bestway/bestway_ws/install/temperature_publisher/share/temperature_publisher/package.dsv
[10.951s] -- Up-to-date: /home/bestway/bestway_ws/install/temperature_publisher/share/ament_index/resource_index/packages/temperature_publisher
[10.951s] -- Up-to-date: /home/bestway/bestway_ws/install/temperature_publisher/share/temperature_publisher/cmake/temperature_publisherConfig.cmake
[10.951s] -- Up-to-date: /home/bestway/bestway_ws/install/temperature_publisher/share/temperature_publisher/cmake/temperature_publisherConfig-version.cmake
[10.951s] -- Up-to-date: /home/bestway/bestway_ws/install/temperature_publisher/share/temperature_publisher/package.xml
[10.957s] Invoked command in '/home/bestway/bestway_ws/build/temperature_publisher' returned '0': CMAKE_PREFIX_PATH=${CMAKE_PREFIX_PATH}:/home/bestway/bestway_ws/install/yuntai_control:/home/bestway/bestway_ws/install/sbus_control:/home/bestway/bestway_ws/install/lidar_distance:/home/bestway/bestway_ws/install/imu_odometry:/home/bestway/bestway_ws/install/auto_drive:/opt/ros/humble /usr/bin/cmake --install /home/bestway/bestway_ws/build/temperature_publisher
