[1.578s] Invoking command in '/home/bestway/bestway_ws/src/yuntai_control': PYTHONPATH=/home/bestway/bestway_ws/build/yuntai_control/prefix_override:/usr/lib/python3/dist-packages/colcon_core/task/python/colcon_distutils_commands:/home/bestway/bestway_ws/install/yuntai_control/lib/python3.10/site-packages:${PYTHONPATH} /usr/bin/python3 -W ignore:setup.py install is deprecated -W ignore:easy_install command is deprecated setup.py egg_info --egg-base ../../build/yuntai_control build --build-base /home/bestway/bestway_ws/build/yuntai_control/build install --record /home/bestway/bestway_ws/build/yuntai_control/install.log --single-version-externally-managed install_data
[2.165s] running egg_info
[2.169s] writing ../../build/yuntai_control/yuntai_control.egg-info/PKG-INFO
[2.171s] writing dependency_links to ../../build/yuntai_control/yuntai_control.egg-info/dependency_links.txt
[2.171s] writing entry points to ../../build/yuntai_control/yuntai_control.egg-info/entry_points.txt
[2.172s] writing requirements to ../../build/yuntai_control/yuntai_control.egg-info/requires.txt
[2.172s] writing top-level names to ../../build/yuntai_control/yuntai_control.egg-info/top_level.txt
[2.177s] reading manifest file '../../build/yuntai_control/yuntai_control.egg-info/SOURCES.txt'
[2.178s] writing manifest file '../../build/yuntai_control/yuntai_control.egg-info/SOURCES.txt'
[2.179s] running build
[2.180s] running build_py
[2.180s] copying yuntai_control/temperature_tracking_node.py -> /home/bestway/bestway_ws/build/yuntai_control/build/lib/yuntai_control
[2.181s] running install
[2.181s] running install_lib
[2.183s] copying /home/bestway/bestway_ws/build/yuntai_control/build/lib/yuntai_control/temperature_tracking_node.py -> /home/bestway/bestway_ws/install/yuntai_control/lib/python3.10/site-packages/yuntai_control
[2.184s] byte-compiling /home/bestway/bestway_ws/install/yuntai_control/lib/python3.10/site-packages/yuntai_control/temperature_tracking_node.py to temperature_tracking_node.cpython-310.pyc
[2.189s] running install_data
[2.190s] running install_egg_info
[2.195s] removing '/home/bestway/bestway_ws/install/yuntai_control/lib/python3.10/site-packages/yuntai_control-0.0.0-py3.10.egg-info' (and everything under it)
[2.195s] Copying ../../build/yuntai_control/yuntai_control.egg-info to /home/bestway/bestway_ws/install/yuntai_control/lib/python3.10/site-packages/yuntai_control-0.0.0-py3.10.egg-info
[2.197s] running install_scripts
[2.243s] Installing temperature_monitor_node script to /home/bestway/bestway_ws/install/yuntai_control/lib/yuntai_control
[2.243s] Installing temperature_tracking_node script to /home/bestway/bestway_ws/install/yuntai_control/lib/yuntai_control
[2.243s] Installing yuntai_controller_node script to /home/bestway/bestway_ws/install/yuntai_control/lib/yuntai_control
[2.244s] writing list of installed files to '/home/bestway/bestway_ws/build/yuntai_control/install.log'
[2.315s] Invoked command in '/home/bestway/bestway_ws/src/yuntai_control' returned '0': PYTHONPATH=/home/bestway/bestway_ws/build/yuntai_control/prefix_override:/usr/lib/python3/dist-packages/colcon_core/task/python/colcon_distutils_commands:/home/bestway/bestway_ws/install/yuntai_control/lib/python3.10/site-packages:${PYTHONPATH} /usr/bin/python3 -W ignore:setup.py install is deprecated -W ignore:easy_install command is deprecated setup.py egg_info --egg-base ../../build/yuntai_control build --build-base /home/bestway/bestway_ws/build/yuntai_control/build install --record /home/bestway/bestway_ws/build/yuntai_control/install.log --single-version-externally-managed install_data
