[0.242s] DEBUG:colcon:Command line arguments: ['/usr/bin/colcon', 'build']
[0.242s] DEBUG:colcon:Parsed command line arguments: Namespace(log_base=None, log_level=None, verb_name='build', build_base='build', install_base='install', merge_install=False, symlink_install=False, test_result_base=None, continue_on_error=False, executor='parallel', parallel_workers=4, event_handlers=None, ignore_user_meta=False, metas=['./colcon.meta'], base_paths=['.'], packages_ignore=None, packages_ignore_regex=None, paths=None, packages_up_to=None, packages_up_to_regex=None, packages_above=None, packages_above_and_dependencies=None, packages_above_depth=None, packages_select_by_dep=None, packages_skip_by_dep=None, packages_skip_up_to=None, packages_select_build_failed=False, packages_skip_build_finished=False, packages_select_test_failures=False, packages_skip_test_passed=False, packages_select=None, packages_skip=None, packages_select_regex=None, packages_skip_regex=None, packages_start=None, packages_end=None, allow_overriding=[], cmake_args=None, cmake_target=None, cmake_target_skip_unavailable=False, cmake_clean_cache=False, cmake_clean_first=False, cmake_force_configure=False, ament_cmake_args=None, catkin_cmake_args=None, catkin_skip_building_tests=False, verb_parser=<colcon_defaults.argument_parser.defaults.DefaultArgumentsDecorator object at 0xffffa053e230>, verb_extension=<colcon_core.verb.build.BuildVerb object at 0xffffa053dd20>, main=<bound method BuildVerb.main of <colcon_core.verb.build.BuildVerb object at 0xffffa053dd20>>)
[0.646s] Level 1:colcon.colcon_core.package_discovery:discover_packages(colcon_meta) check parameters
[0.646s] Level 1:colcon.colcon_core.package_discovery:discover_packages(recursive) check parameters
[0.646s] Level 1:colcon.colcon_core.package_discovery:discover_packages(ignore) check parameters
[0.646s] Level 1:colcon.colcon_core.package_discovery:discover_packages(path) check parameters
[0.646s] Level 1:colcon.colcon_core.package_discovery:discover_packages(colcon_meta) discover
[0.647s] Level 1:colcon.colcon_core.package_discovery:discover_packages(recursive) discover
[0.647s] INFO:colcon.colcon_core.package_discovery:Crawling recursively for packages in '/home/bestway/bestway_ws'
[0.647s] Level 1:colcon.colcon_core.package_identification:_identify(.) by extensions ['ignore', 'ignore_ament_install']
[0.647s] Level 1:colcon.colcon_core.package_identification:_identify(.) by extension 'ignore'
[0.647s] Level 1:colcon.colcon_core.package_identification:_identify(.) by extension 'ignore_ament_install'
[0.648s] Level 1:colcon.colcon_core.package_identification:_identify(.) by extensions ['colcon_pkg']
[0.648s] Level 1:colcon.colcon_core.package_identification:_identify(.) by extension 'colcon_pkg'
[0.648s] Level 1:colcon.colcon_core.package_identification:_identify(.) by extensions ['colcon_meta']
[0.648s] Level 1:colcon.colcon_core.package_identification:_identify(.) by extension 'colcon_meta'
[0.648s] Level 1:colcon.colcon_core.package_identification:_identify(.) by extensions ['ros']
[0.648s] Level 1:colcon.colcon_core.package_identification:_identify(.) by extension 'ros'
[0.672s] Level 1:colcon.colcon_core.package_identification:_identify(.) by extensions ['cmake', 'python']
[0.672s] Level 1:colcon.colcon_core.package_identification:_identify(.) by extension 'cmake'
[0.672s] Level 1:colcon.colcon_core.package_identification:_identify(.) by extension 'python'
[0.672s] Level 1:colcon.colcon_core.package_identification:_identify(.) by extensions ['python_setup_py']
[0.672s] Level 1:colcon.colcon_core.package_identification:_identify(.) by extension 'python_setup_py'
[0.673s] Level 1:colcon.colcon_core.package_identification:_identify(build) by extensions ['ignore', 'ignore_ament_install']
[0.673s] Level 1:colcon.colcon_core.package_identification:_identify(build) by extension 'ignore'
[0.673s] Level 1:colcon.colcon_core.package_identification:_identify(build) ignored
[0.673s] Level 1:colcon.colcon_core.package_identification:_identify(install) by extensions ['ignore', 'ignore_ament_install']
[0.674s] Level 1:colcon.colcon_core.package_identification:_identify(install) by extension 'ignore'
[0.674s] Level 1:colcon.colcon_core.package_identification:_identify(install) ignored
[0.674s] Level 1:colcon.colcon_core.package_identification:_identify(launch) by extensions ['ignore', 'ignore_ament_install']
[0.674s] Level 1:colcon.colcon_core.package_identification:_identify(launch) by extension 'ignore'
[0.674s] Level 1:colcon.colcon_core.package_identification:_identify(launch) by extension 'ignore_ament_install'
[0.674s] Level 1:colcon.colcon_core.package_identification:_identify(launch) by extensions ['colcon_pkg']
[0.675s] Level 1:colcon.colcon_core.package_identification:_identify(launch) by extension 'colcon_pkg'
[0.675s] Level 1:colcon.colcon_core.package_identification:_identify(launch) by extensions ['colcon_meta']
[0.675s] Level 1:colcon.colcon_core.package_identification:_identify(launch) by extension 'colcon_meta'
[0.675s] Level 1:colcon.colcon_core.package_identification:_identify(launch) by extensions ['ros']
[0.675s] Level 1:colcon.colcon_core.package_identification:_identify(launch) by extension 'ros'
[0.675s] Level 1:colcon.colcon_core.package_identification:_identify(launch) by extensions ['cmake', 'python']
[0.675s] Level 1:colcon.colcon_core.package_identification:_identify(launch) by extension 'cmake'
[0.675s] Level 1:colcon.colcon_core.package_identification:_identify(launch) by extension 'python'
[0.675s] Level 1:colcon.colcon_core.package_identification:_identify(launch) by extensions ['python_setup_py']
[0.675s] Level 1:colcon.colcon_core.package_identification:_identify(launch) by extension 'python_setup_py'
[0.676s] Level 1:colcon.colcon_core.package_identification:_identify(launch/__pycache__) by extensions ['ignore', 'ignore_ament_install']
[0.676s] Level 1:colcon.colcon_core.package_identification:_identify(launch/__pycache__) by extension 'ignore'
[0.676s] Level 1:colcon.colcon_core.package_identification:_identify(launch/__pycache__) by extension 'ignore_ament_install'
[0.676s] Level 1:colcon.colcon_core.package_identification:_identify(launch/__pycache__) by extensions ['colcon_pkg']
[0.676s] Level 1:colcon.colcon_core.package_identification:_identify(launch/__pycache__) by extension 'colcon_pkg'
[0.676s] Level 1:colcon.colcon_core.package_identification:_identify(launch/__pycache__) by extensions ['colcon_meta']
[0.676s] Level 1:colcon.colcon_core.package_identification:_identify(launch/__pycache__) by extension 'colcon_meta'
[0.677s] Level 1:colcon.colcon_core.package_identification:_identify(launch/__pycache__) by extensions ['ros']
[0.677s] Level 1:colcon.colcon_core.package_identification:_identify(launch/__pycache__) by extension 'ros'
[0.677s] Level 1:colcon.colcon_core.package_identification:_identify(launch/__pycache__) by extensions ['cmake', 'python']
[0.677s] Level 1:colcon.colcon_core.package_identification:_identify(launch/__pycache__) by extension 'cmake'
[0.677s] Level 1:colcon.colcon_core.package_identification:_identify(launch/__pycache__) by extension 'python'
[0.677s] Level 1:colcon.colcon_core.package_identification:_identify(launch/__pycache__) by extensions ['python_setup_py']
[0.677s] Level 1:colcon.colcon_core.package_identification:_identify(launch/__pycache__) by extension 'python_setup_py'
[0.677s] Level 1:colcon.colcon_core.package_identification:_identify(log) by extensions ['ignore', 'ignore_ament_install']
[0.678s] Level 1:colcon.colcon_core.package_identification:_identify(log) by extension 'ignore'
[0.678s] Level 1:colcon.colcon_core.package_identification:_identify(log) ignored
[0.678s] Level 1:colcon.colcon_core.package_identification:_identify(src) by extensions ['ignore', 'ignore_ament_install']
[0.678s] Level 1:colcon.colcon_core.package_identification:_identify(src) by extension 'ignore'
[0.678s] Level 1:colcon.colcon_core.package_identification:_identify(src) by extension 'ignore_ament_install'
[0.678s] Level 1:colcon.colcon_core.package_identification:_identify(src) by extensions ['colcon_pkg']
[0.678s] Level 1:colcon.colcon_core.package_identification:_identify(src) by extension 'colcon_pkg'
[0.679s] Level 1:colcon.colcon_core.package_identification:_identify(src) by extensions ['colcon_meta']
[0.679s] Level 1:colcon.colcon_core.package_identification:_identify(src) by extension 'colcon_meta'
[0.679s] Level 1:colcon.colcon_core.package_identification:_identify(src) by extensions ['ros']
[0.679s] Level 1:colcon.colcon_core.package_identification:_identify(src) by extension 'ros'
[0.679s] Level 1:colcon.colcon_core.package_identification:_identify(src) by extensions ['cmake', 'python']
[0.679s] Level 1:colcon.colcon_core.package_identification:_identify(src) by extension 'cmake'
[0.679s] Level 1:colcon.colcon_core.package_identification:_identify(src) by extension 'python'
[0.679s] Level 1:colcon.colcon_core.package_identification:_identify(src) by extensions ['python_setup_py']
[0.679s] Level 1:colcon.colcon_core.package_identification:_identify(src) by extension 'python_setup_py'
[0.680s] Level 1:colcon.colcon_core.package_identification:_identify(src/__pycache__) by extensions ['ignore', 'ignore_ament_install']
[0.680s] Level 1:colcon.colcon_core.package_identification:_identify(src/__pycache__) by extension 'ignore'
[0.680s] Level 1:colcon.colcon_core.package_identification:_identify(src/__pycache__) by extension 'ignore_ament_install'
[0.680s] Level 1:colcon.colcon_core.package_identification:_identify(src/__pycache__) by extensions ['colcon_pkg']
[0.680s] Level 1:colcon.colcon_core.package_identification:_identify(src/__pycache__) by extension 'colcon_pkg'
[0.680s] Level 1:colcon.colcon_core.package_identification:_identify(src/__pycache__) by extensions ['colcon_meta']
[0.680s] Level 1:colcon.colcon_core.package_identification:_identify(src/__pycache__) by extension 'colcon_meta'
[0.680s] Level 1:colcon.colcon_core.package_identification:_identify(src/__pycache__) by extensions ['ros']
[0.681s] Level 1:colcon.colcon_core.package_identification:_identify(src/__pycache__) by extension 'ros'
[0.681s] Level 1:colcon.colcon_core.package_identification:_identify(src/__pycache__) by extensions ['cmake', 'python']
[0.681s] Level 1:colcon.colcon_core.package_identification:_identify(src/__pycache__) by extension 'cmake'
[0.681s] Level 1:colcon.colcon_core.package_identification:_identify(src/__pycache__) by extension 'python'
[0.681s] Level 1:colcon.colcon_core.package_identification:_identify(src/__pycache__) by extensions ['python_setup_py']
[0.681s] Level 1:colcon.colcon_core.package_identification:_identify(src/__pycache__) by extension 'python_setup_py'
[0.681s] Level 1:colcon.colcon_core.package_identification:_identify(src/auto_drive) by extensions ['ignore', 'ignore_ament_install']
[0.681s] Level 1:colcon.colcon_core.package_identification:_identify(src/auto_drive) by extension 'ignore'
[0.682s] Level 1:colcon.colcon_core.package_identification:_identify(src/auto_drive) by extension 'ignore_ament_install'
[0.682s] Level 1:colcon.colcon_core.package_identification:_identify(src/auto_drive) by extensions ['colcon_pkg']
[0.682s] Level 1:colcon.colcon_core.package_identification:_identify(src/auto_drive) by extension 'colcon_pkg'
[0.682s] Level 1:colcon.colcon_core.package_identification:_identify(src/auto_drive) by extensions ['colcon_meta']
[0.682s] Level 1:colcon.colcon_core.package_identification:_identify(src/auto_drive) by extension 'colcon_meta'
[0.682s] Level 1:colcon.colcon_core.package_identification:_identify(src/auto_drive) by extensions ['ros']
[0.682s] Level 1:colcon.colcon_core.package_identification:_identify(src/auto_drive) by extension 'ros'
[0.688s] DEBUG:colcon.colcon_core.package_identification:Package 'src/auto_drive' with type 'ros.ament_python' and name 'auto_drive'
[0.688s] Level 1:colcon.colcon_core.package_identification:_identify(src/lidar_distance) by extensions ['ignore', 'ignore_ament_install']
[0.689s] Level 1:colcon.colcon_core.package_identification:_identify(src/lidar_distance) by extension 'ignore'
[0.689s] Level 1:colcon.colcon_core.package_identification:_identify(src/lidar_distance) by extension 'ignore_ament_install'
[0.689s] Level 1:colcon.colcon_core.package_identification:_identify(src/lidar_distance) by extensions ['colcon_pkg']
[0.689s] Level 1:colcon.colcon_core.package_identification:_identify(src/lidar_distance) by extension 'colcon_pkg'
[0.689s] Level 1:colcon.colcon_core.package_identification:_identify(src/lidar_distance) by extensions ['colcon_meta']
[0.689s] Level 1:colcon.colcon_core.package_identification:_identify(src/lidar_distance) by extension 'colcon_meta'
[0.689s] Level 1:colcon.colcon_core.package_identification:_identify(src/lidar_distance) by extensions ['ros']
[0.690s] Level 1:colcon.colcon_core.package_identification:_identify(src/lidar_distance) by extension 'ros'
[0.691s] DEBUG:colcon.colcon_core.package_identification:Package 'src/lidar_distance' with type 'ros.ament_python' and name 'lidar_distance'
[0.691s] Level 1:colcon.colcon_core.package_identification:_identify(src/move_pos) by extensions ['ignore', 'ignore_ament_install']
[0.691s] Level 1:colcon.colcon_core.package_identification:_identify(src/move_pos) by extension 'ignore'
[0.691s] Level 1:colcon.colcon_core.package_identification:_identify(src/move_pos) by extension 'ignore_ament_install'
[0.692s] Level 1:colcon.colcon_core.package_identification:_identify(src/move_pos) by extensions ['colcon_pkg']
[0.692s] Level 1:colcon.colcon_core.package_identification:_identify(src/move_pos) by extension 'colcon_pkg'
[0.692s] Level 1:colcon.colcon_core.package_identification:_identify(src/move_pos) by extensions ['colcon_meta']
[0.692s] Level 1:colcon.colcon_core.package_identification:_identify(src/move_pos) by extension 'colcon_meta'
[0.692s] Level 1:colcon.colcon_core.package_identification:_identify(src/move_pos) by extensions ['ros']
[0.692s] Level 1:colcon.colcon_core.package_identification:_identify(src/move_pos) by extension 'ros'
[0.694s] DEBUG:colcon.colcon_core.package_identification:Package 'src/move_pos' with type 'ros.ament_python' and name 'move_pos'
[0.694s] Level 1:colcon.colcon_core.package_identification:_identify(src/sbus_control) by extensions ['ignore', 'ignore_ament_install']
[0.694s] Level 1:colcon.colcon_core.package_identification:_identify(src/sbus_control) by extension 'ignore'
[0.695s] Level 1:colcon.colcon_core.package_identification:_identify(src/sbus_control) by extension 'ignore_ament_install'
[0.695s] Level 1:colcon.colcon_core.package_identification:_identify(src/sbus_control) by extensions ['colcon_pkg']
[0.695s] Level 1:colcon.colcon_core.package_identification:_identify(src/sbus_control) by extension 'colcon_pkg'
[0.695s] Level 1:colcon.colcon_core.package_identification:_identify(src/sbus_control) by extensions ['colcon_meta']
[0.695s] Level 1:colcon.colcon_core.package_identification:_identify(src/sbus_control) by extension 'colcon_meta'
[0.695s] Level 1:colcon.colcon_core.package_identification:_identify(src/sbus_control) by extensions ['ros']
[0.695s] Level 1:colcon.colcon_core.package_identification:_identify(src/sbus_control) by extension 'ros'
[0.697s] DEBUG:colcon.colcon_core.package_identification:Package 'src/sbus_control' with type 'ros.ament_python' and name 'sbus_control'
[0.697s] Level 1:colcon.colcon_core.package_identification:_identify(src/temperature_publisher) by extensions ['ignore', 'ignore_ament_install']
[0.697s] Level 1:colcon.colcon_core.package_identification:_identify(src/temperature_publisher) by extension 'ignore'
[0.697s] Level 1:colcon.colcon_core.package_identification:_identify(src/temperature_publisher) by extension 'ignore_ament_install'
[0.698s] Level 1:colcon.colcon_core.package_identification:_identify(src/temperature_publisher) by extensions ['colcon_pkg']
[0.698s] Level 1:colcon.colcon_core.package_identification:_identify(src/temperature_publisher) by extension 'colcon_pkg'
[0.698s] Level 1:colcon.colcon_core.package_identification:_identify(src/temperature_publisher) by extensions ['colcon_meta']
[0.698s] Level 1:colcon.colcon_core.package_identification:_identify(src/temperature_publisher) by extension 'colcon_meta'
[0.698s] Level 1:colcon.colcon_core.package_identification:_identify(src/temperature_publisher) by extensions ['ros']
[0.698s] Level 1:colcon.colcon_core.package_identification:_identify(src/temperature_publisher) by extension 'ros'
[0.700s] DEBUG:colcon.colcon_core.package_identification:Package 'src/temperature_publisher' with type 'ros.ament_cmake' and name 'temperature_publisher'
[0.700s] Level 1:colcon.colcon_core.package_identification:_identify(src/yuntai_control) by extensions ['ignore', 'ignore_ament_install']
[0.700s] Level 1:colcon.colcon_core.package_identification:_identify(src/yuntai_control) by extension 'ignore'
[0.700s] Level 1:colcon.colcon_core.package_identification:_identify(src/yuntai_control) by extension 'ignore_ament_install'
[0.700s] Level 1:colcon.colcon_core.package_identification:_identify(src/yuntai_control) by extensions ['colcon_pkg']
[0.700s] Level 1:colcon.colcon_core.package_identification:_identify(src/yuntai_control) by extension 'colcon_pkg'
[0.701s] Level 1:colcon.colcon_core.package_identification:_identify(src/yuntai_control) by extensions ['colcon_meta']
[0.701s] Level 1:colcon.colcon_core.package_identification:_identify(src/yuntai_control) by extension 'colcon_meta'
[0.701s] Level 1:colcon.colcon_core.package_identification:_identify(src/yuntai_control) by extensions ['ros']
[0.701s] Level 1:colcon.colcon_core.package_identification:_identify(src/yuntai_control) by extension 'ros'
[0.702s] DEBUG:colcon.colcon_core.package_identification:Package 'src/yuntai_control' with type 'ros.ament_python' and name 'yuntai_control'
[0.703s] Level 1:colcon.colcon_core.package_identification:_identify(src/yuntai_test) by extensions ['ignore', 'ignore_ament_install']
[0.703s] Level 1:colcon.colcon_core.package_identification:_identify(src/yuntai_test) by extension 'ignore'
[0.703s] Level 1:colcon.colcon_core.package_identification:_identify(src/yuntai_test) by extension 'ignore_ament_install'
[0.703s] Level 1:colcon.colcon_core.package_identification:_identify(src/yuntai_test) by extensions ['colcon_pkg']
[0.703s] Level 1:colcon.colcon_core.package_identification:_identify(src/yuntai_test) by extension 'colcon_pkg'
[0.703s] Level 1:colcon.colcon_core.package_identification:_identify(src/yuntai_test) by extensions ['colcon_meta']
[0.703s] Level 1:colcon.colcon_core.package_identification:_identify(src/yuntai_test) by extension 'colcon_meta'
[0.703s] Level 1:colcon.colcon_core.package_identification:_identify(src/yuntai_test) by extensions ['ros']
[0.704s] Level 1:colcon.colcon_core.package_identification:_identify(src/yuntai_test) by extension 'ros'
[0.704s] Level 1:colcon.colcon_core.package_identification:_identify(src/yuntai_test) by extensions ['cmake', 'python']
[0.704s] Level 1:colcon.colcon_core.package_identification:_identify(src/yuntai_test) by extension 'cmake'
[0.704s] Level 1:colcon.colcon_core.package_identification:_identify(src/yuntai_test) by extension 'python'
[0.704s] Level 1:colcon.colcon_core.package_identification:_identify(src/yuntai_test) by extensions ['python_setup_py']
[0.704s] Level 1:colcon.colcon_core.package_identification:_identify(src/yuntai_test) by extension 'python_setup_py'
[0.704s] Level 1:colcon.colcon_core.package_identification:_identify(src/zed_test) by extensions ['ignore', 'ignore_ament_install']
[0.705s] Level 1:colcon.colcon_core.package_identification:_identify(src/zed_test) by extension 'ignore'
[0.705s] Level 1:colcon.colcon_core.package_identification:_identify(src/zed_test) by extension 'ignore_ament_install'
[0.705s] Level 1:colcon.colcon_core.package_identification:_identify(src/zed_test) by extensions ['colcon_pkg']
[0.705s] Level 1:colcon.colcon_core.package_identification:_identify(src/zed_test) by extension 'colcon_pkg'
[0.705s] Level 1:colcon.colcon_core.package_identification:_identify(src/zed_test) by extensions ['colcon_meta']
[0.705s] Level 1:colcon.colcon_core.package_identification:_identify(src/zed_test) by extension 'colcon_meta'
[0.705s] Level 1:colcon.colcon_core.package_identification:_identify(src/zed_test) by extensions ['ros']
[0.705s] Level 1:colcon.colcon_core.package_identification:_identify(src/zed_test) by extension 'ros'
[0.705s] Level 1:colcon.colcon_core.package_identification:_identify(src/zed_test) by extensions ['cmake', 'python']
[0.706s] Level 1:colcon.colcon_core.package_identification:_identify(src/zed_test) by extension 'cmake'
[0.706s] Level 1:colcon.colcon_core.package_identification:_identify(src/zed_test) by extension 'python'
[0.706s] Level 1:colcon.colcon_core.package_identification:_identify(src/zed_test) by extensions ['python_setup_py']
[0.706s] Level 1:colcon.colcon_core.package_identification:_identify(src/zed_test) by extension 'python_setup_py'
[0.706s] Level 1:colcon.colcon_core.package_discovery:discover_packages(recursive) using defaults
[0.706s] Level 1:colcon.colcon_core.package_discovery:discover_packages(ignore) discover
[0.706s] Level 1:colcon.colcon_core.package_discovery:discover_packages(ignore) using defaults
[0.706s] Level 1:colcon.colcon_core.package_discovery:discover_packages(path) discover
[0.706s] Level 1:colcon.colcon_core.package_discovery:discover_packages(path) using defaults
[0.782s] Level 1:colcon.colcon_core.package_discovery:discover_packages(prefix_path) check parameters
[0.782s] Level 1:colcon.colcon_core.package_discovery:discover_packages(prefix_path) discover
[0.789s] DEBUG:colcon.colcon_installed_package_information.package_discovery:Found 6 installed packages in /home/bestway/bestway_ws/install
[0.790s] DEBUG:colcon.colcon_installed_package_information.package_discovery:Found 1 installed packages in /home/bestway/fast_lio_ws/install
[0.791s] DEBUG:colcon.colcon_installed_package_information.package_discovery:Found 1 installed packages in /home/bestway/ws_livox/install
[0.792s] DEBUG:colcon.colcon_installed_package_information.package_discovery:Found 17 installed packages in /home/bestway/ZED_ws/install
[0.795s] DEBUG:colcon.colcon_installed_package_information.package_discovery:Found 366 installed packages in /opt/ros/humble
[0.799s] Level 1:colcon.colcon_core.package_discovery:discover_packages(prefix_path) using defaults
[0.904s] Level 5:colcon.colcon_core.verb:set package 'auto_drive' build argument 'cmake_args' from command line to 'None'
[0.904s] Level 5:colcon.colcon_core.verb:set package 'auto_drive' build argument 'cmake_target' from command line to 'None'
[0.904s] Level 5:colcon.colcon_core.verb:set package 'auto_drive' build argument 'cmake_target_skip_unavailable' from command line to 'False'
[0.904s] Level 5:colcon.colcon_core.verb:set package 'auto_drive' build argument 'cmake_clean_cache' from command line to 'False'
[0.904s] Level 5:colcon.colcon_core.verb:set package 'auto_drive' build argument 'cmake_clean_first' from command line to 'False'
[0.905s] Level 5:colcon.colcon_core.verb:set package 'auto_drive' build argument 'cmake_force_configure' from command line to 'False'
[0.905s] Level 5:colcon.colcon_core.verb:set package 'auto_drive' build argument 'ament_cmake_args' from command line to 'None'
[0.905s] Level 5:colcon.colcon_core.verb:set package 'auto_drive' build argument 'catkin_cmake_args' from command line to 'None'
[0.905s] Level 5:colcon.colcon_core.verb:set package 'auto_drive' build argument 'catkin_skip_building_tests' from command line to 'False'
[0.905s] DEBUG:colcon.colcon_core.verb:Building package 'auto_drive' with the following arguments: {'ament_cmake_args': None, 'build_base': '/home/bestway/bestway_ws/build/auto_drive', 'catkin_cmake_args': None, 'catkin_skip_building_tests': False, 'cmake_args': None, 'cmake_clean_cache': False, 'cmake_clean_first': False, 'cmake_force_configure': False, 'cmake_target': None, 'cmake_target_skip_unavailable': False, 'install_base': '/home/bestway/bestway_ws/install/auto_drive', 'merge_install': False, 'path': '/home/bestway/bestway_ws/src/auto_drive', 'symlink_install': False, 'test_result_base': None}
[0.906s] Level 5:colcon.colcon_core.verb:set package 'lidar_distance' build argument 'cmake_args' from command line to 'None'
[0.906s] Level 5:colcon.colcon_core.verb:set package 'lidar_distance' build argument 'cmake_target' from command line to 'None'
[0.906s] Level 5:colcon.colcon_core.verb:set package 'lidar_distance' build argument 'cmake_target_skip_unavailable' from command line to 'False'
[0.906s] Level 5:colcon.colcon_core.verb:set package 'lidar_distance' build argument 'cmake_clean_cache' from command line to 'False'
[0.906s] Level 5:colcon.colcon_core.verb:set package 'lidar_distance' build argument 'cmake_clean_first' from command line to 'False'
[0.906s] Level 5:colcon.colcon_core.verb:set package 'lidar_distance' build argument 'cmake_force_configure' from command line to 'False'
[0.906s] Level 5:colcon.colcon_core.verb:set package 'lidar_distance' build argument 'ament_cmake_args' from command line to 'None'
[0.906s] Level 5:colcon.colcon_core.verb:set package 'lidar_distance' build argument 'catkin_cmake_args' from command line to 'None'
[0.906s] Level 5:colcon.colcon_core.verb:set package 'lidar_distance' build argument 'catkin_skip_building_tests' from command line to 'False'
[0.906s] DEBUG:colcon.colcon_core.verb:Building package 'lidar_distance' with the following arguments: {'ament_cmake_args': None, 'build_base': '/home/bestway/bestway_ws/build/lidar_distance', 'catkin_cmake_args': None, 'catkin_skip_building_tests': False, 'cmake_args': None, 'cmake_clean_cache': False, 'cmake_clean_first': False, 'cmake_force_configure': False, 'cmake_target': None, 'cmake_target_skip_unavailable': False, 'install_base': '/home/bestway/bestway_ws/install/lidar_distance', 'merge_install': False, 'path': '/home/bestway/bestway_ws/src/lidar_distance', 'symlink_install': False, 'test_result_base': None}
[0.907s] Level 5:colcon.colcon_core.verb:set package 'move_pos' build argument 'cmake_args' from command line to 'None'
[0.907s] Level 5:colcon.colcon_core.verb:set package 'move_pos' build argument 'cmake_target' from command line to 'None'
[0.907s] Level 5:colcon.colcon_core.verb:set package 'move_pos' build argument 'cmake_target_skip_unavailable' from command line to 'False'
[0.907s] Level 5:colcon.colcon_core.verb:set package 'move_pos' build argument 'cmake_clean_cache' from command line to 'False'
[0.907s] Level 5:colcon.colcon_core.verb:set package 'move_pos' build argument 'cmake_clean_first' from command line to 'False'
[0.907s] Level 5:colcon.colcon_core.verb:set package 'move_pos' build argument 'cmake_force_configure' from command line to 'False'
[0.907s] Level 5:colcon.colcon_core.verb:set package 'move_pos' build argument 'ament_cmake_args' from command line to 'None'
[0.907s] Level 5:colcon.colcon_core.verb:set package 'move_pos' build argument 'catkin_cmake_args' from command line to 'None'
[0.907s] Level 5:colcon.colcon_core.verb:set package 'move_pos' build argument 'catkin_skip_building_tests' from command line to 'False'
[0.908s] DEBUG:colcon.colcon_core.verb:Building package 'move_pos' with the following arguments: {'ament_cmake_args': None, 'build_base': '/home/bestway/bestway_ws/build/move_pos', 'catkin_cmake_args': None, 'catkin_skip_building_tests': False, 'cmake_args': None, 'cmake_clean_cache': False, 'cmake_clean_first': False, 'cmake_force_configure': False, 'cmake_target': None, 'cmake_target_skip_unavailable': False, 'install_base': '/home/bestway/bestway_ws/install/move_pos', 'merge_install': False, 'path': '/home/bestway/bestway_ws/src/move_pos', 'symlink_install': False, 'test_result_base': None}
[0.908s] Level 5:colcon.colcon_core.verb:set package 'sbus_control' build argument 'cmake_args' from command line to 'None'
[0.908s] Level 5:colcon.colcon_core.verb:set package 'sbus_control' build argument 'cmake_target' from command line to 'None'
[0.908s] Level 5:colcon.colcon_core.verb:set package 'sbus_control' build argument 'cmake_target_skip_unavailable' from command line to 'False'
[0.908s] Level 5:colcon.colcon_core.verb:set package 'sbus_control' build argument 'cmake_clean_cache' from command line to 'False'
[0.908s] Level 5:colcon.colcon_core.verb:set package 'sbus_control' build argument 'cmake_clean_first' from command line to 'False'
[0.908s] Level 5:colcon.colcon_core.verb:set package 'sbus_control' build argument 'cmake_force_configure' from command line to 'False'
[0.909s] Level 5:colcon.colcon_core.verb:set package 'sbus_control' build argument 'ament_cmake_args' from command line to 'None'
[0.909s] Level 5:colcon.colcon_core.verb:set package 'sbus_control' build argument 'catkin_cmake_args' from command line to 'None'
[0.909s] Level 5:colcon.colcon_core.verb:set package 'sbus_control' build argument 'catkin_skip_building_tests' from command line to 'False'
[0.909s] DEBUG:colcon.colcon_core.verb:Building package 'sbus_control' with the following arguments: {'ament_cmake_args': None, 'build_base': '/home/bestway/bestway_ws/build/sbus_control', 'catkin_cmake_args': None, 'catkin_skip_building_tests': False, 'cmake_args': None, 'cmake_clean_cache': False, 'cmake_clean_first': False, 'cmake_force_configure': False, 'cmake_target': None, 'cmake_target_skip_unavailable': False, 'install_base': '/home/bestway/bestway_ws/install/sbus_control', 'merge_install': False, 'path': '/home/bestway/bestway_ws/src/sbus_control', 'symlink_install': False, 'test_result_base': None}
[0.909s] Level 5:colcon.colcon_core.verb:set package 'temperature_publisher' build argument 'cmake_args' from command line to 'None'
[0.909s] Level 5:colcon.colcon_core.verb:set package 'temperature_publisher' build argument 'cmake_target' from command line to 'None'
[0.910s] Level 5:colcon.colcon_core.verb:set package 'temperature_publisher' build argument 'cmake_target_skip_unavailable' from command line to 'False'
[0.910s] Level 5:colcon.colcon_core.verb:set package 'temperature_publisher' build argument 'cmake_clean_cache' from command line to 'False'
[0.910s] Level 5:colcon.colcon_core.verb:set package 'temperature_publisher' build argument 'cmake_clean_first' from command line to 'False'
[0.910s] Level 5:colcon.colcon_core.verb:set package 'temperature_publisher' build argument 'cmake_force_configure' from command line to 'False'
[0.910s] Level 5:colcon.colcon_core.verb:set package 'temperature_publisher' build argument 'ament_cmake_args' from command line to 'None'
[0.910s] Level 5:colcon.colcon_core.verb:set package 'temperature_publisher' build argument 'catkin_cmake_args' from command line to 'None'
[0.910s] Level 5:colcon.colcon_core.verb:set package 'temperature_publisher' build argument 'catkin_skip_building_tests' from command line to 'False'
[0.910s] DEBUG:colcon.colcon_core.verb:Building package 'temperature_publisher' with the following arguments: {'ament_cmake_args': None, 'build_base': '/home/bestway/bestway_ws/build/temperature_publisher', 'catkin_cmake_args': None, 'catkin_skip_building_tests': False, 'cmake_args': None, 'cmake_clean_cache': False, 'cmake_clean_first': False, 'cmake_force_configure': False, 'cmake_target': None, 'cmake_target_skip_unavailable': False, 'install_base': '/home/bestway/bestway_ws/install/temperature_publisher', 'merge_install': False, 'path': '/home/bestway/bestway_ws/src/temperature_publisher', 'symlink_install': False, 'test_result_base': None}
[0.911s] Level 5:colcon.colcon_core.verb:set package 'yuntai_control' build argument 'cmake_args' from command line to 'None'
[0.911s] Level 5:colcon.colcon_core.verb:set package 'yuntai_control' build argument 'cmake_target' from command line to 'None'
[0.911s] Level 5:colcon.colcon_core.verb:set package 'yuntai_control' build argument 'cmake_target_skip_unavailable' from command line to 'False'
[0.911s] Level 5:colcon.colcon_core.verb:set package 'yuntai_control' build argument 'cmake_clean_cache' from command line to 'False'
[0.911s] Level 5:colcon.colcon_core.verb:set package 'yuntai_control' build argument 'cmake_clean_first' from command line to 'False'
[0.911s] Level 5:colcon.colcon_core.verb:set package 'yuntai_control' build argument 'cmake_force_configure' from command line to 'False'
[0.911s] Level 5:colcon.colcon_core.verb:set package 'yuntai_control' build argument 'ament_cmake_args' from command line to 'None'
[0.911s] Level 5:colcon.colcon_core.verb:set package 'yuntai_control' build argument 'catkin_cmake_args' from command line to 'None'
[0.911s] Level 5:colcon.colcon_core.verb:set package 'yuntai_control' build argument 'catkin_skip_building_tests' from command line to 'False'
[0.911s] DEBUG:colcon.colcon_core.verb:Building package 'yuntai_control' with the following arguments: {'ament_cmake_args': None, 'build_base': '/home/bestway/bestway_ws/build/yuntai_control', 'catkin_cmake_args': None, 'catkin_skip_building_tests': False, 'cmake_args': None, 'cmake_clean_cache': False, 'cmake_clean_first': False, 'cmake_force_configure': False, 'cmake_target': None, 'cmake_target_skip_unavailable': False, 'install_base': '/home/bestway/bestway_ws/install/yuntai_control', 'merge_install': False, 'path': '/home/bestway/bestway_ws/src/yuntai_control', 'symlink_install': False, 'test_result_base': None}
[0.911s] INFO:colcon.colcon_core.executor:Executing jobs using 'parallel' executor
[0.914s] DEBUG:colcon.colcon_parallel_executor.executor.parallel:run_until_complete
[0.915s] INFO:colcon.colcon_ros.task.ament_python.build:Building ROS package in '/home/bestway/bestway_ws/src/auto_drive' with build type 'ament_python'
[0.915s] Level 1:colcon.colcon_core.shell:create_environment_hook('auto_drive', 'ament_prefix_path')
[0.920s] INFO:colcon.colcon_core.plugin_system:Skipping extension 'colcon_core.shell.bat': Not used on non-Windows systems
[0.920s] INFO:colcon.colcon_core.shell:Creating environment hook '/home/bestway/bestway_ws/install/auto_drive/share/auto_drive/hook/ament_prefix_path.ps1'
[0.922s] INFO:colcon.colcon_core.shell:Creating environment descriptor '/home/bestway/bestway_ws/install/auto_drive/share/auto_drive/hook/ament_prefix_path.dsv'
[0.923s] INFO:colcon.colcon_core.shell:Creating environment hook '/home/bestway/bestway_ws/install/auto_drive/share/auto_drive/hook/ament_prefix_path.sh'
[0.925s] INFO:colcon.colcon_core.shell:Skip shell extension 'powershell' for command environment: Not usable outside of PowerShell
[0.925s] DEBUG:colcon.colcon_core.shell:Skip shell extension 'dsv' for command environment
[0.937s] INFO:colcon.colcon_ros.task.ament_python.build:Building ROS package in '/home/bestway/bestway_ws/src/lidar_distance' with build type 'ament_python'
[0.938s] Level 1:colcon.colcon_core.shell:create_environment_hook('lidar_distance', 'ament_prefix_path')
[0.938s] INFO:colcon.colcon_core.shell:Creating environment hook '/home/bestway/bestway_ws/install/lidar_distance/share/lidar_distance/hook/ament_prefix_path.ps1'
[0.939s] INFO:colcon.colcon_core.shell:Creating environment descriptor '/home/bestway/bestway_ws/install/lidar_distance/share/lidar_distance/hook/ament_prefix_path.dsv'
[0.940s] INFO:colcon.colcon_core.shell:Creating environment hook '/home/bestway/bestway_ws/install/lidar_distance/share/lidar_distance/hook/ament_prefix_path.sh'
[0.942s] INFO:colcon.colcon_core.shell:Skip shell extension 'powershell' for command environment: Not usable outside of PowerShell
[0.942s] DEBUG:colcon.colcon_core.shell:Skip shell extension 'dsv' for command environment
[0.954s] INFO:colcon.colcon_ros.task.ament_python.build:Building ROS package in '/home/bestway/bestway_ws/src/move_pos' with build type 'ament_python'
[0.954s] Level 1:colcon.colcon_core.shell:create_environment_hook('move_pos', 'ament_prefix_path')
[0.954s] INFO:colcon.colcon_core.shell:Creating environment hook '/home/bestway/bestway_ws/install/move_pos/share/move_pos/hook/ament_prefix_path.ps1'
[0.956s] INFO:colcon.colcon_core.shell:Creating environment descriptor '/home/bestway/bestway_ws/install/move_pos/share/move_pos/hook/ament_prefix_path.dsv'
[0.956s] INFO:colcon.colcon_core.shell:Creating environment hook '/home/bestway/bestway_ws/install/move_pos/share/move_pos/hook/ament_prefix_path.sh'
[0.958s] INFO:colcon.colcon_core.shell:Skip shell extension 'powershell' for command environment: Not usable outside of PowerShell
[0.958s] DEBUG:colcon.colcon_core.shell:Skip shell extension 'dsv' for command environment
[0.969s] INFO:colcon.colcon_ros.task.ament_python.build:Building ROS package in '/home/bestway/bestway_ws/src/sbus_control' with build type 'ament_python'
[0.970s] Level 1:colcon.colcon_core.shell:create_environment_hook('sbus_control', 'ament_prefix_path')
[0.971s] INFO:colcon.colcon_core.shell:Creating environment hook '/home/bestway/bestway_ws/install/sbus_control/share/sbus_control/hook/ament_prefix_path.ps1'
[0.972s] INFO:colcon.colcon_core.shell:Creating environment descriptor '/home/bestway/bestway_ws/install/sbus_control/share/sbus_control/hook/ament_prefix_path.dsv'
[0.973s] INFO:colcon.colcon_core.shell:Creating environment hook '/home/bestway/bestway_ws/install/sbus_control/share/sbus_control/hook/ament_prefix_path.sh'
[0.974s] INFO:colcon.colcon_core.shell:Skip shell extension 'powershell' for command environment: Not usable outside of PowerShell
[0.974s] DEBUG:colcon.colcon_core.shell:Skip shell extension 'dsv' for command environment
[1.617s] INFO:colcon.colcon_core.task.python.build:Building Python package in '/home/bestway/bestway_ws/src/auto_drive'
[1.618s] INFO:colcon.colcon_core.shell:Skip shell extension 'powershell' for command environment: Not usable outside of PowerShell
[1.618s] DEBUG:colcon.colcon_core.shell:Skip shell extension 'dsv' for command environment
[2.267s] INFO:colcon.colcon_core.task.python.build:Building Python package in '/home/bestway/bestway_ws/src/lidar_distance'
[2.268s] INFO:colcon.colcon_core.shell:Skip shell extension 'powershell' for command environment: Not usable outside of PowerShell
[2.268s] DEBUG:colcon.colcon_core.shell:Skip shell extension 'dsv' for command environment
[2.917s] INFO:colcon.colcon_core.task.python.build:Building Python package in '/home/bestway/bestway_ws/src/move_pos'
[2.917s] INFO:colcon.colcon_core.shell:Skip shell extension 'powershell' for command environment: Not usable outside of PowerShell
[2.918s] DEBUG:colcon.colcon_core.shell:Skip shell extension 'dsv' for command environment
[3.574s] INFO:colcon.colcon_core.task.python.build:Building Python package in '/home/bestway/bestway_ws/src/sbus_control'
[3.575s] INFO:colcon.colcon_core.shell:Skip shell extension 'powershell' for command environment: Not usable outside of PowerShell
[3.575s] DEBUG:colcon.colcon_core.shell:Skip shell extension 'dsv' for command environment
[4.598s] DEBUG:colcon.colcon_core.event_handler.log_command:Invoking command in '/home/bestway/bestway_ws/src/auto_drive': PYTHONPATH=/home/bestway/bestway_ws/build/auto_drive/prefix_override:/usr/lib/python3/dist-packages/colcon_core/task/python/colcon_distutils_commands:/home/bestway/bestway_ws/install/auto_drive/lib/python3.10/site-packages:${PYTHONPATH} /usr/bin/python3 -W ignore:setup.py install is deprecated -W ignore:easy_install command is deprecated setup.py egg_info --egg-base ../../build/auto_drive build --build-base /home/bestway/bestway_ws/build/auto_drive/build install --record /home/bestway/bestway_ws/build/auto_drive/install.log --single-version-externally-managed install_data
[4.662s] DEBUG:colcon.colcon_core.event_handler.log_command:Invoking command in '/home/bestway/bestway_ws/src/sbus_control': PYTHONPATH=/home/bestway/bestway_ws/build/sbus_control/prefix_override:/usr/lib/python3/dist-packages/colcon_core/task/python/colcon_distutils_commands:/home/bestway/bestway_ws/install/sbus_control/lib/python3.10/site-packages:${PYTHONPATH} /usr/bin/python3 -W ignore:setup.py install is deprecated -W ignore:easy_install command is deprecated setup.py egg_info --egg-base ../../build/sbus_control build --build-base /home/bestway/bestway_ws/build/sbus_control/build install --record /home/bestway/bestway_ws/build/sbus_control/install.log --single-version-externally-managed install_data
[4.704s] DEBUG:colcon.colcon_core.event_handler.log_command:Invoking command in '/home/bestway/bestway_ws/src/lidar_distance': PYTHONPATH=/home/bestway/bestway_ws/build/lidar_distance/prefix_override:/usr/lib/python3/dist-packages/colcon_core/task/python/colcon_distutils_commands:/home/bestway/bestway_ws/install/lidar_distance/lib/python3.10/site-packages:${PYTHONPATH} /usr/bin/python3 -W ignore:setup.py install is deprecated -W ignore:easy_install command is deprecated setup.py egg_info --egg-base ../../build/lidar_distance build --build-base /home/bestway/bestway_ws/build/lidar_distance/build install --record /home/bestway/bestway_ws/build/lidar_distance/install.log --single-version-externally-managed install_data
[4.712s] DEBUG:colcon.colcon_core.event_handler.log_command:Invoking command in '/home/bestway/bestway_ws/src/move_pos': PYTHONPATH=/home/bestway/bestway_ws/build/move_pos/prefix_override:/usr/lib/python3/dist-packages/colcon_core/task/python/colcon_distutils_commands:/home/bestway/bestway_ws/install/move_pos/lib/python3.10/site-packages:${PYTHONPATH} /usr/bin/python3 -W ignore:setup.py install is deprecated -W ignore:easy_install command is deprecated setup.py egg_info --egg-base ../../build/move_pos build --build-base /home/bestway/bestway_ws/build/move_pos/build install --record /home/bestway/bestway_ws/build/move_pos/install.log --single-version-externally-managed install_data
[5.483s] DEBUG:colcon.colcon_core.event_handler.log_command:Invoked command in '/home/bestway/bestway_ws/src/sbus_control' returned '0': PYTHONPATH=/home/bestway/bestway_ws/build/sbus_control/prefix_override:/usr/lib/python3/dist-packages/colcon_core/task/python/colcon_distutils_commands:/home/bestway/bestway_ws/install/sbus_control/lib/python3.10/site-packages:${PYTHONPATH} /usr/bin/python3 -W ignore:setup.py install is deprecated -W ignore:easy_install command is deprecated setup.py egg_info --egg-base ../../build/sbus_control build --build-base /home/bestway/bestway_ws/build/sbus_control/build install --record /home/bestway/bestway_ws/build/sbus_control/install.log --single-version-externally-managed install_data
[5.488s] Level 1:colcon.colcon_core.environment:checking '/home/bestway/bestway_ws/install/sbus_control' for CMake module files
[5.489s] Level 1:colcon.colcon_core.environment:checking '/home/bestway/bestway_ws/install/sbus_control' for CMake config files
[5.491s] Level 1:colcon.colcon_core.environment:checking '/home/bestway/bestway_ws/install/sbus_control/lib'
[5.492s] Level 1:colcon.colcon_core.environment:checking '/home/bestway/bestway_ws/install/sbus_control/bin'
[5.492s] Level 1:colcon.colcon_core.environment:checking '/home/bestway/bestway_ws/install/sbus_control/lib/pkgconfig/sbus_control.pc'
[5.493s] Level 1:colcon.colcon_core.environment:checking '/home/bestway/bestway_ws/install/sbus_control/lib/python3.10/site-packages'
[5.493s] Level 1:colcon.colcon_core.shell:create_environment_hook('sbus_control', 'pythonpath')
[5.494s] INFO:colcon.colcon_core.shell:Creating environment hook '/home/bestway/bestway_ws/install/sbus_control/share/sbus_control/hook/pythonpath.ps1'
[5.496s] INFO:colcon.colcon_core.shell:Creating environment descriptor '/home/bestway/bestway_ws/install/sbus_control/share/sbus_control/hook/pythonpath.dsv'
[5.497s] INFO:colcon.colcon_core.shell:Creating environment hook '/home/bestway/bestway_ws/install/sbus_control/share/sbus_control/hook/pythonpath.sh'
[5.499s] Level 1:colcon.colcon_core.environment:checking '/home/bestway/bestway_ws/install/sbus_control/bin'
[5.499s] Level 1:colcon.colcon_core.environment:create_environment_scripts_only(sbus_control)
[5.500s] INFO:colcon.colcon_core.shell:Creating package script '/home/bestway/bestway_ws/install/sbus_control/share/sbus_control/package.ps1'
[5.504s] INFO:colcon.colcon_core.shell:Creating package descriptor '/home/bestway/bestway_ws/install/sbus_control/share/sbus_control/package.dsv'
[5.507s] INFO:colcon.colcon_core.shell:Creating package script '/home/bestway/bestway_ws/install/sbus_control/share/sbus_control/package.sh'
[5.508s] INFO:colcon.colcon_core.shell:Creating package script '/home/bestway/bestway_ws/install/sbus_control/share/sbus_control/package.bash'
[5.510s] INFO:colcon.colcon_core.shell:Creating package script '/home/bestway/bestway_ws/install/sbus_control/share/sbus_control/package.zsh'
[5.512s] Level 1:colcon.colcon_core.environment:create_file_with_runtime_dependencies(/home/bestway/bestway_ws/install/sbus_control/share/colcon-core/packages/sbus_control)
[5.515s] INFO:colcon.colcon_ros.task.ament_cmake.build:Building ROS package in '/home/bestway/bestway_ws/src/temperature_publisher' with build type 'ament_cmake'
[5.516s] INFO:colcon.colcon_cmake.task.cmake.build:Building CMake package in '/home/bestway/bestway_ws/src/temperature_publisher'
[5.516s] INFO:colcon.colcon_core.shell:Skip shell extension 'powershell' for command environment: Not usable outside of PowerShell
[5.517s] DEBUG:colcon.colcon_core.shell:Skip shell extension 'dsv' for command environment
[5.539s] Level 1:colcon.colcon_core.environment:checking '/home/bestway/bestway_ws/install/auto_drive' for CMake module files
[5.540s] Level 1:colcon.colcon_core.environment:checking '/home/bestway/bestway_ws/install/auto_drive' for CMake config files
[5.543s] Level 1:colcon.colcon_core.environment:checking '/home/bestway/bestway_ws/install/auto_drive/lib'
[5.541s] DEBUG:colcon.colcon_core.event_handler.log_command:Invoked command in '/home/bestway/bestway_ws/src/auto_drive' returned '0': PYTHONPATH=/home/bestway/bestway_ws/build/auto_drive/prefix_override:/usr/lib/python3/dist-packages/colcon_core/task/python/colcon_distutils_commands:/home/bestway/bestway_ws/install/auto_drive/lib/python3.10/site-packages:${PYTHONPATH} /usr/bin/python3 -W ignore:setup.py install is deprecated -W ignore:easy_install command is deprecated setup.py egg_info --egg-base ../../build/auto_drive build --build-base /home/bestway/bestway_ws/build/auto_drive/build install --record /home/bestway/bestway_ws/build/auto_drive/install.log --single-version-externally-managed install_data
[5.544s] Level 1:colcon.colcon_core.environment:checking '/home/bestway/bestway_ws/install/auto_drive/bin'
[5.544s] Level 1:colcon.colcon_core.environment:checking '/home/bestway/bestway_ws/install/auto_drive/lib/pkgconfig/auto_drive.pc'
[5.545s] Level 1:colcon.colcon_core.environment:checking '/home/bestway/bestway_ws/install/auto_drive/lib/python3.10/site-packages'
[5.545s] Level 1:colcon.colcon_core.shell:create_environment_hook('auto_drive', 'pythonpath')
[5.546s] INFO:colcon.colcon_core.shell:Creating environment hook '/home/bestway/bestway_ws/install/auto_drive/share/auto_drive/hook/pythonpath.ps1'
[5.548s] INFO:colcon.colcon_core.shell:Creating environment descriptor '/home/bestway/bestway_ws/install/auto_drive/share/auto_drive/hook/pythonpath.dsv'
[5.550s] INFO:colcon.colcon_core.shell:Creating environment hook '/home/bestway/bestway_ws/install/auto_drive/share/auto_drive/hook/pythonpath.sh'
[5.552s] Level 1:colcon.colcon_core.environment:checking '/home/bestway/bestway_ws/install/auto_drive/bin'
[5.553s] Level 1:colcon.colcon_core.environment:create_environment_scripts_only(auto_drive)
[5.554s] INFO:colcon.colcon_core.shell:Creating package script '/home/bestway/bestway_ws/install/auto_drive/share/auto_drive/package.ps1'
[5.557s] INFO:colcon.colcon_core.shell:Creating package descriptor '/home/bestway/bestway_ws/install/auto_drive/share/auto_drive/package.dsv'
[5.561s] INFO:colcon.colcon_core.shell:Creating package script '/home/bestway/bestway_ws/install/auto_drive/share/auto_drive/package.sh'
[5.563s] INFO:colcon.colcon_core.shell:Creating package script '/home/bestway/bestway_ws/install/auto_drive/share/auto_drive/package.bash'
[5.564s] INFO:colcon.colcon_core.shell:Creating package script '/home/bestway/bestway_ws/install/auto_drive/share/auto_drive/package.zsh'
[5.566s] Level 1:colcon.colcon_core.environment:create_file_with_runtime_dependencies(/home/bestway/bestway_ws/install/auto_drive/share/colcon-core/packages/auto_drive)
[5.571s] INFO:colcon.colcon_ros.task.ament_python.build:Building ROS package in '/home/bestway/bestway_ws/src/yuntai_control' with build type 'ament_python'
[5.572s] Level 1:colcon.colcon_core.shell:create_environment_hook('yuntai_control', 'ament_prefix_path')
[5.574s] INFO:colcon.colcon_core.shell:Creating environment hook '/home/bestway/bestway_ws/install/yuntai_control/share/yuntai_control/hook/ament_prefix_path.ps1'
[5.578s] INFO:colcon.colcon_core.shell:Creating environment descriptor '/home/bestway/bestway_ws/install/yuntai_control/share/yuntai_control/hook/ament_prefix_path.dsv'
[5.580s] INFO:colcon.colcon_core.shell:Creating environment hook '/home/bestway/bestway_ws/install/yuntai_control/share/yuntai_control/hook/ament_prefix_path.sh'
[5.582s] INFO:colcon.colcon_core.shell:Skip shell extension 'powershell' for command environment: Not usable outside of PowerShell
[5.582s] DEBUG:colcon.colcon_core.shell:Skip shell extension 'dsv' for command environment
[5.606s] DEBUG:colcon.colcon_core.event_handler.log_command:Invoking command in '/home/bestway/bestway_ws/build/temperature_publisher': CMAKE_PREFIX_PATH=${CMAKE_PREFIX_PATH}:/home/bestway/bestway_ws/install/yuntai_control:/home/bestway/bestway_ws/install/sbus_control:/home/bestway/bestway_ws/install/move_pos:/home/bestway/bestway_ws/install/lidar_distance:/home/bestway/bestway_ws/install/auto_drive:/opt/ros/humble /usr/bin/cmake --build /home/bestway/bestway_ws/build/temperature_publisher -- -j4 -l4
[5.608s] Level 1:colcon.colcon_core.environment:checking '/home/bestway/bestway_ws/install/lidar_distance' for CMake module files
[5.609s] Level 1:colcon.colcon_core.environment:checking '/home/bestway/bestway_ws/install/lidar_distance' for CMake config files
[5.610s] Level 1:colcon.colcon_core.environment:checking '/home/bestway/bestway_ws/install/lidar_distance/lib'
[5.610s] Level 1:colcon.colcon_core.environment:checking '/home/bestway/bestway_ws/install/lidar_distance/bin'
[5.610s] Level 1:colcon.colcon_core.environment:checking '/home/bestway/bestway_ws/install/lidar_distance/lib/pkgconfig/lidar_distance.pc'
[5.611s] Level 1:colcon.colcon_core.environment:checking '/home/bestway/bestway_ws/install/lidar_distance/lib/python3.10/site-packages'
[5.611s] Level 1:colcon.colcon_core.shell:create_environment_hook('lidar_distance', 'pythonpath')
[5.612s] INFO:colcon.colcon_core.shell:Creating environment hook '/home/bestway/bestway_ws/install/lidar_distance/share/lidar_distance/hook/pythonpath.ps1'
[5.613s] INFO:colcon.colcon_core.shell:Creating environment descriptor '/home/bestway/bestway_ws/install/lidar_distance/share/lidar_distance/hook/pythonpath.dsv'
[5.614s] DEBUG:colcon.colcon_core.event_handler.log_command:Invoked command in '/home/bestway/bestway_ws/src/lidar_distance' returned '0': PYTHONPATH=/home/bestway/bestway_ws/build/lidar_distance/prefix_override:/usr/lib/python3/dist-packages/colcon_core/task/python/colcon_distutils_commands:/home/bestway/bestway_ws/install/lidar_distance/lib/python3.10/site-packages:${PYTHONPATH} /usr/bin/python3 -W ignore:setup.py install is deprecated -W ignore:easy_install command is deprecated setup.py egg_info --egg-base ../../build/lidar_distance build --build-base /home/bestway/bestway_ws/build/lidar_distance/build install --record /home/bestway/bestway_ws/build/lidar_distance/install.log --single-version-externally-managed install_data
[5.615s] INFO:colcon.colcon_core.shell:Creating environment hook '/home/bestway/bestway_ws/install/lidar_distance/share/lidar_distance/hook/pythonpath.sh'
[5.616s] Level 1:colcon.colcon_core.environment:checking '/home/bestway/bestway_ws/install/lidar_distance/bin'
[5.617s] Level 1:colcon.colcon_core.environment:create_environment_scripts_only(lidar_distance)
[5.617s] INFO:colcon.colcon_core.shell:Creating package script '/home/bestway/bestway_ws/install/lidar_distance/share/lidar_distance/package.ps1'
[5.619s] INFO:colcon.colcon_core.shell:Creating package descriptor '/home/bestway/bestway_ws/install/lidar_distance/share/lidar_distance/package.dsv'
[5.620s] INFO:colcon.colcon_core.shell:Creating package script '/home/bestway/bestway_ws/install/lidar_distance/share/lidar_distance/package.sh'
[5.621s] INFO:colcon.colcon_core.shell:Creating package script '/home/bestway/bestway_ws/install/lidar_distance/share/lidar_distance/package.bash'
[5.622s] INFO:colcon.colcon_core.shell:Creating package script '/home/bestway/bestway_ws/install/lidar_distance/share/lidar_distance/package.zsh'
[5.623s] Level 1:colcon.colcon_core.environment:create_file_with_runtime_dependencies(/home/bestway/bestway_ws/install/lidar_distance/share/colcon-core/packages/lidar_distance)
[6.267s] INFO:colcon.colcon_core.task.python.build:Building Python package in '/home/bestway/bestway_ws/src/yuntai_control'
[6.268s] INFO:colcon.colcon_core.shell:Skip shell extension 'powershell' for command environment: Not usable outside of PowerShell
[6.268s] DEBUG:colcon.colcon_core.shell:Skip shell extension 'dsv' for command environment
[6.290s] DEBUG:colcon.colcon_core.event_handler.log_command:Invoked command in '/home/bestway/bestway_ws/build/temperature_publisher' returned '0': CMAKE_PREFIX_PATH=${CMAKE_PREFIX_PATH}:/home/bestway/bestway_ws/install/yuntai_control:/home/bestway/bestway_ws/install/sbus_control:/home/bestway/bestway_ws/install/move_pos:/home/bestway/bestway_ws/install/lidar_distance:/home/bestway/bestway_ws/install/auto_drive:/opt/ros/humble /usr/bin/cmake --build /home/bestway/bestway_ws/build/temperature_publisher -- -j4 -l4
[6.312s] DEBUG:colcon.colcon_core.event_handler.log_command:Invoking command in '/home/bestway/bestway_ws/build/temperature_publisher': CMAKE_PREFIX_PATH=${CMAKE_PREFIX_PATH}:/home/bestway/bestway_ws/install/yuntai_control:/home/bestway/bestway_ws/install/sbus_control:/home/bestway/bestway_ws/install/move_pos:/home/bestway/bestway_ws/install/lidar_distance:/home/bestway/bestway_ws/install/auto_drive:/opt/ros/humble /usr/bin/cmake --install /home/bestway/bestway_ws/build/temperature_publisher
[6.313s] Level 1:colcon.colcon_core.environment:checking '/home/bestway/bestway_ws/install/move_pos' for CMake module files
[6.314s] DEBUG:colcon.colcon_core.event_handler.log_command:Invoked command in '/home/bestway/bestway_ws/src/move_pos' returned '0': PYTHONPATH=/home/bestway/bestway_ws/build/move_pos/prefix_override:/usr/lib/python3/dist-packages/colcon_core/task/python/colcon_distutils_commands:/home/bestway/bestway_ws/install/move_pos/lib/python3.10/site-packages:${PYTHONPATH} /usr/bin/python3 -W ignore:setup.py install is deprecated -W ignore:easy_install command is deprecated setup.py egg_info --egg-base ../../build/move_pos build --build-base /home/bestway/bestway_ws/build/move_pos/build install --record /home/bestway/bestway_ws/build/move_pos/install.log --single-version-externally-managed install_data
[6.315s] Level 1:colcon.colcon_core.environment:checking '/home/bestway/bestway_ws/install/move_pos' for CMake config files
[6.316s] Level 1:colcon.colcon_core.environment:checking '/home/bestway/bestway_ws/install/move_pos/lib'
[6.317s] Level 1:colcon.colcon_core.environment:checking '/home/bestway/bestway_ws/install/move_pos/bin'
[6.317s] Level 1:colcon.colcon_core.environment:checking '/home/bestway/bestway_ws/install/move_pos/lib/pkgconfig/move_pos.pc'
[6.317s] Level 1:colcon.colcon_core.environment:checking '/home/bestway/bestway_ws/install/move_pos/lib/python3.10/site-packages'
[6.317s] Level 1:colcon.colcon_core.shell:create_environment_hook('move_pos', 'pythonpath')
[6.318s] INFO:colcon.colcon_core.shell:Creating environment hook '/home/bestway/bestway_ws/install/move_pos/share/move_pos/hook/pythonpath.ps1'
[6.319s] INFO:colcon.colcon_core.shell:Creating environment descriptor '/home/bestway/bestway_ws/install/move_pos/share/move_pos/hook/pythonpath.dsv'
[6.320s] INFO:colcon.colcon_core.shell:Creating environment hook '/home/bestway/bestway_ws/install/move_pos/share/move_pos/hook/pythonpath.sh'
[6.321s] Level 1:colcon.colcon_core.environment:checking '/home/bestway/bestway_ws/install/move_pos/bin'
[6.321s] Level 1:colcon.colcon_core.environment:create_environment_scripts_only(move_pos)
[6.322s] INFO:colcon.colcon_core.shell:Creating package script '/home/bestway/bestway_ws/install/move_pos/share/move_pos/package.ps1'
[6.323s] INFO:colcon.colcon_core.shell:Creating package descriptor '/home/bestway/bestway_ws/install/move_pos/share/move_pos/package.dsv'
[6.324s] INFO:colcon.colcon_core.shell:Creating package script '/home/bestway/bestway_ws/install/move_pos/share/move_pos/package.sh'
[6.325s] INFO:colcon.colcon_core.shell:Creating package script '/home/bestway/bestway_ws/install/move_pos/share/move_pos/package.bash'
[6.326s] INFO:colcon.colcon_core.shell:Creating package script '/home/bestway/bestway_ws/install/move_pos/share/move_pos/package.zsh'
[6.327s] Level 1:colcon.colcon_core.environment:create_file_with_runtime_dependencies(/home/bestway/bestway_ws/install/move_pos/share/colcon-core/packages/move_pos)
[6.338s] Level 1:colcon.colcon_core.environment:create_environment_scripts_only(temperature_publisher)
[6.340s] Level 1:colcon.colcon_core.environment:checking '/home/bestway/bestway_ws/install/temperature_publisher' for CMake module files
[6.341s] DEBUG:colcon.colcon_core.event_handler.log_command:Invoked command in '/home/bestway/bestway_ws/build/temperature_publisher' returned '0': CMAKE_PREFIX_PATH=${CMAKE_PREFIX_PATH}:/home/bestway/bestway_ws/install/yuntai_control:/home/bestway/bestway_ws/install/sbus_control:/home/bestway/bestway_ws/install/move_pos:/home/bestway/bestway_ws/install/lidar_distance:/home/bestway/bestway_ws/install/auto_drive:/opt/ros/humble /usr/bin/cmake --install /home/bestway/bestway_ws/build/temperature_publisher
[6.342s] Level 1:colcon.colcon_core.environment:checking '/home/bestway/bestway_ws/install/temperature_publisher' for CMake config files
[6.342s] Level 1:colcon.colcon_core.shell:create_environment_hook('temperature_publisher', 'cmake_prefix_path')
[6.343s] INFO:colcon.colcon_core.shell:Creating environment hook '/home/bestway/bestway_ws/install/temperature_publisher/share/temperature_publisher/hook/cmake_prefix_path.ps1'
[6.344s] INFO:colcon.colcon_core.shell:Creating environment descriptor '/home/bestway/bestway_ws/install/temperature_publisher/share/temperature_publisher/hook/cmake_prefix_path.dsv'
[6.345s] INFO:colcon.colcon_core.shell:Creating environment hook '/home/bestway/bestway_ws/install/temperature_publisher/share/temperature_publisher/hook/cmake_prefix_path.sh'
[6.346s] Level 1:colcon.colcon_core.environment:checking '/home/bestway/bestway_ws/install/temperature_publisher/lib'
[6.346s] Level 1:colcon.colcon_core.environment:checking '/home/bestway/bestway_ws/install/temperature_publisher/bin'
[6.347s] Level 1:colcon.colcon_core.environment:checking '/home/bestway/bestway_ws/install/temperature_publisher/lib/pkgconfig/temperature_publisher.pc'
[6.347s] Level 1:colcon.colcon_core.environment:checking '/home/bestway/bestway_ws/install/temperature_publisher/lib/python3.10/site-packages'
[6.348s] Level 1:colcon.colcon_core.environment:checking '/home/bestway/bestway_ws/install/temperature_publisher/bin'
[6.348s] INFO:colcon.colcon_core.shell:Creating package script '/home/bestway/bestway_ws/install/temperature_publisher/share/temperature_publisher/package.ps1'
[6.349s] INFO:colcon.colcon_core.shell:Creating package descriptor '/home/bestway/bestway_ws/install/temperature_publisher/share/temperature_publisher/package.dsv'
[6.350s] INFO:colcon.colcon_core.shell:Creating package script '/home/bestway/bestway_ws/install/temperature_publisher/share/temperature_publisher/package.sh'
[6.351s] INFO:colcon.colcon_core.shell:Creating package script '/home/bestway/bestway_ws/install/temperature_publisher/share/temperature_publisher/package.bash'
[6.352s] INFO:colcon.colcon_core.shell:Creating package script '/home/bestway/bestway_ws/install/temperature_publisher/share/temperature_publisher/package.zsh'
[6.353s] Level 1:colcon.colcon_core.environment:create_file_with_runtime_dependencies(/home/bestway/bestway_ws/install/temperature_publisher/share/colcon-core/packages/temperature_publisher)
[6.354s] Level 1:colcon.colcon_core.environment:create_environment_scripts_only(temperature_publisher)
[6.355s] Level 1:colcon.colcon_core.environment:checking '/home/bestway/bestway_ws/install/temperature_publisher' for CMake module files
[6.356s] Level 1:colcon.colcon_core.environment:checking '/home/bestway/bestway_ws/install/temperature_publisher' for CMake config files
[6.357s] Level 1:colcon.colcon_core.shell:create_environment_hook('temperature_publisher', 'cmake_prefix_path')
[6.357s] INFO:colcon.colcon_core.shell:Creating environment hook '/home/bestway/bestway_ws/install/temperature_publisher/share/temperature_publisher/hook/cmake_prefix_path.ps1'
[6.358s] INFO:colcon.colcon_core.shell:Creating environment descriptor '/home/bestway/bestway_ws/install/temperature_publisher/share/temperature_publisher/hook/cmake_prefix_path.dsv'
[6.359s] INFO:colcon.colcon_core.shell:Creating environment hook '/home/bestway/bestway_ws/install/temperature_publisher/share/temperature_publisher/hook/cmake_prefix_path.sh'
[6.361s] Level 1:colcon.colcon_core.environment:checking '/home/bestway/bestway_ws/install/temperature_publisher/lib'
[6.361s] Level 1:colcon.colcon_core.environment:checking '/home/bestway/bestway_ws/install/temperature_publisher/bin'
[6.361s] Level 1:colcon.colcon_core.environment:checking '/home/bestway/bestway_ws/install/temperature_publisher/lib/pkgconfig/temperature_publisher.pc'
[6.362s] Level 1:colcon.colcon_core.environment:checking '/home/bestway/bestway_ws/install/temperature_publisher/lib/python3.10/site-packages'
[6.362s] Level 1:colcon.colcon_core.environment:checking '/home/bestway/bestway_ws/install/temperature_publisher/bin'
[6.363s] INFO:colcon.colcon_core.shell:Creating package script '/home/bestway/bestway_ws/install/temperature_publisher/share/temperature_publisher/package.ps1'
[6.364s] INFO:colcon.colcon_core.shell:Creating package descriptor '/home/bestway/bestway_ws/install/temperature_publisher/share/temperature_publisher/package.dsv'
[6.365s] INFO:colcon.colcon_core.shell:Creating package script '/home/bestway/bestway_ws/install/temperature_publisher/share/temperature_publisher/package.sh'
[6.366s] INFO:colcon.colcon_core.shell:Creating package script '/home/bestway/bestway_ws/install/temperature_publisher/share/temperature_publisher/package.bash'
[6.367s] INFO:colcon.colcon_core.shell:Creating package script '/home/bestway/bestway_ws/install/temperature_publisher/share/temperature_publisher/package.zsh'
[6.368s] Level 1:colcon.colcon_core.environment:create_file_with_runtime_dependencies(/home/bestway/bestway_ws/install/temperature_publisher/share/colcon-core/packages/temperature_publisher)
[7.217s] DEBUG:colcon.colcon_core.event_handler.log_command:Invoking command in '/home/bestway/bestway_ws/src/yuntai_control': PYTHONPATH=/home/bestway/bestway_ws/build/yuntai_control/prefix_override:/usr/lib/python3/dist-packages/colcon_core/task/python/colcon_distutils_commands:/home/bestway/bestway_ws/install/yuntai_control/lib/python3.10/site-packages:${PYTHONPATH} /usr/bin/python3 -W ignore:setup.py install is deprecated -W ignore:easy_install command is deprecated setup.py egg_info --egg-base ../../build/yuntai_control build --build-base /home/bestway/bestway_ws/build/yuntai_control/build install --record /home/bestway/bestway_ws/build/yuntai_control/install.log --single-version-externally-managed install_data
[7.927s] Level 1:colcon.colcon_core.environment:checking '/home/bestway/bestway_ws/install/yuntai_control' for CMake module files
[7.929s] DEBUG:colcon.colcon_core.event_handler.log_command:Invoked command in '/home/bestway/bestway_ws/src/yuntai_control' returned '0': PYTHONPATH=/home/bestway/bestway_ws/build/yuntai_control/prefix_override:/usr/lib/python3/dist-packages/colcon_core/task/python/colcon_distutils_commands:/home/bestway/bestway_ws/install/yuntai_control/lib/python3.10/site-packages:${PYTHONPATH} /usr/bin/python3 -W ignore:setup.py install is deprecated -W ignore:easy_install command is deprecated setup.py egg_info --egg-base ../../build/yuntai_control build --build-base /home/bestway/bestway_ws/build/yuntai_control/build install --record /home/bestway/bestway_ws/build/yuntai_control/install.log --single-version-externally-managed install_data
[7.931s] Level 1:colcon.colcon_core.environment:checking '/home/bestway/bestway_ws/install/yuntai_control' for CMake config files
[7.933s] Level 1:colcon.colcon_core.environment:checking '/home/bestway/bestway_ws/install/yuntai_control/lib'
[7.933s] Level 1:colcon.colcon_core.environment:checking '/home/bestway/bestway_ws/install/yuntai_control/bin'
[7.933s] Level 1:colcon.colcon_core.environment:checking '/home/bestway/bestway_ws/install/yuntai_control/lib/pkgconfig/yuntai_control.pc'
[7.934s] Level 1:colcon.colcon_core.environment:checking '/home/bestway/bestway_ws/install/yuntai_control/lib/python3.10/site-packages'
[7.935s] Level 1:colcon.colcon_core.shell:create_environment_hook('yuntai_control', 'pythonpath')
[7.936s] INFO:colcon.colcon_core.shell:Creating environment hook '/home/bestway/bestway_ws/install/yuntai_control/share/yuntai_control/hook/pythonpath.ps1'
[7.937s] INFO:colcon.colcon_core.shell:Creating environment descriptor '/home/bestway/bestway_ws/install/yuntai_control/share/yuntai_control/hook/pythonpath.dsv'
[7.939s] INFO:colcon.colcon_core.shell:Creating environment hook '/home/bestway/bestway_ws/install/yuntai_control/share/yuntai_control/hook/pythonpath.sh'
[7.941s] Level 1:colcon.colcon_core.environment:checking '/home/bestway/bestway_ws/install/yuntai_control/bin'
[7.941s] Level 1:colcon.colcon_core.environment:create_environment_scripts_only(yuntai_control)
[7.942s] INFO:colcon.colcon_core.shell:Creating package script '/home/bestway/bestway_ws/install/yuntai_control/share/yuntai_control/package.ps1'
[7.944s] INFO:colcon.colcon_core.shell:Creating package descriptor '/home/bestway/bestway_ws/install/yuntai_control/share/yuntai_control/package.dsv'
[7.946s] INFO:colcon.colcon_core.shell:Creating package script '/home/bestway/bestway_ws/install/yuntai_control/share/yuntai_control/package.sh'
[7.947s] INFO:colcon.colcon_core.shell:Creating package script '/home/bestway/bestway_ws/install/yuntai_control/share/yuntai_control/package.bash'
[7.949s] INFO:colcon.colcon_core.shell:Creating package script '/home/bestway/bestway_ws/install/yuntai_control/share/yuntai_control/package.zsh'
[7.950s] Level 1:colcon.colcon_core.environment:create_file_with_runtime_dependencies(/home/bestway/bestway_ws/install/yuntai_control/share/colcon-core/packages/yuntai_control)
[7.951s] DEBUG:colcon.colcon_parallel_executor.executor.parallel:closing loop
[7.952s] DEBUG:colcon.colcon_parallel_executor.executor.parallel:loop closed
[7.953s] DEBUG:colcon.colcon_parallel_executor.executor.parallel:run_until_complete finished with '0'
[7.953s] DEBUG:colcon.colcon_core.event_reactor:joining thread
[7.974s] INFO:colcon.colcon_core.plugin_system:Skipping extension 'colcon_notification.desktop_notification.terminal_notifier': Not used on non-Darwin systems
[7.975s] INFO:colcon.colcon_core.plugin_system:Skipping extension 'colcon_notification.desktop_notification.win32': Not used on non-Windows systems
[7.975s] INFO:colcon.colcon_notification.desktop_notification:Sending desktop notification using 'notify2'
[8.004s] DEBUG:colcon.colcon_notification.desktop_notification.notify2:Failed to initialize notify2: org.freedesktop.DBus.Error.Spawn.ChildExited: Process org.freedesktop.Notifications exited with status 1
[8.004s] DEBUG:colcon.colcon_core.event_reactor:joined thread
[8.005s] INFO:colcon.colcon_core.shell:Creating prefix script '/home/bestway/bestway_ws/install/local_setup.ps1'
[8.009s] INFO:colcon.colcon_core.shell:Creating prefix util module '/home/bestway/bestway_ws/install/_local_setup_util_ps1.py'
[8.014s] INFO:colcon.colcon_core.shell:Creating prefix chain script '/home/bestway/bestway_ws/install/setup.ps1'
[8.022s] INFO:colcon.colcon_core.shell:Creating prefix script '/home/bestway/bestway_ws/install/local_setup.sh'
[8.024s] INFO:colcon.colcon_core.shell:Creating prefix util module '/home/bestway/bestway_ws/install/_local_setup_util_sh.py'
[8.027s] INFO:colcon.colcon_core.shell:Creating prefix chain script '/home/bestway/bestway_ws/install/setup.sh'
[8.035s] INFO:colcon.colcon_core.shell:Creating prefix script '/home/bestway/bestway_ws/install/local_setup.bash'
[8.037s] INFO:colcon.colcon_core.shell:Creating prefix chain script '/home/bestway/bestway_ws/install/setup.bash'
[8.044s] INFO:colcon.colcon_core.shell:Creating prefix script '/home/bestway/bestway_ws/install/local_setup.zsh'
[8.046s] INFO:colcon.colcon_core.shell:Creating prefix chain script '/home/bestway/bestway_ws/install/setup.zsh'
