[7.248s] Invoking command in '/home/bestway/bestway_ws/src/move_pos': PYTHONPATH=/home/bestway/bestway_ws/build/move_pos/prefix_override:/usr/lib/python3/dist-packages/colcon_core/task/python/colcon_distutils_commands:/home/bestway/bestway_ws/install/move_pos/lib/python3.10/site-packages:${PYTHONPATH} /usr/bin/python3 -W ignore:setup.py install is deprecated -W ignore:easy_install command is deprecated setup.py egg_info --egg-base ../../build/move_pos build --build-base /home/bestway/bestway_ws/build/move_pos/build install --record /home/bestway/bestway_ws/build/move_pos/install.log --single-version-externally-managed install_data
[9.994s] running egg_info
[10.001s] writing ../../build/move_pos/move_pos.egg-info/PKG-INFO
[10.003s] writing dependency_links to ../../build/move_pos/move_pos.egg-info/dependency_links.txt
[10.004s] writing entry points to ../../build/move_pos/move_pos.egg-info/entry_points.txt
[10.005s] writing requirements to ../../build/move_pos/move_pos.egg-info/requires.txt
[10.006s] writing top-level names to ../../build/move_pos/move_pos.egg-info/top_level.txt
[10.022s] reading manifest file '../../build/move_pos/move_pos.egg-info/SOURCES.txt'
[10.030s] writing manifest file '../../build/move_pos/move_pos.egg-info/SOURCES.txt'
[10.030s] running build
[10.031s] running build_py
[10.032s] copying move_pos/move_pos.py -> /home/bestway/bestway_ws/build/move_pos/build/lib/move_pos
[10.035s] running install
[10.038s] running install_lib
[10.045s] copying /home/bestway/bestway_ws/build/move_pos/build/lib/move_pos/move_pos.py -> /home/bestway/bestway_ws/install/move_pos/lib/python3.10/site-packages/move_pos
[10.051s] byte-compiling /home/bestway/bestway_ws/install/move_pos/lib/python3.10/site-packages/move_pos/move_pos.py to move_pos.cpython-310.pyc
[10.067s] running install_data
[10.068s] running install_egg_info
[10.085s] removing '/home/bestway/bestway_ws/install/move_pos/lib/python3.10/site-packages/move_pos-0.0.0-py3.10.egg-info' (and everything under it)
[10.088s] Copying ../../build/move_pos/move_pos.egg-info to /home/bestway/bestway_ws/install/move_pos/lib/python3.10/site-packages/move_pos-0.0.0-py3.10.egg-info
[10.096s] running install_scripts
[10.302s] Installing move_pos_topic_node script to /home/bestway/bestway_ws/install/move_pos/lib/move_pos
[10.308s] writing list of installed files to '/home/bestway/bestway_ws/build/move_pos/install.log'
[11.539s] Invoked command in '/home/bestway/bestway_ws/src/move_pos' returned '0': PYTHONPATH=/home/bestway/bestway_ws/build/move_pos/prefix_override:/usr/lib/python3/dist-packages/colcon_core/task/python/colcon_distutils_commands:/home/bestway/bestway_ws/install/move_pos/lib/python3.10/site-packages:${PYTHONPATH} /usr/bin/python3 -W ignore:setup.py install is deprecated -W ignore:easy_install command is deprecated setup.py egg_info --egg-base ../../build/move_pos build --build-base /home/bestway/bestway_ws/build/move_pos/build install --record /home/bestway/bestway_ws/build/move_pos/install.log --single-version-externally-managed install_data
