[0.560s] DEBUG:colcon:Command line arguments: ['/usr/bin/colcon', 'build', '--packages-select', 'move_pos']
[0.560s] DEBUG:colcon:Parsed command line arguments: Namespace(log_base=None, log_level=None, verb_name='build', build_base='build', install_base='install', merge_install=False, symlink_install=False, test_result_base=None, continue_on_error=False, executor='parallel', parallel_workers=4, event_handlers=None, ignore_user_meta=False, metas=['./colcon.meta'], base_paths=['.'], packages_ignore=None, packages_ignore_regex=None, paths=None, packages_up_to=None, packages_up_to_regex=None, packages_above=None, packages_above_and_dependencies=None, packages_above_depth=None, packages_select_by_dep=None, packages_skip_by_dep=None, packages_skip_up_to=None, packages_select_build_failed=False, packages_skip_build_finished=False, packages_select_test_failures=False, packages_skip_test_passed=False, packages_select=['move_pos'], packages_skip=None, packages_select_regex=None, packages_skip_regex=None, packages_start=None, packages_end=None, allow_overriding=[], cmake_args=None, cmake_target=None, cmake_target_skip_unavailable=False, cmake_clean_cache=False, cmake_clean_first=False, cmake_force_configure=False, ament_cmake_args=None, catkin_cmake_args=None, catkin_skip_building_tests=False, verb_parser=<colcon_defaults.argument_parser.defaults.DefaultArgumentsDecorator object at 0xffff9efee440>, verb_extension=<colcon_core.verb.build.BuildVerb object at 0xffff9efedf30>, main=<bound method BuildVerb.main of <colcon_core.verb.build.BuildVerb object at 0xffff9efedf30>>)
[1.231s] Level 1:colcon.colcon_core.package_discovery:discover_packages(colcon_meta) check parameters
[1.232s] Level 1:colcon.colcon_core.package_discovery:discover_packages(recursive) check parameters
[1.232s] Level 1:colcon.colcon_core.package_discovery:discover_packages(ignore) check parameters
[1.232s] Level 1:colcon.colcon_core.package_discovery:discover_packages(path) check parameters
[1.232s] Level 1:colcon.colcon_core.package_discovery:discover_packages(colcon_meta) discover
[1.232s] Level 1:colcon.colcon_core.package_discovery:discover_packages(recursive) discover
[1.232s] INFO:colcon.colcon_core.package_discovery:Crawling recursively for packages in '/home/bestway/bestway_ws'
[1.233s] Level 1:colcon.colcon_core.package_identification:_identify(.) by extensions ['ignore', 'ignore_ament_install']
[1.233s] Level 1:colcon.colcon_core.package_identification:_identify(.) by extension 'ignore'
[1.233s] Level 1:colcon.colcon_core.package_identification:_identify(.) by extension 'ignore_ament_install'
[1.233s] Level 1:colcon.colcon_core.package_identification:_identify(.) by extensions ['colcon_pkg']
[1.234s] Level 1:colcon.colcon_core.package_identification:_identify(.) by extension 'colcon_pkg'
[1.234s] Level 1:colcon.colcon_core.package_identification:_identify(.) by extensions ['colcon_meta']
[1.234s] Level 1:colcon.colcon_core.package_identification:_identify(.) by extension 'colcon_meta'
[1.234s] Level 1:colcon.colcon_core.package_identification:_identify(.) by extensions ['ros']
[1.234s] Level 1:colcon.colcon_core.package_identification:_identify(.) by extension 'ros'
[1.264s] Level 1:colcon.colcon_core.package_identification:_identify(.) by extensions ['cmake', 'python']
[1.265s] Level 1:colcon.colcon_core.package_identification:_identify(.) by extension 'cmake'
[1.265s] Level 1:colcon.colcon_core.package_identification:_identify(.) by extension 'python'
[1.265s] Level 1:colcon.colcon_core.package_identification:_identify(.) by extensions ['python_setup_py']
[1.265s] Level 1:colcon.colcon_core.package_identification:_identify(.) by extension 'python_setup_py'
[1.266s] Level 1:colcon.colcon_core.package_identification:_identify(build) by extensions ['ignore', 'ignore_ament_install']
[1.266s] Level 1:colcon.colcon_core.package_identification:_identify(build) by extension 'ignore'
[1.266s] Level 1:colcon.colcon_core.package_identification:_identify(build) ignored
[1.266s] Level 1:colcon.colcon_core.package_identification:_identify(install) by extensions ['ignore', 'ignore_ament_install']
[1.267s] Level 1:colcon.colcon_core.package_identification:_identify(install) by extension 'ignore'
[1.267s] Level 1:colcon.colcon_core.package_identification:_identify(install) ignored
[1.267s] Level 1:colcon.colcon_core.package_identification:_identify(log) by extensions ['ignore', 'ignore_ament_install']
[1.268s] Level 1:colcon.colcon_core.package_identification:_identify(log) by extension 'ignore'
[1.268s] Level 1:colcon.colcon_core.package_identification:_identify(log) ignored
[1.268s] Level 1:colcon.colcon_core.package_identification:_identify(src) by extensions ['ignore', 'ignore_ament_install']
[1.268s] Level 1:colcon.colcon_core.package_identification:_identify(src) by extension 'ignore'
[1.268s] Level 1:colcon.colcon_core.package_identification:_identify(src) by extension 'ignore_ament_install'
[1.268s] Level 1:colcon.colcon_core.package_identification:_identify(src) by extensions ['colcon_pkg']
[1.269s] Level 1:colcon.colcon_core.package_identification:_identify(src) by extension 'colcon_pkg'
[1.269s] Level 1:colcon.colcon_core.package_identification:_identify(src) by extensions ['colcon_meta']
[1.269s] Level 1:colcon.colcon_core.package_identification:_identify(src) by extension 'colcon_meta'
[1.269s] Level 1:colcon.colcon_core.package_identification:_identify(src) by extensions ['ros']
[1.269s] Level 1:colcon.colcon_core.package_identification:_identify(src) by extension 'ros'
[1.269s] Level 1:colcon.colcon_core.package_identification:_identify(src) by extensions ['cmake', 'python']
[1.269s] Level 1:colcon.colcon_core.package_identification:_identify(src) by extension 'cmake'
[1.270s] Level 1:colcon.colcon_core.package_identification:_identify(src) by extension 'python'
[1.270s] Level 1:colcon.colcon_core.package_identification:_identify(src) by extensions ['python_setup_py']
[1.270s] Level 1:colcon.colcon_core.package_identification:_identify(src) by extension 'python_setup_py'
[1.270s] Level 1:colcon.colcon_core.package_identification:_identify(src/auto_drive) by extensions ['ignore', 'ignore_ament_install']
[1.270s] Level 1:colcon.colcon_core.package_identification:_identify(src/auto_drive) by extension 'ignore'
[1.271s] Level 1:colcon.colcon_core.package_identification:_identify(src/auto_drive) by extension 'ignore_ament_install'
[1.271s] Level 1:colcon.colcon_core.package_identification:_identify(src/auto_drive) by extensions ['colcon_pkg']
[1.271s] Level 1:colcon.colcon_core.package_identification:_identify(src/auto_drive) by extension 'colcon_pkg'
[1.271s] Level 1:colcon.colcon_core.package_identification:_identify(src/auto_drive) by extensions ['colcon_meta']
[1.271s] Level 1:colcon.colcon_core.package_identification:_identify(src/auto_drive) by extension 'colcon_meta'
[1.271s] Level 1:colcon.colcon_core.package_identification:_identify(src/auto_drive) by extensions ['ros']
[1.271s] Level 1:colcon.colcon_core.package_identification:_identify(src/auto_drive) by extension 'ros'
[1.279s] DEBUG:colcon.colcon_core.package_identification:Package 'src/auto_drive' with type 'ros.ament_python' and name 'auto_drive'
[1.279s] Level 1:colcon.colcon_core.package_identification:_identify(src/imu_odometry) by extensions ['ignore', 'ignore_ament_install']
[1.280s] Level 1:colcon.colcon_core.package_identification:_identify(src/imu_odometry) by extension 'ignore'
[1.280s] Level 1:colcon.colcon_core.package_identification:_identify(src/imu_odometry) by extension 'ignore_ament_install'
[1.281s] Level 1:colcon.colcon_core.package_identification:_identify(src/imu_odometry) by extensions ['colcon_pkg']
[1.281s] Level 1:colcon.colcon_core.package_identification:_identify(src/imu_odometry) by extension 'colcon_pkg'
[1.281s] Level 1:colcon.colcon_core.package_identification:_identify(src/imu_odometry) by extensions ['colcon_meta']
[1.281s] Level 1:colcon.colcon_core.package_identification:_identify(src/imu_odometry) by extension 'colcon_meta'
[1.281s] Level 1:colcon.colcon_core.package_identification:_identify(src/imu_odometry) by extensions ['ros']
[1.281s] Level 1:colcon.colcon_core.package_identification:_identify(src/imu_odometry) by extension 'ros'
[1.284s] DEBUG:colcon.colcon_core.package_identification:Package 'src/imu_odometry' with type 'ros.ament_python' and name 'imu_odometry'
[1.284s] Level 1:colcon.colcon_core.package_identification:_identify(src/lidar_distance) by extensions ['ignore', 'ignore_ament_install']
[1.284s] Level 1:colcon.colcon_core.package_identification:_identify(src/lidar_distance) by extension 'ignore'
[1.285s] Level 1:colcon.colcon_core.package_identification:_identify(src/lidar_distance) by extension 'ignore_ament_install'
[1.285s] Level 1:colcon.colcon_core.package_identification:_identify(src/lidar_distance) by extensions ['colcon_pkg']
[1.285s] Level 1:colcon.colcon_core.package_identification:_identify(src/lidar_distance) by extension 'colcon_pkg'
[1.285s] Level 1:colcon.colcon_core.package_identification:_identify(src/lidar_distance) by extensions ['colcon_meta']
[1.285s] Level 1:colcon.colcon_core.package_identification:_identify(src/lidar_distance) by extension 'colcon_meta'
[1.285s] Level 1:colcon.colcon_core.package_identification:_identify(src/lidar_distance) by extensions ['ros']
[1.286s] Level 1:colcon.colcon_core.package_identification:_identify(src/lidar_distance) by extension 'ros'
[1.287s] DEBUG:colcon.colcon_core.package_identification:Package 'src/lidar_distance' with type 'ros.ament_python' and name 'lidar_distance'
[1.288s] Level 1:colcon.colcon_core.package_identification:_identify(src/move_pos) by extensions ['ignore', 'ignore_ament_install']
[1.288s] Level 1:colcon.colcon_core.package_identification:_identify(src/move_pos) by extension 'ignore'
[1.288s] Level 1:colcon.colcon_core.package_identification:_identify(src/move_pos) by extension 'ignore_ament_install'
[1.288s] Level 1:colcon.colcon_core.package_identification:_identify(src/move_pos) by extensions ['colcon_pkg']
[1.288s] Level 1:colcon.colcon_core.package_identification:_identify(src/move_pos) by extension 'colcon_pkg'
[1.289s] Level 1:colcon.colcon_core.package_identification:_identify(src/move_pos) by extensions ['colcon_meta']
[1.289s] Level 1:colcon.colcon_core.package_identification:_identify(src/move_pos) by extension 'colcon_meta'
[1.289s] Level 1:colcon.colcon_core.package_identification:_identify(src/move_pos) by extensions ['ros']
[1.289s] Level 1:colcon.colcon_core.package_identification:_identify(src/move_pos) by extension 'ros'
[1.292s] DEBUG:colcon.colcon_core.package_identification:Package 'src/move_pos' with type 'ros.ament_python' and name 'move_pos'
[1.292s] Level 1:colcon.colcon_core.package_identification:_identify(src/move_pos_interfaces) by extensions ['ignore', 'ignore_ament_install']
[1.292s] Level 1:colcon.colcon_core.package_identification:_identify(src/move_pos_interfaces) by extension 'ignore'
[1.293s] Level 1:colcon.colcon_core.package_identification:_identify(src/move_pos_interfaces) by extension 'ignore_ament_install'
[1.293s] Level 1:colcon.colcon_core.package_identification:_identify(src/move_pos_interfaces) by extensions ['colcon_pkg']
[1.293s] Level 1:colcon.colcon_core.package_identification:_identify(src/move_pos_interfaces) by extension 'colcon_pkg'
[1.293s] Level 1:colcon.colcon_core.package_identification:_identify(src/move_pos_interfaces) by extensions ['colcon_meta']
[1.293s] Level 1:colcon.colcon_core.package_identification:_identify(src/move_pos_interfaces) by extension 'colcon_meta'
[1.294s] Level 1:colcon.colcon_core.package_identification:_identify(src/move_pos_interfaces) by extensions ['ros']
[1.294s] Level 1:colcon.colcon_core.package_identification:_identify(src/move_pos_interfaces) by extension 'ros'
[1.296s] DEBUG:colcon.colcon_core.package_identification:Package 'src/move_pos_interfaces' with type 'ros.ament_cmake' and name 'move_pos_interfaces'
[1.296s] Level 1:colcon.colcon_core.package_identification:_identify(src/pcd_test) by extensions ['ignore', 'ignore_ament_install']
[1.296s] Level 1:colcon.colcon_core.package_identification:_identify(src/pcd_test) by extension 'ignore'
[1.297s] Level 1:colcon.colcon_core.package_identification:_identify(src/pcd_test) by extension 'ignore_ament_install'
[1.297s] Level 1:colcon.colcon_core.package_identification:_identify(src/pcd_test) by extensions ['colcon_pkg']
[1.297s] Level 1:colcon.colcon_core.package_identification:_identify(src/pcd_test) by extension 'colcon_pkg'
[1.297s] Level 1:colcon.colcon_core.package_identification:_identify(src/pcd_test) by extensions ['colcon_meta']
[1.297s] Level 1:colcon.colcon_core.package_identification:_identify(src/pcd_test) by extension 'colcon_meta'
[1.298s] Level 1:colcon.colcon_core.package_identification:_identify(src/pcd_test) by extensions ['ros']
[1.298s] Level 1:colcon.colcon_core.package_identification:_identify(src/pcd_test) by extension 'ros'
[1.298s] Level 1:colcon.colcon_core.package_identification:_identify(src/pcd_test) by extensions ['cmake', 'python']
[1.298s] Level 1:colcon.colcon_core.package_identification:_identify(src/pcd_test) by extension 'cmake'
[1.298s] Level 1:colcon.colcon_core.package_identification:_identify(src/pcd_test) by extension 'python'
[1.298s] Level 1:colcon.colcon_core.package_identification:_identify(src/pcd_test) by extensions ['python_setup_py']
[1.298s] Level 1:colcon.colcon_core.package_identification:_identify(src/pcd_test) by extension 'python_setup_py'
[1.299s] Level 1:colcon.colcon_core.package_identification:_identify(src/sbus_control) by extensions ['ignore', 'ignore_ament_install']
[1.299s] Level 1:colcon.colcon_core.package_identification:_identify(src/sbus_control) by extension 'ignore'
[1.299s] Level 1:colcon.colcon_core.package_identification:_identify(src/sbus_control) by extension 'ignore_ament_install'
[1.299s] Level 1:colcon.colcon_core.package_identification:_identify(src/sbus_control) by extensions ['colcon_pkg']
[1.299s] Level 1:colcon.colcon_core.package_identification:_identify(src/sbus_control) by extension 'colcon_pkg'
[1.300s] Level 1:colcon.colcon_core.package_identification:_identify(src/sbus_control) by extensions ['colcon_meta']
[1.300s] Level 1:colcon.colcon_core.package_identification:_identify(src/sbus_control) by extension 'colcon_meta'
[1.300s] Level 1:colcon.colcon_core.package_identification:_identify(src/sbus_control) by extensions ['ros']
[1.300s] Level 1:colcon.colcon_core.package_identification:_identify(src/sbus_control) by extension 'ros'
[1.302s] DEBUG:colcon.colcon_core.package_identification:Package 'src/sbus_control' with type 'ros.ament_python' and name 'sbus_control'
[1.302s] Level 1:colcon.colcon_core.package_identification:_identify(src/temperature_publisher) by extensions ['ignore', 'ignore_ament_install']
[1.303s] Level 1:colcon.colcon_core.package_identification:_identify(src/temperature_publisher) by extension 'ignore'
[1.303s] Level 1:colcon.colcon_core.package_identification:_identify(src/temperature_publisher) by extension 'ignore_ament_install'
[1.303s] Level 1:colcon.colcon_core.package_identification:_identify(src/temperature_publisher) by extensions ['colcon_pkg']
[1.303s] Level 1:colcon.colcon_core.package_identification:_identify(src/temperature_publisher) by extension 'colcon_pkg'
[1.304s] Level 1:colcon.colcon_core.package_identification:_identify(src/temperature_publisher) by extensions ['colcon_meta']
[1.304s] Level 1:colcon.colcon_core.package_identification:_identify(src/temperature_publisher) by extension 'colcon_meta'
[1.304s] Level 1:colcon.colcon_core.package_identification:_identify(src/temperature_publisher) by extensions ['ros']
[1.304s] Level 1:colcon.colcon_core.package_identification:_identify(src/temperature_publisher) by extension 'ros'
[1.307s] DEBUG:colcon.colcon_core.package_identification:Package 'src/temperature_publisher' with type 'ros.ament_cmake' and name 'temperature_publisher'
[1.308s] Level 1:colcon.colcon_core.package_identification:_identify(src/yuntai_control) by extensions ['ignore', 'ignore_ament_install']
[1.308s] Level 1:colcon.colcon_core.package_identification:_identify(src/yuntai_control) by extension 'ignore'
[1.308s] Level 1:colcon.colcon_core.package_identification:_identify(src/yuntai_control) by extension 'ignore_ament_install'
[1.308s] Level 1:colcon.colcon_core.package_identification:_identify(src/yuntai_control) by extensions ['colcon_pkg']
[1.308s] Level 1:colcon.colcon_core.package_identification:_identify(src/yuntai_control) by extension 'colcon_pkg'
[1.308s] Level 1:colcon.colcon_core.package_identification:_identify(src/yuntai_control) by extensions ['colcon_meta']
[1.309s] Level 1:colcon.colcon_core.package_identification:_identify(src/yuntai_control) by extension 'colcon_meta'
[1.309s] Level 1:colcon.colcon_core.package_identification:_identify(src/yuntai_control) by extensions ['ros']
[1.309s] Level 1:colcon.colcon_core.package_identification:_identify(src/yuntai_control) by extension 'ros'
[1.312s] DEBUG:colcon.colcon_core.package_identification:Package 'src/yuntai_control' with type 'ros.ament_python' and name 'yuntai_control'
[1.312s] Level 1:colcon.colcon_core.package_identification:_identify(src/yuntai_test) by extensions ['ignore', 'ignore_ament_install']
[1.312s] Level 1:colcon.colcon_core.package_identification:_identify(src/yuntai_test) by extension 'ignore'
[1.313s] Level 1:colcon.colcon_core.package_identification:_identify(src/yuntai_test) by extension 'ignore_ament_install'
[1.313s] Level 1:colcon.colcon_core.package_identification:_identify(src/yuntai_test) by extensions ['colcon_pkg']
[1.313s] Level 1:colcon.colcon_core.package_identification:_identify(src/yuntai_test) by extension 'colcon_pkg'
[1.313s] Level 1:colcon.colcon_core.package_identification:_identify(src/yuntai_test) by extensions ['colcon_meta']
[1.313s] Level 1:colcon.colcon_core.package_identification:_identify(src/yuntai_test) by extension 'colcon_meta'
[1.314s] Level 1:colcon.colcon_core.package_identification:_identify(src/yuntai_test) by extensions ['ros']
[1.314s] Level 1:colcon.colcon_core.package_identification:_identify(src/yuntai_test) by extension 'ros'
[1.314s] Level 1:colcon.colcon_core.package_identification:_identify(src/yuntai_test) by extensions ['cmake', 'python']
[1.314s] Level 1:colcon.colcon_core.package_identification:_identify(src/yuntai_test) by extension 'cmake'
[1.314s] Level 1:colcon.colcon_core.package_identification:_identify(src/yuntai_test) by extension 'python'
[1.314s] Level 1:colcon.colcon_core.package_identification:_identify(src/yuntai_test) by extensions ['python_setup_py']
[1.314s] Level 1:colcon.colcon_core.package_identification:_identify(src/yuntai_test) by extension 'python_setup_py'
[1.315s] Level 1:colcon.colcon_core.package_identification:_identify(src/zed_test) by extensions ['ignore', 'ignore_ament_install']
[1.315s] Level 1:colcon.colcon_core.package_identification:_identify(src/zed_test) by extension 'ignore'
[1.315s] Level 1:colcon.colcon_core.package_identification:_identify(src/zed_test) by extension 'ignore_ament_install'
[1.316s] Level 1:colcon.colcon_core.package_identification:_identify(src/zed_test) by extensions ['colcon_pkg']
[1.316s] Level 1:colcon.colcon_core.package_identification:_identify(src/zed_test) by extension 'colcon_pkg'
[1.316s] Level 1:colcon.colcon_core.package_identification:_identify(src/zed_test) by extensions ['colcon_meta']
[1.316s] Level 1:colcon.colcon_core.package_identification:_identify(src/zed_test) by extension 'colcon_meta'
[1.316s] Level 1:colcon.colcon_core.package_identification:_identify(src/zed_test) by extensions ['ros']
[1.316s] Level 1:colcon.colcon_core.package_identification:_identify(src/zed_test) by extension 'ros'
[1.316s] Level 1:colcon.colcon_core.package_identification:_identify(src/zed_test) by extensions ['cmake', 'python']
[1.316s] Level 1:colcon.colcon_core.package_identification:_identify(src/zed_test) by extension 'cmake'
[1.317s] Level 1:colcon.colcon_core.package_identification:_identify(src/zed_test) by extension 'python'
[1.317s] Level 1:colcon.colcon_core.package_identification:_identify(src/zed_test) by extensions ['python_setup_py']
[1.317s] Level 1:colcon.colcon_core.package_identification:_identify(src/zed_test) by extension 'python_setup_py'
[1.317s] Level 1:colcon.colcon_core.package_discovery:discover_packages(recursive) using defaults
[1.317s] Level 1:colcon.colcon_core.package_discovery:discover_packages(ignore) discover
[1.318s] Level 1:colcon.colcon_core.package_discovery:discover_packages(ignore) using defaults
[1.318s] Level 1:colcon.colcon_core.package_discovery:discover_packages(path) discover
[1.318s] Level 1:colcon.colcon_core.package_discovery:discover_packages(path) using defaults
[1.431s] INFO:colcon.colcon_core.package_selection:Skipping not selected package 'auto_drive' in 'src/auto_drive'
[1.431s] INFO:colcon.colcon_core.package_selection:Skipping not selected package 'imu_odometry' in 'src/imu_odometry'
[1.431s] INFO:colcon.colcon_core.package_selection:Skipping not selected package 'lidar_distance' in 'src/lidar_distance'
[1.431s] INFO:colcon.colcon_core.package_selection:Skipping not selected package 'move_pos_interfaces' in 'src/move_pos_interfaces'
[1.431s] INFO:colcon.colcon_core.package_selection:Skipping not selected package 'sbus_control' in 'src/sbus_control'
[1.431s] INFO:colcon.colcon_core.package_selection:Skipping not selected package 'temperature_publisher' in 'src/temperature_publisher'
[1.431s] INFO:colcon.colcon_core.package_selection:Skipping not selected package 'yuntai_control' in 'src/yuntai_control'
[1.433s] Level 1:colcon.colcon_core.package_discovery:discover_packages(prefix_path) check parameters
[1.433s] Level 1:colcon.colcon_core.package_discovery:discover_packages(prefix_path) discover
[1.443s] DEBUG:colcon.colcon_installed_package_information.package_discovery:Found 8 installed packages in /home/bestway/bestway_ws/install
[1.444s] DEBUG:colcon.colcon_installed_package_information.package_discovery:Found 1 installed packages in /home/bestway/fast_lio_ws/install
[1.446s] DEBUG:colcon.colcon_installed_package_information.package_discovery:Found 1 installed packages in /home/bestway/ws_livox/install
[1.458s] DEBUG:colcon.colcon_installed_package_information.package_discovery:Found 17 installed packages in /home/bestway/ZED_ws/install
[1.463s] DEBUG:colcon.colcon_installed_package_information.package_discovery:Found 305 installed packages in /opt/ros/humble
[1.466s] Level 1:colcon.colcon_core.package_discovery:discover_packages(prefix_path) using defaults
[1.674s] Level 5:colcon.colcon_core.verb:set package 'move_pos' build argument 'cmake_args' from command line to 'None'
[1.674s] Level 5:colcon.colcon_core.verb:set package 'move_pos' build argument 'cmake_target' from command line to 'None'
[1.675s] Level 5:colcon.colcon_core.verb:set package 'move_pos' build argument 'cmake_target_skip_unavailable' from command line to 'False'
[1.675s] Level 5:colcon.colcon_core.verb:set package 'move_pos' build argument 'cmake_clean_cache' from command line to 'False'
[1.675s] Level 5:colcon.colcon_core.verb:set package 'move_pos' build argument 'cmake_clean_first' from command line to 'False'
[1.676s] Level 5:colcon.colcon_core.verb:set package 'move_pos' build argument 'cmake_force_configure' from command line to 'False'
[1.676s] Level 5:colcon.colcon_core.verb:set package 'move_pos' build argument 'ament_cmake_args' from command line to 'None'
[1.676s] Level 5:colcon.colcon_core.verb:set package 'move_pos' build argument 'catkin_cmake_args' from command line to 'None'
[1.676s] Level 5:colcon.colcon_core.verb:set package 'move_pos' build argument 'catkin_skip_building_tests' from command line to 'False'
[1.676s] DEBUG:colcon.colcon_core.verb:Building package 'move_pos' with the following arguments: {'ament_cmake_args': None, 'build_base': '/home/bestway/bestway_ws/build/move_pos', 'catkin_cmake_args': None, 'catkin_skip_building_tests': False, 'cmake_args': None, 'cmake_clean_cache': False, 'cmake_clean_first': False, 'cmake_force_configure': False, 'cmake_target': None, 'cmake_target_skip_unavailable': False, 'install_base': '/home/bestway/bestway_ws/install/move_pos', 'merge_install': False, 'path': '/home/bestway/bestway_ws/src/move_pos', 'symlink_install': False, 'test_result_base': None}
[1.677s] INFO:colcon.colcon_core.executor:Executing jobs using 'parallel' executor
[1.689s] DEBUG:colcon.colcon_parallel_executor.executor.parallel:run_until_complete
[1.690s] INFO:colcon.colcon_ros.task.ament_python.build:Building ROS package in '/home/bestway/bestway_ws/src/move_pos' with build type 'ament_python'
[1.692s] Level 1:colcon.colcon_core.shell:create_environment_hook('move_pos', 'ament_prefix_path')
[1.711s] INFO:colcon.colcon_core.plugin_system:Skipping extension 'colcon_core.shell.bat': Not used on non-Windows systems
[1.712s] INFO:colcon.colcon_core.shell:Creating environment hook '/home/bestway/bestway_ws/install/move_pos/share/move_pos/hook/ament_prefix_path.ps1'
[1.714s] INFO:colcon.colcon_core.shell:Creating environment descriptor '/home/bestway/bestway_ws/install/move_pos/share/move_pos/hook/ament_prefix_path.dsv'
[1.716s] INFO:colcon.colcon_core.shell:Creating environment hook '/home/bestway/bestway_ws/install/move_pos/share/move_pos/hook/ament_prefix_path.sh'
[1.718s] INFO:colcon.colcon_core.shell:Skip shell extension 'powershell' for command environment: Not usable outside of PowerShell
[1.718s] DEBUG:colcon.colcon_core.shell:Skip shell extension 'dsv' for command environment
[2.606s] INFO:colcon.colcon_core.task.python.build:Building Python package in '/home/bestway/bestway_ws/src/move_pos'
[2.607s] INFO:colcon.colcon_core.shell:Skip shell extension 'powershell' for command environment: Not usable outside of PowerShell
[2.607s] DEBUG:colcon.colcon_core.shell:Skip shell extension 'dsv' for command environment
[3.646s] DEBUG:colcon.colcon_core.event_handler.log_command:Invoking command in '/home/bestway/bestway_ws/src/move_pos': CMAKE_PREFIX_PATH=/home/bestway/bestway_ws/install/move_pos_interfaces:/home/bestway/fast_lio_ws/install/fast_lio:/home/bestway/bestway_ws/install/temperature_publisher:/home/bestway/ws_livox/install/livox_ros_driver2:/home/bestway/ZED_ws/install/zed_ros2:/home/bestway/ZED_ws/install/zed_robot_integration:/home/bestway/ZED_ws/install/zed_ipc:/home/bestway/ZED_ws/install/zed_multi_camera:/home/bestway/ZED_ws/install/zed_display_rviz2:/home/bestway/ZED_ws/install/zed_depth_to_laserscan:/home/bestway/ZED_ws/install/zed_wrapper:/home/bestway/ZED_ws/install/zed_tutorial_video:/home/bestway/ZED_ws/install/zed_tutorial_pos_tracking:/home/bestway/ZED_ws/install/zed_tutorial_depth:/home/bestway/ZED_ws/install/zed_topic_benchmark:/home/bestway/ZED_ws/install/zed_topic_benchmark_component:/home/bestway/ZED_ws/install/zed_topic_benchmark_interfaces:/home/bestway/ZED_ws/install/zed_rgb_convert:/home/bestway/ZED_ws/install/zed_aruco_localization:/home/bestway/ZED_ws/install/zed_components:/home/bestway/ZED_ws/install/rviz_plugin_zed_od LD_LIBRARY_PATH=/home/bestway/bestway_ws/install/move_pos_interfaces/lib:/home/bestway/fast_lio_ws/install/fast_lio/lib:/home/bestway/ws_livox/install/livox_ros_driver2/lib:/home/bestway/ZED_ws/install/zed_ipc/lib:/home/bestway/ZED_ws/install/zed_topic_benchmark_component/lib:/home/bestway/ZED_ws/install/zed_topic_benchmark_interfaces/lib:/home/bestway/ZED_ws/install/zed_rgb_convert/lib:/home/bestway/ZED_ws/install/zed_aruco_localization/lib:/home/bestway/ZED_ws/install/zed_components/lib:/home/bestway/ZED_ws/install/rviz_plugin_zed_od/lib:/opt/ros/humble/opt/rviz_ogre_vendor/lib:/opt/ros/humble/lib/aarch64-linux-gnu:/opt/ros/humble/lib:/home/bestway/SV_NET_SDK_ARM_250424/demo/consoleDemo/lib/x64/ PYTHONPATH=/home/bestway/bestway_ws/build/move_pos/prefix_override:/usr/lib/python3/dist-packages/colcon_core/task/python/colcon_distutils_commands:/home/bestway/bestway_ws/install/move_pos/lib/python3.10/site-packages:${PYTHONPATH} /usr/bin/python3 -W ignore:setup.py install is deprecated -W ignore:easy_install command is deprecated setup.py egg_info --egg-base ../../build/move_pos build --build-base /home/bestway/bestway_ws/build/move_pos/build install --record /home/bestway/bestway_ws/build/move_pos/install.log --single-version-externally-managed install_data
[4.421s] DEBUG:colcon.colcon_core.event_handler.log_command:Invoked command in '/home/bestway/bestway_ws/src/move_pos' returned '0': CMAKE_PREFIX_PATH=/home/bestway/bestway_ws/install/move_pos_interfaces:/home/bestway/fast_lio_ws/install/fast_lio:/home/bestway/bestway_ws/install/temperature_publisher:/home/bestway/ws_livox/install/livox_ros_driver2:/home/bestway/ZED_ws/install/zed_ros2:/home/bestway/ZED_ws/install/zed_robot_integration:/home/bestway/ZED_ws/install/zed_ipc:/home/bestway/ZED_ws/install/zed_multi_camera:/home/bestway/ZED_ws/install/zed_display_rviz2:/home/bestway/ZED_ws/install/zed_depth_to_laserscan:/home/bestway/ZED_ws/install/zed_wrapper:/home/bestway/ZED_ws/install/zed_tutorial_video:/home/bestway/ZED_ws/install/zed_tutorial_pos_tracking:/home/bestway/ZED_ws/install/zed_tutorial_depth:/home/bestway/ZED_ws/install/zed_topic_benchmark:/home/bestway/ZED_ws/install/zed_topic_benchmark_component:/home/bestway/ZED_ws/install/zed_topic_benchmark_interfaces:/home/bestway/ZED_ws/install/zed_rgb_convert:/home/bestway/ZED_ws/install/zed_aruco_localization:/home/bestway/ZED_ws/install/zed_components:/home/bestway/ZED_ws/install/rviz_plugin_zed_od LD_LIBRARY_PATH=/home/bestway/bestway_ws/install/move_pos_interfaces/lib:/home/bestway/fast_lio_ws/install/fast_lio/lib:/home/bestway/ws_livox/install/livox_ros_driver2/lib:/home/bestway/ZED_ws/install/zed_ipc/lib:/home/bestway/ZED_ws/install/zed_topic_benchmark_component/lib:/home/bestway/ZED_ws/install/zed_topic_benchmark_interfaces/lib:/home/bestway/ZED_ws/install/zed_rgb_convert/lib:/home/bestway/ZED_ws/install/zed_aruco_localization/lib:/home/bestway/ZED_ws/install/zed_components/lib:/home/bestway/ZED_ws/install/rviz_plugin_zed_od/lib:/opt/ros/humble/opt/rviz_ogre_vendor/lib:/opt/ros/humble/lib/aarch64-linux-gnu:/opt/ros/humble/lib:/home/bestway/SV_NET_SDK_ARM_250424/demo/consoleDemo/lib/x64/ PYTHONPATH=/home/bestway/bestway_ws/build/move_pos/prefix_override:/usr/lib/python3/dist-packages/colcon_core/task/python/colcon_distutils_commands:/home/bestway/bestway_ws/install/move_pos/lib/python3.10/site-packages:${PYTHONPATH} /usr/bin/python3 -W ignore:setup.py install is deprecated -W ignore:easy_install command is deprecated setup.py egg_info --egg-base ../../build/move_pos build --build-base /home/bestway/bestway_ws/build/move_pos/build install --record /home/bestway/bestway_ws/build/move_pos/install.log --single-version-externally-managed install_data
[4.435s] Level 1:colcon.colcon_core.environment:checking '/home/bestway/bestway_ws/install/move_pos' for CMake module files
[4.436s] Level 1:colcon.colcon_core.environment:checking '/home/bestway/bestway_ws/install/move_pos' for CMake config files
[4.439s] Level 1:colcon.colcon_core.environment:checking '/home/bestway/bestway_ws/install/move_pos/lib'
[4.440s] Level 1:colcon.colcon_core.environment:checking '/home/bestway/bestway_ws/install/move_pos/bin'
[4.440s] Level 1:colcon.colcon_core.environment:checking '/home/bestway/bestway_ws/install/move_pos/lib/pkgconfig/move_pos.pc'
[4.441s] Level 1:colcon.colcon_core.environment:checking '/home/bestway/bestway_ws/install/move_pos/lib/python3.10/site-packages'
[4.442s] Level 1:colcon.colcon_core.shell:create_environment_hook('move_pos', 'pythonpath')
[4.443s] INFO:colcon.colcon_core.shell:Creating environment hook '/home/bestway/bestway_ws/install/move_pos/share/move_pos/hook/pythonpath.ps1'
[4.445s] INFO:colcon.colcon_core.shell:Creating environment descriptor '/home/bestway/bestway_ws/install/move_pos/share/move_pos/hook/pythonpath.dsv'
[4.446s] INFO:colcon.colcon_core.shell:Creating environment hook '/home/bestway/bestway_ws/install/move_pos/share/move_pos/hook/pythonpath.sh'
[4.448s] Level 1:colcon.colcon_core.environment:checking '/home/bestway/bestway_ws/install/move_pos/bin'
[4.448s] Level 1:colcon.colcon_core.environment:create_environment_scripts_only(move_pos)
[4.449s] INFO:colcon.colcon_core.shell:Creating package script '/home/bestway/bestway_ws/install/move_pos/share/move_pos/package.ps1'
[4.452s] INFO:colcon.colcon_core.shell:Creating package descriptor '/home/bestway/bestway_ws/install/move_pos/share/move_pos/package.dsv'
[4.454s] INFO:colcon.colcon_core.shell:Creating package script '/home/bestway/bestway_ws/install/move_pos/share/move_pos/package.sh'
[4.456s] INFO:colcon.colcon_core.shell:Creating package script '/home/bestway/bestway_ws/install/move_pos/share/move_pos/package.bash'
[4.459s] INFO:colcon.colcon_core.shell:Creating package script '/home/bestway/bestway_ws/install/move_pos/share/move_pos/package.zsh'
[4.461s] Level 1:colcon.colcon_core.environment:create_file_with_runtime_dependencies(/home/bestway/bestway_ws/install/move_pos/share/colcon-core/packages/move_pos)
[4.465s] DEBUG:colcon.colcon_parallel_executor.executor.parallel:closing loop
[4.467s] DEBUG:colcon.colcon_parallel_executor.executor.parallel:loop closed
[4.467s] DEBUG:colcon.colcon_parallel_executor.executor.parallel:run_until_complete finished with '0'
[4.468s] DEBUG:colcon.colcon_core.event_reactor:joining thread
[4.491s] INFO:colcon.colcon_core.plugin_system:Skipping extension 'colcon_notification.desktop_notification.terminal_notifier': Not used on non-Darwin systems
[4.491s] INFO:colcon.colcon_core.plugin_system:Skipping extension 'colcon_notification.desktop_notification.win32': Not used on non-Windows systems
[4.492s] INFO:colcon.colcon_notification.desktop_notification:Sending desktop notification using 'notify2'
[4.623s] DEBUG:colcon.colcon_notification.desktop_notification.notify2:Failed to initialize notify2: org.freedesktop.DBus.Error.Spawn.ChildExited: Process org.freedesktop.Notifications exited with status 1
[4.623s] DEBUG:colcon.colcon_core.event_reactor:joined thread
[4.624s] INFO:colcon.colcon_core.shell:Creating prefix script '/home/bestway/bestway_ws/install/local_setup.ps1'
[4.627s] INFO:colcon.colcon_core.shell:Creating prefix util module '/home/bestway/bestway_ws/install/_local_setup_util_ps1.py'
[4.631s] INFO:colcon.colcon_core.shell:Creating prefix chain script '/home/bestway/bestway_ws/install/setup.ps1'
[4.637s] INFO:colcon.colcon_core.shell:Creating prefix script '/home/bestway/bestway_ws/install/local_setup.sh'
[4.643s] INFO:colcon.colcon_core.shell:Creating prefix util module '/home/bestway/bestway_ws/install/_local_setup_util_sh.py'
[4.646s] INFO:colcon.colcon_core.shell:Creating prefix chain script '/home/bestway/bestway_ws/install/setup.sh'
[4.662s] INFO:colcon.colcon_core.shell:Creating prefix script '/home/bestway/bestway_ws/install/local_setup.bash'
[4.665s] INFO:colcon.colcon_core.shell:Creating prefix chain script '/home/bestway/bestway_ws/install/setup.bash'
[4.676s] INFO:colcon.colcon_core.shell:Creating prefix script '/home/bestway/bestway_ws/install/local_setup.zsh'
[4.681s] INFO:colcon.colcon_core.shell:Creating prefix chain script '/home/bestway/bestway_ws/install/setup.zsh'
