[5.781s] Invoking command in '/home/bestway/bestway_ws/src/auto_drive': PYTHONPATH=/home/bestway/bestway_ws/build/auto_drive/prefix_override:/usr/lib/python3/dist-packages/colcon_core/task/python/colcon_distutils_commands:/home/bestway/bestway_ws/install/auto_drive/lib/python3.10/site-packages:${PYTHONPATH} /usr/bin/python3 -W ignore:setup.py install is deprecated -W ignore:easy_install command is deprecated setup.py egg_info --egg-base ../../build/auto_drive build --build-base /home/bestway/bestway_ws/build/auto_drive/build install --record /home/bestway/bestway_ws/build/auto_drive/install.log --single-version-externally-managed install_data
[7.175s] running egg_info
[7.182s] writing ../../build/auto_drive/auto_drive.egg-info/PKG-INFO
[7.183s] writing dependency_links to ../../build/auto_drive/auto_drive.egg-info/dependency_links.txt
[7.183s] writing entry points to ../../build/auto_drive/auto_drive.egg-info/entry_points.txt
[7.183s] writing requirements to ../../build/auto_drive/auto_drive.egg-info/requires.txt
[7.183s] writing top-level names to ../../build/auto_drive/auto_drive.egg-info/top_level.txt
[7.190s] reading manifest file '../../build/auto_drive/auto_drive.egg-info/SOURCES.txt'
[7.193s] writing manifest file '../../build/auto_drive/auto_drive.egg-info/SOURCES.txt'
[7.199s] running build
[7.199s] running build_py
[7.200s] copying auto_drive/pointcloud_to_2d_map.py -> /home/bestway/bestway_ws/build/auto_drive/build/lib/auto_drive
[7.200s] running install
[7.200s] running install_lib
[7.207s] copying /home/bestway/bestway_ws/build/auto_drive/build/lib/auto_drive/pointcloud_to_2d_map.py -> /home/bestway/bestway_ws/install/auto_drive/lib/python3.10/site-packages/auto_drive
[7.207s] byte-compiling /home/bestway/bestway_ws/install/auto_drive/lib/python3.10/site-packages/auto_drive/pointcloud_to_2d_map.py to pointcloud_to_2d_map.cpython-310.pyc
[7.219s] running install_data
[7.219s] running install_egg_info
[7.221s] removing '/home/bestway/bestway_ws/install/auto_drive/lib/python3.10/site-packages/auto_drive-0.0.0-py3.10.egg-info' (and everything under it)
[7.228s] Copying ../../build/auto_drive/auto_drive.egg-info to /home/bestway/bestway_ws/install/auto_drive/lib/python3.10/site-packages/auto_drive-0.0.0-py3.10.egg-info
[7.241s] running install_scripts
[7.320s] Installing auto_drive_node script to /home/bestway/bestway_ws/install/auto_drive/lib/auto_drive
[7.321s] Installing navigation_controller script to /home/bestway/bestway_ws/install/auto_drive/lib/auto_drive
[7.323s] Installing navigation_node script to /home/bestway/bestway_ws/install/auto_drive/lib/auto_drive
[7.324s] Installing pointcloud_to_2d_map script to /home/bestway/bestway_ws/install/auto_drive/lib/auto_drive
[7.325s] Installing pose_printer_node script to /home/bestway/bestway_ws/install/auto_drive/lib/auto_drive
[7.327s] Installing search_fire_node script to /home/bestway/bestway_ws/install/auto_drive/lib/auto_drive
[7.330s] writing list of installed files to '/home/bestway/bestway_ws/build/auto_drive/install.log'
[7.474s] Invoked command in '/home/bestway/bestway_ws/src/auto_drive' returned '0': PYTHONPATH=/home/bestway/bestway_ws/build/auto_drive/prefix_override:/usr/lib/python3/dist-packages/colcon_core/task/python/colcon_distutils_commands:/home/bestway/bestway_ws/install/auto_drive/lib/python3.10/site-packages:${PYTHONPATH} /usr/bin/python3 -W ignore:setup.py install is deprecated -W ignore:easy_install command is deprecated setup.py egg_info --egg-base ../../build/auto_drive build --build-base /home/bestway/bestway_ws/build/auto_drive/build install --record /home/bestway/bestway_ws/build/auto_drive/install.log --single-version-externally-managed install_data
