[4.474s] Invoking command in '/home/bestway/bestway_ws/src/sbus_control': PYTHONPATH=/home/bestway/bestway_ws/build/sbus_control/prefix_override:/usr/lib/python3/dist-packages/colcon_core/task/python/colcon_distutils_commands:/home/bestway/bestway_ws/install/sbus_control/lib/python3.10/site-packages:${PYTHONPATH} /usr/bin/python3 -W ignore:setup.py install is deprecated -W ignore:easy_install command is deprecated setup.py egg_info --egg-base ../../build/sbus_control build --build-base /home/bestway/bestway_ws/build/sbus_control/build install --record /home/bestway/bestway_ws/build/sbus_control/install.log --single-version-externally-managed install_data
[5.371s] running egg_info
[5.374s] writing ../../build/sbus_control/sbus_control.egg-info/PKG-INFO
[5.377s] writing dependency_links to ../../build/sbus_control/sbus_control.egg-info/dependency_links.txt
[5.380s] writing entry points to ../../build/sbus_control/sbus_control.egg-info/entry_points.txt
[5.382s] writing requirements to ../../build/sbus_control/sbus_control.egg-info/requires.txt
[5.383s] writing top-level names to ../../build/sbus_control/sbus_control.egg-info/top_level.txt
[5.394s] reading manifest file '../../build/sbus_control/sbus_control.egg-info/SOURCES.txt'
[5.397s] writing manifest file '../../build/sbus_control/sbus_control.egg-info/SOURCES.txt'
[5.399s] running build
[5.400s] running build_py
[5.402s] running install
[5.404s] running install_lib
[5.411s] running install_data
[5.412s] running install_egg_info
[5.418s] removing '/home/bestway/bestway_ws/install/sbus_control/lib/python3.10/site-packages/sbus_control-0.0.0-py3.10.egg-info' (and everything under it)
[5.433s] Copying ../../build/sbus_control/sbus_control.egg-info to /home/bestway/bestway_ws/install/sbus_control/lib/python3.10/site-packages/sbus_control-0.0.0-py3.10.egg-info
[5.457s] running install_scripts
[5.511s] Installing keyboard_control_node script to /home/bestway/bestway_ws/install/sbus_control/lib/sbus_control
[5.513s] Installing sbus_control_node script to /home/bestway/bestway_ws/install/sbus_control/lib/sbus_control
[5.515s] writing list of installed files to '/home/bestway/bestway_ws/build/sbus_control/install.log'
[5.612s] Invoked command in '/home/bestway/bestway_ws/src/sbus_control' returned '0': PYTHONPATH=/home/bestway/bestway_ws/build/sbus_control/prefix_override:/usr/lib/python3/dist-packages/colcon_core/task/python/colcon_distutils_commands:/home/bestway/bestway_ws/install/sbus_control/lib/python3.10/site-packages:${PYTHONPATH} /usr/bin/python3 -W ignore:setup.py install is deprecated -W ignore:easy_install command is deprecated setup.py egg_info --egg-base ../../build/sbus_control build --build-base /home/bestway/bestway_ws/build/sbus_control/build install --record /home/bestway/bestway_ws/build/sbus_control/install.log --single-version-externally-managed install_data
