[0.600s] DEBUG:colcon:Command line arguments: ['/usr/bin/colcon', 'build']
[0.600s] DEBUG:colcon:Parsed command line arguments: Namespace(log_base=None, log_level=None, verb_name='build', build_base='build', install_base='install', merge_install=False, symlink_install=False, test_result_base=None, continue_on_error=False, executor='parallel', parallel_workers=4, event_handlers=None, ignore_user_meta=False, metas=['./colcon.meta'], base_paths=['.'], packages_ignore=None, packages_ignore_regex=None, paths=None, packages_up_to=None, packages_up_to_regex=None, packages_above=None, packages_above_and_dependencies=None, packages_above_depth=None, packages_select_by_dep=None, packages_skip_by_dep=None, packages_skip_up_to=None, packages_select_build_failed=False, packages_skip_build_finished=False, packages_select_test_failures=False, packages_skip_test_passed=False, packages_select=None, packages_skip=None, packages_select_regex=None, packages_skip_regex=None, packages_start=None, packages_end=None, allow_overriding=[], cmake_args=None, cmake_target=None, cmake_target_skip_unavailable=False, cmake_clean_cache=False, cmake_clean_first=False, cmake_force_configure=False, ament_cmake_args=None, catkin_cmake_args=None, catkin_skip_building_tests=False, verb_parser=<colcon_defaults.argument_parser.defaults.DefaultArgumentsDecorator object at 0xffffa0bea9b0>, verb_extension=<colcon_core.verb.build.BuildVerb object at 0xffffa0bea4a0>, main=<bound method BuildVerb.main of <colcon_core.verb.build.BuildVerb object at 0xffffa0bea4a0>>)
[1.942s] Level 1:colcon.colcon_core.package_discovery:discover_packages(colcon_meta) check parameters
[1.943s] Level 1:colcon.colcon_core.package_discovery:discover_packages(recursive) check parameters
[1.943s] Level 1:colcon.colcon_core.package_discovery:discover_packages(ignore) check parameters
[1.944s] Level 1:colcon.colcon_core.package_discovery:discover_packages(path) check parameters
[1.944s] Level 1:colcon.colcon_core.package_discovery:discover_packages(colcon_meta) discover
[1.944s] Level 1:colcon.colcon_core.package_discovery:discover_packages(recursive) discover
[1.945s] INFO:colcon.colcon_core.package_discovery:Crawling recursively for packages in '/home/bestway/bestway_ws'
[1.945s] Level 1:colcon.colcon_core.package_identification:_identify(.) by extensions ['ignore', 'ignore_ament_install']
[1.946s] Level 1:colcon.colcon_core.package_identification:_identify(.) by extension 'ignore'
[1.946s] Level 1:colcon.colcon_core.package_identification:_identify(.) by extension 'ignore_ament_install'
[1.946s] Level 1:colcon.colcon_core.package_identification:_identify(.) by extensions ['colcon_pkg']
[1.946s] Level 1:colcon.colcon_core.package_identification:_identify(.) by extension 'colcon_pkg'
[1.947s] Level 1:colcon.colcon_core.package_identification:_identify(.) by extensions ['colcon_meta']
[1.947s] Level 1:colcon.colcon_core.package_identification:_identify(.) by extension 'colcon_meta'
[1.947s] Level 1:colcon.colcon_core.package_identification:_identify(.) by extensions ['ros']
[1.948s] Level 1:colcon.colcon_core.package_identification:_identify(.) by extension 'ros'
[2.009s] Level 1:colcon.colcon_core.package_identification:_identify(.) by extensions ['cmake', 'python']
[2.010s] Level 1:colcon.colcon_core.package_identification:_identify(.) by extension 'cmake'
[2.010s] Level 1:colcon.colcon_core.package_identification:_identify(.) by extension 'python'
[2.011s] Level 1:colcon.colcon_core.package_identification:_identify(.) by extensions ['python_setup_py']
[2.011s] Level 1:colcon.colcon_core.package_identification:_identify(.) by extension 'python_setup_py'
[2.011s] Level 1:colcon.colcon_core.package_identification:_identify(build) by extensions ['ignore', 'ignore_ament_install']
[2.012s] Level 1:colcon.colcon_core.package_identification:_identify(build) by extension 'ignore'
[2.012s] Level 1:colcon.colcon_core.package_identification:_identify(build) ignored
[2.015s] Level 1:colcon.colcon_core.package_identification:_identify(install) by extensions ['ignore', 'ignore_ament_install']
[2.016s] Level 1:colcon.colcon_core.package_identification:_identify(install) by extension 'ignore'
[2.017s] Level 1:colcon.colcon_core.package_identification:_identify(install) ignored
[2.018s] Level 1:colcon.colcon_core.package_identification:_identify(log) by extensions ['ignore', 'ignore_ament_install']
[2.018s] Level 1:colcon.colcon_core.package_identification:_identify(log) by extension 'ignore'
[2.019s] Level 1:colcon.colcon_core.package_identification:_identify(log) ignored
[2.019s] Level 1:colcon.colcon_core.package_identification:_identify(src) by extensions ['ignore', 'ignore_ament_install']
[2.020s] Level 1:colcon.colcon_core.package_identification:_identify(src) by extension 'ignore'
[2.020s] Level 1:colcon.colcon_core.package_identification:_identify(src) by extension 'ignore_ament_install'
[2.020s] Level 1:colcon.colcon_core.package_identification:_identify(src) by extensions ['colcon_pkg']
[2.020s] Level 1:colcon.colcon_core.package_identification:_identify(src) by extension 'colcon_pkg'
[2.021s] Level 1:colcon.colcon_core.package_identification:_identify(src) by extensions ['colcon_meta']
[2.021s] Level 1:colcon.colcon_core.package_identification:_identify(src) by extension 'colcon_meta'
[2.022s] Level 1:colcon.colcon_core.package_identification:_identify(src) by extensions ['ros']
[2.022s] Level 1:colcon.colcon_core.package_identification:_identify(src) by extension 'ros'
[2.022s] Level 1:colcon.colcon_core.package_identification:_identify(src) by extensions ['cmake', 'python']
[2.024s] Level 1:colcon.colcon_core.package_identification:_identify(src) by extension 'cmake'
[2.024s] Level 1:colcon.colcon_core.package_identification:_identify(src) by extension 'python'
[2.024s] Level 1:colcon.colcon_core.package_identification:_identify(src) by extensions ['python_setup_py']
[2.025s] Level 1:colcon.colcon_core.package_identification:_identify(src) by extension 'python_setup_py'
[2.025s] Level 1:colcon.colcon_core.package_identification:_identify(src/auto_drive) by extensions ['ignore', 'ignore_ament_install']
[2.025s] Level 1:colcon.colcon_core.package_identification:_identify(src/auto_drive) by extension 'ignore'
[2.026s] Level 1:colcon.colcon_core.package_identification:_identify(src/auto_drive) by extension 'ignore_ament_install'
[2.026s] Level 1:colcon.colcon_core.package_identification:_identify(src/auto_drive) by extensions ['colcon_pkg']
[2.026s] Level 1:colcon.colcon_core.package_identification:_identify(src/auto_drive) by extension 'colcon_pkg'
[2.027s] Level 1:colcon.colcon_core.package_identification:_identify(src/auto_drive) by extensions ['colcon_meta']
[2.027s] Level 1:colcon.colcon_core.package_identification:_identify(src/auto_drive) by extension 'colcon_meta'
[2.027s] Level 1:colcon.colcon_core.package_identification:_identify(src/auto_drive) by extensions ['ros']
[2.027s] Level 1:colcon.colcon_core.package_identification:_identify(src/auto_drive) by extension 'ros'
[2.040s] DEBUG:colcon.colcon_core.package_identification:Package 'src/auto_drive' with type 'ros.ament_python' and name 'auto_drive'
[2.041s] Level 1:colcon.colcon_core.package_identification:_identify(src/imu_odometry) by extensions ['ignore', 'ignore_ament_install']
[2.042s] Level 1:colcon.colcon_core.package_identification:_identify(src/imu_odometry) by extension 'ignore'
[2.042s] Level 1:colcon.colcon_core.package_identification:_identify(src/imu_odometry) by extension 'ignore_ament_install'
[2.042s] Level 1:colcon.colcon_core.package_identification:_identify(src/imu_odometry) by extensions ['colcon_pkg']
[2.043s] Level 1:colcon.colcon_core.package_identification:_identify(src/imu_odometry) by extension 'colcon_pkg'
[2.043s] Level 1:colcon.colcon_core.package_identification:_identify(src/imu_odometry) by extensions ['colcon_meta']
[2.043s] Level 1:colcon.colcon_core.package_identification:_identify(src/imu_odometry) by extension 'colcon_meta'
[2.044s] Level 1:colcon.colcon_core.package_identification:_identify(src/imu_odometry) by extensions ['ros']
[2.044s] Level 1:colcon.colcon_core.package_identification:_identify(src/imu_odometry) by extension 'ros'
[2.056s] DEBUG:colcon.colcon_core.package_identification:Package 'src/imu_odometry' with type 'ros.ament_python' and name 'imu_odometry'
[2.057s] Level 1:colcon.colcon_core.package_identification:_identify(src/lidar_distance) by extensions ['ignore', 'ignore_ament_install']
[2.057s] Level 1:colcon.colcon_core.package_identification:_identify(src/lidar_distance) by extension 'ignore'
[2.058s] Level 1:colcon.colcon_core.package_identification:_identify(src/lidar_distance) by extension 'ignore_ament_install'
[2.058s] Level 1:colcon.colcon_core.package_identification:_identify(src/lidar_distance) by extensions ['colcon_pkg']
[2.059s] Level 1:colcon.colcon_core.package_identification:_identify(src/lidar_distance) by extension 'colcon_pkg'
[2.059s] Level 1:colcon.colcon_core.package_identification:_identify(src/lidar_distance) by extensions ['colcon_meta']
[2.059s] Level 1:colcon.colcon_core.package_identification:_identify(src/lidar_distance) by extension 'colcon_meta'
[2.060s] Level 1:colcon.colcon_core.package_identification:_identify(src/lidar_distance) by extensions ['ros']
[2.060s] Level 1:colcon.colcon_core.package_identification:_identify(src/lidar_distance) by extension 'ros'
[2.064s] DEBUG:colcon.colcon_core.package_identification:Package 'src/lidar_distance' with type 'ros.ament_python' and name 'lidar_distance'
[2.066s] Level 1:colcon.colcon_core.package_identification:_identify(src/move_pos) by extensions ['ignore', 'ignore_ament_install']
[2.067s] Level 1:colcon.colcon_core.package_identification:_identify(src/move_pos) by extension 'ignore'
[2.077s] Level 1:colcon.colcon_core.package_identification:_identify(src/move_pos) by extension 'ignore_ament_install'
[2.078s] Level 1:colcon.colcon_core.package_identification:_identify(src/move_pos) by extensions ['colcon_pkg']
[2.078s] Level 1:colcon.colcon_core.package_identification:_identify(src/move_pos) by extension 'colcon_pkg'
[2.079s] Level 1:colcon.colcon_core.package_identification:_identify(src/move_pos) by extensions ['colcon_meta']
[2.080s] Level 1:colcon.colcon_core.package_identification:_identify(src/move_pos) by extension 'colcon_meta'
[2.080s] Level 1:colcon.colcon_core.package_identification:_identify(src/move_pos) by extensions ['ros']
[2.081s] Level 1:colcon.colcon_core.package_identification:_identify(src/move_pos) by extension 'ros'
[2.090s] DEBUG:colcon.colcon_core.package_identification:Package 'src/move_pos' with type 'ros.ament_python' and name 'move_pos'
[2.092s] Level 1:colcon.colcon_core.package_identification:_identify(src/nav2_launch) by extensions ['ignore', 'ignore_ament_install']
[2.097s] Level 1:colcon.colcon_core.package_identification:_identify(src/nav2_launch) by extension 'ignore'
[2.098s] Level 1:colcon.colcon_core.package_identification:_identify(src/nav2_launch) by extension 'ignore_ament_install'
[2.098s] Level 1:colcon.colcon_core.package_identification:_identify(src/nav2_launch) by extensions ['colcon_pkg']
[2.099s] Level 1:colcon.colcon_core.package_identification:_identify(src/nav2_launch) by extension 'colcon_pkg'
[2.100s] Level 1:colcon.colcon_core.package_identification:_identify(src/nav2_launch) by extensions ['colcon_meta']
[2.100s] Level 1:colcon.colcon_core.package_identification:_identify(src/nav2_launch) by extension 'colcon_meta'
[2.101s] Level 1:colcon.colcon_core.package_identification:_identify(src/nav2_launch) by extensions ['ros']
[2.102s] Level 1:colcon.colcon_core.package_identification:_identify(src/nav2_launch) by extension 'ros'
[2.109s] DEBUG:colcon.colcon_core.package_identification:Package 'src/nav2_launch' with type 'ros.ament_python' and name 'nav2_launch'
[2.110s] Level 1:colcon.colcon_core.package_identification:_identify(src/sbus_control) by extensions ['ignore', 'ignore_ament_install']
[2.110s] Level 1:colcon.colcon_core.package_identification:_identify(src/sbus_control) by extension 'ignore'
[2.111s] Level 1:colcon.colcon_core.package_identification:_identify(src/sbus_control) by extension 'ignore_ament_install'
[2.117s] Level 1:colcon.colcon_core.package_identification:_identify(src/sbus_control) by extensions ['colcon_pkg']
[2.118s] Level 1:colcon.colcon_core.package_identification:_identify(src/sbus_control) by extension 'colcon_pkg'
[2.118s] Level 1:colcon.colcon_core.package_identification:_identify(src/sbus_control) by extensions ['colcon_meta']
[2.118s] Level 1:colcon.colcon_core.package_identification:_identify(src/sbus_control) by extension 'colcon_meta'
[2.122s] Level 1:colcon.colcon_core.package_identification:_identify(src/sbus_control) by extensions ['ros']
[2.122s] Level 1:colcon.colcon_core.package_identification:_identify(src/sbus_control) by extension 'ros'
[2.126s] DEBUG:colcon.colcon_core.package_identification:Package 'src/sbus_control' with type 'ros.ament_python' and name 'sbus_control'
[2.128s] Level 1:colcon.colcon_core.package_identification:_identify(src/temperature_publisher) by extensions ['ignore', 'ignore_ament_install']
[2.128s] Level 1:colcon.colcon_core.package_identification:_identify(src/temperature_publisher) by extension 'ignore'
[2.128s] Level 1:colcon.colcon_core.package_identification:_identify(src/temperature_publisher) by extension 'ignore_ament_install'
[2.128s] Level 1:colcon.colcon_core.package_identification:_identify(src/temperature_publisher) by extensions ['colcon_pkg']
[2.128s] Level 1:colcon.colcon_core.package_identification:_identify(src/temperature_publisher) by extension 'colcon_pkg'
[2.129s] Level 1:colcon.colcon_core.package_identification:_identify(src/temperature_publisher) by extensions ['colcon_meta']
[2.129s] Level 1:colcon.colcon_core.package_identification:_identify(src/temperature_publisher) by extension 'colcon_meta'
[2.129s] Level 1:colcon.colcon_core.package_identification:_identify(src/temperature_publisher) by extensions ['ros']
[2.130s] Level 1:colcon.colcon_core.package_identification:_identify(src/temperature_publisher) by extension 'ros'
[2.138s] DEBUG:colcon.colcon_core.package_identification:Package 'src/temperature_publisher' with type 'ros.ament_cmake' and name 'temperature_publisher'
[2.143s] Level 1:colcon.colcon_core.package_identification:_identify(src/yuntai_control) by extensions ['ignore', 'ignore_ament_install']
[2.148s] Level 1:colcon.colcon_core.package_identification:_identify(src/yuntai_control) by extension 'ignore'
[2.148s] Level 1:colcon.colcon_core.package_identification:_identify(src/yuntai_control) by extension 'ignore_ament_install'
[2.149s] Level 1:colcon.colcon_core.package_identification:_identify(src/yuntai_control) by extensions ['colcon_pkg']
[2.149s] Level 1:colcon.colcon_core.package_identification:_identify(src/yuntai_control) by extension 'colcon_pkg'
[2.149s] Level 1:colcon.colcon_core.package_identification:_identify(src/yuntai_control) by extensions ['colcon_meta']
[2.150s] Level 1:colcon.colcon_core.package_identification:_identify(src/yuntai_control) by extension 'colcon_meta'
[2.150s] Level 1:colcon.colcon_core.package_identification:_identify(src/yuntai_control) by extensions ['ros']
[2.150s] Level 1:colcon.colcon_core.package_identification:_identify(src/yuntai_control) by extension 'ros'
[2.163s] DEBUG:colcon.colcon_core.package_identification:Package 'src/yuntai_control' with type 'ros.ament_python' and name 'yuntai_control'
[2.164s] Level 1:colcon.colcon_core.package_identification:_identify(src/yuntai_test) by extensions ['ignore', 'ignore_ament_install']
[2.181s] Level 1:colcon.colcon_core.package_identification:_identify(src/yuntai_test) by extension 'ignore'
[2.183s] Level 1:colcon.colcon_core.package_identification:_identify(src/yuntai_test) by extension 'ignore_ament_install'
[2.184s] Level 1:colcon.colcon_core.package_identification:_identify(src/yuntai_test) by extensions ['colcon_pkg']
[2.184s] Level 1:colcon.colcon_core.package_identification:_identify(src/yuntai_test) by extension 'colcon_pkg'
[2.184s] Level 1:colcon.colcon_core.package_identification:_identify(src/yuntai_test) by extensions ['colcon_meta']
[2.184s] Level 1:colcon.colcon_core.package_identification:_identify(src/yuntai_test) by extension 'colcon_meta'
[2.185s] Level 1:colcon.colcon_core.package_identification:_identify(src/yuntai_test) by extensions ['ros']
[2.185s] Level 1:colcon.colcon_core.package_identification:_identify(src/yuntai_test) by extension 'ros'
[2.186s] Level 1:colcon.colcon_core.package_identification:_identify(src/yuntai_test) by extensions ['cmake', 'python']
[2.186s] Level 1:colcon.colcon_core.package_identification:_identify(src/yuntai_test) by extension 'cmake'
[2.187s] Level 1:colcon.colcon_core.package_identification:_identify(src/yuntai_test) by extension 'python'
[2.187s] Level 1:colcon.colcon_core.package_identification:_identify(src/yuntai_test) by extensions ['python_setup_py']
[2.187s] Level 1:colcon.colcon_core.package_identification:_identify(src/yuntai_test) by extension 'python_setup_py'
[2.188s] Level 1:colcon.colcon_core.package_identification:_identify(src/zed_test) by extensions ['ignore', 'ignore_ament_install']
[2.188s] Level 1:colcon.colcon_core.package_identification:_identify(src/zed_test) by extension 'ignore'
[2.188s] Level 1:colcon.colcon_core.package_identification:_identify(src/zed_test) by extension 'ignore_ament_install'
[2.189s] Level 1:colcon.colcon_core.package_identification:_identify(src/zed_test) by extensions ['colcon_pkg']
[2.189s] Level 1:colcon.colcon_core.package_identification:_identify(src/zed_test) by extension 'colcon_pkg'
[2.189s] Level 1:colcon.colcon_core.package_identification:_identify(src/zed_test) by extensions ['colcon_meta']
[2.189s] Level 1:colcon.colcon_core.package_identification:_identify(src/zed_test) by extension 'colcon_meta'
[2.190s] Level 1:colcon.colcon_core.package_identification:_identify(src/zed_test) by extensions ['ros']
[2.190s] Level 1:colcon.colcon_core.package_identification:_identify(src/zed_test) by extension 'ros'
[2.199s] Level 1:colcon.colcon_core.package_identification:_identify(src/zed_test) by extensions ['cmake', 'python']
[2.202s] Level 1:colcon.colcon_core.package_identification:_identify(src/zed_test) by extension 'cmake'
[2.202s] Level 1:colcon.colcon_core.package_identification:_identify(src/zed_test) by extension 'python'
[2.203s] Level 1:colcon.colcon_core.package_identification:_identify(src/zed_test) by extensions ['python_setup_py']
[2.203s] Level 1:colcon.colcon_core.package_identification:_identify(src/zed_test) by extension 'python_setup_py'
[2.205s] Level 1:colcon.colcon_core.package_discovery:discover_packages(recursive) using defaults
[2.216s] Level 1:colcon.colcon_core.package_discovery:discover_packages(ignore) discover
[2.216s] Level 1:colcon.colcon_core.package_discovery:discover_packages(ignore) using defaults
[2.216s] Level 1:colcon.colcon_core.package_discovery:discover_packages(path) discover
[2.216s] Level 1:colcon.colcon_core.package_discovery:discover_packages(path) using defaults
[2.501s] Level 1:colcon.colcon_core.package_discovery:discover_packages(prefix_path) check parameters
[2.502s] Level 1:colcon.colcon_core.package_discovery:discover_packages(prefix_path) discover
[2.553s] DEBUG:colcon.colcon_installed_package_information.package_discovery:Found 9 installed packages in /home/bestway/bestway_ws/install
[2.558s] DEBUG:colcon.colcon_installed_package_information.package_discovery:Found 1 installed packages in /home/bestway/fast_lio_ws/install
[2.561s] DEBUG:colcon.colcon_installed_package_information.package_discovery:Found 1 installed packages in /home/bestway/ws_livox/install
[2.597s] DEBUG:colcon.colcon_installed_package_information.package_discovery:Found 17 installed packages in /home/bestway/ZED_ws/install
[2.610s] DEBUG:colcon.colcon_installed_package_information.package_discovery:Found 366 installed packages in /opt/ros/humble
[2.618s] Level 1:colcon.colcon_core.package_discovery:discover_packages(prefix_path) using defaults
[2.986s] Level 5:colcon.colcon_core.verb:set package 'auto_drive' build argument 'cmake_args' from command line to 'None'
[2.986s] Level 5:colcon.colcon_core.verb:set package 'auto_drive' build argument 'cmake_target' from command line to 'None'
[2.986s] Level 5:colcon.colcon_core.verb:set package 'auto_drive' build argument 'cmake_target_skip_unavailable' from command line to 'False'
[2.987s] Level 5:colcon.colcon_core.verb:set package 'auto_drive' build argument 'cmake_clean_cache' from command line to 'False'
[2.987s] Level 5:colcon.colcon_core.verb:set package 'auto_drive' build argument 'cmake_clean_first' from command line to 'False'
[2.987s] Level 5:colcon.colcon_core.verb:set package 'auto_drive' build argument 'cmake_force_configure' from command line to 'False'
[2.987s] Level 5:colcon.colcon_core.verb:set package 'auto_drive' build argument 'ament_cmake_args' from command line to 'None'
[2.987s] Level 5:colcon.colcon_core.verb:set package 'auto_drive' build argument 'catkin_cmake_args' from command line to 'None'
[2.987s] Level 5:colcon.colcon_core.verb:set package 'auto_drive' build argument 'catkin_skip_building_tests' from command line to 'False'
[2.987s] DEBUG:colcon.colcon_core.verb:Building package 'auto_drive' with the following arguments: {'ament_cmake_args': None, 'build_base': '/home/bestway/bestway_ws/build/auto_drive', 'catkin_cmake_args': None, 'catkin_skip_building_tests': False, 'cmake_args': None, 'cmake_clean_cache': False, 'cmake_clean_first': False, 'cmake_force_configure': False, 'cmake_target': None, 'cmake_target_skip_unavailable': False, 'install_base': '/home/bestway/bestway_ws/install/auto_drive', 'merge_install': False, 'path': '/home/bestway/bestway_ws/src/auto_drive', 'symlink_install': False, 'test_result_base': None}
[2.988s] Level 5:colcon.colcon_core.verb:set package 'imu_odometry' build argument 'cmake_args' from command line to 'None'
[2.988s] Level 5:colcon.colcon_core.verb:set package 'imu_odometry' build argument 'cmake_target' from command line to 'None'
[2.988s] Level 5:colcon.colcon_core.verb:set package 'imu_odometry' build argument 'cmake_target_skip_unavailable' from command line to 'False'
[2.988s] Level 5:colcon.colcon_core.verb:set package 'imu_odometry' build argument 'cmake_clean_cache' from command line to 'False'
[2.989s] Level 5:colcon.colcon_core.verb:set package 'imu_odometry' build argument 'cmake_clean_first' from command line to 'False'
[2.989s] Level 5:colcon.colcon_core.verb:set package 'imu_odometry' build argument 'cmake_force_configure' from command line to 'False'
[2.989s] Level 5:colcon.colcon_core.verb:set package 'imu_odometry' build argument 'ament_cmake_args' from command line to 'None'
[2.989s] Level 5:colcon.colcon_core.verb:set package 'imu_odometry' build argument 'catkin_cmake_args' from command line to 'None'
[2.989s] Level 5:colcon.colcon_core.verb:set package 'imu_odometry' build argument 'catkin_skip_building_tests' from command line to 'False'
[2.989s] DEBUG:colcon.colcon_core.verb:Building package 'imu_odometry' with the following arguments: {'ament_cmake_args': None, 'build_base': '/home/bestway/bestway_ws/build/imu_odometry', 'catkin_cmake_args': None, 'catkin_skip_building_tests': False, 'cmake_args': None, 'cmake_clean_cache': False, 'cmake_clean_first': False, 'cmake_force_configure': False, 'cmake_target': None, 'cmake_target_skip_unavailable': False, 'install_base': '/home/bestway/bestway_ws/install/imu_odometry', 'merge_install': False, 'path': '/home/bestway/bestway_ws/src/imu_odometry', 'symlink_install': False, 'test_result_base': None}
[2.990s] Level 5:colcon.colcon_core.verb:set package 'lidar_distance' build argument 'cmake_args' from command line to 'None'
[2.990s] Level 5:colcon.colcon_core.verb:set package 'lidar_distance' build argument 'cmake_target' from command line to 'None'
[2.990s] Level 5:colcon.colcon_core.verb:set package 'lidar_distance' build argument 'cmake_target_skip_unavailable' from command line to 'False'
[2.990s] Level 5:colcon.colcon_core.verb:set package 'lidar_distance' build argument 'cmake_clean_cache' from command line to 'False'
[2.990s] Level 5:colcon.colcon_core.verb:set package 'lidar_distance' build argument 'cmake_clean_first' from command line to 'False'
[2.990s] Level 5:colcon.colcon_core.verb:set package 'lidar_distance' build argument 'cmake_force_configure' from command line to 'False'
[2.990s] Level 5:colcon.colcon_core.verb:set package 'lidar_distance' build argument 'ament_cmake_args' from command line to 'None'
[2.990s] Level 5:colcon.colcon_core.verb:set package 'lidar_distance' build argument 'catkin_cmake_args' from command line to 'None'
[2.990s] Level 5:colcon.colcon_core.verb:set package 'lidar_distance' build argument 'catkin_skip_building_tests' from command line to 'False'
[2.990s] DEBUG:colcon.colcon_core.verb:Building package 'lidar_distance' with the following arguments: {'ament_cmake_args': None, 'build_base': '/home/bestway/bestway_ws/build/lidar_distance', 'catkin_cmake_args': None, 'catkin_skip_building_tests': False, 'cmake_args': None, 'cmake_clean_cache': False, 'cmake_clean_first': False, 'cmake_force_configure': False, 'cmake_target': None, 'cmake_target_skip_unavailable': False, 'install_base': '/home/bestway/bestway_ws/install/lidar_distance', 'merge_install': False, 'path': '/home/bestway/bestway_ws/src/lidar_distance', 'symlink_install': False, 'test_result_base': None}
[2.997s] Level 5:colcon.colcon_core.verb:set package 'move_pos' build argument 'cmake_args' from command line to 'None'
[2.998s] Level 5:colcon.colcon_core.verb:set package 'move_pos' build argument 'cmake_target' from command line to 'None'
[2.998s] Level 5:colcon.colcon_core.verb:set package 'move_pos' build argument 'cmake_target_skip_unavailable' from command line to 'False'
[2.998s] Level 5:colcon.colcon_core.verb:set package 'move_pos' build argument 'cmake_clean_cache' from command line to 'False'
[2.999s] Level 5:colcon.colcon_core.verb:set package 'move_pos' build argument 'cmake_clean_first' from command line to 'False'
[2.999s] Level 5:colcon.colcon_core.verb:set package 'move_pos' build argument 'cmake_force_configure' from command line to 'False'
[2.999s] Level 5:colcon.colcon_core.verb:set package 'move_pos' build argument 'ament_cmake_args' from command line to 'None'
[2.999s] Level 5:colcon.colcon_core.verb:set package 'move_pos' build argument 'catkin_cmake_args' from command line to 'None'
[3.000s] Level 5:colcon.colcon_core.verb:set package 'move_pos' build argument 'catkin_skip_building_tests' from command line to 'False'
[3.000s] DEBUG:colcon.colcon_core.verb:Building package 'move_pos' with the following arguments: {'ament_cmake_args': None, 'build_base': '/home/bestway/bestway_ws/build/move_pos', 'catkin_cmake_args': None, 'catkin_skip_building_tests': False, 'cmake_args': None, 'cmake_clean_cache': False, 'cmake_clean_first': False, 'cmake_force_configure': False, 'cmake_target': None, 'cmake_target_skip_unavailable': False, 'install_base': '/home/bestway/bestway_ws/install/move_pos', 'merge_install': False, 'path': '/home/bestway/bestway_ws/src/move_pos', 'symlink_install': False, 'test_result_base': None}
[3.002s] Level 5:colcon.colcon_core.verb:set package 'nav2_launch' build argument 'cmake_args' from command line to 'None'
[3.002s] Level 5:colcon.colcon_core.verb:set package 'nav2_launch' build argument 'cmake_target' from command line to 'None'
[3.002s] Level 5:colcon.colcon_core.verb:set package 'nav2_launch' build argument 'cmake_target_skip_unavailable' from command line to 'False'
[3.003s] Level 5:colcon.colcon_core.verb:set package 'nav2_launch' build argument 'cmake_clean_cache' from command line to 'False'
[3.003s] Level 5:colcon.colcon_core.verb:set package 'nav2_launch' build argument 'cmake_clean_first' from command line to 'False'
[3.003s] Level 5:colcon.colcon_core.verb:set package 'nav2_launch' build argument 'cmake_force_configure' from command line to 'False'
[3.003s] Level 5:colcon.colcon_core.verb:set package 'nav2_launch' build argument 'ament_cmake_args' from command line to 'None'
[3.004s] Level 5:colcon.colcon_core.verb:set package 'nav2_launch' build argument 'catkin_cmake_args' from command line to 'None'
[3.004s] Level 5:colcon.colcon_core.verb:set package 'nav2_launch' build argument 'catkin_skip_building_tests' from command line to 'False'
[3.004s] DEBUG:colcon.colcon_core.verb:Building package 'nav2_launch' with the following arguments: {'ament_cmake_args': None, 'build_base': '/home/bestway/bestway_ws/build/nav2_launch', 'catkin_cmake_args': None, 'catkin_skip_building_tests': False, 'cmake_args': None, 'cmake_clean_cache': False, 'cmake_clean_first': False, 'cmake_force_configure': False, 'cmake_target': None, 'cmake_target_skip_unavailable': False, 'install_base': '/home/bestway/bestway_ws/install/nav2_launch', 'merge_install': False, 'path': '/home/bestway/bestway_ws/src/nav2_launch', 'symlink_install': False, 'test_result_base': None}
[3.006s] Level 5:colcon.colcon_core.verb:set package 'sbus_control' build argument 'cmake_args' from command line to 'None'
[3.006s] Level 5:colcon.colcon_core.verb:set package 'sbus_control' build argument 'cmake_target' from command line to 'None'
[3.007s] Level 5:colcon.colcon_core.verb:set package 'sbus_control' build argument 'cmake_target_skip_unavailable' from command line to 'False'
[3.007s] Level 5:colcon.colcon_core.verb:set package 'sbus_control' build argument 'cmake_clean_cache' from command line to 'False'
[3.007s] Level 5:colcon.colcon_core.verb:set package 'sbus_control' build argument 'cmake_clean_first' from command line to 'False'
[3.008s] Level 5:colcon.colcon_core.verb:set package 'sbus_control' build argument 'cmake_force_configure' from command line to 'False'
[3.009s] Level 5:colcon.colcon_core.verb:set package 'sbus_control' build argument 'ament_cmake_args' from command line to 'None'
[3.009s] Level 5:colcon.colcon_core.verb:set package 'sbus_control' build argument 'catkin_cmake_args' from command line to 'None'
[3.010s] Level 5:colcon.colcon_core.verb:set package 'sbus_control' build argument 'catkin_skip_building_tests' from command line to 'False'
[3.010s] DEBUG:colcon.colcon_core.verb:Building package 'sbus_control' with the following arguments: {'ament_cmake_args': None, 'build_base': '/home/bestway/bestway_ws/build/sbus_control', 'catkin_cmake_args': None, 'catkin_skip_building_tests': False, 'cmake_args': None, 'cmake_clean_cache': False, 'cmake_clean_first': False, 'cmake_force_configure': False, 'cmake_target': None, 'cmake_target_skip_unavailable': False, 'install_base': '/home/bestway/bestway_ws/install/sbus_control', 'merge_install': False, 'path': '/home/bestway/bestway_ws/src/sbus_control', 'symlink_install': False, 'test_result_base': None}
[3.012s] Level 5:colcon.colcon_core.verb:set package 'temperature_publisher' build argument 'cmake_args' from command line to 'None'
[3.013s] Level 5:colcon.colcon_core.verb:set package 'temperature_publisher' build argument 'cmake_target' from command line to 'None'
[3.015s] Level 5:colcon.colcon_core.verb:set package 'temperature_publisher' build argument 'cmake_target_skip_unavailable' from command line to 'False'
[3.015s] Level 5:colcon.colcon_core.verb:set package 'temperature_publisher' build argument 'cmake_clean_cache' from command line to 'False'
[3.016s] Level 5:colcon.colcon_core.verb:set package 'temperature_publisher' build argument 'cmake_clean_first' from command line to 'False'
[3.016s] Level 5:colcon.colcon_core.verb:set package 'temperature_publisher' build argument 'cmake_force_configure' from command line to 'False'
[3.016s] Level 5:colcon.colcon_core.verb:set package 'temperature_publisher' build argument 'ament_cmake_args' from command line to 'None'
[3.017s] Level 5:colcon.colcon_core.verb:set package 'temperature_publisher' build argument 'catkin_cmake_args' from command line to 'None'
[3.017s] Level 5:colcon.colcon_core.verb:set package 'temperature_publisher' build argument 'catkin_skip_building_tests' from command line to 'False'
[3.017s] DEBUG:colcon.colcon_core.verb:Building package 'temperature_publisher' with the following arguments: {'ament_cmake_args': None, 'build_base': '/home/bestway/bestway_ws/build/temperature_publisher', 'catkin_cmake_args': None, 'catkin_skip_building_tests': False, 'cmake_args': None, 'cmake_clean_cache': False, 'cmake_clean_first': False, 'cmake_force_configure': False, 'cmake_target': None, 'cmake_target_skip_unavailable': False, 'install_base': '/home/bestway/bestway_ws/install/temperature_publisher', 'merge_install': False, 'path': '/home/bestway/bestway_ws/src/temperature_publisher', 'symlink_install': False, 'test_result_base': None}
[3.019s] Level 5:colcon.colcon_core.verb:set package 'yuntai_control' build argument 'cmake_args' from command line to 'None'
[3.020s] Level 5:colcon.colcon_core.verb:set package 'yuntai_control' build argument 'cmake_target' from command line to 'None'
[3.020s] Level 5:colcon.colcon_core.verb:set package 'yuntai_control' build argument 'cmake_target_skip_unavailable' from command line to 'False'
[3.020s] Level 5:colcon.colcon_core.verb:set package 'yuntai_control' build argument 'cmake_clean_cache' from command line to 'False'
[3.021s] Level 5:colcon.colcon_core.verb:set package 'yuntai_control' build argument 'cmake_clean_first' from command line to 'False'
[3.021s] Level 5:colcon.colcon_core.verb:set package 'yuntai_control' build argument 'cmake_force_configure' from command line to 'False'
[3.022s] Level 5:colcon.colcon_core.verb:set package 'yuntai_control' build argument 'ament_cmake_args' from command line to 'None'
[3.022s] Level 5:colcon.colcon_core.verb:set package 'yuntai_control' build argument 'catkin_cmake_args' from command line to 'None'
[3.022s] Level 5:colcon.colcon_core.verb:set package 'yuntai_control' build argument 'catkin_skip_building_tests' from command line to 'False'
[3.024s] DEBUG:colcon.colcon_core.verb:Building package 'yuntai_control' with the following arguments: {'ament_cmake_args': None, 'build_base': '/home/bestway/bestway_ws/build/yuntai_control', 'catkin_cmake_args': None, 'catkin_skip_building_tests': False, 'cmake_args': None, 'cmake_clean_cache': False, 'cmake_clean_first': False, 'cmake_force_configure': False, 'cmake_target': None, 'cmake_target_skip_unavailable': False, 'install_base': '/home/bestway/bestway_ws/install/yuntai_control', 'merge_install': False, 'path': '/home/bestway/bestway_ws/src/yuntai_control', 'symlink_install': False, 'test_result_base': None}
[3.025s] INFO:colcon.colcon_core.executor:Executing jobs using 'parallel' executor
[3.045s] DEBUG:colcon.colcon_parallel_executor.executor.parallel:run_until_complete
[3.046s] INFO:colcon.colcon_ros.task.ament_python.build:Building ROS package in '/home/bestway/bestway_ws/src/auto_drive' with build type 'ament_python'
[3.047s] Level 1:colcon.colcon_core.shell:create_environment_hook('auto_drive', 'ament_prefix_path')
[3.072s] INFO:colcon.colcon_core.plugin_system:Skipping extension 'colcon_core.shell.bat': Not used on non-Windows systems
[3.076s] INFO:colcon.colcon_core.shell:Creating environment hook '/home/bestway/bestway_ws/install/auto_drive/share/auto_drive/hook/ament_prefix_path.ps1'
[3.080s] INFO:colcon.colcon_core.shell:Creating environment descriptor '/home/bestway/bestway_ws/install/auto_drive/share/auto_drive/hook/ament_prefix_path.dsv'
[3.082s] INFO:colcon.colcon_core.shell:Creating environment hook '/home/bestway/bestway_ws/install/auto_drive/share/auto_drive/hook/ament_prefix_path.sh'
[3.084s] INFO:colcon.colcon_core.shell:Skip shell extension 'powershell' for command environment: Not usable outside of PowerShell
[3.085s] DEBUG:colcon.colcon_core.shell:Skip shell extension 'dsv' for command environment
[3.124s] INFO:colcon.colcon_ros.task.ament_python.build:Building ROS package in '/home/bestway/bestway_ws/src/imu_odometry' with build type 'ament_python'
[3.124s] Level 1:colcon.colcon_core.shell:create_environment_hook('imu_odometry', 'ament_prefix_path')
[3.125s] INFO:colcon.colcon_core.shell:Creating environment hook '/home/bestway/bestway_ws/install/imu_odometry/share/imu_odometry/hook/ament_prefix_path.ps1'
[3.127s] INFO:colcon.colcon_core.shell:Creating environment descriptor '/home/bestway/bestway_ws/install/imu_odometry/share/imu_odometry/hook/ament_prefix_path.dsv'
[3.128s] INFO:colcon.colcon_core.shell:Creating environment hook '/home/bestway/bestway_ws/install/imu_odometry/share/imu_odometry/hook/ament_prefix_path.sh'
[3.130s] INFO:colcon.colcon_core.shell:Skip shell extension 'powershell' for command environment: Not usable outside of PowerShell
[3.130s] DEBUG:colcon.colcon_core.shell:Skip shell extension 'dsv' for command environment
[3.160s] INFO:colcon.colcon_ros.task.ament_python.build:Building ROS package in '/home/bestway/bestway_ws/src/lidar_distance' with build type 'ament_python'
[3.162s] Level 1:colcon.colcon_core.shell:create_environment_hook('lidar_distance', 'ament_prefix_path')
[3.163s] INFO:colcon.colcon_core.shell:Creating environment hook '/home/bestway/bestway_ws/install/lidar_distance/share/lidar_distance/hook/ament_prefix_path.ps1'
[3.166s] INFO:colcon.colcon_core.shell:Creating environment descriptor '/home/bestway/bestway_ws/install/lidar_distance/share/lidar_distance/hook/ament_prefix_path.dsv'
[3.168s] INFO:colcon.colcon_core.shell:Creating environment hook '/home/bestway/bestway_ws/install/lidar_distance/share/lidar_distance/hook/ament_prefix_path.sh'
[3.176s] INFO:colcon.colcon_core.shell:Skip shell extension 'powershell' for command environment: Not usable outside of PowerShell
[3.177s] DEBUG:colcon.colcon_core.shell:Skip shell extension 'dsv' for command environment
[3.206s] INFO:colcon.colcon_ros.task.ament_python.build:Building ROS package in '/home/bestway/bestway_ws/src/move_pos' with build type 'ament_python'
[3.207s] Level 1:colcon.colcon_core.shell:create_environment_hook('move_pos', 'ament_prefix_path')
[3.207s] INFO:colcon.colcon_core.shell:Creating environment hook '/home/bestway/bestway_ws/install/move_pos/share/move_pos/hook/ament_prefix_path.ps1'
[3.209s] INFO:colcon.colcon_core.shell:Creating environment descriptor '/home/bestway/bestway_ws/install/move_pos/share/move_pos/hook/ament_prefix_path.dsv'
[3.211s] INFO:colcon.colcon_core.shell:Creating environment hook '/home/bestway/bestway_ws/install/move_pos/share/move_pos/hook/ament_prefix_path.sh'
[3.216s] INFO:colcon.colcon_core.shell:Skip shell extension 'powershell' for command environment: Not usable outside of PowerShell
[3.217s] DEBUG:colcon.colcon_core.shell:Skip shell extension 'dsv' for command environment
[4.617s] INFO:colcon.colcon_core.task.python.build:Building Python package in '/home/bestway/bestway_ws/src/auto_drive'
[4.618s] INFO:colcon.colcon_core.shell:Skip shell extension 'powershell' for command environment: Not usable outside of PowerShell
[4.618s] DEBUG:colcon.colcon_core.shell:Skip shell extension 'dsv' for command environment
[5.431s] INFO:colcon.colcon_core.task.python.build:Building Python package in '/home/bestway/bestway_ws/src/imu_odometry'
[5.432s] INFO:colcon.colcon_core.shell:Skip shell extension 'powershell' for command environment: Not usable outside of PowerShell
[5.433s] DEBUG:colcon.colcon_core.shell:Skip shell extension 'dsv' for command environment
[6.553s] INFO:colcon.colcon_core.task.python.build:Building Python package in '/home/bestway/bestway_ws/src/lidar_distance'
[6.554s] INFO:colcon.colcon_core.shell:Skip shell extension 'powershell' for command environment: Not usable outside of PowerShell
[6.554s] DEBUG:colcon.colcon_core.shell:Skip shell extension 'dsv' for command environment
[7.695s] INFO:colcon.colcon_core.task.python.build:Building Python package in '/home/bestway/bestway_ws/src/move_pos'
[7.696s] INFO:colcon.colcon_core.shell:Skip shell extension 'powershell' for command environment: Not usable outside of PowerShell
[7.697s] DEBUG:colcon.colcon_core.shell:Skip shell extension 'dsv' for command environment
[11.140s] DEBUG:colcon.colcon_core.event_handler.log_command:Invoking command in '/home/bestway/bestway_ws/src/move_pos': PYTHONPATH=/home/bestway/bestway_ws/build/move_pos/prefix_override:/usr/lib/python3/dist-packages/colcon_core/task/python/colcon_distutils_commands:/home/bestway/bestway_ws/install/move_pos/lib/python3.10/site-packages:${PYTHONPATH} /usr/bin/python3 -W ignore:setup.py install is deprecated -W ignore:easy_install command is deprecated setup.py egg_info --egg-base ../../build/move_pos build --build-base /home/bestway/bestway_ws/build/move_pos/build install --record /home/bestway/bestway_ws/build/move_pos/install.log --single-version-externally-managed install_data
[11.194s] DEBUG:colcon.colcon_core.event_handler.log_command:Invoking command in '/home/bestway/bestway_ws/src/lidar_distance': PYTHONPATH=/home/bestway/bestway_ws/build/lidar_distance/prefix_override:/usr/lib/python3/dist-packages/colcon_core/task/python/colcon_distutils_commands:/home/bestway/bestway_ws/install/lidar_distance/lib/python3.10/site-packages:${PYTHONPATH} /usr/bin/python3 -W ignore:setup.py install is deprecated -W ignore:easy_install command is deprecated setup.py egg_info --egg-base ../../build/lidar_distance build --build-base /home/bestway/bestway_ws/build/lidar_distance/build install --record /home/bestway/bestway_ws/build/lidar_distance/install.log --single-version-externally-managed install_data
[11.373s] DEBUG:colcon.colcon_core.event_handler.log_command:Invoking command in '/home/bestway/bestway_ws/src/imu_odometry': PYTHONPATH=/home/bestway/bestway_ws/build/imu_odometry/prefix_override:/usr/lib/python3/dist-packages/colcon_core/task/python/colcon_distutils_commands:/home/bestway/bestway_ws/install/imu_odometry/lib/python3.10/site-packages:${PYTHONPATH} /usr/bin/python3 -W ignore:setup.py install is deprecated -W ignore:easy_install command is deprecated setup.py egg_info --egg-base ../../build/imu_odometry build --build-base /home/bestway/bestway_ws/build/imu_odometry/build install --record /home/bestway/bestway_ws/build/imu_odometry/install.log --single-version-externally-managed install_data
[11.711s] DEBUG:colcon.colcon_core.event_handler.log_command:Invoking command in '/home/bestway/bestway_ws/src/auto_drive': PYTHONPATH=/home/bestway/bestway_ws/build/auto_drive/prefix_override:/usr/lib/python3/dist-packages/colcon_core/task/python/colcon_distutils_commands:/home/bestway/bestway_ws/install/auto_drive/lib/python3.10/site-packages:${PYTHONPATH} /usr/bin/python3 -W ignore:setup.py install is deprecated -W ignore:easy_install command is deprecated setup.py egg_info --egg-base ../../build/auto_drive build --build-base /home/bestway/bestway_ws/build/auto_drive/build install --record /home/bestway/bestway_ws/build/auto_drive/install.log --single-version-externally-managed install_data
[14.042s] DEBUG:colcon.colcon_core.event_handler.log_command:Invoked command in '/home/bestway/bestway_ws/src/imu_odometry' returned '0': PYTHONPATH=/home/bestway/bestway_ws/build/imu_odometry/prefix_override:/usr/lib/python3/dist-packages/colcon_core/task/python/colcon_distutils_commands:/home/bestway/bestway_ws/install/imu_odometry/lib/python3.10/site-packages:${PYTHONPATH} /usr/bin/python3 -W ignore:setup.py install is deprecated -W ignore:easy_install command is deprecated setup.py egg_info --egg-base ../../build/imu_odometry build --build-base /home/bestway/bestway_ws/build/imu_odometry/build install --record /home/bestway/bestway_ws/build/imu_odometry/install.log --single-version-externally-managed install_data
[14.060s] Level 1:colcon.colcon_core.environment:checking '/home/bestway/bestway_ws/install/imu_odometry' for CMake module files
[14.061s] Level 1:colcon.colcon_core.environment:checking '/home/bestway/bestway_ws/install/imu_odometry' for CMake config files
[14.075s] Level 1:colcon.colcon_core.environment:checking '/home/bestway/bestway_ws/install/imu_odometry/lib'
[14.076s] Level 1:colcon.colcon_core.environment:checking '/home/bestway/bestway_ws/install/imu_odometry/bin'
[14.078s] Level 1:colcon.colcon_core.environment:checking '/home/bestway/bestway_ws/install/imu_odometry/lib/pkgconfig/imu_odometry.pc'
[14.079s] Level 1:colcon.colcon_core.environment:checking '/home/bestway/bestway_ws/install/imu_odometry/lib/python3.10/site-packages'
[14.081s] Level 1:colcon.colcon_core.shell:create_environment_hook('imu_odometry', 'pythonpath')
[14.082s] INFO:colcon.colcon_core.shell:Creating environment hook '/home/bestway/bestway_ws/install/imu_odometry/share/imu_odometry/hook/pythonpath.ps1'
[14.086s] INFO:colcon.colcon_core.shell:Creating environment descriptor '/home/bestway/bestway_ws/install/imu_odometry/share/imu_odometry/hook/pythonpath.dsv'
[14.098s] INFO:colcon.colcon_core.shell:Creating environment hook '/home/bestway/bestway_ws/install/imu_odometry/share/imu_odometry/hook/pythonpath.sh'
[14.109s] Level 1:colcon.colcon_core.environment:checking '/home/bestway/bestway_ws/install/imu_odometry/bin'
[14.113s] Level 1:colcon.colcon_core.environment:create_environment_scripts_only(imu_odometry)
[14.114s] INFO:colcon.colcon_core.shell:Creating package script '/home/bestway/bestway_ws/install/imu_odometry/share/imu_odometry/package.ps1'
[14.122s] INFO:colcon.colcon_core.shell:Creating package descriptor '/home/bestway/bestway_ws/install/imu_odometry/share/imu_odometry/package.dsv'
[14.133s] INFO:colcon.colcon_core.shell:Creating package script '/home/bestway/bestway_ws/install/imu_odometry/share/imu_odometry/package.sh'
[14.150s] INFO:colcon.colcon_core.shell:Creating package script '/home/bestway/bestway_ws/install/imu_odometry/share/imu_odometry/package.bash'
[14.156s] INFO:colcon.colcon_core.shell:Creating package script '/home/bestway/bestway_ws/install/imu_odometry/share/imu_odometry/package.zsh'
[14.166s] Level 1:colcon.colcon_core.environment:create_file_with_runtime_dependencies(/home/bestway/bestway_ws/install/imu_odometry/share/colcon-core/packages/imu_odometry)
[14.171s] INFO:colcon.colcon_ros.task.ament_python.build:Building ROS package in '/home/bestway/bestway_ws/src/nav2_launch' with build type 'ament_python'
[14.172s] Level 1:colcon.colcon_core.shell:create_environment_hook('nav2_launch', 'ament_prefix_path')
[14.173s] INFO:colcon.colcon_core.shell:Creating environment hook '/home/bestway/bestway_ws/install/nav2_launch/share/nav2_launch/hook/ament_prefix_path.ps1'
[14.179s] INFO:colcon.colcon_core.shell:Creating environment descriptor '/home/bestway/bestway_ws/install/nav2_launch/share/nav2_launch/hook/ament_prefix_path.dsv'
[14.181s] INFO:colcon.colcon_core.shell:Creating environment hook '/home/bestway/bestway_ws/install/nav2_launch/share/nav2_launch/hook/ament_prefix_path.sh'
[14.190s] INFO:colcon.colcon_core.shell:Skip shell extension 'powershell' for command environment: Not usable outside of PowerShell
[14.192s] DEBUG:colcon.colcon_core.shell:Skip shell extension 'dsv' for command environment
[14.263s] Level 1:colcon.colcon_core.environment:checking '/home/bestway/bestway_ws/install/lidar_distance' for CMake module files
[14.264s] DEBUG:colcon.colcon_core.event_handler.log_command:Invoked command in '/home/bestway/bestway_ws/src/lidar_distance' returned '0': PYTHONPATH=/home/bestway/bestway_ws/build/lidar_distance/prefix_override:/usr/lib/python3/dist-packages/colcon_core/task/python/colcon_distutils_commands:/home/bestway/bestway_ws/install/lidar_distance/lib/python3.10/site-packages:${PYTHONPATH} /usr/bin/python3 -W ignore:setup.py install is deprecated -W ignore:easy_install command is deprecated setup.py egg_info --egg-base ../../build/lidar_distance build --build-base /home/bestway/bestway_ws/build/lidar_distance/build install --record /home/bestway/bestway_ws/build/lidar_distance/install.log --single-version-externally-managed install_data
[14.266s] Level 1:colcon.colcon_core.environment:checking '/home/bestway/bestway_ws/install/lidar_distance' for CMake config files
[14.269s] Level 1:colcon.colcon_core.environment:checking '/home/bestway/bestway_ws/install/lidar_distance/lib'
[14.270s] Level 1:colcon.colcon_core.environment:checking '/home/bestway/bestway_ws/install/lidar_distance/bin'
[14.271s] Level 1:colcon.colcon_core.environment:checking '/home/bestway/bestway_ws/install/lidar_distance/lib/pkgconfig/lidar_distance.pc'
[14.275s] Level 1:colcon.colcon_core.environment:checking '/home/bestway/bestway_ws/install/lidar_distance/lib/python3.10/site-packages'
[14.285s] Level 1:colcon.colcon_core.shell:create_environment_hook('lidar_distance', 'pythonpath')
[14.292s] INFO:colcon.colcon_core.shell:Creating environment hook '/home/bestway/bestway_ws/install/lidar_distance/share/lidar_distance/hook/pythonpath.ps1'
[14.297s] INFO:colcon.colcon_core.shell:Creating environment descriptor '/home/bestway/bestway_ws/install/lidar_distance/share/lidar_distance/hook/pythonpath.dsv'
[14.310s] INFO:colcon.colcon_core.shell:Creating environment hook '/home/bestway/bestway_ws/install/lidar_distance/share/lidar_distance/hook/pythonpath.sh'
[14.315s] Level 1:colcon.colcon_core.environment:checking '/home/bestway/bestway_ws/install/lidar_distance/bin'
[14.316s] Level 1:colcon.colcon_core.environment:create_environment_scripts_only(lidar_distance)
[14.317s] INFO:colcon.colcon_core.shell:Creating package script '/home/bestway/bestway_ws/install/lidar_distance/share/lidar_distance/package.ps1'
[14.328s] INFO:colcon.colcon_core.shell:Creating package descriptor '/home/bestway/bestway_ws/install/lidar_distance/share/lidar_distance/package.dsv'
[14.331s] INFO:colcon.colcon_core.shell:Creating package script '/home/bestway/bestway_ws/install/lidar_distance/share/lidar_distance/package.sh'
[14.337s] INFO:colcon.colcon_core.shell:Creating package script '/home/bestway/bestway_ws/install/lidar_distance/share/lidar_distance/package.bash'
[14.342s] INFO:colcon.colcon_core.shell:Creating package script '/home/bestway/bestway_ws/install/lidar_distance/share/lidar_distance/package.zsh'
[14.350s] Level 1:colcon.colcon_core.environment:create_file_with_runtime_dependencies(/home/bestway/bestway_ws/install/lidar_distance/share/colcon-core/packages/lidar_distance)
[14.361s] INFO:colcon.colcon_ros.task.ament_python.build:Building ROS package in '/home/bestway/bestway_ws/src/sbus_control' with build type 'ament_python'
[14.363s] Level 1:colcon.colcon_core.shell:create_environment_hook('sbus_control', 'ament_prefix_path')
[14.364s] INFO:colcon.colcon_core.shell:Creating environment hook '/home/bestway/bestway_ws/install/sbus_control/share/sbus_control/hook/ament_prefix_path.ps1'
[14.374s] INFO:colcon.colcon_core.shell:Creating environment descriptor '/home/bestway/bestway_ws/install/sbus_control/share/sbus_control/hook/ament_prefix_path.dsv'
[14.379s] INFO:colcon.colcon_core.shell:Creating environment hook '/home/bestway/bestway_ws/install/sbus_control/share/sbus_control/hook/ament_prefix_path.sh'
[14.390s] INFO:colcon.colcon_core.shell:Skip shell extension 'powershell' for command environment: Not usable outside of PowerShell
[14.392s] DEBUG:colcon.colcon_core.shell:Skip shell extension 'dsv' for command environment
[16.168s] INFO:colcon.colcon_core.task.python.build:Building Python package in '/home/bestway/bestway_ws/src/nav2_launch'
[16.172s] INFO:colcon.colcon_core.shell:Skip shell extension 'powershell' for command environment: Not usable outside of PowerShell
[16.172s] DEBUG:colcon.colcon_core.shell:Skip shell extension 'dsv' for command environment
[16.258s] Level 1:colcon.colcon_core.environment:checking '/home/bestway/bestway_ws/install/move_pos' for CMake module files
[16.259s] DEBUG:colcon.colcon_core.event_handler.log_command:Invoked command in '/home/bestway/bestway_ws/src/move_pos' returned '0': PYTHONPATH=/home/bestway/bestway_ws/build/move_pos/prefix_override:/usr/lib/python3/dist-packages/colcon_core/task/python/colcon_distutils_commands:/home/bestway/bestway_ws/install/move_pos/lib/python3.10/site-packages:${PYTHONPATH} /usr/bin/python3 -W ignore:setup.py install is deprecated -W ignore:easy_install command is deprecated setup.py egg_info --egg-base ../../build/move_pos build --build-base /home/bestway/bestway_ws/build/move_pos/build install --record /home/bestway/bestway_ws/build/move_pos/install.log --single-version-externally-managed install_data
[16.261s] Level 1:colcon.colcon_core.environment:checking '/home/bestway/bestway_ws/install/move_pos' for CMake config files
[16.265s] Level 1:colcon.colcon_core.environment:checking '/home/bestway/bestway_ws/install/move_pos/lib'
[16.265s] Level 1:colcon.colcon_core.environment:checking '/home/bestway/bestway_ws/install/move_pos/bin'
[16.265s] Level 1:colcon.colcon_core.environment:checking '/home/bestway/bestway_ws/install/move_pos/lib/pkgconfig/move_pos.pc'
[16.266s] Level 1:colcon.colcon_core.environment:checking '/home/bestway/bestway_ws/install/move_pos/lib/python3.10/site-packages'
[16.266s] Level 1:colcon.colcon_core.shell:create_environment_hook('move_pos', 'pythonpath')
[16.266s] INFO:colcon.colcon_core.shell:Creating environment hook '/home/bestway/bestway_ws/install/move_pos/share/move_pos/hook/pythonpath.ps1'
[16.270s] INFO:colcon.colcon_core.shell:Creating environment descriptor '/home/bestway/bestway_ws/install/move_pos/share/move_pos/hook/pythonpath.dsv'
[16.272s] INFO:colcon.colcon_core.shell:Creating environment hook '/home/bestway/bestway_ws/install/move_pos/share/move_pos/hook/pythonpath.sh'
[16.275s] Level 1:colcon.colcon_core.environment:checking '/home/bestway/bestway_ws/install/move_pos/bin'
[16.276s] Level 1:colcon.colcon_core.environment:create_environment_scripts_only(move_pos)
[16.277s] INFO:colcon.colcon_core.shell:Creating package script '/home/bestway/bestway_ws/install/move_pos/share/move_pos/package.ps1'
[16.280s] INFO:colcon.colcon_core.shell:Creating package descriptor '/home/bestway/bestway_ws/install/move_pos/share/move_pos/package.dsv'
[16.284s] INFO:colcon.colcon_core.shell:Creating package script '/home/bestway/bestway_ws/install/move_pos/share/move_pos/package.sh'
[16.286s] INFO:colcon.colcon_core.shell:Creating package script '/home/bestway/bestway_ws/install/move_pos/share/move_pos/package.bash'
[16.290s] INFO:colcon.colcon_core.shell:Creating package script '/home/bestway/bestway_ws/install/move_pos/share/move_pos/package.zsh'
[16.291s] Level 1:colcon.colcon_core.environment:create_file_with_runtime_dependencies(/home/bestway/bestway_ws/install/move_pos/share/colcon-core/packages/move_pos)
[16.299s] INFO:colcon.colcon_ros.task.ament_cmake.build:Building ROS package in '/home/bestway/bestway_ws/src/temperature_publisher' with build type 'ament_cmake'
[16.301s] INFO:colcon.colcon_cmake.task.cmake.build:Building CMake package in '/home/bestway/bestway_ws/src/temperature_publisher'
[16.303s] INFO:colcon.colcon_core.shell:Skip shell extension 'powershell' for command environment: Not usable outside of PowerShell
[16.304s] DEBUG:colcon.colcon_core.shell:Skip shell extension 'dsv' for command environment
[16.333s] Level 1:colcon.colcon_core.environment:checking '/home/bestway/bestway_ws/install/auto_drive' for CMake module files
[16.334s] Level 1:colcon.colcon_core.environment:checking '/home/bestway/bestway_ws/install/auto_drive' for CMake config files
[16.335s] Level 1:colcon.colcon_core.environment:checking '/home/bestway/bestway_ws/install/auto_drive/lib'
[16.335s] Level 1:colcon.colcon_core.environment:checking '/home/bestway/bestway_ws/install/auto_drive/bin'
[16.335s] Level 1:colcon.colcon_core.environment:checking '/home/bestway/bestway_ws/install/auto_drive/lib/pkgconfig/auto_drive.pc'
[16.337s] Level 1:colcon.colcon_core.environment:checking '/home/bestway/bestway_ws/install/auto_drive/lib/python3.10/site-packages'
[16.338s] DEBUG:colcon.colcon_core.event_handler.log_command:Invoked command in '/home/bestway/bestway_ws/src/auto_drive' returned '0': PYTHONPATH=/home/bestway/bestway_ws/build/auto_drive/prefix_override:/usr/lib/python3/dist-packages/colcon_core/task/python/colcon_distutils_commands:/home/bestway/bestway_ws/install/auto_drive/lib/python3.10/site-packages:${PYTHONPATH} /usr/bin/python3 -W ignore:setup.py install is deprecated -W ignore:easy_install command is deprecated setup.py egg_info --egg-base ../../build/auto_drive build --build-base /home/bestway/bestway_ws/build/auto_drive/build install --record /home/bestway/bestway_ws/build/auto_drive/install.log --single-version-externally-managed install_data
[16.340s] Level 1:colcon.colcon_core.shell:create_environment_hook('auto_drive', 'pythonpath')
[16.341s] INFO:colcon.colcon_core.shell:Creating environment hook '/home/bestway/bestway_ws/install/auto_drive/share/auto_drive/hook/pythonpath.ps1'
[16.344s] INFO:colcon.colcon_core.shell:Creating environment descriptor '/home/bestway/bestway_ws/install/auto_drive/share/auto_drive/hook/pythonpath.dsv'
[16.346s] INFO:colcon.colcon_core.shell:Creating environment hook '/home/bestway/bestway_ws/install/auto_drive/share/auto_drive/hook/pythonpath.sh'
[16.348s] Level 1:colcon.colcon_core.environment:checking '/home/bestway/bestway_ws/install/auto_drive/bin'
[16.349s] Level 1:colcon.colcon_core.environment:create_environment_scripts_only(auto_drive)
[16.350s] INFO:colcon.colcon_core.shell:Creating package script '/home/bestway/bestway_ws/install/auto_drive/share/auto_drive/package.ps1'
[16.352s] INFO:colcon.colcon_core.shell:Creating package descriptor '/home/bestway/bestway_ws/install/auto_drive/share/auto_drive/package.dsv'
[16.354s] INFO:colcon.colcon_core.shell:Creating package script '/home/bestway/bestway_ws/install/auto_drive/share/auto_drive/package.sh'
[16.356s] INFO:colcon.colcon_core.shell:Creating package script '/home/bestway/bestway_ws/install/auto_drive/share/auto_drive/package.bash'
[16.362s] INFO:colcon.colcon_core.shell:Creating package script '/home/bestway/bestway_ws/install/auto_drive/share/auto_drive/package.zsh'
[16.365s] Level 1:colcon.colcon_core.environment:create_file_with_runtime_dependencies(/home/bestway/bestway_ws/install/auto_drive/share/colcon-core/packages/auto_drive)
[17.563s] INFO:colcon.colcon_core.task.python.build:Building Python package in '/home/bestway/bestway_ws/src/sbus_control'
[17.564s] INFO:colcon.colcon_core.shell:Skip shell extension 'powershell' for command environment: Not usable outside of PowerShell
[17.564s] DEBUG:colcon.colcon_core.shell:Skip shell extension 'dsv' for command environment
[17.597s] INFO:colcon.colcon_ros.task.ament_python.build:Building ROS package in '/home/bestway/bestway_ws/src/yuntai_control' with build type 'ament_python'
[17.597s] Level 1:colcon.colcon_core.shell:create_environment_hook('yuntai_control', 'ament_prefix_path')
[17.598s] INFO:colcon.colcon_core.shell:Creating environment hook '/home/bestway/bestway_ws/install/yuntai_control/share/yuntai_control/hook/ament_prefix_path.ps1'
[17.605s] INFO:colcon.colcon_core.shell:Creating environment descriptor '/home/bestway/bestway_ws/install/yuntai_control/share/yuntai_control/hook/ament_prefix_path.dsv'
[17.608s] INFO:colcon.colcon_core.shell:Creating environment hook '/home/bestway/bestway_ws/install/yuntai_control/share/yuntai_control/hook/ament_prefix_path.sh'
[17.615s] INFO:colcon.colcon_core.shell:Skip shell extension 'powershell' for command environment: Not usable outside of PowerShell
[17.616s] DEBUG:colcon.colcon_core.shell:Skip shell extension 'dsv' for command environment
[17.669s] DEBUG:colcon.colcon_core.event_handler.log_command:Invoking command in '/home/bestway/bestway_ws/build/temperature_publisher': CMAKE_PREFIX_PATH=${CMAKE_PREFIX_PATH}:/home/bestway/bestway_ws/install/yuntai_control:/home/bestway/bestway_ws/install/sbus_control:/home/bestway/bestway_ws/install/nav2_launch:/home/bestway/bestway_ws/install/move_pos:/home/bestway/bestway_ws/install/lidar_distance:/home/bestway/bestway_ws/install/imu_odometry:/home/bestway/bestway_ws/install/auto_drive:/opt/ros/humble /usr/bin/cmake --build /home/bestway/bestway_ws/build/temperature_publisher -- -j4 -l4
[19.635s] INFO:colcon.colcon_core.task.python.build:Building Python package in '/home/bestway/bestway_ws/src/yuntai_control'
[19.635s] INFO:colcon.colcon_core.shell:Skip shell extension 'powershell' for command environment: Not usable outside of PowerShell
[19.636s] DEBUG:colcon.colcon_core.shell:Skip shell extension 'dsv' for command environment
[19.681s] DEBUG:colcon.colcon_core.event_handler.log_command:Invoked command in '/home/bestway/bestway_ws/build/temperature_publisher' returned '0': CMAKE_PREFIX_PATH=${CMAKE_PREFIX_PATH}:/home/bestway/bestway_ws/install/yuntai_control:/home/bestway/bestway_ws/install/sbus_control:/home/bestway/bestway_ws/install/nav2_launch:/home/bestway/bestway_ws/install/move_pos:/home/bestway/bestway_ws/install/lidar_distance:/home/bestway/bestway_ws/install/imu_odometry:/home/bestway/bestway_ws/install/auto_drive:/opt/ros/humble /usr/bin/cmake --build /home/bestway/bestway_ws/build/temperature_publisher -- -j4 -l4
[19.792s] DEBUG:colcon.colcon_core.event_handler.log_command:Invoking command in '/home/bestway/bestway_ws/build/temperature_publisher': CMAKE_PREFIX_PATH=${CMAKE_PREFIX_PATH}:/home/bestway/bestway_ws/install/yuntai_control:/home/bestway/bestway_ws/install/sbus_control:/home/bestway/bestway_ws/install/nav2_launch:/home/bestway/bestway_ws/install/move_pos:/home/bestway/bestway_ws/install/lidar_distance:/home/bestway/bestway_ws/install/imu_odometry:/home/bestway/bestway_ws/install/auto_drive:/opt/ros/humble /usr/bin/cmake --install /home/bestway/bestway_ws/build/temperature_publisher
[19.890s] Level 1:colcon.colcon_core.environment:create_environment_scripts_only(temperature_publisher)
[19.890s] Level 1:colcon.colcon_core.environment:checking '/home/bestway/bestway_ws/install/temperature_publisher' for CMake module files
[19.892s] Level 1:colcon.colcon_core.environment:checking '/home/bestway/bestway_ws/install/temperature_publisher' for CMake config files
[19.892s] Level 1:colcon.colcon_core.shell:create_environment_hook('temperature_publisher', 'cmake_prefix_path')
[19.893s] INFO:colcon.colcon_core.shell:Creating environment hook '/home/bestway/bestway_ws/install/temperature_publisher/share/temperature_publisher/hook/cmake_prefix_path.ps1'
[19.894s] DEBUG:colcon.colcon_core.event_handler.log_command:Invoked command in '/home/bestway/bestway_ws/build/temperature_publisher' returned '0': CMAKE_PREFIX_PATH=${CMAKE_PREFIX_PATH}:/home/bestway/bestway_ws/install/yuntai_control:/home/bestway/bestway_ws/install/sbus_control:/home/bestway/bestway_ws/install/nav2_launch:/home/bestway/bestway_ws/install/move_pos:/home/bestway/bestway_ws/install/lidar_distance:/home/bestway/bestway_ws/install/imu_odometry:/home/bestway/bestway_ws/install/auto_drive:/opt/ros/humble /usr/bin/cmake --install /home/bestway/bestway_ws/build/temperature_publisher
[19.897s] INFO:colcon.colcon_core.shell:Creating environment descriptor '/home/bestway/bestway_ws/install/temperature_publisher/share/temperature_publisher/hook/cmake_prefix_path.dsv'
[19.899s] INFO:colcon.colcon_core.shell:Creating environment hook '/home/bestway/bestway_ws/install/temperature_publisher/share/temperature_publisher/hook/cmake_prefix_path.sh'
[19.902s] Level 1:colcon.colcon_core.environment:checking '/home/bestway/bestway_ws/install/temperature_publisher/lib'
[19.905s] Level 1:colcon.colcon_core.environment:checking '/home/bestway/bestway_ws/install/temperature_publisher/bin'
[19.905s] Level 1:colcon.colcon_core.environment:checking '/home/bestway/bestway_ws/install/temperature_publisher/lib/pkgconfig/temperature_publisher.pc'
[19.906s] Level 1:colcon.colcon_core.environment:checking '/home/bestway/bestway_ws/install/temperature_publisher/lib/python3.10/site-packages'
[19.907s] Level 1:colcon.colcon_core.environment:checking '/home/bestway/bestway_ws/install/temperature_publisher/bin'
[19.908s] INFO:colcon.colcon_core.shell:Creating package script '/home/bestway/bestway_ws/install/temperature_publisher/share/temperature_publisher/package.ps1'
[19.915s] INFO:colcon.colcon_core.shell:Creating package descriptor '/home/bestway/bestway_ws/install/temperature_publisher/share/temperature_publisher/package.dsv'
[19.917s] INFO:colcon.colcon_core.shell:Creating package script '/home/bestway/bestway_ws/install/temperature_publisher/share/temperature_publisher/package.sh'
[19.919s] INFO:colcon.colcon_core.shell:Creating package script '/home/bestway/bestway_ws/install/temperature_publisher/share/temperature_publisher/package.bash'
[19.931s] INFO:colcon.colcon_core.shell:Creating package script '/home/bestway/bestway_ws/install/temperature_publisher/share/temperature_publisher/package.zsh'
[19.933s] Level 1:colcon.colcon_core.environment:create_file_with_runtime_dependencies(/home/bestway/bestway_ws/install/temperature_publisher/share/colcon-core/packages/temperature_publisher)
[19.936s] Level 1:colcon.colcon_core.environment:create_environment_scripts_only(temperature_publisher)
[19.937s] Level 1:colcon.colcon_core.environment:checking '/home/bestway/bestway_ws/install/temperature_publisher' for CMake module files
[19.938s] Level 1:colcon.colcon_core.environment:checking '/home/bestway/bestway_ws/install/temperature_publisher' for CMake config files
[19.939s] Level 1:colcon.colcon_core.shell:create_environment_hook('temperature_publisher', 'cmake_prefix_path')
[19.949s] INFO:colcon.colcon_core.shell:Creating environment hook '/home/bestway/bestway_ws/install/temperature_publisher/share/temperature_publisher/hook/cmake_prefix_path.ps1'
[19.952s] INFO:colcon.colcon_core.shell:Creating environment descriptor '/home/bestway/bestway_ws/install/temperature_publisher/share/temperature_publisher/hook/cmake_prefix_path.dsv'
[19.954s] INFO:colcon.colcon_core.shell:Creating environment hook '/home/bestway/bestway_ws/install/temperature_publisher/share/temperature_publisher/hook/cmake_prefix_path.sh'
[19.957s] Level 1:colcon.colcon_core.environment:checking '/home/bestway/bestway_ws/install/temperature_publisher/lib'
[19.957s] Level 1:colcon.colcon_core.environment:checking '/home/bestway/bestway_ws/install/temperature_publisher/bin'
[19.958s] Level 1:colcon.colcon_core.environment:checking '/home/bestway/bestway_ws/install/temperature_publisher/lib/pkgconfig/temperature_publisher.pc'
[19.958s] Level 1:colcon.colcon_core.environment:checking '/home/bestway/bestway_ws/install/temperature_publisher/lib/python3.10/site-packages'
[19.963s] Level 1:colcon.colcon_core.environment:checking '/home/bestway/bestway_ws/install/temperature_publisher/bin'
[19.965s] INFO:colcon.colcon_core.shell:Creating package script '/home/bestway/bestway_ws/install/temperature_publisher/share/temperature_publisher/package.ps1'
[19.970s] INFO:colcon.colcon_core.shell:Creating package descriptor '/home/bestway/bestway_ws/install/temperature_publisher/share/temperature_publisher/package.dsv'
[19.972s] INFO:colcon.colcon_core.shell:Creating package script '/home/bestway/bestway_ws/install/temperature_publisher/share/temperature_publisher/package.sh'
[19.982s] INFO:colcon.colcon_core.shell:Creating package script '/home/bestway/bestway_ws/install/temperature_publisher/share/temperature_publisher/package.bash'
[19.984s] INFO:colcon.colcon_core.shell:Creating package script '/home/bestway/bestway_ws/install/temperature_publisher/share/temperature_publisher/package.zsh'
[19.990s] Level 1:colcon.colcon_core.environment:create_file_with_runtime_dependencies(/home/bestway/bestway_ws/install/temperature_publisher/share/colcon-core/packages/temperature_publisher)
[20.141s] DEBUG:colcon.colcon_core.event_handler.log_command:Invoking command in '/home/bestway/bestway_ws/src/nav2_launch': PYTHONPATH=/home/bestway/bestway_ws/build/nav2_launch/prefix_override:/usr/lib/python3/dist-packages/colcon_core/task/python/colcon_distutils_commands:/home/bestway/bestway_ws/install/nav2_launch/lib/python3.10/site-packages:${PYTHONPATH} /usr/bin/python3 -W ignore:setup.py install is deprecated -W ignore:easy_install command is deprecated setup.py egg_info --egg-base ../../build/nav2_launch build --build-base /home/bestway/bestway_ws/build/nav2_launch/build install --record /home/bestway/bestway_ws/build/nav2_launch/install.log --single-version-externally-managed install_data
[21.282s] DEBUG:colcon.colcon_core.event_handler.log_command:Invoking command in '/home/bestway/bestway_ws/src/sbus_control': PYTHONPATH=/home/bestway/bestway_ws/build/sbus_control/prefix_override:/usr/lib/python3/dist-packages/colcon_core/task/python/colcon_distutils_commands:/home/bestway/bestway_ws/install/sbus_control/lib/python3.10/site-packages:${PYTHONPATH} /usr/bin/python3 -W ignore:setup.py install is deprecated -W ignore:easy_install command is deprecated setup.py egg_info --egg-base ../../build/sbus_control build --build-base /home/bestway/bestway_ws/build/sbus_control/build install --record /home/bestway/bestway_ws/build/sbus_control/install.log --single-version-externally-managed install_data
[22.832s] Level 1:colcon.colcon_core.environment:checking '/home/bestway/bestway_ws/install/nav2_launch' for CMake module files
[22.835s] Level 1:colcon.colcon_core.environment:checking '/home/bestway/bestway_ws/install/nav2_launch' for CMake config files
[22.838s] DEBUG:colcon.colcon_core.event_handler.log_command:Invoked command in '/home/bestway/bestway_ws/src/nav2_launch' returned '0': PYTHONPATH=/home/bestway/bestway_ws/build/nav2_launch/prefix_override:/usr/lib/python3/dist-packages/colcon_core/task/python/colcon_distutils_commands:/home/bestway/bestway_ws/install/nav2_launch/lib/python3.10/site-packages:${PYTHONPATH} /usr/bin/python3 -W ignore:setup.py install is deprecated -W ignore:easy_install command is deprecated setup.py egg_info --egg-base ../../build/nav2_launch build --build-base /home/bestway/bestway_ws/build/nav2_launch/build install --record /home/bestway/bestway_ws/build/nav2_launch/install.log --single-version-externally-managed install_data
[22.839s] Level 1:colcon.colcon_core.environment:checking '/home/bestway/bestway_ws/install/nav2_launch/lib'
[22.840s] Level 1:colcon.colcon_core.environment:checking '/home/bestway/bestway_ws/install/nav2_launch/bin'
[22.841s] Level 1:colcon.colcon_core.environment:checking '/home/bestway/bestway_ws/install/nav2_launch/lib/pkgconfig/nav2_launch.pc'
[22.842s] Level 1:colcon.colcon_core.environment:checking '/home/bestway/bestway_ws/install/nav2_launch/lib/python3.10/site-packages'
[22.843s] Level 1:colcon.colcon_core.shell:create_environment_hook('nav2_launch', 'pythonpath')
[22.844s] INFO:colcon.colcon_core.shell:Creating environment hook '/home/bestway/bestway_ws/install/nav2_launch/share/nav2_launch/hook/pythonpath.ps1'
[22.851s] INFO:colcon.colcon_core.shell:Creating environment descriptor '/home/bestway/bestway_ws/install/nav2_launch/share/nav2_launch/hook/pythonpath.dsv'
[22.858s] INFO:colcon.colcon_core.shell:Creating environment hook '/home/bestway/bestway_ws/install/nav2_launch/share/nav2_launch/hook/pythonpath.sh'
[22.866s] Level 1:colcon.colcon_core.environment:checking '/home/bestway/bestway_ws/install/nav2_launch/bin'
[22.868s] Level 1:colcon.colcon_core.environment:create_environment_scripts_only(nav2_launch)
[22.871s] INFO:colcon.colcon_core.shell:Creating package script '/home/bestway/bestway_ws/install/nav2_launch/share/nav2_launch/package.ps1'
[22.879s] INFO:colcon.colcon_core.shell:Creating package descriptor '/home/bestway/bestway_ws/install/nav2_launch/share/nav2_launch/package.dsv'
[22.890s] INFO:colcon.colcon_core.shell:Creating package script '/home/bestway/bestway_ws/install/nav2_launch/share/nav2_launch/package.sh'
[22.894s] INFO:colcon.colcon_core.shell:Creating package script '/home/bestway/bestway_ws/install/nav2_launch/share/nav2_launch/package.bash'
[22.900s] INFO:colcon.colcon_core.shell:Creating package script '/home/bestway/bestway_ws/install/nav2_launch/share/nav2_launch/package.zsh'
[22.906s] Level 1:colcon.colcon_core.environment:create_file_with_runtime_dependencies(/home/bestway/bestway_ws/install/nav2_launch/share/colcon-core/packages/nav2_launch)
[23.219s] DEBUG:colcon.colcon_core.event_handler.log_command:Invoking command in '/home/bestway/bestway_ws/src/yuntai_control': PYTHONPATH=/home/bestway/bestway_ws/build/yuntai_control/prefix_override:/usr/lib/python3/dist-packages/colcon_core/task/python/colcon_distutils_commands:/home/bestway/bestway_ws/install/yuntai_control/lib/python3.10/site-packages:${PYTHONPATH} /usr/bin/python3 -W ignore:setup.py install is deprecated -W ignore:easy_install command is deprecated setup.py egg_info --egg-base ../../build/yuntai_control build --build-base /home/bestway/bestway_ws/build/yuntai_control/build install --record /home/bestway/bestway_ws/build/yuntai_control/install.log --single-version-externally-managed install_data
[23.321s] DEBUG:colcon.colcon_core.event_handler.log_command:Invoked command in '/home/bestway/bestway_ws/src/sbus_control' returned '0': PYTHONPATH=/home/bestway/bestway_ws/build/sbus_control/prefix_override:/usr/lib/python3/dist-packages/colcon_core/task/python/colcon_distutils_commands:/home/bestway/bestway_ws/install/sbus_control/lib/python3.10/site-packages:${PYTHONPATH} /usr/bin/python3 -W ignore:setup.py install is deprecated -W ignore:easy_install command is deprecated setup.py egg_info --egg-base ../../build/sbus_control build --build-base /home/bestway/bestway_ws/build/sbus_control/build install --record /home/bestway/bestway_ws/build/sbus_control/install.log --single-version-externally-managed install_data
[23.314s] Level 1:colcon.colcon_core.environment:checking '/home/bestway/bestway_ws/install/sbus_control' for CMake module files
[23.324s] Level 1:colcon.colcon_core.environment:checking '/home/bestway/bestway_ws/install/sbus_control' for CMake config files
[23.325s] Level 1:colcon.colcon_core.environment:checking '/home/bestway/bestway_ws/install/sbus_control/lib'
[23.325s] Level 1:colcon.colcon_core.environment:checking '/home/bestway/bestway_ws/install/sbus_control/bin'
[23.326s] Level 1:colcon.colcon_core.environment:checking '/home/bestway/bestway_ws/install/sbus_control/lib/pkgconfig/sbus_control.pc'
[23.326s] Level 1:colcon.colcon_core.environment:checking '/home/bestway/bestway_ws/install/sbus_control/lib/python3.10/site-packages'
[23.326s] Level 1:colcon.colcon_core.shell:create_environment_hook('sbus_control', 'pythonpath')
[23.327s] INFO:colcon.colcon_core.shell:Creating environment hook '/home/bestway/bestway_ws/install/sbus_control/share/sbus_control/hook/pythonpath.ps1'
[23.338s] INFO:colcon.colcon_core.shell:Creating environment descriptor '/home/bestway/bestway_ws/install/sbus_control/share/sbus_control/hook/pythonpath.dsv'
[23.347s] INFO:colcon.colcon_core.shell:Creating environment hook '/home/bestway/bestway_ws/install/sbus_control/share/sbus_control/hook/pythonpath.sh'
[23.357s] Level 1:colcon.colcon_core.environment:checking '/home/bestway/bestway_ws/install/sbus_control/bin'
[23.358s] Level 1:colcon.colcon_core.environment:create_environment_scripts_only(sbus_control)
[23.360s] INFO:colcon.colcon_core.shell:Creating package script '/home/bestway/bestway_ws/install/sbus_control/share/sbus_control/package.ps1'
[23.364s] INFO:colcon.colcon_core.shell:Creating package descriptor '/home/bestway/bestway_ws/install/sbus_control/share/sbus_control/package.dsv'
[23.370s] INFO:colcon.colcon_core.shell:Creating package script '/home/bestway/bestway_ws/install/sbus_control/share/sbus_control/package.sh'
[23.375s] INFO:colcon.colcon_core.shell:Creating package script '/home/bestway/bestway_ws/install/sbus_control/share/sbus_control/package.bash'
[23.379s] INFO:colcon.colcon_core.shell:Creating package script '/home/bestway/bestway_ws/install/sbus_control/share/sbus_control/package.zsh'
[23.384s] Level 1:colcon.colcon_core.environment:create_file_with_runtime_dependencies(/home/bestway/bestway_ws/install/sbus_control/share/colcon-core/packages/sbus_control)
[24.829s] Level 1:colcon.colcon_core.environment:checking '/home/bestway/bestway_ws/install/yuntai_control' for CMake module files
[24.830s] Level 1:colcon.colcon_core.environment:checking '/home/bestway/bestway_ws/install/yuntai_control' for CMake config files
[24.832s] DEBUG:colcon.colcon_core.event_handler.log_command:Invoked command in '/home/bestway/bestway_ws/src/yuntai_control' returned '0': PYTHONPATH=/home/bestway/bestway_ws/build/yuntai_control/prefix_override:/usr/lib/python3/dist-packages/colcon_core/task/python/colcon_distutils_commands:/home/bestway/bestway_ws/install/yuntai_control/lib/python3.10/site-packages:${PYTHONPATH} /usr/bin/python3 -W ignore:setup.py install is deprecated -W ignore:easy_install command is deprecated setup.py egg_info --egg-base ../../build/yuntai_control build --build-base /home/bestway/bestway_ws/build/yuntai_control/build install --record /home/bestway/bestway_ws/build/yuntai_control/install.log --single-version-externally-managed install_data
[24.834s] Level 1:colcon.colcon_core.environment:checking '/home/bestway/bestway_ws/install/yuntai_control/lib'
[24.835s] Level 1:colcon.colcon_core.environment:checking '/home/bestway/bestway_ws/install/yuntai_control/bin'
[24.836s] Level 1:colcon.colcon_core.environment:checking '/home/bestway/bestway_ws/install/yuntai_control/lib/pkgconfig/yuntai_control.pc'
[24.837s] Level 1:colcon.colcon_core.environment:checking '/home/bestway/bestway_ws/install/yuntai_control/lib/python3.10/site-packages'
[24.838s] Level 1:colcon.colcon_core.shell:create_environment_hook('yuntai_control', 'pythonpath')
[24.839s] INFO:colcon.colcon_core.shell:Creating environment hook '/home/bestway/bestway_ws/install/yuntai_control/share/yuntai_control/hook/pythonpath.ps1'
[24.841s] INFO:colcon.colcon_core.shell:Creating environment descriptor '/home/bestway/bestway_ws/install/yuntai_control/share/yuntai_control/hook/pythonpath.dsv'
[24.847s] INFO:colcon.colcon_core.shell:Creating environment hook '/home/bestway/bestway_ws/install/yuntai_control/share/yuntai_control/hook/pythonpath.sh'
[24.849s] Level 1:colcon.colcon_core.environment:checking '/home/bestway/bestway_ws/install/yuntai_control/bin'
[24.850s] Level 1:colcon.colcon_core.environment:create_environment_scripts_only(yuntai_control)
[24.851s] INFO:colcon.colcon_core.shell:Creating package script '/home/bestway/bestway_ws/install/yuntai_control/share/yuntai_control/package.ps1'
[24.857s] INFO:colcon.colcon_core.shell:Creating package descriptor '/home/bestway/bestway_ws/install/yuntai_control/share/yuntai_control/package.dsv'
[24.863s] INFO:colcon.colcon_core.shell:Creating package script '/home/bestway/bestway_ws/install/yuntai_control/share/yuntai_control/package.sh'
[24.869s] INFO:colcon.colcon_core.shell:Creating package script '/home/bestway/bestway_ws/install/yuntai_control/share/yuntai_control/package.bash'
[24.870s] INFO:colcon.colcon_core.shell:Creating package script '/home/bestway/bestway_ws/install/yuntai_control/share/yuntai_control/package.zsh'
[24.877s] Level 1:colcon.colcon_core.environment:create_file_with_runtime_dependencies(/home/bestway/bestway_ws/install/yuntai_control/share/colcon-core/packages/yuntai_control)
[24.882s] DEBUG:colcon.colcon_parallel_executor.executor.parallel:closing loop
[24.885s] DEBUG:colcon.colcon_parallel_executor.executor.parallel:loop closed
[24.885s] DEBUG:colcon.colcon_parallel_executor.executor.parallel:run_until_complete finished with '0'
[24.885s] DEBUG:colcon.colcon_core.event_reactor:joining thread
[24.918s] INFO:colcon.colcon_core.plugin_system:Skipping extension 'colcon_notification.desktop_notification.terminal_notifier': Not used on non-Darwin systems
[24.918s] INFO:colcon.colcon_core.plugin_system:Skipping extension 'colcon_notification.desktop_notification.win32': Not used on non-Windows systems
[24.919s] INFO:colcon.colcon_notification.desktop_notification:Sending desktop notification using 'notify2'
[25.037s] DEBUG:colcon.colcon_notification.desktop_notification.notify2:Failed to initialize notify2: org.freedesktop.DBus.Error.Spawn.ChildExited: Process org.freedesktop.Notifications exited with status 1
[25.037s] DEBUG:colcon.colcon_core.event_reactor:joined thread
[25.038s] INFO:colcon.colcon_core.shell:Creating prefix script '/home/bestway/bestway_ws/install/local_setup.ps1'
[25.041s] INFO:colcon.colcon_core.shell:Creating prefix util module '/home/bestway/bestway_ws/install/_local_setup_util_ps1.py'
[25.045s] INFO:colcon.colcon_core.shell:Creating prefix chain script '/home/bestway/bestway_ws/install/setup.ps1'
[25.056s] INFO:colcon.colcon_core.shell:Creating prefix script '/home/bestway/bestway_ws/install/local_setup.sh'
[25.059s] INFO:colcon.colcon_core.shell:Creating prefix util module '/home/bestway/bestway_ws/install/_local_setup_util_sh.py'
[25.062s] INFO:colcon.colcon_core.shell:Creating prefix chain script '/home/bestway/bestway_ws/install/setup.sh'
[25.083s] INFO:colcon.colcon_core.shell:Creating prefix script '/home/bestway/bestway_ws/install/local_setup.bash'
[25.090s] INFO:colcon.colcon_core.shell:Creating prefix chain script '/home/bestway/bestway_ws/install/setup.bash'
[25.109s] INFO:colcon.colcon_core.shell:Creating prefix script '/home/bestway/bestway_ws/install/local_setup.zsh'
[25.118s] INFO:colcon.colcon_core.shell:Creating prefix chain script '/home/bestway/bestway_ws/install/setup.zsh'
