[3.791s] Invoking command in '/home/bestway/bestway_ws/src/sbus_control': PYTHONPATH=/home/bestway/bestway_ws/build/sbus_control/prefix_override:/usr/lib/python3/dist-packages/colcon_core/task/python/colcon_distutils_commands:/home/bestway/bestway_ws/install/sbus_control/lib/python3.10/site-packages:${PYTHONPATH} /usr/bin/python3 -W ignore:setup.py install is deprecated -W ignore:easy_install command is deprecated setup.py egg_info --egg-base ../../build/sbus_control build --build-base /home/bestway/bestway_ws/build/sbus_control/build install --record /home/bestway/bestway_ws/build/sbus_control/install.log --single-version-externally-managed install_data
[4.427s] running egg_info
[4.428s] writing ../../build/sbus_control/sbus_control.egg-info/PKG-INFO
[4.430s] writing dependency_links to ../../build/sbus_control/sbus_control.egg-info/dependency_links.txt
[4.431s] writing entry points to ../../build/sbus_control/sbus_control.egg-info/entry_points.txt
[4.432s] writing requirements to ../../build/sbus_control/sbus_control.egg-info/requires.txt
[4.432s] writing top-level names to ../../build/sbus_control/sbus_control.egg-info/top_level.txt
[4.437s] reading manifest file '../../build/sbus_control/sbus_control.egg-info/SOURCES.txt'
[4.440s] writing manifest file '../../build/sbus_control/sbus_control.egg-info/SOURCES.txt'
[4.440s] running build
[4.441s] running build_py
[4.442s] running install
[4.443s] running install_lib
[4.447s] running install_data
[4.448s] running install_egg_info
[4.453s] removing '/home/bestway/bestway_ws/install/sbus_control/lib/python3.10/site-packages/sbus_control-0.0.0-py3.10.egg-info' (and everything under it)
[4.459s] Copying ../../build/sbus_control/sbus_control.egg-info to /home/bestway/bestway_ws/install/sbus_control/lib/python3.10/site-packages/sbus_control-0.0.0-py3.10.egg-info
[4.480s] running install_scripts
[4.545s] Installing keyboard_control_node script to /home/bestway/bestway_ws/install/sbus_control/lib/sbus_control
[4.546s] Installing sbus_control_node script to /home/bestway/bestway_ws/install/sbus_control/lib/sbus_control
[4.548s] Installing serial_node script to /home/bestway/bestway_ws/install/sbus_control/lib/sbus_control
[4.549s] Installing ws2812_led_node script to /home/bestway/bestway_ws/install/sbus_control/lib/sbus_control
[4.551s] writing list of installed files to '/home/bestway/bestway_ws/build/sbus_control/install.log'
[4.663s] Invoked command in '/home/bestway/bestway_ws/src/sbus_control' returned '0': PYTHONPATH=/home/bestway/bestway_ws/build/sbus_control/prefix_override:/usr/lib/python3/dist-packages/colcon_core/task/python/colcon_distutils_commands:/home/bestway/bestway_ws/install/sbus_control/lib/python3.10/site-packages:${PYTHONPATH} /usr/bin/python3 -W ignore:setup.py install is deprecated -W ignore:easy_install command is deprecated setup.py egg_info --egg-base ../../build/sbus_control build --build-base /home/bestway/bestway_ws/build/sbus_control/build install --record /home/bestway/bestway_ws/build/sbus_control/install.log --single-version-externally-managed install_data
