[4.473s] Invoking command in '/home/bestway/bestway_ws/src/sbus_control': PYTHONPATH=/home/bestway/bestway_ws/build/sbus_control/prefix_override:/usr/lib/python3/dist-packages/colcon_core/task/python/colcon_distutils_commands:/home/bestway/bestway_ws/install/sbus_control/lib/python3.10/site-packages:${PYTHONPATH} /usr/bin/python3 -W ignore:setup.py install is deprecated -W ignore:easy_install command is deprecated setup.py egg_info --egg-base ../../build/sbus_control build --build-base /home/bestway/bestway_ws/build/sbus_control/build install --record /home/bestway/bestway_ws/build/sbus_control/install.log --single-version-externally-managed install_data
[5.849s] running egg_info
[5.851s] writing ../../build/sbus_control/sbus_control.egg-info/PKG-INFO
[5.852s] writing dependency_links to ../../build/sbus_control/sbus_control.egg-info/dependency_links.txt
[5.853s] writing entry points to ../../build/sbus_control/sbus_control.egg-info/entry_points.txt
[5.854s] writing requirements to ../../build/sbus_control/sbus_control.egg-info/requires.txt
[5.854s] writing top-level names to ../../build/sbus_control/sbus_control.egg-info/top_level.txt
[5.872s] reading manifest file '../../build/sbus_control/sbus_control.egg-info/SOURCES.txt'
[5.874s] writing manifest file '../../build/sbus_control/sbus_control.egg-info/SOURCES.txt'
[5.874s] running build
[5.874s] running build_py
[5.876s] running install
[5.876s] running install_lib
[5.879s] running install_data
[5.880s] running install_egg_info
[5.885s] removing '/home/bestway/bestway_ws/install/sbus_control/lib/python3.10/site-packages/sbus_control-0.0.0-py3.10.egg-info' (and everything under it)
[5.888s] Copying ../../build/sbus_control/sbus_control.egg-info to /home/bestway/bestway_ws/install/sbus_control/lib/python3.10/site-packages/sbus_control-0.0.0-py3.10.egg-info
[5.888s] running install_scripts
[6.001s] Installing keyboard_control_node script to /home/bestway/bestway_ws/install/sbus_control/lib/sbus_control
[6.010s] Installing sbus_control_node script to /home/bestway/bestway_ws/install/sbus_control/lib/sbus_control
[6.011s] Installing serial_node script to /home/bestway/bestway_ws/install/sbus_control/lib/sbus_control
[6.012s] writing list of installed files to '/home/bestway/bestway_ws/build/sbus_control/install.log'
[6.220s] Invoked command in '/home/bestway/bestway_ws/src/sbus_control' returned '0': PYTHONPATH=/home/bestway/bestway_ws/build/sbus_control/prefix_override:/usr/lib/python3/dist-packages/colcon_core/task/python/colcon_distutils_commands:/home/bestway/bestway_ws/install/sbus_control/lib/python3.10/site-packages:${PYTHONPATH} /usr/bin/python3 -W ignore:setup.py install is deprecated -W ignore:easy_install command is deprecated setup.py egg_info --egg-base ../../build/sbus_control build --build-base /home/bestway/bestway_ws/build/sbus_control/build install --record /home/bestway/bestway_ws/build/sbus_control/install.log --single-version-externally-managed install_data
