[3.181s] Invoking command in '/home/bestway/bestway_ws/src/auto_drive': PYTHONPATH=/home/bestway/bestway_ws/build/auto_drive/prefix_override:/usr/lib/python3/dist-packages/colcon_core/task/python/colcon_distutils_commands:/home/bestway/bestway_ws/install/auto_drive/lib/python3.10/site-packages:${PYTHONPATH} /usr/bin/python3 -W ignore:setup.py install is deprecated -W ignore:easy_install command is deprecated setup.py egg_info --egg-base ../../build/auto_drive build --build-base /home/bestway/bestway_ws/build/auto_drive/build install --record /home/bestway/bestway_ws/build/auto_drive/install.log --single-version-externally-managed install_data
[3.854s] running egg_info
[3.860s] writing ../../build/auto_drive/auto_drive.egg-info/PKG-INFO
[3.861s] writing dependency_links to ../../build/auto_drive/auto_drive.egg-info/dependency_links.txt
[3.862s] writing entry points to ../../build/auto_drive/auto_drive.egg-info/entry_points.txt
[3.862s] writing requirements to ../../build/auto_drive/auto_drive.egg-info/requires.txt
[3.862s] writing top-level names to ../../build/auto_drive/auto_drive.egg-info/top_level.txt
[3.868s] reading manifest file '../../build/auto_drive/auto_drive.egg-info/SOURCES.txt'
[3.870s] writing manifest file '../../build/auto_drive/auto_drive.egg-info/SOURCES.txt'
[3.872s] running build
[3.872s] running build_py
[3.872s] running install
[3.873s] running install_lib
[3.876s] running install_data
[3.876s] running install_egg_info
[3.887s] removing '/home/bestway/bestway_ws/install/auto_drive/lib/python3.10/site-packages/auto_drive-0.0.0-py3.10.egg-info' (and everything under it)
[3.891s] Copying ../../build/auto_drive/auto_drive.egg-info to /home/bestway/bestway_ws/install/auto_drive/lib/python3.10/site-packages/auto_drive-0.0.0-py3.10.egg-info
[3.891s] running install_scripts
[3.949s] Installing auto_drive_node script to /home/bestway/bestway_ws/install/auto_drive/lib/auto_drive
[3.950s] writing list of installed files to '/home/bestway/bestway_ws/build/auto_drive/install.log'
[4.085s] Invoked command in '/home/bestway/bestway_ws/src/auto_drive' returned '0': PYTHONPATH=/home/bestway/bestway_ws/build/auto_drive/prefix_override:/usr/lib/python3/dist-packages/colcon_core/task/python/colcon_distutils_commands:/home/bestway/bestway_ws/install/auto_drive/lib/python3.10/site-packages:${PYTHONPATH} /usr/bin/python3 -W ignore:setup.py install is deprecated -W ignore:easy_install command is deprecated setup.py egg_info --egg-base ../../build/auto_drive build --build-base /home/bestway/bestway_ws/build/auto_drive/build install --record /home/bestway/bestway_ws/build/auto_drive/install.log --single-version-externally-managed install_data
