[6.985s] Invoking command in '/home/bestway/bestway_ws/src/imu_odometry': PYTHONPATH=/home/bestway/bestway_ws/build/imu_odometry/prefix_override:/usr/lib/python3/dist-packages/colcon_core/task/python/colcon_distutils_commands:/home/bestway/bestway_ws/install/imu_odometry/lib/python3.10/site-packages:${PYTHONPATH} /usr/bin/python3 -W ignore:setup.py install is deprecated -W ignore:easy_install command is deprecated setup.py egg_info --egg-base ../../build/imu_odometry build --build-base /home/bestway/bestway_ws/build/imu_odometry/build install --record /home/bestway/bestway_ws/build/imu_odometry/install.log --single-version-externally-managed install_data
[9.261s] running egg_info
[9.276s] writing ../../build/imu_odometry/imu_odometry.egg-info/PKG-INFO
[9.278s] writing dependency_links to ../../build/imu_odometry/imu_odometry.egg-info/dependency_links.txt
[9.283s] writing entry points to ../../build/imu_odometry/imu_odometry.egg-info/entry_points.txt
[9.284s] writing requirements to ../../build/imu_odometry/imu_odometry.egg-info/requires.txt
[9.288s] writing top-level names to ../../build/imu_odometry/imu_odometry.egg-info/top_level.txt
[9.307s] reading manifest file '../../build/imu_odometry/imu_odometry.egg-info/SOURCES.txt'
[9.319s] writing manifest file '../../build/imu_odometry/imu_odometry.egg-info/SOURCES.txt'
[9.326s] running build
[9.326s] running build_py
[9.328s] running install
[9.330s] running install_lib
[9.334s] running install_data
[9.352s] running install_egg_info
[9.371s] removing '/home/bestway/bestway_ws/install/imu_odometry/lib/python3.10/site-packages/imu_odometry-0.0.0-py3.10.egg-info' (and everything under it)
[9.376s] Copying ../../build/imu_odometry/imu_odometry.egg-info to /home/bestway/bestway_ws/install/imu_odometry/lib/python3.10/site-packages/imu_odometry-0.0.0-py3.10.egg-info
[9.379s] running install_scripts
[9.506s] Installing imu_odometry_node script to /home/bestway/bestway_ws/install/imu_odometry/lib/imu_odometry
[9.507s] writing list of installed files to '/home/bestway/bestway_ws/build/imu_odometry/install.log'
[11.487s] Invoked command in '/home/bestway/bestway_ws/src/imu_odometry' returned '0': PYTHONPATH=/home/bestway/bestway_ws/build/imu_odometry/prefix_override:/usr/lib/python3/dist-packages/colcon_core/task/python/colcon_distutils_commands:/home/bestway/bestway_ws/install/imu_odometry/lib/python3.10/site-packages:${PYTHONPATH} /usr/bin/python3 -W ignore:setup.py install is deprecated -W ignore:easy_install command is deprecated setup.py egg_info --egg-base ../../build/imu_odometry build --build-base /home/bestway/bestway_ws/build/imu_odometry/build install --record /home/bestway/bestway_ws/build/imu_odometry/install.log --single-version-externally-managed install_data
