[4.016s] Invoking command in '/home/bestway/bestway_ws/src/auto_drive': PYTHONPATH=/home/bestway/bestway_ws/build/auto_drive/prefix_override:/usr/lib/python3/dist-packages/colcon_core/task/python/colcon_distutils_commands:/home/bestway/bestway_ws/install/auto_drive/lib/python3.10/site-packages:${PYTHONPATH} /usr/bin/python3 -W ignore:setup.py install is deprecated -W ignore:easy_install command is deprecated setup.py egg_info --egg-base ../../build/auto_drive build --build-base /home/bestway/bestway_ws/build/auto_drive/build install --record /home/bestway/bestway_ws/build/auto_drive/install.log --single-version-externally-managed install_data
[4.866s] running egg_info
[4.869s] writing ../../build/auto_drive/auto_drive.egg-info/PKG-INFO
[4.871s] writing dependency_links to ../../build/auto_drive/auto_drive.egg-info/dependency_links.txt
[4.872s] writing entry points to ../../build/auto_drive/auto_drive.egg-info/entry_points.txt
[4.874s] writing requirements to ../../build/auto_drive/auto_drive.egg-info/requires.txt
[4.875s] writing top-level names to ../../build/auto_drive/auto_drive.egg-info/top_level.txt
[4.883s] reading manifest file '../../build/auto_drive/auto_drive.egg-info/SOURCES.txt'
[4.886s] writing manifest file '../../build/auto_drive/auto_drive.egg-info/SOURCES.txt'
[4.887s] running build
[4.888s] running build_py
[4.889s] running install
[4.891s] running install_lib
[4.896s] running install_data
[4.896s] running install_egg_info
[4.904s] removing '/home/bestway/bestway_ws/install/auto_drive/lib/python3.10/site-packages/auto_drive-0.0.0-py3.10.egg-info' (and everything under it)
[4.911s] Copying ../../build/auto_drive/auto_drive.egg-info to /home/bestway/bestway_ws/install/auto_drive/lib/python3.10/site-packages/auto_drive-0.0.0-py3.10.egg-info
[4.918s] running install_scripts
[4.994s] Installing auto_drive_node script to /home/bestway/bestway_ws/install/auto_drive/lib/auto_drive
[4.998s] writing list of installed files to '/home/bestway/bestway_ws/build/auto_drive/install.log'
[5.744s] Invoked command in '/home/bestway/bestway_ws/src/auto_drive' returned '0': PYTHONPATH=/home/bestway/bestway_ws/build/auto_drive/prefix_override:/usr/lib/python3/dist-packages/colcon_core/task/python/colcon_distutils_commands:/home/bestway/bestway_ws/install/auto_drive/lib/python3.10/site-packages:${PYTHONPATH} /usr/bin/python3 -W ignore:setup.py install is deprecated -W ignore:easy_install command is deprecated setup.py egg_info --egg-base ../../build/auto_drive build --build-base /home/bestway/bestway_ws/build/auto_drive/build install --record /home/bestway/bestway_ws/build/auto_drive/install.log --single-version-externally-managed install_data
