[2.158s] Invoking command in '/home/bestway/bestway_ws/src/sbus_control': PYTHONPATH=/home/bestway/bestway_ws/build/sbus_control/prefix_override:/usr/lib/python3/dist-packages/colcon_core/task/python/colcon_distutils_commands:/home/bestway/bestway_ws/install/sbus_control/lib/python3.10/site-packages:${PYTHONPATH} /usr/bin/python3 -W ignore:setup.py install is deprecated -W ignore:easy_install command is deprecated setup.py egg_info --egg-base ../../build/sbus_control build --build-base /home/bestway/bestway_ws/build/sbus_control/build install --record /home/bestway/bestway_ws/build/sbus_control/install.log --single-version-externally-managed install_data
[3.445s] running egg_info
[3.451s] writing ../../build/sbus_control/sbus_control.egg-info/PKG-INFO
[3.452s] writing dependency_links to ../../build/sbus_control/sbus_control.egg-info/dependency_links.txt
[3.454s] writing entry points to ../../build/sbus_control/sbus_control.egg-info/entry_points.txt
[3.455s] writing requirements to ../../build/sbus_control/sbus_control.egg-info/requires.txt
[3.456s] writing top-level names to ../../build/sbus_control/sbus_control.egg-info/top_level.txt
[3.469s] reading manifest file '../../build/sbus_control/sbus_control.egg-info/SOURCES.txt'
[3.474s] writing manifest file '../../build/sbus_control/sbus_control.egg-info/SOURCES.txt'
[3.477s] running build
[3.479s] running build_py
[3.482s] copying sbus_control/sbus_control_node.py -> /home/bestway/bestway_ws/build/sbus_control/build/lib/sbus_control
[3.487s] running install
[3.507s] running install_lib
[3.529s] copying /home/bestway/bestway_ws/build/sbus_control/build/lib/sbus_control/sbus_control_node.py -> /home/bestway/bestway_ws/install/sbus_control/lib/python3.10/site-packages/sbus_control
[3.539s] byte-compiling /home/bestway/bestway_ws/install/sbus_control/lib/python3.10/site-packages/sbus_control/sbus_control_node.py to sbus_control_node.cpython-310.pyc
[3.554s] running install_data
[3.556s] running install_egg_info
[3.569s] removing '/home/bestway/bestway_ws/install/sbus_control/lib/python3.10/site-packages/sbus_control-0.0.0-py3.10.egg-info' (and everything under it)
[3.571s] Copying ../../build/sbus_control/sbus_control.egg-info to /home/bestway/bestway_ws/install/sbus_control/lib/python3.10/site-packages/sbus_control-0.0.0-py3.10.egg-info
[3.571s] running install_scripts
[3.619s] Installing keyboard_control_node script to /home/bestway/bestway_ws/install/sbus_control/lib/sbus_control
[3.620s] Installing sbus_control_node script to /home/bestway/bestway_ws/install/sbus_control/lib/sbus_control
[3.620s] writing list of installed files to '/home/bestway/bestway_ws/build/sbus_control/install.log'
[3.712s] Invoked command in '/home/bestway/bestway_ws/src/sbus_control' returned '0': PYTHONPATH=/home/bestway/bestway_ws/build/sbus_control/prefix_override:/usr/lib/python3/dist-packages/colcon_core/task/python/colcon_distutils_commands:/home/bestway/bestway_ws/install/sbus_control/lib/python3.10/site-packages:${PYTHONPATH} /usr/bin/python3 -W ignore:setup.py install is deprecated -W ignore:easy_install command is deprecated setup.py egg_info --egg-base ../../build/sbus_control build --build-base /home/bestway/bestway_ws/build/sbus_control/build install --record /home/bestway/bestway_ws/build/sbus_control/install.log --single-version-externally-managed install_data
