[3.696s] Invoking command in '/home/bestway/bestway_ws/src/lidar_distance': PYTHONPATH=/home/bestway/bestway_ws/build/lidar_distance/prefix_override:/usr/lib/python3/dist-packages/colcon_core/task/python/colcon_distutils_commands:/home/bestway/bestway_ws/install/lidar_distance/lib/python3.10/site-packages:${PYTHONPATH} /usr/bin/python3 -W ignore:setup.py install is deprecated -W ignore:easy_install command is deprecated setup.py egg_info --egg-base ../../build/lidar_distance build --build-base /home/bestway/bestway_ws/build/lidar_distance/build install --record /home/bestway/bestway_ws/build/lidar_distance/install.log --single-version-externally-managed install_data
[4.334s] running egg_info
[4.336s] writing ../../build/lidar_distance/lidar_distance.egg-info/PKG-INFO
[4.337s] writing dependency_links to ../../build/lidar_distance/lidar_distance.egg-info/dependency_links.txt
[4.338s] writing entry points to ../../build/lidar_distance/lidar_distance.egg-info/entry_points.txt
[4.339s] writing requirements to ../../build/lidar_distance/lidar_distance.egg-info/requires.txt
[4.340s] writing top-level names to ../../build/lidar_distance/lidar_distance.egg-info/top_level.txt
[4.347s] reading manifest file '../../build/lidar_distance/lidar_distance.egg-info/SOURCES.txt'
[4.349s] writing manifest file '../../build/lidar_distance/lidar_distance.egg-info/SOURCES.txt'
[4.351s] running build
[4.352s] running build_py
[4.354s] running install
[4.356s] running install_lib
[4.364s] running install_data
[4.364s] running install_egg_info
[4.370s] removing '/home/bestway/bestway_ws/install/lidar_distance/lib/python3.10/site-packages/lidar_distance-0.0.0-py3.10.egg-info' (and everything under it)
[4.378s] Copying ../../build/lidar_distance/lidar_distance.egg-info to /home/bestway/bestway_ws/install/lidar_distance/lib/python3.10/site-packages/lidar_distance-0.0.0-py3.10.egg-info
[4.380s] running install_scripts
[4.438s] Installing lidar_distance script to /home/bestway/bestway_ws/install/lidar_distance/lib/lidar_distance
[4.439s] writing list of installed files to '/home/bestway/bestway_ws/build/lidar_distance/install.log'
[4.537s] Invoked command in '/home/bestway/bestway_ws/src/lidar_distance' returned '0': PYTHONPATH=/home/bestway/bestway_ws/build/lidar_distance/prefix_override:/usr/lib/python3/dist-packages/colcon_core/task/python/colcon_distutils_commands:/home/bestway/bestway_ws/install/lidar_distance/lib/python3.10/site-packages:${PYTHONPATH} /usr/bin/python3 -W ignore:setup.py install is deprecated -W ignore:easy_install command is deprecated setup.py egg_info --egg-base ../../build/lidar_distance build --build-base /home/bestway/bestway_ws/build/lidar_distance/build install --record /home/bestway/bestway_ws/build/lidar_distance/install.log --single-version-externally-managed install_data
