[3.747s] Invoking command in '/home/bestway/bestway_ws/src/lidar_distance': PYTHONPATH=/home/bestway/bestway_ws/build/lidar_distance/prefix_override:/usr/lib/python3/dist-packages/colcon_core/task/python/colcon_distutils_commands:/home/bestway/bestway_ws/install/lidar_distance/lib/python3.10/site-packages:${PYTHONPATH} /usr/bin/python3 -W ignore:setup.py install is deprecated -W ignore:easy_install command is deprecated setup.py egg_info --egg-base ../../build/lidar_distance build --build-base /home/bestway/bestway_ws/build/lidar_distance/build install --record /home/bestway/bestway_ws/build/lidar_distance/install.log --single-version-externally-managed install_data
[4.407s] running egg_info
[4.408s] writing ../../build/lidar_distance/lidar_distance.egg-info/PKG-INFO
[4.410s] writing dependency_links to ../../build/lidar_distance/lidar_distance.egg-info/dependency_links.txt
[4.411s] writing entry points to ../../build/lidar_distance/lidar_distance.egg-info/entry_points.txt
[4.411s] writing requirements to ../../build/lidar_distance/lidar_distance.egg-info/requires.txt
[4.411s] writing top-level names to ../../build/lidar_distance/lidar_distance.egg-info/top_level.txt
[4.416s] reading manifest file '../../build/lidar_distance/lidar_distance.egg-info/SOURCES.txt'
[4.418s] writing manifest file '../../build/lidar_distance/lidar_distance.egg-info/SOURCES.txt'
[4.418s] running build
[4.419s] running build_py
[4.419s] running install
[4.420s] running install_lib
[4.424s] running install_data
[4.424s] running install_egg_info
[4.429s] removing '/home/bestway/bestway_ws/install/lidar_distance/lib/python3.10/site-packages/lidar_distance-0.0.0-py3.10.egg-info' (and everything under it)
[4.432s] Copying ../../build/lidar_distance/lidar_distance.egg-info to /home/bestway/bestway_ws/install/lidar_distance/lib/python3.10/site-packages/lidar_distance-0.0.0-py3.10.egg-info
[4.435s] running install_scripts
[4.487s] Installing lidar_distance script to /home/bestway/bestway_ws/install/lidar_distance/lib/lidar_distance
[4.488s] writing list of installed files to '/home/bestway/bestway_ws/build/lidar_distance/install.log'
[4.605s] Invoked command in '/home/bestway/bestway_ws/src/lidar_distance' returned '0': PYTHONPATH=/home/bestway/bestway_ws/build/lidar_distance/prefix_override:/usr/lib/python3/dist-packages/colcon_core/task/python/colcon_distutils_commands:/home/bestway/bestway_ws/install/lidar_distance/lib/python3.10/site-packages:${PYTHONPATH} /usr/bin/python3 -W ignore:setup.py install is deprecated -W ignore:easy_install command is deprecated setup.py egg_info --egg-base ../../build/lidar_distance build --build-base /home/bestway/bestway_ws/build/lidar_distance/build install --record /home/bestway/bestway_ws/build/lidar_distance/install.log --single-version-externally-managed install_data
