[0.068s] Invoking command in '/home/bestway/bestway_ws/build/temperature_publisher': CMAKE_PREFIX_PATH=${CMAKE_PREFIX_PATH}:/home/bestway/bestway_ws/install/yuntai_control:/home/bestway/bestway_ws/install/sbus_control:/home/bestway/bestway_ws/install/nav2_launch:/home/bestway/bestway_ws/install/move_pos:/home/bestway/bestway_ws/install/lidar_distance:/home/bestway/bestway_ws/install/imu_odometry:/home/bestway/bestway_ws/install/auto_drive:/opt/ros/humble /usr/bin/cmake --build /home/bestway/bestway_ws/build/temperature_publisher -- -j4 -l4
[0.329s] [100%] Built target temperature_publisher
[0.837s] Invoked command in '/home/bestway/bestway_ws/build/temperature_publisher' returned '0': CMAKE_PREFIX_PATH=${CMAKE_PREFIX_PATH}:/home/bestway/bestway_ws/install/yuntai_control:/home/bestway/bestway_ws/install/sbus_control:/home/bestway/bestway_ws/install/nav2_launch:/home/bestway/bestway_ws/install/move_pos:/home/bestway/bestway_ws/install/lidar_distance:/home/bestway/bestway_ws/install/imu_odometry:/home/bestway/bestway_ws/install/auto_drive:/opt/ros/humble /usr/bin/cmake --build /home/bestway/bestway_ws/build/temperature_publisher -- -j4 -l4
[0.865s] Invoking command in '/home/bestway/bestway_ws/build/temperature_publisher': CMAKE_PREFIX_PATH=${CMAKE_PREFIX_PATH}:/home/bestway/bestway_ws/install/yuntai_control:/home/bestway/bestway_ws/install/sbus_control:/home/bestway/bestway_ws/install/nav2_launch:/home/bestway/bestway_ws/install/move_pos:/home/bestway/bestway_ws/install/lidar_distance:/home/bestway/bestway_ws/install/imu_odometry:/home/bestway/bestway_ws/install/auto_drive:/opt/ros/humble /usr/bin/cmake --install /home/bestway/bestway_ws/build/temperature_publisher
[0.897s] -- Install configuration: ""
[0.901s] -- Up-to-date: /home/bestway/bestway_ws/install/temperature_publisher/lib/temperature_publisher/temperature_publisher
[0.904s] -- Up-to-date: /home/bestway/bestway_ws/install/temperature_publisher/share/ament_index/resource_index/package_run_dependencies/temperature_publisher
[0.909s] -- Up-to-date: /home/bestway/bestway_ws/install/temperature_publisher/share/ament_index/resource_index/parent_prefix_path/temperature_publisher
[0.910s] -- Up-to-date: /home/bestway/bestway_ws/install/temperature_publisher/share/temperature_publisher/environment/ament_prefix_path.sh
[0.912s] -- Up-to-date: /home/bestway/bestway_ws/install/temperature_publisher/share/temperature_publisher/environment/ament_prefix_path.dsv
[0.915s] -- Up-to-date: /home/bestway/bestway_ws/install/temperature_publisher/share/temperature_publisher/environment/path.sh
[0.916s] -- Up-to-date: /home/bestway/bestway_ws/install/temperature_publisher/share/temperature_publisher/environment/path.dsv
[0.917s] -- Up-to-date: /home/bestway/bestway_ws/install/temperature_publisher/share/temperature_publisher/local_setup.bash
[0.918s] -- Up-to-date: /home/bestway/bestway_ws/install/temperature_publisher/share/temperature_publisher/local_setup.sh
[0.919s] -- Up-to-date: /home/bestway/bestway_ws/install/temperature_publisher/share/temperature_publisher/local_setup.zsh
[0.922s] -- Up-to-date: /home/bestway/bestway_ws/install/temperature_publisher/share/temperature_publisher/local_setup.dsv
[0.924s] -- Installing: /home/bestway/bestway_ws/install/temperature_publisher/share/temperature_publisher/package.dsv
[0.933s] -- Up-to-date: /home/bestway/bestway_ws/install/temperature_publisher/share/ament_index/resource_index/packages/temperature_publisher
[0.934s] -- Up-to-date: /home/bestway/bestway_ws/install/temperature_publisher/share/temperature_publisher/cmake/temperature_publisherConfig.cmake
[0.936s] -- Up-to-date: /home/bestway/bestway_ws/install/temperature_publisher/share/temperature_publisher/cmake/temperature_publisherConfig-version.cmake
[0.939s] -- Up-to-date: /home/bestway/bestway_ws/install/temperature_publisher/share/temperature_publisher/package.xml
[0.951s] Invoked command in '/home/bestway/bestway_ws/build/temperature_publisher' returned '0': CMAKE_PREFIX_PATH=${CMAKE_PREFIX_PATH}:/home/bestway/bestway_ws/install/yuntai_control:/home/bestway/bestway_ws/install/sbus_control:/home/bestway/bestway_ws/install/nav2_launch:/home/bestway/bestway_ws/install/move_pos:/home/bestway/bestway_ws/install/lidar_distance:/home/bestway/bestway_ws/install/imu_odometry:/home/bestway/bestway_ws/install/auto_drive:/opt/ros/humble /usr/bin/cmake --install /home/bestway/bestway_ws/build/temperature_publisher
