[4.277s] Invoking command in '/home/bestway/bestway_ws/src/sbus_control': PYTHONPATH=/home/bestway/bestway_ws/build/sbus_control/prefix_override:/usr/lib/python3/dist-packages/colcon_core/task/python/colcon_distutils_commands:/home/bestway/bestway_ws/install/sbus_control/lib/python3.10/site-packages:${PYTHONPATH} /usr/bin/python3 -W ignore:setup.py install is deprecated -W ignore:easy_install command is deprecated setup.py egg_info --egg-base ../../build/sbus_control build --build-base /home/bestway/bestway_ws/build/sbus_control/build install --record /home/bestway/bestway_ws/build/sbus_control/install.log --single-version-externally-managed install_data
[5.437s] running egg_info
[5.441s] writing ../../build/sbus_control/sbus_control.egg-info/PKG-INFO
[5.441s] writing dependency_links to ../../build/sbus_control/sbus_control.egg-info/dependency_links.txt
[5.441s] writing entry points to ../../build/sbus_control/sbus_control.egg-info/entry_points.txt
[5.445s] writing requirements to ../../build/sbus_control/sbus_control.egg-info/requires.txt
[5.445s] writing top-level names to ../../build/sbus_control/sbus_control.egg-info/top_level.txt
[5.452s] reading manifest file '../../build/sbus_control/sbus_control.egg-info/SOURCES.txt'
[5.459s] writing manifest file '../../build/sbus_control/sbus_control.egg-info/SOURCES.txt'
[5.460s] running build
[5.460s] running build_py
[5.461s] copying sbus_control/serial_node.py -> /home/bestway/bestway_ws/build/sbus_control/build/lib/sbus_control
[5.462s] copying sbus_control/sbus_control_node.py -> /home/bestway/bestway_ws/build/sbus_control/build/lib/sbus_control
[5.464s] running install
[5.465s] running install_lib
[5.471s] copying /home/bestway/bestway_ws/build/sbus_control/build/lib/sbus_control/serial_node.py -> /home/bestway/bestway_ws/install/sbus_control/lib/python3.10/site-packages/sbus_control
[5.471s] copying /home/bestway/bestway_ws/build/sbus_control/build/lib/sbus_control/sbus_control_node.py -> /home/bestway/bestway_ws/install/sbus_control/lib/python3.10/site-packages/sbus_control
[5.471s] byte-compiling /home/bestway/bestway_ws/install/sbus_control/lib/python3.10/site-packages/sbus_control/serial_node.py to serial_node.cpython-310.pyc
[5.481s] byte-compiling /home/bestway/bestway_ws/install/sbus_control/lib/python3.10/site-packages/sbus_control/sbus_control_node.py to sbus_control_node.cpython-310.pyc
[5.482s] running install_data
[5.482s] running install_egg_info
[5.486s] removing '/home/bestway/bestway_ws/install/sbus_control/lib/python3.10/site-packages/sbus_control-0.0.0-py3.10.egg-info' (and everything under it)
[5.486s] Copying ../../build/sbus_control/sbus_control.egg-info to /home/bestway/bestway_ws/install/sbus_control/lib/python3.10/site-packages/sbus_control-0.0.0-py3.10.egg-info
[5.488s] running install_scripts
[5.545s] Installing keyboard_control_node script to /home/bestway/bestway_ws/install/sbus_control/lib/sbus_control
[5.545s] Installing sbus_control_node script to /home/bestway/bestway_ws/install/sbus_control/lib/sbus_control
[5.546s] Installing serial_node script to /home/bestway/bestway_ws/install/sbus_control/lib/sbus_control
[5.548s] writing list of installed files to '/home/bestway/bestway_ws/build/sbus_control/install.log'
[6.661s] Invoked command in '/home/bestway/bestway_ws/src/sbus_control' returned '0': PYTHONPATH=/home/bestway/bestway_ws/build/sbus_control/prefix_override:/usr/lib/python3/dist-packages/colcon_core/task/python/colcon_distutils_commands:/home/bestway/bestway_ws/install/sbus_control/lib/python3.10/site-packages:${PYTHONPATH} /usr/bin/python3 -W ignore:setup.py install is deprecated -W ignore:easy_install command is deprecated setup.py egg_info --egg-base ../../build/sbus_control build --build-base /home/bestway/bestway_ws/build/sbus_control/build install --record /home/bestway/bestway_ws/build/sbus_control/install.log --single-version-externally-managed install_data
