[5.618s] Invoking command in '/home/bestway/bestway_ws/src/move_pos': PYTHONPATH=/home/bestway/bestway_ws/build/move_pos/prefix_override:/usr/lib/python3/dist-packages/colcon_core/task/python/colcon_distutils_commands:/home/bestway/bestway_ws/install/move_pos/lib/python3.10/site-packages:${PYTHONPATH} /usr/bin/python3 -W ignore:setup.py install is deprecated -W ignore:easy_install command is deprecated setup.py egg_info --egg-base ../../build/move_pos build --build-base /home/bestway/bestway_ws/build/move_pos/build install --record /home/bestway/bestway_ws/build/move_pos/install.log --single-version-externally-managed install_data
[6.692s] running egg_info
[6.695s] writing ../../build/move_pos/move_pos.egg-info/PKG-INFO
[6.696s] writing dependency_links to ../../build/move_pos/move_pos.egg-info/dependency_links.txt
[6.697s] writing entry points to ../../build/move_pos/move_pos.egg-info/entry_points.txt
[6.697s] writing requirements to ../../build/move_pos/move_pos.egg-info/requires.txt
[6.698s] writing top-level names to ../../build/move_pos/move_pos.egg-info/top_level.txt
[6.708s] reading manifest file '../../build/move_pos/move_pos.egg-info/SOURCES.txt'
[6.710s] writing manifest file '../../build/move_pos/move_pos.egg-info/SOURCES.txt'
[6.710s] running build
[6.711s] running build_py
[6.718s] copying move_pos/move_pos.py -> /home/bestway/bestway_ws/build/move_pos/build/lib/move_pos
[6.722s] running install
[6.725s] running install_lib
[6.765s] copying /home/bestway/bestway_ws/build/move_pos/build/lib/move_pos/move_pos.py -> /home/bestway/bestway_ws/install/move_pos/lib/python3.10/site-packages/move_pos
[6.774s] byte-compiling /home/bestway/bestway_ws/install/move_pos/lib/python3.10/site-packages/move_pos/move_pos.py to move_pos.cpython-310.pyc
[6.792s] running install_data
[6.793s] running install_egg_info
[6.814s] removing '/home/bestway/bestway_ws/install/move_pos/lib/python3.10/site-packages/move_pos-0.0.0-py3.10.egg-info' (and everything under it)
[6.820s] Copying ../../build/move_pos/move_pos.egg-info to /home/bestway/bestway_ws/install/move_pos/lib/python3.10/site-packages/move_pos-0.0.0-py3.10.egg-info
[6.831s] running install_scripts
[7.076s] Installing move_pos_topic_node script to /home/bestway/bestway_ws/install/move_pos/lib/move_pos
[7.080s] writing list of installed files to '/home/bestway/bestway_ws/build/move_pos/install.log'
[7.560s] Invoked command in '/home/bestway/bestway_ws/src/move_pos' returned '0': PYTHONPATH=/home/bestway/bestway_ws/build/move_pos/prefix_override:/usr/lib/python3/dist-packages/colcon_core/task/python/colcon_distutils_commands:/home/bestway/bestway_ws/install/move_pos/lib/python3.10/site-packages:${PYTHONPATH} /usr/bin/python3 -W ignore:setup.py install is deprecated -W ignore:easy_install command is deprecated setup.py egg_info --egg-base ../../build/move_pos build --build-base /home/bestway/bestway_ws/build/move_pos/build install --record /home/bestway/bestway_ws/build/move_pos/install.log --single-version-externally-managed install_data
