[4.131s] Invoking command in '/home/bestway/bestway_ws/src/move_pos': PYTHONPATH=/home/bestway/bestway_ws/build/move_pos/prefix_override:/usr/lib/python3/dist-packages/colcon_core/task/python/colcon_distutils_commands:/home/bestway/bestway_ws/install/move_pos/lib/python3.10/site-packages:${PYTHONPATH} /usr/bin/python3 -W ignore:setup.py install is deprecated -W ignore:easy_install command is deprecated setup.py egg_info --egg-base ../../build/move_pos build --build-base /home/bestway/bestway_ws/build/move_pos/build install --record /home/bestway/bestway_ws/build/move_pos/install.log --single-version-externally-managed install_data
[4.808s] running egg_info
[4.811s] writing ../../build/move_pos/move_pos.egg-info/PKG-INFO
[4.812s] writing dependency_links to ../../build/move_pos/move_pos.egg-info/dependency_links.txt
[4.813s] writing entry points to ../../build/move_pos/move_pos.egg-info/entry_points.txt
[4.813s] writing requirements to ../../build/move_pos/move_pos.egg-info/requires.txt
[4.813s] writing top-level names to ../../build/move_pos/move_pos.egg-info/top_level.txt
[4.819s] reading manifest file '../../build/move_pos/move_pos.egg-info/SOURCES.txt'
[4.821s] writing manifest file '../../build/move_pos/move_pos.egg-info/SOURCES.txt'
[4.822s] running build
[4.822s] running build_py
[4.823s] running install
[4.824s] running install_lib
[4.828s] running install_data
[4.829s] running install_egg_info
[4.834s] removing '/home/bestway/bestway_ws/install/move_pos/lib/python3.10/site-packages/move_pos-0.0.0-py3.10.egg-info' (and everything under it)
[4.838s] Copying ../../build/move_pos/move_pos.egg-info to /home/bestway/bestway_ws/install/move_pos/lib/python3.10/site-packages/move_pos-0.0.0-py3.10.egg-info
[4.838s] running install_scripts
[4.907s] Installing move_pos_topic_node script to /home/bestway/bestway_ws/install/move_pos/lib/move_pos
[4.913s] Installing move_pos_topic_node_v2 script to /home/bestway/bestway_ws/install/move_pos/lib/move_pos
[4.914s] Installing move_pos_topic_node_v3 script to /home/bestway/bestway_ws/install/move_pos/lib/move_pos
[4.915s] writing list of installed files to '/home/bestway/bestway_ws/build/move_pos/install.log'
[5.051s] Invoked command in '/home/bestway/bestway_ws/src/move_pos' returned '0': PYTHONPATH=/home/bestway/bestway_ws/build/move_pos/prefix_override:/usr/lib/python3/dist-packages/colcon_core/task/python/colcon_distutils_commands:/home/bestway/bestway_ws/install/move_pos/lib/python3.10/site-packages:${PYTHONPATH} /usr/bin/python3 -W ignore:setup.py install is deprecated -W ignore:easy_install command is deprecated setup.py egg_info --egg-base ../../build/move_pos build --build-base /home/bestway/bestway_ws/build/move_pos/build install --record /home/bestway/bestway_ws/build/move_pos/install.log --single-version-externally-managed install_data
