[2.890s] Invoking command in '/home/bestway/bestway_ws/src/nav2_launch': PYTHONPATH=/home/bestway/bestway_ws/build/nav2_launch/prefix_override:/usr/lib/python3/dist-packages/colcon_core/task/python/colcon_distutils_commands:/home/bestway/bestway_ws/install/nav2_launch/lib/python3.10/site-packages:${PYTHONPATH} /usr/bin/python3 -W ignore:setup.py install is deprecated -W ignore:easy_install command is deprecated setup.py egg_info --egg-base ../../build/nav2_launch build --build-base /home/bestway/bestway_ws/build/nav2_launch/build install --record /home/bestway/bestway_ws/build/nav2_launch/install.log --single-version-externally-managed install_data
[3.838s] running egg_info
[3.842s] writing ../../build/nav2_launch/nav2_launch.egg-info/PKG-INFO
[3.843s] writing dependency_links to ../../build/nav2_launch/nav2_launch.egg-info/dependency_links.txt
[3.843s] writing entry points to ../../build/nav2_launch/nav2_launch.egg-info/entry_points.txt
[3.844s] writing requirements to ../../build/nav2_launch/nav2_launch.egg-info/requires.txt
[3.845s] writing top-level names to ../../build/nav2_launch/nav2_launch.egg-info/top_level.txt
[3.851s] reading manifest file '../../build/nav2_launch/nav2_launch.egg-info/SOURCES.txt'
[3.854s] writing manifest file '../../build/nav2_launch/nav2_launch.egg-info/SOURCES.txt'
[3.856s] running build
[3.858s] running build_py
[3.859s] running install
[3.859s] running install_lib
[3.863s] running install_data
[3.866s] running install_egg_info
[3.874s] removing '/home/bestway/bestway_ws/install/nav2_launch/lib/python3.10/site-packages/nav2_launch-0.0.0-py3.10.egg-info' (and everything under it)
[3.877s] Copying ../../build/nav2_launch/nav2_launch.egg-info to /home/bestway/bestway_ws/install/nav2_launch/lib/python3.10/site-packages/nav2_launch-0.0.0-py3.10.egg-info
[3.882s] running install_scripts
[3.958s] writing list of installed files to '/home/bestway/bestway_ws/build/nav2_launch/install.log'
[4.126s] Invoked command in '/home/bestway/bestway_ws/src/nav2_launch' returned '0': PYTHONPATH=/home/bestway/bestway_ws/build/nav2_launch/prefix_override:/usr/lib/python3/dist-packages/colcon_core/task/python/colcon_distutils_commands:/home/bestway/bestway_ws/install/nav2_launch/lib/python3.10/site-packages:${PYTHONPATH} /usr/bin/python3 -W ignore:setup.py install is deprecated -W ignore:easy_install command is deprecated setup.py egg_info --egg-base ../../build/nav2_launch build --build-base /home/bestway/bestway_ws/build/nav2_launch/build install --record /home/bestway/bestway_ws/build/nav2_launch/install.log --single-version-externally-managed install_data
